LiftedPTPParams [
inputFile=mln/webkb.dom.100.eclipse.mln.txt
evidenceFile=db/webkb.texas.5class.dom.100.evid.40.eclipse.txt
resultFile=results_04_06/webkb_100_40_true_approx_true_1000iter.out
queryString=PageClass_0_Course,LinkTo,PageClass_0_Person,PageClass_0_Faculty,PageClass_0_Student,PageClass_0_Department
isNormal=true
approximate=true
queryEvidence=false
numIter=1000
]
Time taken to create clauses in hyperCube form : 1914 ms
Time taken to disjoint all hyperCubes : 2216 ms
Total number of clauses : 226
iteration no. : 0
iteration no. : 1
iteration no. : 2
iteration no. : 3
iteration no. : 4
iteration no. : 5
iteration no. : 6
iteration no. : 7
iteration no. : 8
iteration no. : 9
iteration no. : 10
iteration no. : 11
iteration no. : 12
iteration no. : 13
iteration no. : 14
iteration no. : 15
iteration no. : 16
iteration no. : 17
iteration no. : 18
iteration no. : 19
iteration no. : 20
iteration no. : 21
iteration no. : 22
iteration no. : 23
iteration no. : 24
iteration no. : 25
iteration no. : 26
iteration no. : 27
iteration no. : 28
iteration no. : 29
iteration no. : 30
iteration no. : 31
iteration no. : 32
iteration no. : 33
iteration no. : 34
iteration no. : 35
iteration no. : 36
iteration no. : 37
iteration no. : 38
iteration no. : 39
iteration no. : 40
iteration no. : 41
iteration no. : 42
iteration no. : 43
iteration no. : 44
iteration no. : 45
iteration no. : 46
iteration no. : 47
iteration no. : 48
iteration no. : 49
iteration no. : 50
iteration no. : 51
iteration no. : 52
iteration no. : 53
iteration no. : 54
iteration no. : 55
iteration no. : 56
iteration no. : 57
iteration no. : 58
iteration no. : 59
iteration no. : 60
iteration no. : 61
iteration no. : 62
iteration no. : 63
iteration no. : 64
iteration no. : 65
iteration no. : 66
iteration no. : 67
iteration no. : 68
iteration no. : 69
iteration no. : 70
iteration no. : 71
iteration no. : 72
iteration no. : 73
iteration no. : 74
iteration no. : 75
iteration no. : 76
iteration no. : 77
iteration no. : 78
iteration no. : 79
iteration no. : 80
iteration no. : 81
iteration no. : 82
iteration no. : 83
iteration no. : 84
iteration no. : 85
iteration no. : 86
iteration no. : 87
iteration no. : 88
iteration no. : 89
iteration no. : 90
iteration no. : 91
iteration no. : 92
iteration no. : 93
iteration no. : 94
iteration no. : 95
iteration no. : 96
iteration no. : 97
iteration no. : 98
iteration no. : 99
iteration no. : 100
iteration no. : 101
iteration no. : 102
iteration no. : 103
iteration no. : 104
iteration no. : 105
iteration no. : 106
iteration no. : 107
iteration no. : 108
iteration no. : 109
iteration no. : 110
iteration no. : 111
iteration no. : 112
iteration no. : 113
iteration no. : 114
iteration no. : 115
iteration no. : 116
iteration no. : 117
iteration no. : 118
iteration no. : 119
iteration no. : 120
iteration no. : 121
iteration no. : 122
iteration no. : 123
iteration no. : 124
iteration no. : 125
iteration no. : 126
iteration no. : 127
iteration no. : 128
iteration no. : 129
iteration no. : 130
iteration no. : 131
iteration no. : 132
iteration no. : 133
iteration no. : 134
iteration no. : 135
iteration no. : 136
iteration no. : 137
iteration no. : 138
iteration no. : 139
iteration no. : 140
iteration no. : 141
iteration no. : 142
iteration no. : 143
iteration no. : 144
iteration no. : 145
iteration no. : 146
iteration no. : 147
iteration no. : 148
iteration no. : 149
iteration no. : 150
iteration no. : 151
iteration no. : 152
iteration no. : 153
iteration no. : 154
iteration no. : 155
iteration no. : 156
iteration no. : 157
iteration no. : 158
iteration no. : 159
iteration no. : 160
iteration no. : 161
iteration no. : 162
iteration no. : 163
iteration no. : 164
iteration no. : 165
iteration no. : 166
iteration no. : 167
iteration no. : 168
iteration no. : 169
iteration no. : 170
iteration no. : 171
iteration no. : 172
iteration no. : 173
iteration no. : 174
iteration no. : 175
iteration no. : 176
iteration no. : 177
iteration no. : 178
iteration no. : 179
iteration no. : 180
iteration no. : 181
iteration no. : 182
iteration no. : 183
iteration no. : 184
iteration no. : 185
iteration no. : 186
iteration no. : 187
iteration no. : 188
iteration no. : 189
iteration no. : 190
iteration no. : 191
iteration no. : 192
iteration no. : 193
iteration no. : 194
iteration no. : 195
iteration no. : 196
iteration no. : 197
iteration no. : 198
iteration no. : 199
iteration no. : 200
iteration no. : 201
iteration no. : 202
iteration no. : 203
iteration no. : 204
iteration no. : 205
iteration no. : 206
iteration no. : 207
iteration no. : 208
iteration no. : 209
iteration no. : 210
iteration no. : 211
iteration no. : 212
iteration no. : 213
iteration no. : 214
iteration no. : 215
iteration no. : 216
iteration no. : 217
iteration no. : 218
iteration no. : 219
iteration no. : 220
iteration no. : 221
iteration no. : 222
iteration no. : 223
iteration no. : 224
iteration no. : 225
iteration no. : 226
iteration no. : 227
iteration no. : 228
iteration no. : 229
iteration no. : 230
iteration no. : 231
iteration no. : 232
iteration no. : 233
iteration no. : 234
iteration no. : 235
iteration no. : 236
iteration no. : 237
iteration no. : 238
iteration no. : 239
iteration no. : 240
iteration no. : 241
iteration no. : 242
iteration no. : 243
iteration no. : 244
iteration no. : 245
iteration no. : 246
iteration no. : 247
iteration no. : 248
iteration no. : 249
iteration no. : 250
iteration no. : 251
iteration no. : 252
iteration no. : 253
iteration no. : 254
iteration no. : 255
iteration no. : 256
iteration no. : 257
iteration no. : 258
iteration no. : 259
iteration no. : 260
iteration no. : 261
iteration no. : 262
iteration no. : 263
iteration no. : 264
iteration no. : 265
iteration no. : 266
iteration no. : 267
iteration no. : 268
iteration no. : 269
iteration no. : 270
iteration no. : 271
iteration no. : 272
iteration no. : 273
iteration no. : 274
iteration no. : 275
iteration no. : 276
iteration no. : 277
iteration no. : 278
iteration no. : 279
iteration no. : 280
iteration no. : 281
iteration no. : 282
iteration no. : 283
iteration no. : 284
iteration no. : 285
iteration no. : 286
iteration no. : 287
iteration no. : 288
iteration no. : 289
iteration no. : 290
iteration no. : 291
iteration no. : 292
iteration no. : 293
iteration no. : 294
iteration no. : 295
iteration no. : 296
iteration no. : 297
iteration no. : 298
iteration no. : 299
iteration no. : 300
iteration no. : 301
iteration no. : 302
iteration no. : 303
iteration no. : 304
iteration no. : 305
iteration no. : 306
iteration no. : 307
iteration no. : 308
iteration no. : 309
iteration no. : 310
iteration no. : 311
iteration no. : 312
iteration no. : 313
iteration no. : 314
iteration no. : 315
iteration no. : 316
iteration no. : 317
iteration no. : 318
iteration no. : 319
iteration no. : 320
iteration no. : 321
iteration no. : 322
iteration no. : 323
iteration no. : 324
iteration no. : 325
iteration no. : 326
iteration no. : 327
iteration no. : 328
iteration no. : 329
iteration no. : 330
iteration no. : 331
iteration no. : 332
iteration no. : 333
iteration no. : 334
iteration no. : 335
iteration no. : 336
iteration no. : 337
iteration no. : 338
iteration no. : 339
iteration no. : 340
iteration no. : 341
iteration no. : 342
iteration no. : 343
iteration no. : 344
iteration no. : 345
iteration no. : 346
iteration no. : 347
iteration no. : 348
iteration no. : 349
iteration no. : 350
iteration no. : 351
iteration no. : 352
iteration no. : 353
iteration no. : 354
iteration no. : 355
iteration no. : 356
iteration no. : 357
iteration no. : 358
iteration no. : 359
iteration no. : 360
iteration no. : 361
iteration no. : 362
iteration no. : 363
iteration no. : 364
iteration no. : 365
iteration no. : 366
iteration no. : 367
iteration no. : 368
iteration no. : 369
iteration no. : 370
iteration no. : 371
iteration no. : 372
iteration no. : 373
iteration no. : 374
iteration no. : 375
iteration no. : 376
iteration no. : 377
iteration no. : 378
iteration no. : 379
iteration no. : 380
iteration no. : 381
iteration no. : 382
iteration no. : 383
iteration no. : 384
iteration no. : 385
iteration no. : 386
iteration no. : 387
iteration no. : 388
iteration no. : 389
iteration no. : 390
iteration no. : 391
iteration no. : 392
iteration no. : 393
iteration no. : 394
iteration no. : 395
iteration no. : 396
iteration no. : 397
iteration no. : 398
iteration no. : 399
iteration no. : 400
iteration no. : 401
iteration no. : 402
iteration no. : 403
iteration no. : 404
iteration no. : 405
iteration no. : 406
iteration no. : 407
iteration no. : 408
iteration no. : 409
iteration no. : 410
iteration no. : 411
iteration no. : 412
iteration no. : 413
iteration no. : 414
iteration no. : 415
iteration no. : 416
iteration no. : 417
iteration no. : 418
iteration no. : 419
iteration no. : 420
iteration no. : 421
iteration no. : 422
iteration no. : 423
iteration no. : 424
iteration no. : 425
iteration no. : 426
iteration no. : 427
iteration no. : 428
iteration no. : 429
iteration no. : 430
iteration no. : 431
iteration no. : 432
iteration no. : 433
iteration no. : 434
iteration no. : 435
iteration no. : 436
iteration no. : 437
iteration no. : 438
iteration no. : 439
iteration no. : 440
iteration no. : 441
iteration no. : 442
iteration no. : 443
iteration no. : 444
iteration no. : 445
iteration no. : 446
iteration no. : 447
iteration no. : 448
iteration no. : 449
iteration no. : 450
iteration no. : 451
iteration no. : 452
iteration no. : 453
iteration no. : 454
iteration no. : 455
iteration no. : 456
iteration no. : 457
iteration no. : 458
iteration no. : 459
iteration no. : 460
iteration no. : 461
iteration no. : 462
iteration no. : 463
iteration no. : 464
iteration no. : 465
iteration no. : 466
iteration no. : 467
iteration no. : 468
iteration no. : 469
iteration no. : 470
iteration no. : 471
iteration no. : 472
iteration no. : 473
iteration no. : 474
iteration no. : 475
iteration no. : 476
iteration no. : 477
iteration no. : 478
iteration no. : 479
iteration no. : 480
iteration no. : 481
iteration no. : 482
iteration no. : 483
iteration no. : 484
iteration no. : 485
iteration no. : 486
iteration no. : 487
iteration no. : 488
iteration no. : 489
iteration no. : 490
iteration no. : 491
iteration no. : 492
iteration no. : 493
iteration no. : 494
iteration no. : 495
iteration no. : 496
iteration no. : 497
iteration no. : 498
iteration no. : 499
iteration no. : 500
iteration no. : 501
iteration no. : 502
iteration no. : 503
iteration no. : 504
iteration no. : 505
iteration no. : 506
iteration no. : 507
iteration no. : 508
iteration no. : 509
iteration no. : 510
iteration no. : 511
iteration no. : 512
iteration no. : 513
iteration no. : 514
iteration no. : 515
iteration no. : 516
iteration no. : 517
iteration no. : 518
iteration no. : 519
iteration no. : 520
iteration no. : 521
iteration no. : 522
iteration no. : 523
iteration no. : 524
iteration no. : 525
iteration no. : 526
iteration no. : 527
iteration no. : 528
iteration no. : 529
iteration no. : 530
iteration no. : 531
iteration no. : 532
iteration no. : 533
iteration no. : 534
iteration no. : 535
iteration no. : 536
iteration no. : 537
iteration no. : 538
iteration no. : 539
iteration no. : 540
iteration no. : 541
iteration no. : 542
iteration no. : 543
iteration no. : 544
iteration no. : 545
iteration no. : 546
iteration no. : 547
iteration no. : 548
iteration no. : 549
iteration no. : 550
iteration no. : 551
iteration no. : 552
iteration no. : 553
iteration no. : 554
iteration no. : 555
iteration no. : 556
iteration no. : 557
iteration no. : 558
iteration no. : 559
iteration no. : 560
iteration no. : 561
iteration no. : 562
iteration no. : 563
iteration no. : 564
iteration no. : 565
iteration no. : 566
iteration no. : 567
iteration no. : 568
iteration no. : 569
iteration no. : 570
iteration no. : 571
iteration no. : 572
iteration no. : 573
iteration no. : 574
iteration no. : 575
iteration no. : 576
iteration no. : 577
iteration no. : 578
iteration no. : 579
iteration no. : 580
iteration no. : 581
iteration no. : 582
iteration no. : 583
iteration no. : 584
iteration no. : 585
iteration no. : 586
iteration no. : 587
iteration no. : 588
iteration no. : 589
iteration no. : 590
iteration no. : 591
iteration no. : 592
iteration no. : 593
iteration no. : 594
iteration no. : 595
iteration no. : 596
iteration no. : 597
iteration no. : 598
iteration no. : 599
iteration no. : 600
iteration no. : 601
iteration no. : 602
iteration no. : 603
iteration no. : 604
iteration no. : 605
iteration no. : 606
iteration no. : 607
iteration no. : 608
iteration no. : 609
iteration no. : 610
iteration no. : 611
iteration no. : 612
iteration no. : 613
iteration no. : 614
iteration no. : 615
iteration no. : 616
iteration no. : 617
iteration no. : 618
iteration no. : 619
iteration no. : 620
iteration no. : 621
iteration no. : 622
iteration no. : 623
iteration no. : 624
iteration no. : 625
iteration no. : 626
iteration no. : 627
iteration no. : 628
iteration no. : 629
iteration no. : 630
iteration no. : 631
iteration no. : 632
iteration no. : 633
iteration no. : 634
iteration no. : 635
iteration no. : 636
iteration no. : 637
iteration no. : 638
iteration no. : 639
iteration no. : 640
iteration no. : 641
iteration no. : 642
iteration no. : 643
iteration no. : 644
iteration no. : 645
iteration no. : 646
iteration no. : 647
iteration no. : 648
iteration no. : 649
iteration no. : 650
iteration no. : 651
iteration no. : 652
iteration no. : 653
iteration no. : 654
iteration no. : 655
iteration no. : 656
iteration no. : 657
iteration no. : 658
iteration no. : 659
iteration no. : 660
iteration no. : 661
iteration no. : 662
iteration no. : 663
iteration no. : 664
iteration no. : 665
iteration no. : 666
iteration no. : 667
iteration no. : 668
iteration no. : 669
iteration no. : 670
iteration no. : 671
iteration no. : 672
iteration no. : 673
iteration no. : 674
iteration no. : 675
iteration no. : 676
iteration no. : 677
iteration no. : 678
iteration no. : 679
iteration no. : 680
iteration no. : 681
iteration no. : 682
iteration no. : 683
iteration no. : 684
iteration no. : 685
iteration no. : 686
iteration no. : 687
iteration no. : 688
iteration no. : 689
iteration no. : 690
iteration no. : 691
iteration no. : 692
iteration no. : 693
iteration no. : 694
iteration no. : 695
iteration no. : 696
iteration no. : 697
iteration no. : 698
iteration no. : 699
iteration no. : 700
iteration no. : 701
iteration no. : 702
iteration no. : 703
iteration no. : 704
iteration no. : 705
iteration no. : 706
iteration no. : 707
iteration no. : 708
iteration no. : 709
iteration no. : 710
iteration no. : 711
iteration no. : 712
iteration no. : 713
iteration no. : 714
iteration no. : 715
iteration no. : 716
iteration no. : 717
iteration no. : 718
iteration no. : 719
iteration no. : 720
iteration no. : 721
iteration no. : 722
iteration no. : 723
iteration no. : 724
iteration no. : 725
iteration no. : 726
iteration no. : 727
iteration no. : 728
iteration no. : 729
iteration no. : 730
iteration no. : 731
iteration no. : 732
iteration no. : 733
iteration no. : 734
iteration no. : 735
iteration no. : 736
iteration no. : 737
iteration no. : 738
iteration no. : 739
iteration no. : 740
iteration no. : 741
iteration no. : 742
iteration no. : 743
iteration no. : 744
iteration no. : 745
iteration no. : 746
iteration no. : 747
iteration no. : 748
iteration no. : 749
iteration no. : 750
iteration no. : 751
iteration no. : 752
iteration no. : 753
iteration no. : 754
iteration no. : 755
iteration no. : 756
iteration no. : 757
iteration no. : 758
iteration no. : 759
iteration no. : 760
iteration no. : 761
iteration no. : 762
iteration no. : 763
iteration no. : 764
iteration no. : 765
iteration no. : 766
iteration no. : 767
iteration no. : 768
iteration no. : 769
iteration no. : 770
iteration no. : 771
iteration no. : 772
iteration no. : 773
iteration no. : 774
iteration no. : 775
iteration no. : 776
iteration no. : 777
iteration no. : 778
iteration no. : 779
iteration no. : 780
iteration no. : 781
iteration no. : 782
iteration no. : 783
iteration no. : 784
iteration no. : 785
iteration no. : 786
iteration no. : 787
iteration no. : 788
iteration no. : 789
iteration no. : 790
iteration no. : 791
iteration no. : 792
iteration no. : 793
iteration no. : 794
iteration no. : 795
iteration no. : 796
iteration no. : 797
iteration no. : 798
iteration no. : 799
iteration no. : 800
iteration no. : 801
iteration no. : 802
iteration no. : 803
iteration no. : 804
iteration no. : 805
iteration no. : 806
iteration no. : 807
iteration no. : 808
iteration no. : 809
iteration no. : 810
iteration no. : 811
iteration no. : 812
iteration no. : 813
iteration no. : 814
iteration no. : 815
iteration no. : 816
iteration no. : 817
iteration no. : 818
iteration no. : 819
iteration no. : 820
iteration no. : 821
iteration no. : 822
iteration no. : 823
iteration no. : 824
iteration no. : 825
iteration no. : 826
iteration no. : 827
iteration no. : 828
iteration no. : 829
iteration no. : 830
iteration no. : 831
iteration no. : 832
iteration no. : 833
iteration no. : 834
iteration no. : 835
iteration no. : 836
iteration no. : 837
iteration no. : 838
iteration no. : 839
iteration no. : 840
iteration no. : 841
iteration no. : 842
iteration no. : 843
iteration no. : 844
iteration no. : 845
iteration no. : 846
iteration no. : 847
iteration no. : 848
iteration no. : 849
iteration no. : 850
iteration no. : 851
iteration no. : 852
iteration no. : 853
iteration no. : 854
iteration no. : 855
iteration no. : 856
iteration no. : 857
iteration no. : 858
iteration no. : 859
iteration no. : 860
iteration no. : 861
iteration no. : 862
iteration no. : 863
iteration no. : 864
iteration no. : 865
iteration no. : 866
iteration no. : 867
iteration no. : 868
iteration no. : 869
iteration no. : 870
iteration no. : 871
iteration no. : 872
iteration no. : 873
iteration no. : 874
iteration no. : 875
iteration no. : 876
iteration no. : 877
iteration no. : 878
iteration no. : 879
iteration no. : 880
iteration no. : 881
iteration no. : 882
iteration no. : 883
iteration no. : 884
iteration no. : 885
iteration no. : 886
iteration no. : 887
iteration no. : 888
iteration no. : 889
iteration no. : 890
iteration no. : 891
iteration no. : 892
iteration no. : 893
iteration no. : 894
iteration no. : 895
iteration no. : 896
iteration no. : 897
iteration no. : 898
iteration no. : 899
iteration no. : 900
iteration no. : 901
iteration no. : 902
iteration no. : 903
iteration no. : 904
iteration no. : 905
iteration no. : 906
iteration no. : 907
iteration no. : 908
iteration no. : 909
iteration no. : 910
iteration no. : 911
iteration no. : 912
iteration no. : 913
iteration no. : 914
iteration no. : 915
iteration no. : 916
iteration no. : 917
iteration no. : 918
iteration no. : 919
iteration no. : 920
iteration no. : 921
iteration no. : 922
iteration no. : 923
iteration no. : 924
iteration no. : 925
iteration no. : 926
iteration no. : 927
iteration no. : 928
iteration no. : 929
iteration no. : 930
iteration no. : 931
iteration no. : 932
iteration no. : 933
iteration no. : 934
iteration no. : 935
iteration no. : 936
iteration no. : 937
iteration no. : 938
iteration no. : 939
iteration no. : 940
iteration no. : 941
iteration no. : 942
iteration no. : 943
iteration no. : 944
iteration no. : 945
iteration no. : 946
iteration no. : 947
iteration no. : 948
iteration no. : 949
iteration no. : 950
iteration no. : 951
iteration no. : 952
iteration no. : 953
iteration no. : 954
iteration no. : 955
iteration no. : 956
iteration no. : 957
iteration no. : 958
iteration no. : 959
iteration no. : 960
iteration no. : 961
iteration no. : 962
iteration no. : 963
iteration no. : 964
iteration no. : 965
iteration no. : 966
iteration no. : 967
iteration no. : 968
iteration no. : 969
iteration no. : 970
iteration no. : 971
iteration no. : 972
iteration no. : 973
iteration no. : 974
iteration no. : 975
iteration no. : 976
iteration no. : 977
iteration no. : 978
iteration no. : 979
iteration no. : 980
iteration no. : 981
iteration no. : 982
iteration no. : 983
iteration no. : 984
iteration no. : 985
iteration no. : 986
iteration no. : 987
iteration no. : 988
iteration no. : 989
iteration no. : 990
iteration no. : 991
iteration no. : 992
iteration no. : 993
iteration no. : 994
iteration no. : 995
iteration no. : 996
iteration no. : 997
iteration no. : 998
iteration no. : 999
Time taken for 1000 iterations : 19359.185 sec
zArray : [-213996.4143290607, -204583.92950592368, -207601.19551886353, -209516.09786294767, -208688.95807772278, -209293.54310673583, -207181.51752335386, -207489.80633085113, -204027.75288883367, -207414.86812457087, -207692.99652082266, -203455.54184269987, -211036.58779012627, -211610.3071210218, -211764.79614050215, -205348.83027331939, -216061.65860439406, -202611.0786914802, -215399.18376247617, -207577.13278833192, -217251.01912785272, -211897.32929286375, -200507.8197609535, -205307.83235359585, -205726.40960501056, -205186.11147482187, -204374.49879746922, -217133.93946389016, -210103.3454160854, -206608.67543181806, -217301.05411135106, -214658.42621711997, -215021.16524135091, -204851.5908222729, -204632.45623270675, -207888.2488638434, -211034.5277930394, -207748.9532016757, -214167.27628332394, -215246.2960294153, -212731.39944452132, -215557.55774701928, -207490.01459459384, -213476.2486330858, -213393.24713707998, -206435.87273968087, -212175.39103157358, -209396.72329718576, -213746.0323403824, -212625.9484877624, -210765.3837912137, -206615.33524884513, -207385.9527419061, -205543.5736055193, -206856.9567330117, -219803.73482832554, -211138.31335151804, -215303.69660949687, -208454.50452660554, -207361.87140196297, -217911.85090739865, -206150.7051604976, -206074.2302283706, -210884.7314164159, -209341.8725826542, -211874.32420697517, -214483.88697643235, -211081.9477627671, -211714.9060129055, -214982.99521131357, -209030.98427208402, -206457.82611878728, -212513.61337237002, -211439.09172993348, -211973.73328736163, -211952.86869459404, -208077.15847442896, -212507.6252255006, -215376.4436809959, -209798.96886952713, -209838.9258248814, -209097.3160298728, -216028.85963707988, -207112.70355203783, -207386.03593264497, -210392.20304768524, -205545.53619515293, -210427.34541784046, -210930.19229167147, -210066.84501689274, -210656.74283101514, -204445.36984348707, -205981.80130077165, -210444.6310639423, -208062.01764994892, -215676.92013767472, -210881.28659736732, -213931.53995765108, -214974.07754319452, -212683.82730736016, -215111.50401958547, -202817.92747301742, -207206.4931137785, -207330.64339132092, -210908.97566030838, -205440.47196035332, -210759.04978178252, -207865.02675099834, -211879.8289766454, -215545.67218782112, -211336.89653723978, -205820.04179738936, -212922.89851896738, -211680.39760763134, -206980.916539212, -210847.70086316505, -208576.05019997983, -211775.16150616924, -206624.90775914257, -201004.28359861608, -211719.96241934816, -210720.0041795294, -207280.27105414425, -215457.6327868318, -214467.94900456088, -211113.54361259626, -206309.52655877275, -213802.20833674513, -217235.64602127008, -209349.49598099492, -203917.77016166615, -207082.0441654795, -210583.45113648538, -200841.84806585638, -208202.33038828752, -208149.01625223015, -206463.87046091285, -207198.08854728256, -210010.7991919998, -213849.54645832055, -211494.45724888847, -209448.8808794466, -217938.7585756054, -208391.56583560212, -205615.32551130018, -209126.23563796055, -216214.69374324937, -209602.0006997563, -209029.34388135804, -209631.25914837353, -210281.90922805504, -213351.9321193351, -208754.7277718179, -214218.51230548203, -203411.15576906526, -216745.37119946466, -215274.7108841515, -207792.30461634087, -209379.5016940468, -213768.07281822496, -207024.43688936942, -211596.79131464064, -211176.45854123632, -208209.7835085907, -210743.0765580758, -212950.36049759883, -212980.33751219, -211139.42953640304, -209606.77651326676, -211641.02403513325, -208382.934836821, -211315.82733966332, -208228.4208265376, -207078.57772524765, -208481.37664164405, -208777.0063641701, -207221.3077698476, -212212.83289001609, -199084.51443415933, -208388.59625530324, -212321.77735976988, -214848.3241725429, -208568.4129848414, -199661.19223724003, -208015.18983637067, -211349.85959811954, -207525.92133642122, -208549.43946238712, -204435.99782367834, -209491.09168917115, -208803.74688083644, -207966.0171658415, -213889.77966901803, -204332.5148703803, -204101.76975096684, -211169.17352701662, -208848.71143926197, -204762.45610835814, -206629.7983451007, -210293.697194781, -209829.57034366758, -207024.4162161259, -207707.27485581732, -209653.20216022947, -208028.82964178038, -215564.71912719152, -205271.2693383796, -202591.29458938897, -209756.47143534606, -207086.77862131965, -208382.55519555576, -200932.6209597868, -210196.91258205264, -210663.7855954398, -207471.33127889817, -207493.24106172565, -202614.27167650027, -209440.48566259505, -200260.40217948606, -223122.78266864255, -216559.0735623857, -217213.69688223902, -208614.61116124454, -209119.6656311945, -211471.986586794, -211603.59903449545, -212171.23412560488, -207761.99286979222, -206441.58461624564, -212724.8793254769, -211674.68961131072, -212704.00942336835, -209225.65613332752, -213952.96646036077, -210513.26435448174, -207059.46227272923, -210543.73500542197, -210829.64867342947, -205382.8919090749, -210075.1295108278, -200982.46383228837, -204057.02976694016, -205657.13373675672, -206928.62090802542, -213040.27510247202, -210238.45467755277, -212926.96454371305, -204429.82467874122, -213901.12077988285, -201671.12808276885, -213551.06663501367, -212584.0435081854, -210607.66349356357, -208980.6391091914, -209879.11372989832, -211981.40975617093, -212119.61698238182, -202582.76297817513, -212678.88106933676, -210413.12156430728, -206875.58215453624, -207746.12240353224, -203695.99569006826, -208547.4649675991, -202500.08639343688, -208920.15450142426, -203752.1011079312, -212437.3000273797, -214755.2236594109, -207933.28717283573, -215110.66714154184, -204710.89305601013, -208727.3326260538, -207347.4766091982, -204139.4942280982, -211830.3861710973, -208013.8784115149, -200886.96863538335, -208105.5565407197, -206643.94117197217, -207590.00523299107, -206761.44700346215, -209068.53877297824, -212290.80085809654, -206991.59429105464, -203557.033263901, -211756.91620783697, -214911.63885724405, -208364.46399735124, -214373.32568271138, -211718.50027884328, -211495.41131006257, -209455.82570344268, -208381.8146150294, -204230.86156440477, -210625.72978659964, -208641.05360454868, -212054.8863017982, -208817.11865461434, -209175.8646876882, -210563.60621113545, -205810.0326487548, -208018.34803161616, -213805.99229642597, -216331.852765934, -208894.67636328223, -209108.64466110306, -205326.57195639337, -209835.3696905966, -207918.9823163784, -216184.66623673248, -212195.42582726243, -214192.68968998082, -208232.62729434486, -210412.72733461135, -207070.97374956927, -208730.71364281705, -208035.20565504194, -213392.9313334107, -211807.5029753134, -213464.11194640238, -213309.54367169164, -210444.47072051335, -213584.48859923545, -212148.44400735816, -214190.01571985733, -204280.0647512454, -210542.91711942415, -205417.8547143153, -210718.14565750456, -209863.91893299238, -201677.20982877564, -211282.7686482475, -213046.39652367833, -204135.4467530348, -205961.0346186026, -209356.38761609778, -219748.85501360285, -202689.49979575074, -208695.20928212503, -209370.38205906795, -209138.65705711558, -210404.3169088479, -210093.36784387016, -213873.3876055445, -210518.4765760527, -212447.3076649784, -211651.25143316662, -205066.3857998207, -209119.98978486552, -204937.4274511677, -211694.91123936264, -213872.17093676087, -209648.9212847237, -207699.17922064537, -212890.0313046481, -216011.2491659891, -208659.64358734278, -213546.45963467655, -211027.95466559715, -210170.30952743645, -209249.802935806, -205381.0826230471, -206647.81701341714, -204617.70767014363, -204064.87600334763, -208226.61004413952, -209660.55830607447, -211267.2010004226, -212877.08042326992, -205369.27112752022, -205589.00112131896, -209950.2185906146, -211233.4203619138, -211337.74211582285, -203310.20013945666, -209907.0791071063, -211167.26044185075, -211877.56808625738, -209336.9254006212, -216728.72131539206, -211875.30523336472, -213684.45859421146, -213792.12878554306, -213294.15212609625, -209562.13943444815, -208374.78613053515, -206339.5217753321, -213823.90081147675, -214753.89760291195, -204466.40398181946, -216161.01651576464, -206731.4625459413, -204971.05774825648, -209395.6351509715, -210669.07827977036, -203895.69610890638, -206256.74083361888, -202031.40884485326, -210713.1114461917, -210267.4228892288, -210508.82808237246, -210459.50152460797, -201620.4316085931, -210745.0629167724, -211321.4440750137, -203234.07272736458, -202184.83388625464, -210157.28609232258, -206622.23469557875, -212676.3908002356, -206663.52622861793, -208497.44011525498, -206769.5566350916, -206609.52822575264, -211030.26074487373, -203679.97365904102, -211580.21801081375, -208282.41732502956, -212036.6314345804, -202048.34267191804, -215881.85660622283, -210462.92890780763, -215081.7169652272, -208157.72353009292, -197766.67465551547, -203980.41978799697, -214421.5875003515, -204853.37717350808, -210179.629690515, -213785.32419842592, -203392.16388710655, -212755.75488525452, -211363.8970870169, -209914.37721267226, -213174.6290699772, -208729.8114316859, -208515.81519490172, -210176.79331989613, -212327.32528700278, -206537.0350302966, -211653.19752459475, -206683.1687087106, -203665.37533384367, -218879.89135497046, -204284.7811991511, -213281.1655150257, -208702.50981845855, -210218.01505570125, -208483.76660674653, -202579.6208548146, -211283.87303506414, -211575.8864710978, -214280.26117474775, -212217.4469403469, -209601.89269858765, -208917.4922683437, -207685.32206358342, -218535.89633620865, -207450.85732433727, -213262.55107572442, -211341.97140697285, -211526.55981500246, -209367.30307640324, -203992.0953983554, -208410.06018924114, -214760.7375079452, -212058.14795678225, -207341.43246096143, -216086.5652921125, -206254.79492560355, -209987.35348253994, -212551.57182481897, -205572.65449690283, -209713.57682245167, -208319.88723985862, -210359.0226107802, -210206.48515320837, -211917.45679307583, -203251.1567851443, -202509.4334158203, -207322.60345884543, -205164.03622244272, -200048.98774467097, -206513.57226052205, -209193.74693404333, -208766.13165662764, -220300.62186224983, -207846.835437228, -217377.557498231, -211593.99729246146, -203590.17254543796, -212025.72378056034, -201914.71624374524, -207196.89779060238, -210204.59357672508, -211621.03486502348, -207238.22915513697, -204553.7104284393, -210589.52258945515, -213818.72686964538, -209859.00996570714, -213161.36640805015, -206287.85633995078, -208679.146005662, -204955.38677056727, -212145.05603585183, -202857.10727909376, -203285.96870818693, -212034.04661304757, -207862.4076971419, -205949.56514534293, -204983.6097266132, -202107.5594938883, -210422.56534774275, -210292.78059130348, -211651.673858082, -210991.71951998706, -208772.1089044887, -208472.74743887372, -208571.1868331391, -209052.64851527955, -210472.11930330767, -211812.8727060021, -216728.46404501, -214957.95720068496, -217734.30015061118, -208732.4152919829, -209009.53413011652, -207021.736890533, -207505.5605221265, -209703.92913046692, -213779.96574485837, -199493.89237977657, -209430.7245495289, -205696.62984830645, -212883.57634430754, -209735.7808627099, -207219.0004608521, -212774.71235232777, -210139.6767545825, -203844.22850230202, -211775.41379905766, -212014.14010808239, -212707.06086173523, -210039.54103569064, -210437.83734136823, -209380.88011399232, -211390.8556245973, -211741.0392540743, -210349.55777920797, -206583.0582966468, -206354.03872718397, -220379.93352440005, -211237.16896260844, -213541.67237661692, -204280.76508004777, -202683.08914653223, -205051.2528404177, -207553.9327720139, -221151.53502367, -209965.34944206834, -207367.40968771916, -209385.8185531365, -213823.82422563684, -207551.18334116746, -205103.1074544607, -212133.83024533725, -213666.61289040654, -213304.05539332365, -208265.50737752512, -214820.72016698692, -215723.6206715726, -205620.54400656713, -207661.1094232668, -211105.84579167538, -207078.7310326906, -209020.8288273532, -208841.65449972704, -211308.83560697464, -206523.92029455918, -200648.47585047633, -215688.99371639488, -212075.23319782675, -212340.49460764157, -214414.74335333327, -206675.16296230993, -208272.58825657138, -214130.4002242139, -207737.34281719278, -206461.85010924115, -198667.00607676542, -211323.95241956436, -207179.7013315148, -205193.110983879, -210441.1039039319, -211523.91805361284, -208891.40374844967, -212634.65610228173, -198004.65558510317, -200437.60147346088, -208826.81482133706, -210652.05267183454, -213787.61146542194, -220003.3563453093, -211015.58627230252, -206351.1145773932, -209015.1247329453, -212054.09230242958, -206744.7842782642, -210413.08471680593, -213891.68963229554, -212697.2232533563, -207179.51815441053, -209297.1034065339, -209631.12102182276, -216704.95157178305, -215080.4861939878, -203538.13660130274, -204894.31214609867, -212355.17102881623, -207893.32990709468, -210255.8327664745, -215297.9819857571, -205976.93895292105, -210875.79528438483, -210338.26312830756, -216062.56812904758, -208219.03691082256, -210408.43436851676, -211493.14814421677, -213895.7621455792, -213066.3977816557, -207356.51761109516, -207162.30710254173, -206776.67946505017, -208268.69292474497, -208266.44472087937, -217156.88174331983, -211098.33132326388, -214038.64694679395, -203178.76224721083, -207550.35645713698, -203851.8334661335, -205932.149078625, -211348.03750292186, -211601.18862097777, -210406.2209108578, -209055.22464829663, -216928.92290064343, -204291.37245157972, -206982.31789090257, -209802.48051184573, -216724.08382100915, -209364.9388758338, -212468.25983169297, -209203.06067127065, -210667.480254085, -206478.08878661203, -209168.58521442176, -210555.11791672767, -208607.7266341429, -210506.68178641342, -219297.24422521336, -211578.5685843756, -208541.91317559703, -209891.66186703843, -208024.04991467722, -213212.4119731994, -203824.63598318756, -207179.58105728604, -208261.13711764148, -207789.0926879261, -213280.52788917354, -204021.84868079695, -206060.58068371392, -212182.6607826051, -212033.3270537661, -213680.556733581, -208737.19843234494, -205183.28037565318, -207260.37199324215, -207665.76992764798, -208118.42823304737, -207000.6868016406, -207401.76026483654, -214945.91339836735, -208075.671212654, -209930.5459010546, -209264.27224333765, -210580.13567300438, -210835.2074206942, -207689.76400760148, -205327.01857968015, -210991.0194150577, -207404.22967675468, -210356.84371886184, -210208.69654595002, -210339.71359621122, -208181.3703997853, -211245.50001078422, -209199.19710837776, -205940.41694737488, -209408.14674406408, -217068.74743438605, -208532.0315576415, -209204.11336672242, -202391.03074650632, -206838.2253884016, -213345.45338486918, -208923.5790440273, -209147.230340605, -215022.1163411056, -211623.03147795747, -207637.35664793217, -207785.339051058, -206397.2404821298, -213579.66317292498, -211254.64951028817, -213956.57725161, -216850.62867803656, -209730.67263632268, -215416.2832405214, -208915.78465799283, -206704.96927615418, -205585.35905851828, -210308.63439278695, -207664.31454184843, -206990.1549839945, -210177.42993023313, -201343.54303960482, -210150.791796732, -206730.223139375, -213471.18805978558, -207946.85901036006, -208484.01941777475, -208906.9430963954, -207109.9436126302, -216253.70218807852, -203410.33810411658, -212985.71898048467, -207122.79947519902, -211709.64250449828, -209970.26447552323, -203147.9530192788, -200133.98872081324, -212984.28509304245, -211259.36479903487, -213580.13122356377, -210128.18247027512, -203897.08753546767, -212718.55700065685, -209153.4365948928, -217647.39069210022, -211875.16205062738, -205881.34727214134, -210592.44477627845, -205447.7949441513, -208956.50757769856, -207120.77394263176, -213342.48454253218, -205974.51530790204, -212022.30809983888, -214864.79154354503, -212231.36510793815, -211916.52212154944, -213368.19181491755, -205113.0525734957, -215192.6433310959, -209596.83744363853, -213031.75681278954, -216782.6379779679, -213032.33411431956, -209217.44884943066, -205782.21826319938, -208056.936590792, -208817.9492427515, -211656.21092794972, -200647.88213961956, -206501.6435819123, -214918.60794006436, -212049.9634725838, -202926.40571149156, -203780.35893524895, -215504.8570402525, -208702.00665069782, -209702.15498139846, -210632.79618519, -213249.6818298504, -206331.21833949137, -205345.70569968203, -211910.91524914952, -207027.96424266163, -212274.75015296382, -211356.66277719956, -215723.81880344028, -205092.07336702483, -211095.28745025324, -203222.24887944356, -208785.97629500256, -207399.53307974956, -208313.53689864394, -204394.58754179312, -206165.11209925308, -209401.16453792574, -214185.4669823853, -211860.60412144393, -208198.6109129029, -205380.1845896134, -203545.50812030517, -205837.07001834753, -214661.83015233255, -208777.79476712894, -201829.51077116586, -213746.9422550989, -214086.19426335566, -207285.00434732295, -207957.69879459415, -201983.8193877967, -210081.27330263174, -208580.9351065925, -210519.98037623442, -210422.86832826398, -209718.76464462146, -209104.62630028493, -211481.93279411056, -210624.29925623306, -207403.1825577264, -207492.6905619473, -203115.74507044585, -212801.50054440275, -213832.7460811042, -213007.1765737815, -210863.07608139617, -210463.14563467313, -212440.56218370836, -207199.55586913496, -222225.35735851555, -209168.00339379438, -212775.78908894918, -207561.45097487036, -212277.20391765164, -208905.9053375726, -213026.87116888736, -208509.9680631316, -208471.65553159537, -209924.66415562222, -212520.1026488931, -206507.19391339956, -212225.86447750204, -207614.7669818362, -210332.2180362546, -211240.4557877691, -204900.68799990273, -213008.95021553, -210151.0569439781, -209274.55846074715, -209958.24497792387, -211701.9918168829, -209059.0310275154, -210034.51780606745, -207836.57119643423, -209053.41345301276, -210893.50214745206, -212156.20595809998, -210625.09564226354, -212349.09302926558, -208992.284535879, -207694.17171649242, -210979.3948194569, -209224.70480680908, -205445.18422793035, -207489.92516688997, -209756.37806212791, -207897.76079522105, -206067.33072877387, -209205.3728086754, -206035.2642007983, -206514.62260961594, -206070.93334367493, -205550.72211150968, -209338.73776287003, -213193.14818896257, -213070.31586359002, -208214.49153695162, -205889.6376530036, -209187.68003748477, -210188.19445196827, -210314.50273740853, -210284.92751806337, -209355.70970245154, -208043.1692189079, -206869.0836369058, -207063.23252662763, -203593.36872855944, -209668.28123948685, -211074.34780800933, -216723.91819200717, -213784.98499747235, -208553.02627891005, -210584.2144207525, -215928.91253579935, -211221.3502648667, -211814.72729988548, -204814.72016987877, -213464.57603003414, -212914.56334206118, -208735.31006209194, -214240.41420681955, -211768.42657417184, -208720.0457338427, -210346.03782012194, -208890.60091066998, -215792.62270733897, -216552.27342578658, -208671.0051046273, -207540.01226488227, -206057.05352487555, -214044.25639275106, -204184.7028240093, -213901.30569486297, -204852.30965211624, -216062.79828498728, -211541.01884163712, -209878.91040983787, -206840.94478814848, -210416.20735948003, -207211.77603359468, -207460.39322219594, -196437.12265801625, -205971.51111345176, -217688.75851915765, -204156.61213657455, -209272.61385751044, -210063.919352024, -208583.0670320345, -207916.53119012713, -215368.37623178193, -214540.13206948896, -211379.62864593987, -205068.80276710738, -206579.73922248694, -211626.21256844225, -208341.6967748853, -204381.46129296478, -206920.6978564259, -212942.39336311808, -210531.81736266796, -209906.66040200373, -207279.41610434433, -206145.06234459198, -211687.19884532096, -205870.39931939702, -210800.70361356804, -214440.14899678604, -199986.74691507258, -212082.85221250067, -212394.06712780346, -206955.15812735815, -213724.55050748948, -209225.8882120819, -211582.64379684164, -208958.96962971715, -211048.64297865293, -211726.80005650417, -211762.54735228795, -209049.87229875408, -209756.6458620881, -206395.8082687524, -212063.22258759424, -206035.31481227063, -211231.24623699885, -207070.35773255638, -210639.15708096809, -214465.29451634237, -205589.13917847892, -215243.93780507345, -207431.01307617614, -205904.49195394962, -210744.89257040728, -214243.43071387275, -206662.854298372, -212374.52444329605, -207858.61692135778, -209905.0524282259, -209553.31113806224, -206726.93529354827, -208731.55832815502, -207307.93502577863, -207299.1355945485, -204964.0002258316, -217988.3201957543, -212712.9029875861, -208648.69456018144, -209767.62291166055, -212454.67446516198, -210655.9185924844, -208782.20350128043, -212408.46948898854, -216161.65064554504]
Average Z : -196444.03041329523
Standard dev Z : 3812.759866912305
Total Time taken : 19363.373 sec
