LiftedPTPParams [
inputFile=mln/webkb.dom.60.eclipse.mln.txt
evidenceFile=db/webkb.texas.5class.dom.60.evid.40.eclipse.txt
resultFile=results_04_06/webkb_60_40_true_approx_true_1000iter.out
queryString=PageClass_0_Course,LinkTo,PageClass_0_Person,PageClass_0_Faculty,PageClass_0_Student,PageClass_0_Department
isNormal=true
approximate=true
queryEvidence=false
numIter=1000
]
Time taken to create clauses in hyperCube form : 697 ms
Time taken to disjoint all hyperCubes : 4398 ms
Total number of clauses : 226
iteration no. : 0
iteration no. : 1
iteration no. : 2
iteration no. : 3
iteration no. : 4
iteration no. : 5
iteration no. : 6
iteration no. : 7
iteration no. : 8
iteration no. : 9
iteration no. : 10
iteration no. : 11
iteration no. : 12
iteration no. : 13
iteration no. : 14
iteration no. : 15
iteration no. : 16
iteration no. : 17
iteration no. : 18
iteration no. : 19
iteration no. : 20
iteration no. : 21
iteration no. : 22
iteration no. : 23
iteration no. : 24
iteration no. : 25
iteration no. : 26
iteration no. : 27
iteration no. : 28
iteration no. : 29
iteration no. : 30
iteration no. : 31
iteration no. : 32
iteration no. : 33
iteration no. : 34
iteration no. : 35
iteration no. : 36
iteration no. : 37
iteration no. : 38
iteration no. : 39
iteration no. : 40
iteration no. : 41
iteration no. : 42
iteration no. : 43
iteration no. : 44
iteration no. : 45
iteration no. : 46
iteration no. : 47
iteration no. : 48
iteration no. : 49
iteration no. : 50
iteration no. : 51
iteration no. : 52
iteration no. : 53
iteration no. : 54
iteration no. : 55
iteration no. : 56
iteration no. : 57
iteration no. : 58
iteration no. : 59
iteration no. : 60
iteration no. : 61
iteration no. : 62
iteration no. : 63
iteration no. : 64
iteration no. : 65
iteration no. : 66
iteration no. : 67
iteration no. : 68
iteration no. : 69
iteration no. : 70
iteration no. : 71
iteration no. : 72
iteration no. : 73
iteration no. : 74
iteration no. : 75
iteration no. : 76
iteration no. : 77
iteration no. : 78
iteration no. : 79
iteration no. : 80
iteration no. : 81
iteration no. : 82
iteration no. : 83
iteration no. : 84
iteration no. : 85
iteration no. : 86
iteration no. : 87
iteration no. : 88
iteration no. : 89
iteration no. : 90
iteration no. : 91
iteration no. : 92
iteration no. : 93
iteration no. : 94
iteration no. : 95
iteration no. : 96
iteration no. : 97
iteration no. : 98
iteration no. : 99
iteration no. : 100
iteration no. : 101
iteration no. : 102
iteration no. : 103
iteration no. : 104
iteration no. : 105
iteration no. : 106
iteration no. : 107
iteration no. : 108
iteration no. : 109
iteration no. : 110
iteration no. : 111
iteration no. : 112
iteration no. : 113
iteration no. : 114
iteration no. : 115
iteration no. : 116
iteration no. : 117
iteration no. : 118
iteration no. : 119
iteration no. : 120
iteration no. : 121
iteration no. : 122
iteration no. : 123
iteration no. : 124
iteration no. : 125
iteration no. : 126
iteration no. : 127
iteration no. : 128
iteration no. : 129
iteration no. : 130
iteration no. : 131
iteration no. : 132
iteration no. : 133
iteration no. : 134
iteration no. : 135
iteration no. : 136
iteration no. : 137
iteration no. : 138
iteration no. : 139
iteration no. : 140
iteration no. : 141
iteration no. : 142
iteration no. : 143
iteration no. : 144
iteration no. : 145
iteration no. : 146
iteration no. : 147
iteration no. : 148
iteration no. : 149
iteration no. : 150
iteration no. : 151
iteration no. : 152
iteration no. : 153
iteration no. : 154
iteration no. : 155
iteration no. : 156
iteration no. : 157
iteration no. : 158
iteration no. : 159
iteration no. : 160
iteration no. : 161
iteration no. : 162
iteration no. : 163
iteration no. : 164
iteration no. : 165
iteration no. : 166
iteration no. : 167
iteration no. : 168
iteration no. : 169
iteration no. : 170
iteration no. : 171
iteration no. : 172
iteration no. : 173
iteration no. : 174
iteration no. : 175
iteration no. : 176
iteration no. : 177
iteration no. : 178
iteration no. : 179
iteration no. : 180
iteration no. : 181
iteration no. : 182
iteration no. : 183
iteration no. : 184
iteration no. : 185
iteration no. : 186
iteration no. : 187
iteration no. : 188
iteration no. : 189
iteration no. : 190
iteration no. : 191
iteration no. : 192
iteration no. : 193
iteration no. : 194
iteration no. : 195
iteration no. : 196
iteration no. : 197
iteration no. : 198
iteration no. : 199
iteration no. : 200
iteration no. : 201
iteration no. : 202
iteration no. : 203
iteration no. : 204
iteration no. : 205
iteration no. : 206
iteration no. : 207
iteration no. : 208
iteration no. : 209
iteration no. : 210
iteration no. : 211
iteration no. : 212
iteration no. : 213
iteration no. : 214
iteration no. : 215
iteration no. : 216
iteration no. : 217
iteration no. : 218
iteration no. : 219
iteration no. : 220
iteration no. : 221
iteration no. : 222
iteration no. : 223
iteration no. : 224
iteration no. : 225
iteration no. : 226
iteration no. : 227
iteration no. : 228
iteration no. : 229
iteration no. : 230
iteration no. : 231
iteration no. : 232
iteration no. : 233
iteration no. : 234
iteration no. : 235
iteration no. : 236
iteration no. : 237
iteration no. : 238
iteration no. : 239
iteration no. : 240
iteration no. : 241
iteration no. : 242
iteration no. : 243
iteration no. : 244
iteration no. : 245
iteration no. : 246
iteration no. : 247
iteration no. : 248
iteration no. : 249
iteration no. : 250
iteration no. : 251
iteration no. : 252
iteration no. : 253
iteration no. : 254
iteration no. : 255
iteration no. : 256
iteration no. : 257
iteration no. : 258
iteration no. : 259
iteration no. : 260
iteration no. : 261
iteration no. : 262
iteration no. : 263
iteration no. : 264
iteration no. : 265
iteration no. : 266
iteration no. : 267
iteration no. : 268
iteration no. : 269
iteration no. : 270
iteration no. : 271
iteration no. : 272
iteration no. : 273
iteration no. : 274
iteration no. : 275
iteration no. : 276
iteration no. : 277
iteration no. : 278
iteration no. : 279
iteration no. : 280
iteration no. : 281
iteration no. : 282
iteration no. : 283
iteration no. : 284
iteration no. : 285
iteration no. : 286
iteration no. : 287
iteration no. : 288
iteration no. : 289
iteration no. : 290
iteration no. : 291
iteration no. : 292
iteration no. : 293
iteration no. : 294
iteration no. : 295
iteration no. : 296
iteration no. : 297
iteration no. : 298
iteration no. : 299
iteration no. : 300
iteration no. : 301
iteration no. : 302
iteration no. : 303
iteration no. : 304
iteration no. : 305
iteration no. : 306
iteration no. : 307
iteration no. : 308
iteration no. : 309
iteration no. : 310
iteration no. : 311
iteration no. : 312
iteration no. : 313
iteration no. : 314
iteration no. : 315
iteration no. : 316
iteration no. : 317
iteration no. : 318
iteration no. : 319
iteration no. : 320
iteration no. : 321
iteration no. : 322
iteration no. : 323
iteration no. : 324
iteration no. : 325
iteration no. : 326
iteration no. : 327
iteration no. : 328
iteration no. : 329
iteration no. : 330
iteration no. : 331
iteration no. : 332
iteration no. : 333
iteration no. : 334
iteration no. : 335
iteration no. : 336
iteration no. : 337
iteration no. : 338
iteration no. : 339
iteration no. : 340
iteration no. : 341
iteration no. : 342
iteration no. : 343
iteration no. : 344
iteration no. : 345
iteration no. : 346
iteration no. : 347
iteration no. : 348
iteration no. : 349
iteration no. : 350
iteration no. : 351
iteration no. : 352
iteration no. : 353
iteration no. : 354
iteration no. : 355
iteration no. : 356
iteration no. : 357
iteration no. : 358
iteration no. : 359
iteration no. : 360
iteration no. : 361
iteration no. : 362
iteration no. : 363
iteration no. : 364
iteration no. : 365
iteration no. : 366
iteration no. : 367
iteration no. : 368
iteration no. : 369
iteration no. : 370
iteration no. : 371
iteration no. : 372
iteration no. : 373
iteration no. : 374
iteration no. : 375
iteration no. : 376
iteration no. : 377
iteration no. : 378
iteration no. : 379
iteration no. : 380
iteration no. : 381
iteration no. : 382
iteration no. : 383
iteration no. : 384
iteration no. : 385
iteration no. : 386
iteration no. : 387
iteration no. : 388
iteration no. : 389
iteration no. : 390
iteration no. : 391
iteration no. : 392
iteration no. : 393
iteration no. : 394
iteration no. : 395
iteration no. : 396
iteration no. : 397
iteration no. : 398
iteration no. : 399
iteration no. : 400
iteration no. : 401
iteration no. : 402
iteration no. : 403
iteration no. : 404
iteration no. : 405
iteration no. : 406
iteration no. : 407
iteration no. : 408
iteration no. : 409
iteration no. : 410
iteration no. : 411
iteration no. : 412
iteration no. : 413
iteration no. : 414
iteration no. : 415
iteration no. : 416
iteration no. : 417
iteration no. : 418
iteration no. : 419
iteration no. : 420
iteration no. : 421
iteration no. : 422
iteration no. : 423
iteration no. : 424
iteration no. : 425
iteration no. : 426
iteration no. : 427
iteration no. : 428
iteration no. : 429
iteration no. : 430
iteration no. : 431
iteration no. : 432
iteration no. : 433
iteration no. : 434
iteration no. : 435
iteration no. : 436
iteration no. : 437
iteration no. : 438
iteration no. : 439
iteration no. : 440
iteration no. : 441
iteration no. : 442
iteration no. : 443
iteration no. : 444
iteration no. : 445
iteration no. : 446
iteration no. : 447
iteration no. : 448
iteration no. : 449
iteration no. : 450
iteration no. : 451
iteration no. : 452
iteration no. : 453
iteration no. : 454
iteration no. : 455
iteration no. : 456
iteration no. : 457
iteration no. : 458
iteration no. : 459
iteration no. : 460
iteration no. : 461
iteration no. : 462
iteration no. : 463
iteration no. : 464
iteration no. : 465
iteration no. : 466
iteration no. : 467
iteration no. : 468
iteration no. : 469
iteration no. : 470
iteration no. : 471
iteration no. : 472
iteration no. : 473
iteration no. : 474
iteration no. : 475
iteration no. : 476
iteration no. : 477
iteration no. : 478
iteration no. : 479
iteration no. : 480
iteration no. : 481
iteration no. : 482
iteration no. : 483
iteration no. : 484
iteration no. : 485
iteration no. : 486
iteration no. : 487
iteration no. : 488
iteration no. : 489
iteration no. : 490
iteration no. : 491
iteration no. : 492
iteration no. : 493
iteration no. : 494
iteration no. : 495
iteration no. : 496
iteration no. : 497
iteration no. : 498
iteration no. : 499
iteration no. : 500
iteration no. : 501
iteration no. : 502
iteration no. : 503
iteration no. : 504
iteration no. : 505
iteration no. : 506
iteration no. : 507
iteration no. : 508
iteration no. : 509
iteration no. : 510
iteration no. : 511
iteration no. : 512
iteration no. : 513
iteration no. : 514
iteration no. : 515
iteration no. : 516
iteration no. : 517
iteration no. : 518
iteration no. : 519
iteration no. : 520
iteration no. : 521
iteration no. : 522
iteration no. : 523
iteration no. : 524
iteration no. : 525
iteration no. : 526
iteration no. : 527
iteration no. : 528
iteration no. : 529
iteration no. : 530
iteration no. : 531
iteration no. : 532
iteration no. : 533
iteration no. : 534
iteration no. : 535
iteration no. : 536
iteration no. : 537
iteration no. : 538
iteration no. : 539
iteration no. : 540
iteration no. : 541
iteration no. : 542
iteration no. : 543
iteration no. : 544
iteration no. : 545
iteration no. : 546
iteration no. : 547
iteration no. : 548
iteration no. : 549
iteration no. : 550
iteration no. : 551
iteration no. : 552
iteration no. : 553
iteration no. : 554
iteration no. : 555
iteration no. : 556
iteration no. : 557
iteration no. : 558
iteration no. : 559
iteration no. : 560
iteration no. : 561
iteration no. : 562
iteration no. : 563
iteration no. : 564
iteration no. : 565
iteration no. : 566
iteration no. : 567
iteration no. : 568
iteration no. : 569
iteration no. : 570
iteration no. : 571
iteration no. : 572
iteration no. : 573
iteration no. : 574
iteration no. : 575
iteration no. : 576
iteration no. : 577
iteration no. : 578
iteration no. : 579
iteration no. : 580
iteration no. : 581
iteration no. : 582
iteration no. : 583
iteration no. : 584
iteration no. : 585
iteration no. : 586
iteration no. : 587
iteration no. : 588
iteration no. : 589
iteration no. : 590
iteration no. : 591
iteration no. : 592
iteration no. : 593
iteration no. : 594
iteration no. : 595
iteration no. : 596
iteration no. : 597
iteration no. : 598
iteration no. : 599
iteration no. : 600
iteration no. : 601
iteration no. : 602
iteration no. : 603
iteration no. : 604
iteration no. : 605
iteration no. : 606
iteration no. : 607
iteration no. : 608
iteration no. : 609
iteration no. : 610
iteration no. : 611
iteration no. : 612
iteration no. : 613
iteration no. : 614
iteration no. : 615
iteration no. : 616
iteration no. : 617
iteration no. : 618
iteration no. : 619
iteration no. : 620
iteration no. : 621
iteration no. : 622
iteration no. : 623
iteration no. : 624
iteration no. : 625
iteration no. : 626
iteration no. : 627
iteration no. : 628
iteration no. : 629
iteration no. : 630
iteration no. : 631
iteration no. : 632
iteration no. : 633
iteration no. : 634
iteration no. : 635
iteration no. : 636
iteration no. : 637
iteration no. : 638
iteration no. : 639
iteration no. : 640
iteration no. : 641
iteration no. : 642
iteration no. : 643
iteration no. : 644
iteration no. : 645
iteration no. : 646
iteration no. : 647
iteration no. : 648
iteration no. : 649
iteration no. : 650
iteration no. : 651
iteration no. : 652
iteration no. : 653
iteration no. : 654
iteration no. : 655
iteration no. : 656
iteration no. : 657
iteration no. : 658
iteration no. : 659
iteration no. : 660
iteration no. : 661
iteration no. : 662
iteration no. : 663
iteration no. : 664
iteration no. : 665
iteration no. : 666
iteration no. : 667
iteration no. : 668
iteration no. : 669
iteration no. : 670
iteration no. : 671
iteration no. : 672
iteration no. : 673
iteration no. : 674
iteration no. : 675
iteration no. : 676
iteration no. : 677
iteration no. : 678
iteration no. : 679
iteration no. : 680
iteration no. : 681
iteration no. : 682
iteration no. : 683
iteration no. : 684
iteration no. : 685
iteration no. : 686
iteration no. : 687
iteration no. : 688
iteration no. : 689
iteration no. : 690
iteration no. : 691
iteration no. : 692
iteration no. : 693
iteration no. : 694
iteration no. : 695
iteration no. : 696
iteration no. : 697
iteration no. : 698
iteration no. : 699
iteration no. : 700
iteration no. : 701
iteration no. : 702
iteration no. : 703
iteration no. : 704
iteration no. : 705
iteration no. : 706
iteration no. : 707
iteration no. : 708
iteration no. : 709
iteration no. : 710
iteration no. : 711
iteration no. : 712
iteration no. : 713
iteration no. : 714
iteration no. : 715
iteration no. : 716
iteration no. : 717
iteration no. : 718
iteration no. : 719
iteration no. : 720
iteration no. : 721
iteration no. : 722
iteration no. : 723
iteration no. : 724
iteration no. : 725
iteration no. : 726
iteration no. : 727
iteration no. : 728
iteration no. : 729
iteration no. : 730
iteration no. : 731
iteration no. : 732
iteration no. : 733
iteration no. : 734
iteration no. : 735
iteration no. : 736
iteration no. : 737
iteration no. : 738
iteration no. : 739
iteration no. : 740
iteration no. : 741
iteration no. : 742
iteration no. : 743
iteration no. : 744
iteration no. : 745
iteration no. : 746
iteration no. : 747
iteration no. : 748
iteration no. : 749
iteration no. : 750
iteration no. : 751
iteration no. : 752
iteration no. : 753
iteration no. : 754
iteration no. : 755
iteration no. : 756
iteration no. : 757
iteration no. : 758
iteration no. : 759
iteration no. : 760
iteration no. : 761
iteration no. : 762
iteration no. : 763
iteration no. : 764
iteration no. : 765
iteration no. : 766
iteration no. : 767
iteration no. : 768
iteration no. : 769
iteration no. : 770
iteration no. : 771
iteration no. : 772
iteration no. : 773
iteration no. : 774
iteration no. : 775
iteration no. : 776
iteration no. : 777
iteration no. : 778
iteration no. : 779
iteration no. : 780
iteration no. : 781
iteration no. : 782
iteration no. : 783
iteration no. : 784
iteration no. : 785
iteration no. : 786
iteration no. : 787
iteration no. : 788
iteration no. : 789
iteration no. : 790
iteration no. : 791
iteration no. : 792
iteration no. : 793
iteration no. : 794
iteration no. : 795
iteration no. : 796
iteration no. : 797
iteration no. : 798
iteration no. : 799
iteration no. : 800
iteration no. : 801
iteration no. : 802
iteration no. : 803
iteration no. : 804
iteration no. : 805
iteration no. : 806
iteration no. : 807
iteration no. : 808
iteration no. : 809
iteration no. : 810
iteration no. : 811
iteration no. : 812
iteration no. : 813
iteration no. : 814
iteration no. : 815
iteration no. : 816
iteration no. : 817
iteration no. : 818
iteration no. : 819
iteration no. : 820
iteration no. : 821
iteration no. : 822
iteration no. : 823
iteration no. : 824
iteration no. : 825
iteration no. : 826
iteration no. : 827
iteration no. : 828
iteration no. : 829
iteration no. : 830
iteration no. : 831
iteration no. : 832
iteration no. : 833
iteration no. : 834
iteration no. : 835
iteration no. : 836
iteration no. : 837
iteration no. : 838
iteration no. : 839
iteration no. : 840
iteration no. : 841
iteration no. : 842
iteration no. : 843
iteration no. : 844
iteration no. : 845
iteration no. : 846
iteration no. : 847
iteration no. : 848
iteration no. : 849
iteration no. : 850
iteration no. : 851
iteration no. : 852
iteration no. : 853
iteration no. : 854
iteration no. : 855
iteration no. : 856
iteration no. : 857
iteration no. : 858
iteration no. : 859
iteration no. : 860
iteration no. : 861
iteration no. : 862
iteration no. : 863
iteration no. : 864
iteration no. : 865
iteration no. : 866
iteration no. : 867
iteration no. : 868
iteration no. : 869
iteration no. : 870
iteration no. : 871
iteration no. : 872
iteration no. : 873
iteration no. : 874
iteration no. : 875
iteration no. : 876
iteration no. : 877
iteration no. : 878
iteration no. : 879
iteration no. : 880
iteration no. : 881
iteration no. : 882
iteration no. : 883
iteration no. : 884
iteration no. : 885
iteration no. : 886
iteration no. : 887
iteration no. : 888
iteration no. : 889
iteration no. : 890
iteration no. : 891
iteration no. : 892
iteration no. : 893
iteration no. : 894
iteration no. : 895
iteration no. : 896
iteration no. : 897
iteration no. : 898
iteration no. : 899
iteration no. : 900
iteration no. : 901
iteration no. : 902
iteration no. : 903
iteration no. : 904
iteration no. : 905
iteration no. : 906
iteration no. : 907
iteration no. : 908
iteration no. : 909
iteration no. : 910
iteration no. : 911
iteration no. : 912
iteration no. : 913
iteration no. : 914
iteration no. : 915
iteration no. : 916
iteration no. : 917
iteration no. : 918
iteration no. : 919
iteration no. : 920
iteration no. : 921
iteration no. : 922
iteration no. : 923
iteration no. : 924
iteration no. : 925
iteration no. : 926
iteration no. : 927
iteration no. : 928
iteration no. : 929
iteration no. : 930
iteration no. : 931
iteration no. : 932
iteration no. : 933
iteration no. : 934
iteration no. : 935
iteration no. : 936
iteration no. : 937
iteration no. : 938
iteration no. : 939
iteration no. : 940
iteration no. : 941
iteration no. : 942
iteration no. : 943
iteration no. : 944
iteration no. : 945
iteration no. : 946
iteration no. : 947
iteration no. : 948
iteration no. : 949
iteration no. : 950
iteration no. : 951
iteration no. : 952
iteration no. : 953
iteration no. : 954
iteration no. : 955
iteration no. : 956
iteration no. : 957
iteration no. : 958
iteration no. : 959
iteration no. : 960
iteration no. : 961
iteration no. : 962
iteration no. : 963
iteration no. : 964
iteration no. : 965
iteration no. : 966
iteration no. : 967
iteration no. : 968
iteration no. : 969
iteration no. : 970
iteration no. : 971
iteration no. : 972
iteration no. : 973
iteration no. : 974
iteration no. : 975
iteration no. : 976
iteration no. : 977
iteration no. : 978
iteration no. : 979
iteration no. : 980
iteration no. : 981
iteration no. : 982
iteration no. : 983
iteration no. : 984
iteration no. : 985
iteration no. : 986
iteration no. : 987
iteration no. : 988
iteration no. : 989
iteration no. : 990
iteration no. : 991
iteration no. : 992
iteration no. : 993
iteration no. : 994
iteration no. : 995
iteration no. : 996
iteration no. : 997
iteration no. : 998
iteration no. : 999
Time taken for 1000 iterations : 5987.002 sec
zArray : [-72655.38910090522, -73970.24486277174, -74985.51207447372, -73690.62539748734, -72464.20394402249, -75584.5088127691, -70063.92867578309, -73834.57380040882, -75239.09776215306, -72482.04969237982, -74981.19388019778, -71804.3537309317, -73757.4610099678, -72634.20773548866, -71581.26792447593, -74422.65580379996, -75976.71641519602, -74132.77488235892, -69726.45875032587, -74534.320529616, -73639.38076033871, -71081.32264029472, -72635.4763113084, -79153.63167063164, -72488.80039273844, -76801.92237414567, -74512.44560598258, -75068.14227040598, -73906.93844349214, -73819.73535106346, -74480.9262074107, -73755.18025160229, -72782.20119107525, -72882.08320232775, -75012.90369228231, -74051.12423492431, -72145.99858786454, -76466.3458100561, -71816.44965488387, -71825.4764106396, -74031.92719625309, -72970.30001566265, -75381.09112244082, -75609.64768479296, -74523.11171569543, -73825.9913326849, -71964.78456702536, -74348.2477290491, -74131.79753156641, -75024.90160994318, -73715.48332037935, -72719.12905419366, -72430.11262199515, -73797.68857976125, -71740.7585156541, -75640.75163348966, -73232.26419406637, -74165.11878998585, -72849.80900177949, -77801.15567907877, -73258.38157222618, -75458.26427993343, -72937.74193073247, -72666.28909775996, -73270.73748421099, -73748.23767106459, -74009.8976987748, -75681.07414516644, -74644.90691098482, -74774.07071995575, -74235.73132717662, -72450.33954489003, -73779.89261729317, -74333.81595227482, -74529.28032962627, -73404.97297094365, -72957.41245891106, -77021.99596984302, -73945.47779944263, -75841.48851486074, -75144.03170122232, -74978.53919193013, -78003.68687893146, -75261.92848973731, -70381.12087670625, -75632.48867334581, -75976.6778887486, -75037.41821316225, -73867.88278544992, -77226.22739681209, -74519.08456580323, -73080.89596903817, -73767.22438742737, -72586.7817394366, -73354.06724793655, -74482.71250231988, -75585.39455128621, -74901.79117305149, -73806.09242373944, -75699.51691622498, -75552.74277771145, -72582.48454961681, -73901.23152318223, -75229.9049968346, -73329.54604758933, -74140.13071326079, -72753.39519414523, -76452.4559745125, -74341.75189815558, -72914.229471211, -74874.19667040741, -74590.32760725186, -73831.50210245779, -76382.38810898538, -72017.6750246853, -75696.90219986903, -76856.45891401482, -74280.26986172493, -73507.05500277635, -75173.03477935585, -73149.43682421304, -75847.79210647813, -75454.60771724707, -73466.73166517675, -77888.31411324696, -74605.27431862096, -73057.53903042154, -73896.59878702268, -74193.48887036994, -73550.1393843055, -75941.91513269636, -72326.12733039791, -77206.64320529327, -72857.20389310597, -74534.83838711516, -73980.67917628755, -72024.02575788602, -71236.69451237546, -73508.76383917565, -76110.01983538283, -75120.24008384248, -74658.45224782884, -73857.08806824397, -74885.56438169697, -75624.53521981579, -73722.37858636219, -72831.31060824433, -74387.56324310343, -76277.4585477686, -73132.79284379636, -72723.97179817998, -75541.37520065554, -75014.6111280791, -75056.70697068493, -76355.33359645643, -73777.3644530974, -74414.98490600489, -72924.410997268, -75570.70263244536, -74531.8291935798, -75022.34900468771, -69835.1652010367, -72450.95222598815, -74826.92064831703, -74085.44022508766, -70205.8267206272, -75225.39091564316, -75628.0194665, -75446.24955186018, -74805.94703632298, -74484.96159034623, -75711.4465240203, -74867.67249717485, -70381.31565118469, -76024.82469100124, -77448.572251703, -74143.94744583701, -74277.73694318913, -71985.22104611312, -74464.84750488773, -74945.87372270979, -73153.41900315667, -73938.33195186737, -75686.50703047302, -74718.65567504462, -74568.00041067298, -73787.82313870329, -73214.71391502208, -75687.01713857724, -74888.45623444834, -75121.02251549556, -71788.96019686383, -74313.8118533277, -71886.06245819002, -75788.12122572241, -75051.42080932621, -73325.82269926931, -72199.07142237741, -73903.57577570944, -79366.91922403287, -75461.63227840603, -71898.20258826793, -71986.08928199191, -72479.23865356419, -74513.88242230861, -75699.591816253, -74499.73552860989, -77745.06825156744, -73997.22917526276, -73962.14432089639, -74621.87676597938, -75532.40126056873, -75832.34312218057, -73553.65124399566, -74613.44809371512, -72492.33040369114, -70989.94077003453, -74576.50833637369, -73878.57427048667, -74345.49321745496, -74632.59759120509, -75125.53580756913, -76993.52676256192, -74956.1503871473, -72653.59322078104, -72792.17883887682, -73713.6146234309, -77065.6240989438, -71255.53322510366, -73110.28165635807, -69919.46998810415, -77420.9025621156, -72196.55777903322, -74447.04320349517, -73006.52344962029, -74093.56463552195, -74628.40404932227, -75356.30113124158, -75029.27351612298, -73272.77552354714, -76101.8349538538, -75800.12470683317, -73403.21845571171, -73934.82765518826, -78015.00202946938, -73943.08271735499, -76965.7185087864, -73768.27517562926, -78618.25598426918, -73447.20330897282, -76112.76091870024, -75407.43644274981, -72501.96781640188, -75881.57123094231, -75735.82164831582, -74539.20539765847, -73443.94356397528, -75288.61680364916, -76245.96744226755, -73350.69969328279, -72009.84497236602, -72547.45169101273, -74256.13820700748, -74256.50976625473, -76116.17919751644, -70191.4834524235, -72588.57145636533, -75653.61027379514, -72645.17182266706, -78329.05322554866, -74631.85366370155, -73780.83268831494, -73913.77392802786, -73390.33509096947, -72898.89071395427, -76056.91847423493, -74926.45623398831, -72247.80251934541, -74057.39780198141, -75619.48325283722, -74626.02227711491, -74062.86484495252, -73055.45246783599, -77570.83914011155, -73707.577860177, -72829.3479990071, -74728.77358199585, -75902.44506317607, -75837.68600584047, -74153.86535513577, -73791.90176560997, -73552.63553289768, -74646.32629814431, -76991.31336483831, -71216.50555689307, -72521.84318012686, -70712.37636930001, -72900.51680671469, -71430.84257261858, -74314.80221531643, -71178.40320257672, -75767.50833113314, -75994.88372862648, -71763.65450246695, -72542.53309577347, -73948.72569109546, -75056.04721486504, -74386.8918059671, -76125.99728365627, -76272.32174796045, -74462.64357109452, -71721.22309876868, -76380.57970760575, -71846.75824752923, -73697.2986839736, -73396.46960605602, -76619.19072660989, -75133.55259640841, -69117.99854062729, -74419.79806652322, -71860.0013363216, -74798.72876785675, -72896.42721259511, -71997.63525542105, -74839.4455462253, -73460.92417847068, -74649.18412806898, -75222.30096556772, -76570.14333464864, -73300.01165269749, -76042.79348496493, -74188.49325880042, -71896.95166732647, -73869.80589952765, -73384.31246533614, -74049.34153663568, -73925.8971395587, -72864.20170110832, -74930.39230553921, -72318.87550100332, -76550.93206127858, -73643.33228897952, -75438.74229770666, -74257.52682453458, -75043.59193834192, -71236.13656535542, -71378.8254812047, -76851.49735552684, -73248.24457166388, -76323.01411935051, -76120.45310388501, -73982.63141159827, -73009.04717287708, -74614.50390915228, -74387.60897099493, -73511.00849851106, -74450.12438655893, -74371.96711302422, -74919.63708830035, -76995.77788210796, -69937.02159664161, -73171.51506917938, -74804.00287188862, -72005.37321211939, -73165.9673995412, -71010.0671311986, -72704.96644709827, -73537.23519669544, -76435.25030948097, -69471.73456137688, -73786.19396458086, -75014.45253979493, -74843.13183041687, -73394.56773392673, -72796.06448233526, -73576.50156011948, -74474.53337369145, -79079.03881001311, -73964.95840614867, -73063.94533246527, -75472.79009601045, -72293.20304021487, -71026.84069461003, -75497.06377275233, -74293.63744544378, -74089.40022253388, -75506.19520325444, -75380.44606807538, -73881.7077853541, -72694.04267480888, -74129.58475675808, -70624.1733592585, -73857.21288441989, -73097.85212842507, -70993.82098331976, -74103.51577237516, -76314.3739831161, -73369.16146738284, -74744.45098432276, -71528.54915039043, -75238.48232931462, -74404.91387557016, -74468.32440649689, -70593.07118920531, -74497.27416569807, -76620.19388537295, -74136.14807467128, -75198.41973682125, -72197.57820452467, -71147.7053346492, -74812.45201099782, -74456.56049671436, -72659.28109040648, -74486.66162616416, -76447.90061786196, -75079.53868157283, -77044.22352340889, -74220.2711881848, -75391.27864988979, -75097.24434874397, -73171.29271580098, -74570.66438432704, -77612.6464855424, -75394.41694339481, -72624.74025027736, -74519.57157770189, -75591.31185806863, -73286.31214305, -73860.49822224921, -74667.78882772318, -74419.48786238844, -71546.63208769547, -71628.45899974495, -77745.96151737378, -73885.36722336014, -75027.35853912136, -71385.50314424119, -73307.47367736379, -75235.43218343823, -72661.3666140339, -73640.21918005322, -75164.75002967968, -76375.06074948187, -73871.52535647989, -73433.14080158489, -73473.553353625, -79436.22577344553, -71350.80323648345, -73932.7761929454, -70427.63470092669, -77088.03337664854, -72673.47531182558, -76031.08291502958, -76823.25616999941, -71068.86599251628, -73561.4304786531, -74641.25833538309, -73991.70629704707, -74497.0977219845, -75095.81212228726, -72896.79081049703, -74513.87657715744, -76370.1538303869, -70376.15146953354, -73896.88530485143, -73652.28244381466, -77880.46125920498, -75129.55364919589, -71837.32925413555, -72394.19639828677, -76160.92777772818, -72880.4878953684, -73098.57489178402, -74864.77697631172, -73999.54133090575, -73121.9531240068, -72859.43856190405, -73937.5295702411, -73684.17981502958, -70238.71998779605, -75266.89171380749, -73080.5806021318, -76931.88598195114, -76814.00534795148, -74284.63586816758, -73882.96771799207, -75864.91454336207, -77037.70489625311, -74942.07449574242, -71697.61173688206, -74188.61377402648, -75465.12550345046, -74840.04297559916, -73765.4447661812, -73800.18290510563, -74588.50246081428, -75495.60759257618, -73424.56940050198, -72729.49029539808, -74379.46583655007, -74927.44521954222, -75649.75128200863, -72227.70662764247, -72760.92944817273, -76316.7157901469, -75415.75854782523, -72873.6410308837, -74097.30520566876, -74103.28564257198, -74193.76538614152, -72722.75386827036, -76560.4867193489, -75718.24313224823, -72136.50421103922, -70234.47316639364, -72392.83678272892, -71027.34226083175, -75253.07223508942, -73088.13487249444, -75318.67807757099, -74947.23728520436, -78090.94509430825, -74451.01475065667, -72889.41822670051, -74454.13396812677, -74530.3688756734, -76743.7625427051, -75437.84670461062, -73158.79768621642, -72849.58551502852, -75020.58369967359, -76807.16134036978, -74657.21256543513, -70769.30777008511, -75322.54871808474, -72791.93604793069, -74021.98834201634, -72315.76401684765, -73837.09590109736, -75531.40227723814, -76008.63362143277, -73204.07858569069, -71549.68532820824, -73792.23809407339, -71277.81952797901, -73107.31898867432, -73842.66243250518, -76382.13463268815, -75531.64822672593, -78141.40586681968, -72882.2104973078, -75639.0762370516, -71194.91724701591, -72003.2977340439, -74816.70971853418, -75476.9708943957, -71366.15454125013, -75451.76670483683, -71900.60279655449, -75346.12320668981, -73512.26182173211, -74823.76951812861, -74807.79516054556, -74363.48949088933, -75931.81146863366, -76346.5466565301, -76230.21393529678, -73764.88655722661, -74465.11559787799, -72438.96655460566, -73387.83133058446, -72195.997978759, -73630.03182858803, -73974.8238289696, -74965.28627540343, -75921.99050471745, -74210.8471655202, -74863.9461157865, -75203.39382387565, -74405.59807016, -75723.60918784497, -76191.15768786902, -71633.51162723893, -74030.93101271927, -77624.91615897651, -72074.09816439815, -72233.35050864196, -74439.07375010323, -74974.90901688657, -72233.46237123193, -76438.18116800352, -76353.68310762948, -72635.8680090057, -75714.57755816166, -74974.76274694483, -73493.30972794109, -73963.63195581744, -74346.72489086127, -76738.15099198841, -74476.3277047969, -73349.86533246547, -74521.5865743177, -73367.18624970948, -74688.10906978122, -72434.53867934046, -73086.82111438153, -75268.76436568068, -76096.6273881929, -75072.32495902436, -75766.14673848596, -71986.13032744396, -75200.53525894106, -72574.15237655294, -73943.07740573771, -72286.60032231349, -70081.57192398445, -74195.98581742795, -78219.34574048188, -72231.20784393029, -73527.49413773273, -75157.86440586387, -75290.46627314966, -74662.01755277118, -75395.2286930282, -70924.54270912294, -75160.84127529185, -72105.56931732524, -74730.59183717858, -75819.66323847909, -74383.91468031194, -74320.30946634471, -72247.66342334857, -73964.73928271404, -75192.80823736903, -75527.43778794422, -72003.73399869667, -77105.07040039646, -73792.32753298123, -71997.74427296246, -70848.92768638769, -72210.73473626348, -75359.71132282897, -75913.41545725914, -74362.55431322787, -75427.11956860586, -73635.13449255214, -72526.99594818226, -74942.63536187257, -74586.45451604422, -75140.995125321, -73268.03537680843, -74435.40793409321, -75538.60908795989, -74358.97308568847, -76564.68109774825, -73154.62091103363, -75634.6258793684, -73656.51058353268, -74750.25787309954, -74302.19398437226, -73816.4619167093, -71652.28268762429, -76957.95830538026, -74678.11388251107, -72667.35106510534, -75666.68674344852, -74533.61707984109, -74431.88387068392, -73497.58410883538, -73040.50805280918, -74599.08288602375, -76188.97411869804, -72289.62808276163, -74712.05108691003, -75470.82999353108, -76065.40220342667, -71923.22334958168, -75129.89683100989, -72043.10520377535, -71329.24265408191, -73178.8931615579, -74241.93872375069, -74251.892088628, -72115.7533902736, -73780.70753638269, -77550.4194384542, -75786.12115017914, -77123.64302805158, -76860.15054354262, -71718.52884994561, -74371.62435077327, -76062.12600230062, -75465.80044781596, -72979.00956014324, -74013.91115683492, -71524.14447718764, -71832.33646889236, -75340.23615177527, -73137.69792527884, -74358.01231737598, -74837.63746581798, -71825.97513986935, -74281.19520227548, -74551.3661232922, -72161.01363773944, -72422.87561234654, -73764.27400254984, -78746.00690406257, -72476.25445224984, -71962.51579871117, -74501.89597957778, -74478.10412685668, -72071.20373525891, -75934.07134946946, -75107.41071475422, -74901.00995501118, -74255.22784077682, -77047.78313246567, -72366.05149145446, -72941.31813741235, -76440.3083306971, -74675.62793300112, -76840.53279472508, -72732.82723138467, -73773.53509228078, -76048.10284157413, -74657.7164604337, -74595.75590847286, -70412.15899839555, -72072.75488638865, -71682.77386584616, -72602.71431227964, -71986.6353887761, -74068.23041345453, -74604.17614159867, -72919.63854961265, -72647.88232038179, -75560.53265023176, -74633.91715407104, -72801.7309394425, -74322.3926433399, -72253.81113089088, -73915.00167617352, -72894.40685362605, -73843.58179937677, -74361.5915071243, -73929.49669382256, -73492.60040245211, -71631.24328631637, -75864.47230037667, -74950.58973079201, -74205.82238621183, -74450.35180072188, -77430.3516402967, -74817.89431447668, -72111.7204082367, -75362.08115637153, -73818.84036423315, -72047.11131492513, -74338.22028677924, -78077.47627160492, -76998.18729898562, -73706.91510498617, -74037.55263338279, -75954.3929938492, -72925.69647145318, -75886.76022333035, -74213.81493272509, -75609.15226291247, -74391.2329646202, -73139.11229633144, -75443.8818321803, -73990.93907527403, -76659.2533275075, -74664.86474107647, -75305.4424797942, -74465.03697642202, -74108.37038387259, -74675.39781674722, -75166.7534586371, -80453.72711374736, -73871.93916458843, -75162.3052268819, -76750.03722950559, -72074.67820745613, -75297.83115240428, -73809.92538943268, -72785.94694756992, -74681.96109305507, -74366.41206636782, -71680.54373750517, -70811.22174511681, -77191.38804604563, -72929.66571346771, -74323.82045742321, -73657.80829324362, -73750.79089984363, -73909.54392173089, -73338.96118309954, -74248.26429606073, -72098.76490877043, -74277.82703604634, -74553.9380962323, -74695.75757681785, -71641.27342947078, -75804.8560471956, -71375.2508228798, -73895.36694914734, -75563.12755066917, -73695.87939563302, -76327.1267375516, -73479.59901382537, -71453.81849660148, -74343.92967181832, -73368.49578865989, -72802.19821385414, -74619.50408317003, -70766.9862586617, -72797.68554576272, -74143.25527973889, -75159.5233539346, -74435.84152158766, -76580.1232688066, -73568.92683796624, -74369.02933535601, -75249.55111939808, -74795.53459578833, -76520.21134267494, -74597.99713216089, -72525.0617884515, -74103.6551933987, -75843.70045696662, -73040.61828673544, -75163.92398937262, -75785.33625571524, -73045.91976820007, -73850.84255090184, -72313.02196200735, -74147.73974565485, -73780.98463857305, -71688.5326329719, -75830.63017690436, -73188.74674657591, -72270.44499622709, -72194.42968695363, -71954.7022492675, -74332.90970387288, -76575.647319284, -71866.32555440695, -72041.08794646374, -73534.65496689381, -71784.84574335969, -71513.63760029402, -73361.0568381647, -75622.85046827569, -76385.54031703137, -75500.03632948811, -72006.09446344979, -75551.33214131014, -74061.50502067996, -75268.25528106601, -76362.11310160418, -72855.52762316163, -75895.58013859071, -75438.91133471584, -74551.75218076784, -75325.08131993422, -72866.40121355749, -73644.51984678718, -73839.62714566685, -73887.45019367793, -73800.73855294457, -72367.89005728337, -74287.34289541043, -72456.57035814934, -74947.6089907701, -74322.89695650055, -75936.06964247908, -75458.03567446132, -72252.99859310337, -72848.13712068928, -77095.99051580422, -75624.3097473513, -73486.67374749639, -73838.44149686345, -72420.19998559768, -77612.27389079807, -74526.02703980567, -72308.48698823772, -77289.94582299925, -72857.50273257485, -76902.35771380538, -74644.40887553789, -76416.3332012691, -76226.10631826076, -76231.1444115592, -73868.04585784122, -76051.39686905305, -73970.01332599278, -70719.07777632112, -73150.0654539594, -74632.50827154717, -72431.39271672054, -75439.29359585994, -73848.1615598273, -75438.26921152599, -72995.26973057764, -75115.00581146433, -75894.98323276044, -73835.1692879948, -71840.22624733268, -73544.93569593893, -73172.38784843418, -73413.7151044189, -74743.88633004334, -71813.87796821266, -72980.35132709939, -72385.24218104701, -74036.57444638928, -70543.46400667158, -75166.13386270757, -77424.58802569614, -78748.30831645688, -74336.26623166526, -74374.9705894432, -73544.31534233848, -74193.16918792497, -77156.87019227019, -71776.49098508271, -75388.41148185205, -76085.32383344434, -74721.61040019651, -73374.2331208959, -75268.28191793313, -77867.27018896093, -72761.3170790381, -68735.13387208951, -76401.69920785462, -73891.63434553113, -73528.76796000742, -74062.53898103468, -75208.36808987224, -72232.68763898822, -74315.95067670832, -76436.68384985258, -74507.26964601429, -74117.70997387209, -71273.4209587949, -71292.20050869936, -76364.06726696248, -74325.13952022383, -74138.51669052531, -71736.28362853076, -74683.17486203092, -75612.35041607355, -73647.21035931044, -76761.22209738793, -71872.66321768824, -75646.47291579314, -71978.88655359662, -76013.76370596043, -73161.75451731439, -71532.23086210548, -75639.35657348267, -74360.48456771277, -73015.62008309952, -77042.60918075495, -74720.89378636086, -71852.01853066389, -72735.78819760573, -69600.46507175248, -73372.07937408763, -75181.40956002806, -72725.42651275556, -72505.79630985031, -75869.70201029611, -72098.61230140616, -73884.90359164175, -71463.39471276666, -73965.50060345826, -74010.77855737627, -74419.80311521408, -73714.55891216201, -74459.56007531736, -74797.36692198023, -71854.87501504608, -74830.52716544081, -71003.9899664377, -76157.42922797294, -71870.99500001139, -72165.04028476289, -71589.18850462447, -75895.77318483745, -71155.09017784747, -75485.70775172349, -77531.58562566225, -72662.40134106693, -73307.47287471076, -73134.2875889654, -72914.80636032787]
Average Z : -68742.0416273685
Standard dev Z : 1708.966663647837
Total Time taken : 5992.098999999999 sec
