LiftedPTPParams [
inputFile=mln/webkb.dom.20.eclipse.mln.txt
evidenceFile=db/webkb.texas.5class.dom.20.evid.40.eclipse.txt
resultFile=results_04_06/webkb_20_40_true_approx_true_1000iter.out
queryString=PageClass_0_Course,LinkTo,PageClass_0_Person,PageClass_0_Faculty,PageClass_0_Student,PageClass_0_Department
isNormal=true
approximate=true
queryEvidence=false
numIter=1000
]
Time taken to create clauses in hyperCube form : 359 ms
Time taken to disjoint all hyperCubes : 1107 ms
Total number of clauses : 226
iteration no. : 0
iteration no. : 1
iteration no. : 2
iteration no. : 3
iteration no. : 4
iteration no. : 5
iteration no. : 6
iteration no. : 7
iteration no. : 8
iteration no. : 9
iteration no. : 10
iteration no. : 11
iteration no. : 12
iteration no. : 13
iteration no. : 14
iteration no. : 15
iteration no. : 16
iteration no. : 17
iteration no. : 18
iteration no. : 19
iteration no. : 20
iteration no. : 21
iteration no. : 22
iteration no. : 23
iteration no. : 24
iteration no. : 25
iteration no. : 26
iteration no. : 27
iteration no. : 28
iteration no. : 29
iteration no. : 30
iteration no. : 31
iteration no. : 32
iteration no. : 33
iteration no. : 34
iteration no. : 35
iteration no. : 36
iteration no. : 37
iteration no. : 38
iteration no. : 39
iteration no. : 40
iteration no. : 41
iteration no. : 42
iteration no. : 43
iteration no. : 44
iteration no. : 45
iteration no. : 46
iteration no. : 47
iteration no. : 48
iteration no. : 49
iteration no. : 50
iteration no. : 51
iteration no. : 52
iteration no. : 53
iteration no. : 54
iteration no. : 55
iteration no. : 56
iteration no. : 57
iteration no. : 58
iteration no. : 59
iteration no. : 60
iteration no. : 61
iteration no. : 62
iteration no. : 63
iteration no. : 64
iteration no. : 65
iteration no. : 66
iteration no. : 67
iteration no. : 68
iteration no. : 69
iteration no. : 70
iteration no. : 71
iteration no. : 72
iteration no. : 73
iteration no. : 74
iteration no. : 75
iteration no. : 76
iteration no. : 77
iteration no. : 78
iteration no. : 79
iteration no. : 80
iteration no. : 81
iteration no. : 82
iteration no. : 83
iteration no. : 84
iteration no. : 85
iteration no. : 86
iteration no. : 87
iteration no. : 88
iteration no. : 89
iteration no. : 90
iteration no. : 91
iteration no. : 92
iteration no. : 93
iteration no. : 94
iteration no. : 95
iteration no. : 96
iteration no. : 97
iteration no. : 98
iteration no. : 99
iteration no. : 100
iteration no. : 101
iteration no. : 102
iteration no. : 103
iteration no. : 104
iteration no. : 105
iteration no. : 106
iteration no. : 107
iteration no. : 108
iteration no. : 109
iteration no. : 110
iteration no. : 111
iteration no. : 112
iteration no. : 113
iteration no. : 114
iteration no. : 115
iteration no. : 116
iteration no. : 117
iteration no. : 118
iteration no. : 119
iteration no. : 120
iteration no. : 121
iteration no. : 122
iteration no. : 123
iteration no. : 124
iteration no. : 125
iteration no. : 126
iteration no. : 127
iteration no. : 128
iteration no. : 129
iteration no. : 130
iteration no. : 131
iteration no. : 132
iteration no. : 133
iteration no. : 134
iteration no. : 135
iteration no. : 136
iteration no. : 137
iteration no. : 138
iteration no. : 139
iteration no. : 140
iteration no. : 141
iteration no. : 142
iteration no. : 143
iteration no. : 144
iteration no. : 145
iteration no. : 146
iteration no. : 147
iteration no. : 148
iteration no. : 149
iteration no. : 150
iteration no. : 151
iteration no. : 152
iteration no. : 153
iteration no. : 154
iteration no. : 155
iteration no. : 156
iteration no. : 157
iteration no. : 158
iteration no. : 159
iteration no. : 160
iteration no. : 161
iteration no. : 162
iteration no. : 163
iteration no. : 164
iteration no. : 165
iteration no. : 166
iteration no. : 167
iteration no. : 168
iteration no. : 169
iteration no. : 170
iteration no. : 171
iteration no. : 172
iteration no. : 173
iteration no. : 174
iteration no. : 175
iteration no. : 176
iteration no. : 177
iteration no. : 178
iteration no. : 179
iteration no. : 180
iteration no. : 181
iteration no. : 182
iteration no. : 183
iteration no. : 184
iteration no. : 185
iteration no. : 186
iteration no. : 187
iteration no. : 188
iteration no. : 189
iteration no. : 190
iteration no. : 191
iteration no. : 192
iteration no. : 193
iteration no. : 194
iteration no. : 195
iteration no. : 196
iteration no. : 197
iteration no. : 198
iteration no. : 199
iteration no. : 200
iteration no. : 201
iteration no. : 202
iteration no. : 203
iteration no. : 204
iteration no. : 205
iteration no. : 206
iteration no. : 207
iteration no. : 208
iteration no. : 209
iteration no. : 210
iteration no. : 211
iteration no. : 212
iteration no. : 213
iteration no. : 214
iteration no. : 215
iteration no. : 216
iteration no. : 217
iteration no. : 218
iteration no. : 219
iteration no. : 220
iteration no. : 221
iteration no. : 222
iteration no. : 223
iteration no. : 224
iteration no. : 225
iteration no. : 226
iteration no. : 227
iteration no. : 228
iteration no. : 229
iteration no. : 230
iteration no. : 231
iteration no. : 232
iteration no. : 233
iteration no. : 234
iteration no. : 235
iteration no. : 236
iteration no. : 237
iteration no. : 238
iteration no. : 239
iteration no. : 240
iteration no. : 241
iteration no. : 242
iteration no. : 243
iteration no. : 244
iteration no. : 245
iteration no. : 246
iteration no. : 247
iteration no. : 248
iteration no. : 249
iteration no. : 250
iteration no. : 251
iteration no. : 252
iteration no. : 253
iteration no. : 254
iteration no. : 255
iteration no. : 256
iteration no. : 257
iteration no. : 258
iteration no. : 259
iteration no. : 260
iteration no. : 261
iteration no. : 262
iteration no. : 263
iteration no. : 264
iteration no. : 265
iteration no. : 266
iteration no. : 267
iteration no. : 268
iteration no. : 269
iteration no. : 270
iteration no. : 271
iteration no. : 272
iteration no. : 273
iteration no. : 274
iteration no. : 275
iteration no. : 276
iteration no. : 277
iteration no. : 278
iteration no. : 279
iteration no. : 280
iteration no. : 281
iteration no. : 282
iteration no. : 283
iteration no. : 284
iteration no. : 285
iteration no. : 286
iteration no. : 287
iteration no. : 288
iteration no. : 289
iteration no. : 290
iteration no. : 291
iteration no. : 292
iteration no. : 293
iteration no. : 294
iteration no. : 295
iteration no. : 296
iteration no. : 297
iteration no. : 298
iteration no. : 299
iteration no. : 300
iteration no. : 301
iteration no. : 302
iteration no. : 303
iteration no. : 304
iteration no. : 305
iteration no. : 306
iteration no. : 307
iteration no. : 308
iteration no. : 309
iteration no. : 310
iteration no. : 311
iteration no. : 312
iteration no. : 313
iteration no. : 314
iteration no. : 315
iteration no. : 316
iteration no. : 317
iteration no. : 318
iteration no. : 319
iteration no. : 320
iteration no. : 321
iteration no. : 322
iteration no. : 323
iteration no. : 324
iteration no. : 325
iteration no. : 326
iteration no. : 327
iteration no. : 328
iteration no. : 329
iteration no. : 330
iteration no. : 331
iteration no. : 332
iteration no. : 333
iteration no. : 334
iteration no. : 335
iteration no. : 336
iteration no. : 337
iteration no. : 338
iteration no. : 339
iteration no. : 340
iteration no. : 341
iteration no. : 342
iteration no. : 343
iteration no. : 344
iteration no. : 345
iteration no. : 346
iteration no. : 347
iteration no. : 348
iteration no. : 349
iteration no. : 350
iteration no. : 351
iteration no. : 352
iteration no. : 353
iteration no. : 354
iteration no. : 355
iteration no. : 356
iteration no. : 357
iteration no. : 358
iteration no. : 359
iteration no. : 360
iteration no. : 361
iteration no. : 362
iteration no. : 363
iteration no. : 364
iteration no. : 365
iteration no. : 366
iteration no. : 367
iteration no. : 368
iteration no. : 369
iteration no. : 370
iteration no. : 371
iteration no. : 372
iteration no. : 373
iteration no. : 374
iteration no. : 375
iteration no. : 376
iteration no. : 377
iteration no. : 378
iteration no. : 379
iteration no. : 380
iteration no. : 381
iteration no. : 382
iteration no. : 383
iteration no. : 384
iteration no. : 385
iteration no. : 386
iteration no. : 387
iteration no. : 388
iteration no. : 389
iteration no. : 390
iteration no. : 391
iteration no. : 392
iteration no. : 393
iteration no. : 394
iteration no. : 395
iteration no. : 396
iteration no. : 397
iteration no. : 398
iteration no. : 399
iteration no. : 400
iteration no. : 401
iteration no. : 402
iteration no. : 403
iteration no. : 404
iteration no. : 405
iteration no. : 406
iteration no. : 407
iteration no. : 408
iteration no. : 409
iteration no. : 410
iteration no. : 411
iteration no. : 412
iteration no. : 413
iteration no. : 414
iteration no. : 415
iteration no. : 416
iteration no. : 417
iteration no. : 418
iteration no. : 419
iteration no. : 420
iteration no. : 421
iteration no. : 422
iteration no. : 423
iteration no. : 424
iteration no. : 425
iteration no. : 426
iteration no. : 427
iteration no. : 428
iteration no. : 429
iteration no. : 430
iteration no. : 431
iteration no. : 432
iteration no. : 433
iteration no. : 434
iteration no. : 435
iteration no. : 436
iteration no. : 437
iteration no. : 438
iteration no. : 439
iteration no. : 440
iteration no. : 441
iteration no. : 442
iteration no. : 443
iteration no. : 444
iteration no. : 445
iteration no. : 446
iteration no. : 447
iteration no. : 448
iteration no. : 449
iteration no. : 450
iteration no. : 451
iteration no. : 452
iteration no. : 453
iteration no. : 454
iteration no. : 455
iteration no. : 456
iteration no. : 457
iteration no. : 458
iteration no. : 459
iteration no. : 460
iteration no. : 461
iteration no. : 462
iteration no. : 463
iteration no. : 464
iteration no. : 465
iteration no. : 466
iteration no. : 467
iteration no. : 468
iteration no. : 469
iteration no. : 470
iteration no. : 471
iteration no. : 472
iteration no. : 473
iteration no. : 474
iteration no. : 475
iteration no. : 476
iteration no. : 477
iteration no. : 478
iteration no. : 479
iteration no. : 480
iteration no. : 481
iteration no. : 482
iteration no. : 483
iteration no. : 484
iteration no. : 485
iteration no. : 486
iteration no. : 487
iteration no. : 488
iteration no. : 489
iteration no. : 490
iteration no. : 491
iteration no. : 492
iteration no. : 493
iteration no. : 494
iteration no. : 495
iteration no. : 496
iteration no. : 497
iteration no. : 498
iteration no. : 499
iteration no. : 500
iteration no. : 501
iteration no. : 502
iteration no. : 503
iteration no. : 504
iteration no. : 505
iteration no. : 506
iteration no. : 507
iteration no. : 508
iteration no. : 509
iteration no. : 510
iteration no. : 511
iteration no. : 512
iteration no. : 513
iteration no. : 514
iteration no. : 515
iteration no. : 516
iteration no. : 517
iteration no. : 518
iteration no. : 519
iteration no. : 520
iteration no. : 521
iteration no. : 522
iteration no. : 523
iteration no. : 524
iteration no. : 525
iteration no. : 526
iteration no. : 527
iteration no. : 528
iteration no. : 529
iteration no. : 530
iteration no. : 531
iteration no. : 532
iteration no. : 533
iteration no. : 534
iteration no. : 535
iteration no. : 536
iteration no. : 537
iteration no. : 538
iteration no. : 539
iteration no. : 540
iteration no. : 541
iteration no. : 542
iteration no. : 543
iteration no. : 544
iteration no. : 545
iteration no. : 546
iteration no. : 547
iteration no. : 548
iteration no. : 549
iteration no. : 550
iteration no. : 551
iteration no. : 552
iteration no. : 553
iteration no. : 554
iteration no. : 555
iteration no. : 556
iteration no. : 557
iteration no. : 558
iteration no. : 559
iteration no. : 560
iteration no. : 561
iteration no. : 562
iteration no. : 563
iteration no. : 564
iteration no. : 565
iteration no. : 566
iteration no. : 567
iteration no. : 568
iteration no. : 569
iteration no. : 570
iteration no. : 571
iteration no. : 572
iteration no. : 573
iteration no. : 574
iteration no. : 575
iteration no. : 576
iteration no. : 577
iteration no. : 578
iteration no. : 579
iteration no. : 580
iteration no. : 581
iteration no. : 582
iteration no. : 583
iteration no. : 584
iteration no. : 585
iteration no. : 586
iteration no. : 587
iteration no. : 588
iteration no. : 589
iteration no. : 590
iteration no. : 591
iteration no. : 592
iteration no. : 593
iteration no. : 594
iteration no. : 595
iteration no. : 596
iteration no. : 597
iteration no. : 598
iteration no. : 599
iteration no. : 600
iteration no. : 601
iteration no. : 602
iteration no. : 603
iteration no. : 604
iteration no. : 605
iteration no. : 606
iteration no. : 607
iteration no. : 608
iteration no. : 609
iteration no. : 610
iteration no. : 611
iteration no. : 612
iteration no. : 613
iteration no. : 614
iteration no. : 615
iteration no. : 616
iteration no. : 617
iteration no. : 618
iteration no. : 619
iteration no. : 620
iteration no. : 621
iteration no. : 622
iteration no. : 623
iteration no. : 624
iteration no. : 625
iteration no. : 626
iteration no. : 627
iteration no. : 628
iteration no. : 629
iteration no. : 630
iteration no. : 631
iteration no. : 632
iteration no. : 633
iteration no. : 634
iteration no. : 635
iteration no. : 636
iteration no. : 637
iteration no. : 638
iteration no. : 639
iteration no. : 640
iteration no. : 641
iteration no. : 642
iteration no. : 643
iteration no. : 644
iteration no. : 645
iteration no. : 646
iteration no. : 647
iteration no. : 648
iteration no. : 649
iteration no. : 650
iteration no. : 651
iteration no. : 652
iteration no. : 653
iteration no. : 654
iteration no. : 655
iteration no. : 656
iteration no. : 657
iteration no. : 658
iteration no. : 659
iteration no. : 660
iteration no. : 661
iteration no. : 662
iteration no. : 663
iteration no. : 664
iteration no. : 665
iteration no. : 666
iteration no. : 667
iteration no. : 668
iteration no. : 669
iteration no. : 670
iteration no. : 671
iteration no. : 672
iteration no. : 673
iteration no. : 674
iteration no. : 675
iteration no. : 676
iteration no. : 677
iteration no. : 678
iteration no. : 679
iteration no. : 680
iteration no. : 681
iteration no. : 682
iteration no. : 683
iteration no. : 684
iteration no. : 685
iteration no. : 686
iteration no. : 687
iteration no. : 688
iteration no. : 689
iteration no. : 690
iteration no. : 691
iteration no. : 692
iteration no. : 693
iteration no. : 694
iteration no. : 695
iteration no. : 696
iteration no. : 697
iteration no. : 698
iteration no. : 699
iteration no. : 700
iteration no. : 701
iteration no. : 702
iteration no. : 703
iteration no. : 704
iteration no. : 705
iteration no. : 706
iteration no. : 707
iteration no. : 708
iteration no. : 709
iteration no. : 710
iteration no. : 711
iteration no. : 712
iteration no. : 713
iteration no. : 714
iteration no. : 715
iteration no. : 716
iteration no. : 717
iteration no. : 718
iteration no. : 719
iteration no. : 720
iteration no. : 721
iteration no. : 722
iteration no. : 723
iteration no. : 724
iteration no. : 725
iteration no. : 726
iteration no. : 727
iteration no. : 728
iteration no. : 729
iteration no. : 730
iteration no. : 731
iteration no. : 732
iteration no. : 733
iteration no. : 734
iteration no. : 735
iteration no. : 736
iteration no. : 737
iteration no. : 738
iteration no. : 739
iteration no. : 740
iteration no. : 741
iteration no. : 742
iteration no. : 743
iteration no. : 744
iteration no. : 745
iteration no. : 746
iteration no. : 747
iteration no. : 748
iteration no. : 749
iteration no. : 750
iteration no. : 751
iteration no. : 752
iteration no. : 753
iteration no. : 754
iteration no. : 755
iteration no. : 756
iteration no. : 757
iteration no. : 758
iteration no. : 759
iteration no. : 760
iteration no. : 761
iteration no. : 762
iteration no. : 763
iteration no. : 764
iteration no. : 765
iteration no. : 766
iteration no. : 767
iteration no. : 768
iteration no. : 769
iteration no. : 770
iteration no. : 771
iteration no. : 772
iteration no. : 773
iteration no. : 774
iteration no. : 775
iteration no. : 776
iteration no. : 777
iteration no. : 778
iteration no. : 779
iteration no. : 780
iteration no. : 781
iteration no. : 782
iteration no. : 783
iteration no. : 784
iteration no. : 785
iteration no. : 786
iteration no. : 787
iteration no. : 788
iteration no. : 789
iteration no. : 790
iteration no. : 791
iteration no. : 792
iteration no. : 793
iteration no. : 794
iteration no. : 795
iteration no. : 796
iteration no. : 797
iteration no. : 798
iteration no. : 799
iteration no. : 800
iteration no. : 801
iteration no. : 802
iteration no. : 803
iteration no. : 804
iteration no. : 805
iteration no. : 806
iteration no. : 807
iteration no. : 808
iteration no. : 809
iteration no. : 810
iteration no. : 811
iteration no. : 812
iteration no. : 813
iteration no. : 814
iteration no. : 815
iteration no. : 816
iteration no. : 817
iteration no. : 818
iteration no. : 819
iteration no. : 820
iteration no. : 821
iteration no. : 822
iteration no. : 823
iteration no. : 824
iteration no. : 825
iteration no. : 826
iteration no. : 827
iteration no. : 828
iteration no. : 829
iteration no. : 830
iteration no. : 831
iteration no. : 832
iteration no. : 833
iteration no. : 834
iteration no. : 835
iteration no. : 836
iteration no. : 837
iteration no. : 838
iteration no. : 839
iteration no. : 840
iteration no. : 841
iteration no. : 842
iteration no. : 843
iteration no. : 844
iteration no. : 845
iteration no. : 846
iteration no. : 847
iteration no. : 848
iteration no. : 849
iteration no. : 850
iteration no. : 851
iteration no. : 852
iteration no. : 853
iteration no. : 854
iteration no. : 855
iteration no. : 856
iteration no. : 857
iteration no. : 858
iteration no. : 859
iteration no. : 860
iteration no. : 861
iteration no. : 862
iteration no. : 863
iteration no. : 864
iteration no. : 865
iteration no. : 866
iteration no. : 867
iteration no. : 868
iteration no. : 869
iteration no. : 870
iteration no. : 871
iteration no. : 872
iteration no. : 873
iteration no. : 874
iteration no. : 875
iteration no. : 876
iteration no. : 877
iteration no. : 878
iteration no. : 879
iteration no. : 880
iteration no. : 881
iteration no. : 882
iteration no. : 883
iteration no. : 884
iteration no. : 885
iteration no. : 886
iteration no. : 887
iteration no. : 888
iteration no. : 889
iteration no. : 890
iteration no. : 891
iteration no. : 892
iteration no. : 893
iteration no. : 894
iteration no. : 895
iteration no. : 896
iteration no. : 897
iteration no. : 898
iteration no. : 899
iteration no. : 900
iteration no. : 901
iteration no. : 902
iteration no. : 903
iteration no. : 904
iteration no. : 905
iteration no. : 906
iteration no. : 907
iteration no. : 908
iteration no. : 909
iteration no. : 910
iteration no. : 911
iteration no. : 912
iteration no. : 913
iteration no. : 914
iteration no. : 915
iteration no. : 916
iteration no. : 917
iteration no. : 918
iteration no. : 919
iteration no. : 920
iteration no. : 921
iteration no. : 922
iteration no. : 923
iteration no. : 924
iteration no. : 925
iteration no. : 926
iteration no. : 927
iteration no. : 928
iteration no. : 929
iteration no. : 930
iteration no. : 931
iteration no. : 932
iteration no. : 933
iteration no. : 934
iteration no. : 935
iteration no. : 936
iteration no. : 937
iteration no. : 938
iteration no. : 939
iteration no. : 940
iteration no. : 941
iteration no. : 942
iteration no. : 943
iteration no. : 944
iteration no. : 945
iteration no. : 946
iteration no. : 947
iteration no. : 948
iteration no. : 949
iteration no. : 950
iteration no. : 951
iteration no. : 952
iteration no. : 953
iteration no. : 954
iteration no. : 955
iteration no. : 956
iteration no. : 957
iteration no. : 958
iteration no. : 959
iteration no. : 960
iteration no. : 961
iteration no. : 962
iteration no. : 963
iteration no. : 964
iteration no. : 965
iteration no. : 966
iteration no. : 967
iteration no. : 968
iteration no. : 969
iteration no. : 970
iteration no. : 971
iteration no. : 972
iteration no. : 973
iteration no. : 974
iteration no. : 975
iteration no. : 976
iteration no. : 977
iteration no. : 978
iteration no. : 979
iteration no. : 980
iteration no. : 981
iteration no. : 982
iteration no. : 983
iteration no. : 984
iteration no. : 985
iteration no. : 986
iteration no. : 987
iteration no. : 988
iteration no. : 989
iteration no. : 990
iteration no. : 991
iteration no. : 992
iteration no. : 993
iteration no. : 994
iteration no. : 995
iteration no. : 996
iteration no. : 997
iteration no. : 998
iteration no. : 999
Time taken for 1000 iterations : 900.522 sec
zArray : [-7559.759145131043, -8033.38563120732, -8326.700838793293, -8267.587485122991, -8109.985826811202, -8237.107323719505, -8515.0206767682, -8535.07132117123, -8341.167449474597, -7520.729815231363, -8233.559018602806, -8725.407336943343, -8469.43140725957, -8259.832801391369, -8548.960260100655, -8400.225658691299, -8613.95585269983, -8767.632730627301, -8759.56311660561, -8341.098597015103, -7923.811045215022, -7722.962413058934, -8596.509472426633, -8514.954209235597, -8008.3538737159815, -7383.068334391846, -8286.411482681233, -7812.163849412029, -8523.001169180514, -8356.121768896246, -7585.907268183833, -8181.707230675867, -8213.163860954422, -8294.839255712846, -8530.849477500267, -8028.719313970159, -8211.420137961406, -8424.780096061571, -7992.684006862586, -8455.393544221057, -7876.548352231494, -7755.346979802501, -7966.337567716024, -8332.823981509848, -7901.427024321621, -7774.927207832704, -8374.326023683436, -8578.164706672309, -8066.512623061558, -8265.701544273235, -7855.879262769345, -8079.537186225256, -8062.5844085222725, -8035.2377777291085, -8979.992088109844, -8608.429223672145, -7987.090774420604, -8171.846956416812, -8202.700932701411, -7984.6614113221, -8151.352924429739, -7945.331585668758, -8216.82072155495, -8512.072240310768, -8300.549004065038, -8054.725209468605, -8453.666220361958, -7750.880056389224, -7907.392444403358, -8409.213506852677, -8786.531695117774, -8161.051860185738, -8065.579968361269, -7873.018732586457, -7722.380473870232, -8129.0877607331095, -8350.998450880332, -8649.47076202235, -8209.82946528049, -8345.829118864976, -8346.948766790816, -8833.983467161368, -8168.660676527044, -8474.333359625149, -7807.030161408108, -8065.822594718651, -8192.62918437262, -8841.291944318105, -7696.521289050425, -8194.636004215006, -8034.436877425445, -8397.712597497826, -8076.476567944689, -8602.092032420096, -8313.107297014894, -8282.69244620645, -8516.244258147497, -8430.419239042792, -8425.831188273509, -7922.317966507407, -8297.527692673711, -8587.830284869373, -8482.186740151392, -8306.022872959371, -8357.056997652233, -8411.898473604888, -8170.000813315179, -8845.30537627268, -8426.86473573692, -8076.999700190054, -8990.887451551107, -8587.577016109404, -8557.035585532967, -8559.386229368063, -8443.868950867933, -8654.98043625263, -8073.664096538128, -8392.302430958356, -8175.315544149022, -8514.073668719138, -7732.751719078783, -8426.692212940428, -8136.451413660776, -8302.576212276905, -8049.589218534136, -8373.401400557574, -8183.951762272598, -9034.081058992639, -8055.827084631619, -7950.770123210153, -8196.001823834962, -8009.342655615639, -8498.99049948078, -8333.172005409524, -8383.156608506792, -8085.5816144741, -8195.739108322652, -8736.204976451032, -8087.69652411911, -7904.958434918196, -7712.131177361532, -8056.429107671844, -7615.68979250133, -8416.253646077397, -8224.817377263082, -8319.189343743918, -8624.902474851226, -8125.851068243872, -8081.949393432455, -7926.042135348899, -8302.352658216027, -8617.05028503946, -7915.6389015002405, -8039.331931670371, -8288.608263262224, -7786.663701901726, -8187.822045236808, -8317.895849757017, -7973.231614049406, -8093.564845526971, -8165.302926537308, -8056.598774267926, -8408.530655846065, -8153.787881384336, -8822.148066899237, -8383.429312913082, -8357.91026715714, -8436.670832448157, -8363.339351682585, -8474.822188498316, -8125.416014654251, -7699.699359485329, -8090.23772697883, -8398.266965080284, -8081.412321692489, -7785.806773602541, -8190.968325091464, -8172.2604289650935, -8244.235096748389, -8426.402579786, -7904.914746333123, -8125.619318264335, -8238.313591357535, -7501.737548077123, -8086.867109176121, -7532.964382637024, -8161.814924487773, -8159.706219747475, -7979.964432696266, -8360.821113932956, -8291.279361284003, -8886.443483829924, -8343.334617813056, -7739.259903551756, -8253.902700118826, -7658.240810283639, -8155.735377173714, -7811.527199911495, -8344.823600298703, -7570.478021767365, -7859.724561072631, -8261.631538978532, -8081.631134830081, -7835.141544039298, -8526.169477166315, -7514.1377873280735, -7761.074195312623, -8639.442804161172, -7792.115071549443, -7955.689218187026, -8042.99623481059, -7891.879810298392, -8176.969073054484, -8316.843276976615, -7640.325582743214, -7730.1047108983275, -8092.63606172294, -8044.17081831747, -7929.4323822610595, -7328.788618432474, -8586.039201946654, -8042.118623554337, -8004.360770479618, -8037.228515338268, -8189.09494311661, -8254.429807165525, -7606.8485089746955, -8197.704742867405, -7632.221917000099, -8632.086808111755, -8052.650318495478, -8213.201598878451, -8318.251522756385, -8328.146484905097, -8157.449192740045, -8012.985351565131, -7816.6514612215105, -8146.949657419449, -8719.754357768203, -8277.40573738989, -8171.447999124277, -8566.034691686007, -8223.392591378057, -7931.638792562524, -7952.180171796453, -8175.71624222673, -7794.616750243764, -8240.845608158777, -8243.07466568936, -8071.421490026072, -8530.766248147887, -7153.238961713097, -8150.113717874528, -8057.720935939754, -8974.106503146226, -8381.623585736055, -9221.901980479823, -8380.70996277919, -8582.7082004304, -8181.162450784186, -8342.648251468341, -7854.884269616573, -7780.293904985289, -8044.975173175493, -8231.446376583352, -8305.903203862927, -7629.18501883767, -7902.564172876482, -8312.413066357798, -8051.990889220948, -8667.035196369396, -8042.3537193513075, -7894.756445208804, -8139.288808829066, -8208.355938054965, -8247.151457477285, -7950.359787513835, -7440.237109583, -8487.2212135982, -8861.92843724998, -8425.904646219204, -8342.54829219994, -7858.674016550913, -8498.031061626507, -8133.906092257013, -8338.162975961866, -8394.289301379451, -7739.696523878181, -8329.507327740677, -8893.167945371071, -8222.107423743217, -8333.047057013964, -8095.359769386183, -8384.81744348576, -8366.094057592669, -7987.228644245396, -7998.184978483492, -8114.047093142286, -8504.158786807007, -8269.62600335793, -8514.124611814424, -7900.4089643324905, -7764.27209574492, -8440.317971437735, -7912.689170994899, -8302.518795192702, -7923.471489140076, -7921.234601666986, -7879.80594037378, -8397.822607170247, -8444.755268704452, -8200.161678963523, -7873.4703218626655, -7928.704025347187, -8065.138232433906, -8324.258074758744, -8476.56543386885, -8188.328814553854, -8239.330566563016, -8285.968802513935, -7968.467477048231, -8963.043807620985, -8219.35858447025, -8703.009934754708, -8521.794090092677, -8429.007191378538, -8566.90009702529, -8000.100979981321, -8174.341413807479, -7821.832170144655, -7797.670882949848, -8225.824938459928, -7395.721572251625, -7710.4177473594345, -8072.806046307573, -8507.452371461151, -8316.843936591156, -7840.730818813735, -8517.9661503356, -7718.17000251715, -8362.9506560099, -8549.02009435717, -7866.774814678146, -7928.20801347444, -7925.8776429107875, -8090.115577493541, -7888.3048433517715, -8574.529874191581, -8394.795110575307, -8028.294441820306, -8355.978298568329, -8142.7064940394885, -8812.755925735217, -7962.869270273567, -8333.48083660602, -7871.216213391613, -7843.985046817469, -8035.736710580091, -8098.845485188913, -8583.47924586662, -8421.985472516093, -8282.597395498875, -7967.974694787435, -8502.003538485662, -7955.33099580702, -7995.695740380252, -7638.071457878471, -7908.986792335083, -7824.572820323598, -7739.455371071124, -8026.325812673477, -8102.985855805522, -8686.181498061744, -8593.517074989808, -8386.4442410988, -8312.700671348332, -7627.527989130804, -8419.678452762144, -8937.171521637842, -8423.51562445339, -7880.468307593143, -8438.266916191806, -8449.224354999042, -7981.9151746132275, -8573.330512712928, -8420.413373662479, -7770.916349019695, -8251.572954610936, -7982.970539569052, -8280.547160740152, -8546.214896745883, -8029.932441739351, -8689.033442398395, -8477.204963747074, -7717.267779438821, -8014.456631063251, -7952.019355602905, -7523.378742629242, -8302.632299306957, -7845.387019680705, -7920.907144009989, -8162.055550025592, -8074.670917676194, -8242.792363512834, -8199.140835014743, -8163.755906770941, -8393.827578560104, -8511.089271735422, -8390.612302705247, -8827.863736961472, -8521.13266842572, -8958.44058298828, -8733.168690803037, -7952.17062370207, -8106.82597722733, -8270.395921338108, -8590.542319039536, -7996.399722508949, -8755.949241791488, -8269.429231256363, -8505.352782752236, -8654.476591164354, -8541.427175395631, -7914.346296806642, -8489.507270600647, -8199.52309279567, -8277.360733287935, -8191.886892415694, -8919.493660897828, -8370.915138167311, -8639.76389248727, -8426.495808788808, -7972.949370912499, -8613.846926096798, -8516.901619863098, -7879.274750326748, -8088.718906155291, -7851.980880809169, -8313.378220314858, -8602.89941640147, -8149.377837943568, -8175.033031388066, -7777.553889002047, -8595.21867064272, -8054.649905773521, -8580.977610063002, -7860.868470384609, -8444.25528583363, -7897.421502438405, -8202.086432457087, -8648.800927202105, -7677.1679865072065, -7769.874478960605, -7991.439192137929, -7544.327986982458, -8260.797985852032, -7911.316876586049, -8004.232907784136, -8001.896564833395, -7245.676255108593, -8038.466004775451, -8087.991120706807, -8062.755469588356, -7673.679034603621, -7617.788786284243, -8099.122675456008, -7833.210802076648, -8104.8606125079095, -8321.879563814682, -8444.083612026174, -7783.794815348754, -8279.958098873029, -8122.317414629186, -8221.050477752196, -8372.620921112062, -8127.87902455224, -7704.751240994172, -7687.032823313798, -8830.757471811747, -8163.51591108787, -8263.919053441727, -8231.580328329474, -8018.165602667814, -7961.573242781336, -8104.659736255555, -8134.071287254941, -8301.387500001492, -8216.904672690514, -8462.651400555813, -8263.536271600165, -8102.600716397501, -7941.162189515532, -8245.983055037661, -8404.332167165132, -8322.296392563094, -8357.951728150958, -8159.329790729953, -8020.295424603523, -8689.676800547446, -8315.362689339509, -7978.117358561486, -8014.176897292304, -7922.063789500433, -8425.861532417483, -7812.092914006616, -8411.72057979839, -7957.870965043422, -8152.395757501152, -8075.610936322641, -8200.715371226115, -8558.61579665878, -8563.570880723066, -8349.587767105018, -8434.385357371306, -8149.039659070042, -8111.080533903623, -8292.31586412475, -8159.868733658586, -7901.618840121124, -7942.949931278561, -8341.176944048597, -8090.966972610318, -7563.108285421758, -8250.135698529235, -7557.164415118436, -7855.45575771322, -8631.527173583103, -8069.359947202942, -8001.831058573358, -8211.959757187044, -8378.382621266435, -8207.212831921373, -7806.453852232881, -8172.944838248013, -8116.026655595642, -7914.256917261144, -8659.569676524177, -8098.461628548697, -8875.764908051437, -7937.790208901118, -8028.5475231095215, -8045.474318980003, -8283.762347519158, -7945.240940725489, -7814.547759738699, -8328.096275260606, -8144.009719950756, -7962.417859747231, -8211.917303859684, -7642.173133718759, -7971.23015698699, -7991.563854167703, -8054.18643246677, -7669.680098170688, -8237.020510901695, -7431.682193049756, -8064.8000740380685, -7448.169833165218, -8034.668812537357, -8236.921666985323, -8332.34113548365, -7837.577442510401, -8570.920884722294, -8025.5128249631025, -8184.710467729077, -8624.733740543908, -8487.2134304876, -7829.977748079586, -8260.87141653842, -8820.610076937734, -8073.922446799223, -7631.689326852874, -7955.353971371524, -8378.275204071328, -8728.274707000632, -7846.933602316018, -8874.716022409295, -8306.539855023735, -8173.563317196, -8925.779587488416, -8151.528387106906, -8086.918016579893, -7729.8661232306595, -8169.057573490183, -8333.418842608822, -7829.338660945846, -8025.41340477698, -8048.331422396582, -7769.734768974454, -7993.032495384313, -7587.909947832204, -8078.659384631856, -8778.26784659058, -8266.424428671336, -8161.123400015531, -8122.998964869279, -7869.819493535154, -7618.561934999668, -8281.897304366757, -7660.424730953943, -8258.116088069102, -8402.832140834977, -8543.924058245564, -7410.6765416327435, -7829.202715018654, -7932.428710109231, -8143.6254993919865, -8625.394245347528, -7608.598627305311, -8543.403919757988, -7811.4101857643145, -7658.558875115961, -8235.775778595133, -7572.495410396776, -7971.214782357368, -8412.878526706547, -8368.934509736278, -8578.199901816888, -8161.771255684469, -8268.463114421356, -7969.208990022582, -7593.503138669726, -8582.557382649027, -8497.429403464355, -8191.062194750482, -8230.219091888552, -8213.970212417713, -8392.546459288693, -7976.299533455635, -8476.448608191462, -8130.991789911224, -8313.36333010232, -7933.433145893127, -7968.484347165774, -8332.639313733152, -8348.16848693824, -7672.587510298812, -8184.362942980353, -8417.391095572037, -7850.605224562316, -8306.98031296026, -7871.727237578223, -8497.564854303897, -8109.894109805122, -7852.667673292756, -8422.072607553346, -7987.321934070443, -8028.902422703475, -8969.506340248276, -8666.937515121983, -8137.174171196464, -8078.416751095137, -8103.533679343978, -7811.431816048173, -8371.428773511963, -8240.471822503167, -8395.830265439194, -8476.265932104508, -8461.59797542159, -8020.038190544348, -7978.596236917329, -8144.495270842193, -7846.230879168646, -8556.17772319476, -8012.549814451669, -8517.777156613634, -7579.489218156656, -7415.116980169465, -8551.95149253253, -7572.668408893926, -8333.87325079354, -8339.053581923961, -9141.483425784101, -7821.165527231731, -8082.334128726585, -8300.735543674224, -8379.494198782806, -7563.939806432305, -7698.144316224021, -7909.82157620357, -7991.994564505732, -8404.77866294839, -8033.888663721993, -8416.295318183427, -8046.766234520285, -8202.183381855433, -8524.086953510583, -8242.137873369307, -8244.679340998084, -7925.979411196454, -8703.008740624537, -7758.135219624362, -8047.825619259994, -8513.181378098743, -8407.456617437108, -8129.433783732078, -8205.277789911457, -8086.5489399646885, -8432.090527758863, -8549.870654025477, -8254.600753450386, -8215.7611171918, -8211.567452981311, -8564.711211357208, -8446.757653897374, -8137.982438672918, -7774.582169884706, -8449.056610778352, -7644.601072966874, -7961.816946707396, -8418.948374908074, -7896.744841836234, -8533.25614318357, -9024.17847855706, -7915.768433679507, -8324.225186499883, -8085.016496146283, -8263.254594169906, -7543.1202719896955, -8197.437037870937, -8124.974266366136, -8177.035627460655, -7950.840236659249, -7848.694639835479, -8801.64182679469, -8289.799790126897, -8337.547007129528, -8827.676727347482, -8252.576981660619, -8096.875670136307, -7816.237178073642, -8425.277515834747, -7816.170419045356, -8575.597191125002, -7539.502619482897, -7973.2286071815015, -8065.067857631756, -8670.87945810752, -8365.385925624572, -7823.589386029297, -8058.32506653895, -7420.672070858055, -8023.389727495923, -7842.465355758766, -8665.817415221878, -8745.043866887028, -7869.7187931002745, -8191.170461860767, -8401.457788766053, -8317.562950001604, -8645.701802707588, -8174.091286942479, -8135.509247139924, -7763.369251343281, -7815.613621260849, -8322.08438742131, -8256.070102530233, -8536.086746105178, -8815.713407963764, -7632.560495814034, -8405.80788598597, -8389.278729829548, -8203.336172553845, -8402.690394056552, -7732.15283979438, -8314.659348674613, -7858.679149033566, -8315.425116124328, -7876.373989177112, -8451.630533208721, -8772.196197109653, -8284.625330282266, -8134.327170923629, -8306.00061826667, -8305.52055103006, -7807.477146257167, -8861.765320928396, -7776.250445745916, -8180.324353555356, -8184.716876158516, -8298.559349348467, -7720.074735614096, -7846.16546486871, -8186.202391003841, -7946.53156742968, -7770.079484311051, -8242.834616236672, -8177.682237931816, -7797.566201305326, -7960.529475789825, -7279.52877467726, -7642.927637870165, -8375.729945995774, -8134.4924259760155, -8310.842284086219, -8364.70967816654, -8360.71260337936, -7637.2377478634935, -8155.615291899485, -8745.391657525559, -7629.655971952531, -8168.230346919074, -8234.774271163698, -7920.226437632077, -8795.637224372134, -8048.177192538657, -8244.91093142717, -8571.86317023357, -8182.870728268044, -8417.269130247847, -7377.943823266582, -8064.600427485271, -8179.550485118341, -8492.480439657777, -8725.781470544556, -8680.225484278011, -8569.135420481593, -7853.154937089501, -8709.335912186569, -7666.707918375201, -8025.2306230395925, -8099.393409808639, -8438.648890699249, -8172.079300686555, -8189.355715596359, -8333.498094757257, -8190.271679513851, -8064.984864467, -8000.535840594768, -8684.254998791306, -7681.656675077564, -7923.083866997058, -8100.8129329407275, -8054.190395114354, -8075.137061524371, -8358.896821359078, -8346.469915280153, -9028.355115728627, -8732.578190876253, -8151.700239235759, -7956.871655073195, -8376.035930580972, -8345.907898688109, -8068.659465624393, -8217.749285904345, -8124.979967077503, -7607.1468895134485, -8164.1899188950465, -7807.415581675866, -7945.302863386825, -8348.581012558627, -8374.841563108435, -9042.710581420897, -8129.008743005126, -8072.987338407338, -8339.39451754079, -7756.125873282787, -7681.134152687494, -8065.062809040827, -8294.884432751502, -7733.432809845403, -7818.6963211916645, -7943.074238616209, -7923.820702614586, -8629.171311536771, -7991.365351708742, -7648.434049072917, -7507.276041668473, -8845.029455418407, -8368.763320081545, -8511.968325755432, -8054.034330904491, -8057.58556947401, -8033.93056933178, -7757.406542305453, -8008.0186433967565, -8916.561532225984, -8012.682540073158, -8194.4893018724, -8097.407859169629, -8446.654586151417, -8180.65475313312, -8021.975553527388, -8191.837338636169, -8087.528841175414, -8088.103675601196, -8105.235379087997, -9021.50621363192, -8490.572170036332, -7913.916412842812, -7686.255922358404, -8175.267134462434, -7791.0531716417145, -8646.650894207258, -8934.861236399693, -7532.805734266443, -8065.1775850848, -8062.9945777698085, -8413.973955631394, -7820.9981115636565, -8620.12020530816, -7832.596731211975, -8394.868154634854, -8581.761236729086, -8052.6144208491005, -7723.746778231513, -8525.335329841371, -7778.501428142932, -7700.403558495885, -7797.127350687414, -8293.937723353583, -8597.863514521216, -8774.30608733213, -8446.711055185324, -8070.847134207736, -8055.083896554979, -8642.9515095166, -8329.005999911598, -8458.170368590912, -8134.903083678126, -8231.988716560892, -7736.25370450348, -8242.549194844096, -8349.521958410804, -8292.17028143066, -8408.807349882514, -8143.658192891691, -8266.339967493424, -8386.869573981705, -7850.457475682994, -7673.273258716546, -7822.512185745776, -7738.983549543165, -8511.566434878763, -8357.348658970986, -8038.530131849594, -8005.684208462946, -8226.74457718827, -8274.61130269806, -8126.925981544686, -8413.745762973025, -7938.828148827815, -8645.781505297708, -8187.250179846138, -7238.235713466437, -8161.339732348988, -7366.174569616157, -8134.771109629264, -8186.206652525389, -7677.2279113478735, -7638.288079232076, -8364.125645590386, -7950.861711693925, -8248.47009161025, -8062.288814476717, -7828.263985053529, -8626.253304539627, -7897.312361180601, -8380.101301642662, -8288.483546516727, -8041.318840845775, -8005.707218314126, -8623.684674734011, -8193.305378168903, -8988.149558429235, -8165.777600674341, -8285.25254816773, -8616.08881703271, -8219.534272508596, -7581.813839944937, -8031.989148283847, -8313.763650394858, -7904.141515185427, -8255.880086174417, -7918.753539258564, -7823.041144691127, -8601.08945846059, -8179.664905179816, -7968.2042792162165, -8765.469709701576, -8074.582855222183, -8150.798853749271, -8428.47302459488, -8449.576154894403, -8449.6054358479, -7582.15924616242, -7318.087414067541, -8111.03174349877, -7504.874661100145, -8352.96449452501, -8424.55654254439, -8389.588037725016, -8201.776259570557, -8589.81317153783, -7498.400053901443, -7952.529515905045, -7850.507341941569, -8424.894079241574, -9196.24685662155, -7802.790004686501]
Average Z : -7160.146716992079
Standard dev Z : 331.79656510602604
Total Time taken : 901.99 sec
