LiftedPTPParams [
inputFile=mln/webkb.dom.80.eclipse.mln.txt
evidenceFile=db/webkb.texas.5class.dom.80.evid.40.eclipse.txt
resultFile=results_04_06/webkb_80_40_false_approx_true_1000iter.out
queryString=PageClass_0_Course,LinkTo,PageClass_0_Person,PageClass_0_Faculty,PageClass_0_Student,PageClass_0_Department
isNormal=false
approximate=true
queryEvidence=false
numIter=1000
]
Time taken to create clauses in hyperCube form : 8001 ms
Time taken to disjoint all hyperCubes : 742 ms
Total number of clauses : 226
iteration no. : 0
iteration no. : 1
iteration no. : 2
iteration no. : 3
iteration no. : 4
iteration no. : 5
iteration no. : 6
iteration no. : 7
iteration no. : 8
iteration no. : 9
iteration no. : 10
iteration no. : 11
iteration no. : 12
iteration no. : 13
iteration no. : 14
iteration no. : 15
iteration no. : 16
iteration no. : 17
iteration no. : 18
iteration no. : 19
iteration no. : 20
iteration no. : 21
iteration no. : 22
iteration no. : 23
iteration no. : 24
iteration no. : 25
iteration no. : 26
iteration no. : 27
iteration no. : 28
iteration no. : 29
iteration no. : 30
iteration no. : 31
iteration no. : 32
iteration no. : 33
iteration no. : 34
iteration no. : 35
iteration no. : 36
iteration no. : 37
iteration no. : 38
iteration no. : 39
iteration no. : 40
iteration no. : 41
iteration no. : 42
iteration no. : 43
iteration no. : 44
iteration no. : 45
iteration no. : 46
iteration no. : 47
iteration no. : 48
iteration no. : 49
iteration no. : 50
iteration no. : 51
iteration no. : 52
iteration no. : 53
iteration no. : 54
iteration no. : 55
iteration no. : 56
iteration no. : 57
iteration no. : 58
iteration no. : 59
iteration no. : 60
iteration no. : 61
iteration no. : 62
iteration no. : 63
iteration no. : 64
iteration no. : 65
iteration no. : 66
iteration no. : 67
iteration no. : 68
iteration no. : 69
iteration no. : 70
iteration no. : 71
iteration no. : 72
iteration no. : 73
iteration no. : 74
iteration no. : 75
iteration no. : 76
iteration no. : 77
iteration no. : 78
iteration no. : 79
iteration no. : 80
iteration no. : 81
iteration no. : 82
iteration no. : 83
iteration no. : 84
iteration no. : 85
iteration no. : 86
iteration no. : 87
iteration no. : 88
iteration no. : 89
iteration no. : 90
iteration no. : 91
iteration no. : 92
iteration no. : 93
iteration no. : 94
iteration no. : 95
iteration no. : 96
iteration no. : 97
iteration no. : 98
iteration no. : 99
iteration no. : 100
iteration no. : 101
iteration no. : 102
iteration no. : 103
iteration no. : 104
iteration no. : 105
iteration no. : 106
iteration no. : 107
iteration no. : 108
iteration no. : 109
iteration no. : 110
iteration no. : 111
iteration no. : 112
iteration no. : 113
iteration no. : 114
iteration no. : 115
iteration no. : 116
iteration no. : 117
iteration no. : 118
iteration no. : 119
iteration no. : 120
iteration no. : 121
iteration no. : 122
iteration no. : 123
iteration no. : 124
iteration no. : 125
iteration no. : 126
iteration no. : 127
iteration no. : 128
iteration no. : 129
iteration no. : 130
iteration no. : 131
iteration no. : 132
iteration no. : 133
iteration no. : 134
iteration no. : 135
iteration no. : 136
iteration no. : 137
iteration no. : 138
iteration no. : 139
iteration no. : 140
iteration no. : 141
iteration no. : 142
iteration no. : 143
iteration no. : 144
iteration no. : 145
iteration no. : 146
iteration no. : 147
iteration no. : 148
iteration no. : 149
iteration no. : 150
iteration no. : 151
iteration no. : 152
iteration no. : 153
iteration no. : 154
iteration no. : 155
iteration no. : 156
iteration no. : 157
iteration no. : 158
iteration no. : 159
iteration no. : 160
iteration no. : 161
iteration no. : 162
iteration no. : 163
iteration no. : 164
iteration no. : 165
iteration no. : 166
iteration no. : 167
iteration no. : 168
iteration no. : 169
iteration no. : 170
iteration no. : 171
iteration no. : 172
iteration no. : 173
iteration no. : 174
iteration no. : 175
iteration no. : 176
iteration no. : 177
iteration no. : 178
iteration no. : 179
iteration no. : 180
iteration no. : 181
iteration no. : 182
iteration no. : 183
iteration no. : 184
iteration no. : 185
iteration no. : 186
iteration no. : 187
iteration no. : 188
iteration no. : 189
iteration no. : 190
iteration no. : 191
iteration no. : 192
iteration no. : 193
iteration no. : 194
iteration no. : 195
iteration no. : 196
iteration no. : 197
iteration no. : 198
iteration no. : 199
iteration no. : 200
iteration no. : 201
iteration no. : 202
iteration no. : 203
iteration no. : 204
iteration no. : 205
iteration no. : 206
iteration no. : 207
iteration no. : 208
iteration no. : 209
iteration no. : 210
iteration no. : 211
iteration no. : 212
iteration no. : 213
iteration no. : 214
iteration no. : 215
iteration no. : 216
iteration no. : 217
iteration no. : 218
iteration no. : 219
iteration no. : 220
iteration no. : 221
iteration no. : 222
iteration no. : 223
iteration no. : 224
iteration no. : 225
iteration no. : 226
iteration no. : 227
iteration no. : 228
iteration no. : 229
iteration no. : 230
iteration no. : 231
iteration no. : 232
iteration no. : 233
iteration no. : 234
iteration no. : 235
iteration no. : 236
iteration no. : 237
iteration no. : 238
iteration no. : 239
iteration no. : 240
iteration no. : 241
iteration no. : 242
iteration no. : 243
iteration no. : 244
iteration no. : 245
iteration no. : 246
iteration no. : 247
iteration no. : 248
iteration no. : 249
iteration no. : 250
iteration no. : 251
iteration no. : 252
iteration no. : 253
iteration no. : 254
iteration no. : 255
iteration no. : 256
iteration no. : 257
iteration no. : 258
iteration no. : 259
iteration no. : 260
iteration no. : 261
iteration no. : 262
iteration no. : 263
iteration no. : 264
iteration no. : 265
iteration no. : 266
iteration no. : 267
iteration no. : 268
iteration no. : 269
iteration no. : 270
iteration no. : 271
iteration no. : 272
iteration no. : 273
iteration no. : 274
iteration no. : 275
iteration no. : 276
iteration no. : 277
iteration no. : 278
iteration no. : 279
iteration no. : 280
iteration no. : 281
iteration no. : 282
iteration no. : 283
iteration no. : 284
iteration no. : 285
iteration no. : 286
iteration no. : 287
iteration no. : 288
iteration no. : 289
iteration no. : 290
iteration no. : 291
iteration no. : 292
iteration no. : 293
iteration no. : 294
iteration no. : 295
iteration no. : 296
iteration no. : 297
iteration no. : 298
iteration no. : 299
iteration no. : 300
iteration no. : 301
iteration no. : 302
iteration no. : 303
iteration no. : 304
iteration no. : 305
iteration no. : 306
iteration no. : 307
iteration no. : 308
iteration no. : 309
iteration no. : 310
iteration no. : 311
iteration no. : 312
iteration no. : 313
iteration no. : 314
iteration no. : 315
iteration no. : 316
iteration no. : 317
iteration no. : 318
iteration no. : 319
iteration no. : 320
iteration no. : 321
iteration no. : 322
iteration no. : 323
iteration no. : 324
iteration no. : 325
iteration no. : 326
iteration no. : 327
iteration no. : 328
iteration no. : 329
iteration no. : 330
iteration no. : 331
iteration no. : 332
iteration no. : 333
iteration no. : 334
iteration no. : 335
iteration no. : 336
iteration no. : 337
iteration no. : 338
iteration no. : 339
iteration no. : 340
iteration no. : 341
iteration no. : 342
iteration no. : 343
iteration no. : 344
iteration no. : 345
iteration no. : 346
iteration no. : 347
iteration no. : 348
iteration no. : 349
iteration no. : 350
iteration no. : 351
iteration no. : 352
iteration no. : 353
iteration no. : 354
iteration no. : 355
iteration no. : 356
iteration no. : 357
iteration no. : 358
iteration no. : 359
iteration no. : 360
iteration no. : 361
iteration no. : 362
iteration no. : 363
iteration no. : 364
iteration no. : 365
iteration no. : 366
iteration no. : 367
iteration no. : 368
iteration no. : 369
iteration no. : 370
iteration no. : 371
iteration no. : 372
iteration no. : 373
iteration no. : 374
iteration no. : 375
iteration no. : 376
iteration no. : 377
iteration no. : 378
iteration no. : 379
iteration no. : 380
iteration no. : 381
iteration no. : 382
iteration no. : 383
iteration no. : 384
iteration no. : 385
iteration no. : 386
iteration no. : 387
iteration no. : 388
iteration no. : 389
iteration no. : 390
iteration no. : 391
iteration no. : 392
iteration no. : 393
iteration no. : 394
iteration no. : 395
iteration no. : 396
iteration no. : 397
iteration no. : 398
iteration no. : 399
iteration no. : 400
iteration no. : 401
iteration no. : 402
iteration no. : 403
iteration no. : 404
iteration no. : 405
iteration no. : 406
iteration no. : 407
iteration no. : 408
iteration no. : 409
iteration no. : 410
iteration no. : 411
iteration no. : 412
iteration no. : 413
iteration no. : 414
iteration no. : 415
iteration no. : 416
iteration no. : 417
iteration no. : 418
iteration no. : 419
iteration no. : 420
iteration no. : 421
iteration no. : 422
iteration no. : 423
iteration no. : 424
iteration no. : 425
iteration no. : 426
iteration no. : 427
iteration no. : 428
iteration no. : 429
iteration no. : 430
iteration no. : 431
iteration no. : 432
iteration no. : 433
iteration no. : 434
iteration no. : 435
iteration no. : 436
iteration no. : 437
iteration no. : 438
iteration no. : 439
iteration no. : 440
iteration no. : 441
iteration no. : 442
iteration no. : 443
iteration no. : 444
iteration no. : 445
iteration no. : 446
iteration no. : 447
iteration no. : 448
iteration no. : 449
iteration no. : 450
iteration no. : 451
iteration no. : 452
iteration no. : 453
iteration no. : 454
iteration no. : 455
iteration no. : 456
iteration no. : 457
iteration no. : 458
iteration no. : 459
iteration no. : 460
iteration no. : 461
iteration no. : 462
iteration no. : 463
iteration no. : 464
iteration no. : 465
iteration no. : 466
iteration no. : 467
iteration no. : 468
iteration no. : 469
iteration no. : 470
iteration no. : 471
iteration no. : 472
iteration no. : 473
iteration no. : 474
iteration no. : 475
iteration no. : 476
iteration no. : 477
iteration no. : 478
iteration no. : 479
iteration no. : 480
iteration no. : 481
iteration no. : 482
iteration no. : 483
iteration no. : 484
iteration no. : 485
iteration no. : 486
iteration no. : 487
iteration no. : 488
iteration no. : 489
iteration no. : 490
iteration no. : 491
iteration no. : 492
iteration no. : 493
iteration no. : 494
iteration no. : 495
iteration no. : 496
iteration no. : 497
iteration no. : 498
iteration no. : 499
iteration no. : 500
iteration no. : 501
iteration no. : 502
iteration no. : 503
iteration no. : 504
iteration no. : 505
iteration no. : 506
iteration no. : 507
iteration no. : 508
iteration no. : 509
iteration no. : 510
iteration no. : 511
iteration no. : 512
iteration no. : 513
iteration no. : 514
iteration no. : 515
iteration no. : 516
iteration no. : 517
iteration no. : 518
iteration no. : 519
iteration no. : 520
iteration no. : 521
iteration no. : 522
iteration no. : 523
iteration no. : 524
iteration no. : 525
iteration no. : 526
iteration no. : 527
iteration no. : 528
iteration no. : 529
iteration no. : 530
iteration no. : 531
iteration no. : 532
iteration no. : 533
iteration no. : 534
iteration no. : 535
iteration no. : 536
iteration no. : 537
iteration no. : 538
iteration no. : 539
iteration no. : 540
iteration no. : 541
iteration no. : 542
iteration no. : 543
iteration no. : 544
iteration no. : 545
iteration no. : 546
iteration no. : 547
iteration no. : 548
iteration no. : 549
iteration no. : 550
iteration no. : 551
iteration no. : 552
iteration no. : 553
iteration no. : 554
iteration no. : 555
iteration no. : 556
iteration no. : 557
iteration no. : 558
iteration no. : 559
iteration no. : 560
iteration no. : 561
iteration no. : 562
iteration no. : 563
iteration no. : 564
iteration no. : 565
iteration no. : 566
iteration no. : 567
iteration no. : 568
iteration no. : 569
iteration no. : 570
iteration no. : 571
iteration no. : 572
iteration no. : 573
iteration no. : 574
iteration no. : 575
iteration no. : 576
iteration no. : 577
iteration no. : 578
iteration no. : 579
iteration no. : 580
iteration no. : 581
iteration no. : 582
iteration no. : 583
iteration no. : 584
iteration no. : 585
iteration no. : 586
iteration no. : 587
iteration no. : 588
iteration no. : 589
iteration no. : 590
iteration no. : 591
iteration no. : 592
iteration no. : 593
iteration no. : 594
iteration no. : 595
iteration no. : 596
iteration no. : 597
iteration no. : 598
iteration no. : 599
iteration no. : 600
iteration no. : 601
iteration no. : 602
iteration no. : 603
iteration no. : 604
iteration no. : 605
iteration no. : 606
iteration no. : 607
iteration no. : 608
iteration no. : 609
iteration no. : 610
iteration no. : 611
iteration no. : 612
iteration no. : 613
iteration no. : 614
iteration no. : 615
iteration no. : 616
iteration no. : 617
iteration no. : 618
iteration no. : 619
iteration no. : 620
iteration no. : 621
iteration no. : 622
iteration no. : 623
iteration no. : 624
iteration no. : 625
iteration no. : 626
iteration no. : 627
iteration no. : 628
iteration no. : 629
iteration no. : 630
iteration no. : 631
iteration no. : 632
iteration no. : 633
iteration no. : 634
iteration no. : 635
iteration no. : 636
iteration no. : 637
iteration no. : 638
iteration no. : 639
iteration no. : 640
iteration no. : 641
iteration no. : 642
iteration no. : 643
iteration no. : 644
iteration no. : 645
iteration no. : 646
iteration no. : 647
iteration no. : 648
iteration no. : 649
iteration no. : 650
iteration no. : 651
iteration no. : 652
iteration no. : 653
iteration no. : 654
iteration no. : 655
iteration no. : 656
iteration no. : 657
iteration no. : 658
iteration no. : 659
iteration no. : 660
iteration no. : 661
iteration no. : 662
iteration no. : 663
iteration no. : 664
iteration no. : 665
iteration no. : 666
iteration no. : 667
iteration no. : 668
iteration no. : 669
iteration no. : 670
iteration no. : 671
iteration no. : 672
iteration no. : 673
iteration no. : 674
iteration no. : 675
iteration no. : 676
iteration no. : 677
iteration no. : 678
iteration no. : 679
iteration no. : 680
iteration no. : 681
iteration no. : 682
iteration no. : 683
iteration no. : 684
iteration no. : 685
iteration no. : 686
iteration no. : 687
iteration no. : 688
iteration no. : 689
iteration no. : 690
iteration no. : 691
iteration no. : 692
iteration no. : 693
iteration no. : 694
iteration no. : 695
iteration no. : 696
iteration no. : 697
iteration no. : 698
iteration no. : 699
iteration no. : 700
iteration no. : 701
iteration no. : 702
iteration no. : 703
iteration no. : 704
iteration no. : 705
iteration no. : 706
iteration no. : 707
iteration no. : 708
iteration no. : 709
iteration no. : 710
iteration no. : 711
iteration no. : 712
iteration no. : 713
iteration no. : 714
iteration no. : 715
iteration no. : 716
iteration no. : 717
iteration no. : 718
iteration no. : 719
iteration no. : 720
iteration no. : 721
iteration no. : 722
iteration no. : 723
iteration no. : 724
iteration no. : 725
iteration no. : 726
iteration no. : 727
iteration no. : 728
iteration no. : 729
iteration no. : 730
iteration no. : 731
iteration no. : 732
iteration no. : 733
iteration no. : 734
iteration no. : 735
iteration no. : 736
iteration no. : 737
iteration no. : 738
iteration no. : 739
iteration no. : 740
iteration no. : 741
iteration no. : 742
iteration no. : 743
iteration no. : 744
iteration no. : 745
iteration no. : 746
iteration no. : 747
iteration no. : 748
iteration no. : 749
iteration no. : 750
iteration no. : 751
iteration no. : 752
iteration no. : 753
iteration no. : 754
iteration no. : 755
iteration no. : 756
iteration no. : 757
iteration no. : 758
iteration no. : 759
iteration no. : 760
iteration no. : 761
iteration no. : 762
iteration no. : 763
iteration no. : 764
iteration no. : 765
iteration no. : 766
iteration no. : 767
iteration no. : 768
iteration no. : 769
iteration no. : 770
iteration no. : 771
iteration no. : 772
iteration no. : 773
iteration no. : 774
iteration no. : 775
iteration no. : 776
iteration no. : 777
iteration no. : 778
iteration no. : 779
iteration no. : 780
iteration no. : 781
iteration no. : 782
iteration no. : 783
iteration no. : 784
iteration no. : 785
iteration no. : 786
iteration no. : 787
iteration no. : 788
iteration no. : 789
iteration no. : 790
iteration no. : 791
iteration no. : 792
iteration no. : 793
iteration no. : 794
iteration no. : 795
iteration no. : 796
iteration no. : 797
iteration no. : 798
iteration no. : 799
iteration no. : 800
iteration no. : 801
iteration no. : 802
iteration no. : 803
iteration no. : 804
iteration no. : 805
iteration no. : 806
iteration no. : 807
iteration no. : 808
iteration no. : 809
iteration no. : 810
iteration no. : 811
iteration no. : 812
iteration no. : 813
iteration no. : 814
iteration no. : 815
iteration no. : 816
iteration no. : 817
iteration no. : 818
iteration no. : 819
iteration no. : 820
iteration no. : 821
iteration no. : 822
iteration no. : 823
iteration no. : 824
iteration no. : 825
iteration no. : 826
iteration no. : 827
iteration no. : 828
iteration no. : 829
iteration no. : 830
iteration no. : 831
iteration no. : 832
iteration no. : 833
iteration no. : 834
iteration no. : 835
iteration no. : 836
iteration no. : 837
iteration no. : 838
iteration no. : 839
iteration no. : 840
iteration no. : 841
iteration no. : 842
iteration no. : 843
iteration no. : 844
iteration no. : 845
iteration no. : 846
iteration no. : 847
iteration no. : 848
iteration no. : 849
iteration no. : 850
iteration no. : 851
iteration no. : 852
iteration no. : 853
iteration no. : 854
iteration no. : 855
iteration no. : 856
iteration no. : 857
iteration no. : 858
iteration no. : 859
iteration no. : 860
iteration no. : 861
iteration no. : 862
iteration no. : 863
iteration no. : 864
iteration no. : 865
iteration no. : 866
iteration no. : 867
iteration no. : 868
iteration no. : 869
iteration no. : 870
iteration no. : 871
iteration no. : 872
iteration no. : 873
iteration no. : 874
iteration no. : 875
iteration no. : 876
iteration no. : 877
iteration no. : 878
iteration no. : 879
iteration no. : 880
iteration no. : 881
iteration no. : 882
iteration no. : 883
iteration no. : 884
iteration no. : 885
iteration no. : 886
iteration no. : 887
iteration no. : 888
iteration no. : 889
iteration no. : 890
iteration no. : 891
iteration no. : 892
iteration no. : 893
iteration no. : 894
iteration no. : 895
iteration no. : 896
iteration no. : 897
iteration no. : 898
iteration no. : 899
iteration no. : 900
iteration no. : 901
iteration no. : 902
iteration no. : 903
iteration no. : 904
iteration no. : 905
iteration no. : 906
iteration no. : 907
iteration no. : 908
iteration no. : 909
iteration no. : 910
iteration no. : 911
iteration no. : 912
iteration no. : 913
iteration no. : 914
iteration no. : 915
iteration no. : 916
iteration no. : 917
iteration no. : 918
iteration no. : 919
iteration no. : 920
iteration no. : 921
iteration no. : 922
iteration no. : 923
iteration no. : 924
iteration no. : 925
iteration no. : 926
iteration no. : 927
iteration no. : 928
iteration no. : 929
iteration no. : 930
iteration no. : 931
iteration no. : 932
iteration no. : 933
iteration no. : 934
iteration no. : 935
iteration no. : 936
iteration no. : 937
iteration no. : 938
iteration no. : 939
iteration no. : 940
iteration no. : 941
iteration no. : 942
iteration no. : 943
iteration no. : 944
iteration no. : 945
iteration no. : 946
iteration no. : 947
iteration no. : 948
iteration no. : 949
iteration no. : 950
iteration no. : 951
iteration no. : 952
iteration no. : 953
iteration no. : 954
iteration no. : 955
iteration no. : 956
iteration no. : 957
iteration no. : 958
iteration no. : 959
iteration no. : 960
iteration no. : 961
iteration no. : 962
iteration no. : 963
iteration no. : 964
iteration no. : 965
iteration no. : 966
iteration no. : 967
iteration no. : 968
iteration no. : 969
iteration no. : 970
iteration no. : 971
iteration no. : 972
iteration no. : 973
iteration no. : 974
iteration no. : 975
iteration no. : 976
iteration no. : 977
iteration no. : 978
iteration no. : 979
iteration no. : 980
iteration no. : 981
iteration no. : 982
iteration no. : 983
iteration no. : 984
iteration no. : 985
iteration no. : 986
iteration no. : 987
iteration no. : 988
iteration no. : 989
iteration no. : 990
iteration no. : 991
iteration no. : 992
iteration no. : 993
iteration no. : 994
iteration no. : 995
iteration no. : 996
iteration no. : 997
iteration no. : 998
iteration no. : 999
Time taken for 1000 iterations : 1189.968 sec
zArray : [-131490.47029352648, -131533.5267430276, -131130.40725943996, -131898.43474145787, -134781.60145074624, -134218.30170292035, -130922.14577164713, -131793.31406181614, -131329.9018406334, -131674.6679659311, -132968.5614116763, -132578.95310659162, -130535.90268598669, -134214.19652473147, -132909.44306004015, -132394.39029562293, -133506.79923081343, -133208.69095788142, -134682.53364569682, -132673.60021637584, -135182.11324036936, -127063.071183718, -131049.14507556423, -132798.71024226936, -134139.08510143415, -128593.21334959022, -136000.84620709906, -131143.742174391, -130483.106666511, -129351.04781450352, -133287.0148989537, -136917.49322052277, -132632.6610817874, -132235.6660847533, -131449.0493957137, -134477.58872532749, -134242.55747685218, -132373.95828483065, -134225.89605406648, -133425.45203557055, -132451.60496088612, -131368.7158267344, -132665.75435804809, -137352.86259897347, -134581.58474161674, -132978.92770643588, -131836.3648517295, -130147.68026187835, -131344.66957911954, -135030.03421456233, -133739.12997331974, -132981.45914784688, -131862.21418669596, -133734.67381187584, -133187.25892490466, -129107.97465937796, -129808.95798386374, -128800.6201990411, -134175.11364968374, -127280.43186893323, -127916.57815139872, -132507.8624086273, -131178.19917110234, -132259.28143978992, -131649.6888748876, -134923.3189636182, -129250.91309793014, -132827.15884699833, -127779.20575174579, -134852.87379344515, -137832.16814063315, -128079.27229055612, -133954.51009612466, -127880.66291193427, -130158.86248253354, -129656.05654220624, -130381.8273721205, -130878.9167866079, -128533.2193888906, -134475.7730649921, -129853.59371462971, -132505.69138139935, -131406.79681975802, -132184.60075452647, -130699.5715422583, -136644.27647156708, -133399.417039855, -137611.0599933223, -132105.77990067686, -132557.35601863646, -131804.60904425173, -127964.85761582431, -133681.78381099203, -130215.43099770359, -128330.1770244888, -134185.38056030506, -126098.58030138456, -132274.7668536243, -132065.79293556223, -137463.68187182507, -130458.53091029507, -132479.53095360266, -133498.40170072438, -130995.08625503686, -133406.04006506412, -132799.27770972688, -130632.53455410582, -135427.34462261025, -138159.60640880308, -128008.3003621473, -130421.71572797788, -133056.87792552574, -133073.26157157533, -132272.23844702478, -131852.65157306215, -133611.73474387897, -134439.41025194587, -135210.2249200471, -131156.89803643548, -133381.46621941938, -123846.88327868214, -134057.33891392144, -133658.17881513416, -135101.61744210357, -131648.3374396458, -135758.79028689017, -133483.33154148128, -131457.97900584928, -132073.7663952159, -130741.34900801274, -131702.20612260417, -133040.64566152368, -130749.53529063088, -131131.04500611243, -134978.1039053583, -132595.59776813647, -131832.58451592442, -129125.74042653949, -128346.63223691522, -131148.40300034313, -133737.55952874568, -129788.7893587295, -124657.85595060948, -131671.6544417325, -130947.34808215202, -134718.7681882319, -132184.70377561482, -130398.43295245763, -125901.23237643643, -138210.30328964844, -134843.10054581086, -132389.76838597993, -132300.4429248467, -125935.53326863574, -132231.71215614266, -134796.49833296207, -136454.7630892221, -131817.20498950806, -133473.86861711406, -131335.23673621498, -132791.0975203935, -134085.63402456924, -131992.22433030474, -132984.91637990187, -133732.40129009713, -130332.55652512984, -133037.310136011, -131649.54272548624, -135257.10128140458, -134201.74306085764, -131270.28044713137, -128665.85985146111, -134592.84404828507, -129571.04783876562, -127066.34524044022, -131522.77498207588, -135150.0984738348, -133966.0507856566, -132787.4763587941, -130128.26986222787, -131009.98094251192, -133335.58276400782, -133363.9156303691, -128906.9736215961, -128955.24946237802, -131138.50031938337, -134730.79400057675, -129678.27432281173, -134515.11717383275, -128030.15979988626, -134099.96241115872, -131208.68791334322, -126503.38588462184, -134769.48686145793, -131196.89365354157, -132821.26577278413, -131930.33220870703, -128703.91189548945, -132771.219389512, -134210.86939671784, -131204.70181890673, -132150.45233791522, -130057.4497991048, -134246.5285136346, -130257.80146013817, -135876.15895024865, -129373.02843852315, -133655.0391848071, -129156.14263610422, -131340.9427568326, -128617.51637106763, -129968.681738227, -129829.80005378579, -135614.05674777634, -135028.2728543144, -130343.60705393905, -131514.46897926225, -136590.48300254828, -135478.0374772022, -132311.23341473116, -130684.2519051734, -130434.38743686416, -128950.50652015922, -131433.88299437158, -131464.68598620925, -132645.862471499, -131786.03299708662, -131460.10223723025, -136562.15008329923, -134944.1111143486, -130211.21090150152, -133324.51435895293, -136545.7582927468, -131214.93363731378, -137409.34485430637, -133971.5116016446, -133576.85980012536, -131911.23137996864, -135589.40649199495, -132217.61386818104, -131552.82347666862, -133342.19665145906, -133939.43753168258, -128230.80422963397, -129456.3547910109, -131488.99388227644, -133390.0480171225, -132869.68145532333, -130789.42760012377, -131293.60537564105, -136450.87794028572, -131897.31753099602, -134365.31597231477, -137056.6363221863, -134279.26563577587, -129503.72483765213, -129863.57013251627, -127607.38785520873, -132852.9056424653, -131537.92414361445, -129475.84962200638, -134686.70666324827, -135930.23206932598, -131142.80432381353, -134699.32827124436, -126953.5342769946, -129991.60116186214, -126845.80723796105, -131845.50191025037, -128743.53696403762, -134531.09704258406, -132875.13195436064, -132057.3808858597, -127570.42306578763, -130620.12603726641, -128493.64546709732, -130279.00859796295, -129425.26643703062, -132572.99030863115, -128735.53489067973, -130150.29074218999, -129689.46316576116, -131375.1858944978, -129889.7256755756, -130078.48532870295, -131007.09192202873, -134173.31321222312, -131953.1162075598, -132775.4358582444, -131602.77435394542, -135152.078371935, -129571.4761276906, -132079.75753535825, -130693.63575139696, -135140.23953048565, -133867.59907951832, -134039.8030140891, -133673.7080637048, -128978.40613367768, -134665.32894115173, -133219.49956048973, -133633.79843758425, -135833.28168282408, -130319.66451972249, -136032.98613307718, -128857.28062221613, -131407.3969150632, -134949.2859551235, -129480.62186771967, -130171.9233527012, -129384.17226611465, -132164.97312906245, -129019.48751483863, -134259.79999441712, -133468.84039547437, -133684.36535678428, -135788.0096476654, -133965.92028561485, -127609.45976776224, -127763.75964270852, -130615.99867209587, -134203.66519640657, -132500.22521632013, -133343.74914976704, -132690.02224688188, -131437.07822003707, -137452.26324266734, -130183.7003855831, -133637.03465490355, -132509.69101518442, -131609.3926564225, -128586.56699196924, -131681.04707316172, -132000.09213772428, -130682.40913601594, -134823.79283444418, -131482.07616815346, -131373.24858100957, -131968.71079217584, -129843.96849273056, -132477.40300318316, -132553.1020684037, -128925.81625965903, -134363.92493216932, -136755.51245677623, -135681.36920087313, -133818.17227240797, -133112.90983111865, -131018.9591507509, -132864.77632215296, -133174.75762574447, -129851.98255733856, -130980.18163206597, -132856.07465324947, -129126.47438715298, -131280.9416353142, -131188.76002206406, -133883.07449092082, -132165.8284368678, -130797.81823536434, -127294.46068191671, -128250.5233091235, -131389.4747651149, -131939.0613378181, -130277.00430002763, -134452.04653138327, -133024.40781778438, -134770.90286746607, -131736.6758382482, -132165.5485964192, -132822.82248452227, -130306.11963609619, -130392.74362058454, -132934.7884955478, -132995.57076323268, -129802.29604858348, -134809.80916326412, -132009.54457344994, -128649.55356724223, -135312.06616586927, -131640.5210334599, -128014.87417110955, -132096.19476497956, -132859.75453194752, -130042.37251455484, -134032.2395777091, -128888.24310031821, -133565.53392459382, -130201.94814759803, -138565.41112533, -129827.93152483192, -130809.40823616249, -134883.10634866095, -132135.0084367126, -129529.0905079229, -131488.57791549494, -128655.36643493494, -129796.41263515147, -134697.1788028765, -131519.66260608053, -133848.91688306935, -134193.08390449206, -134856.072438674, -124323.26953798691, -131360.59441705406, -129909.28207492839, -128670.3033349492, -135260.14809700855, -133368.16108774696, -134245.63250295463, -129241.72722921736, -131187.28961847557, -136380.45877532032, -137591.15374183533, -130180.99259477144, -135102.63475436135, -133107.16424709553, -130208.66612974317, -131532.16962119992, -130353.51373140341, -132409.1744572599, -128424.73645153872, -135173.14063822667, -132359.46656439293, -136201.50199745313, -127900.68092189619, -130641.29067973733, -131420.66235269103, -128799.68450574753, -129540.10539212823, -131634.44599173943, -132099.85866425425, -135167.21140732185, -129814.46180062756, -132328.4693692683, -131291.10867600908, -132710.5905966285, -133161.11798161245, -133345.19652354965, -137650.232579976, -129326.02187519273, -137832.0807950609, -127922.60545828473, -128186.02556069195, -132472.8075366771, -133993.0647750489, -129276.71093789468, -135973.41965469424, -127997.24424173217, -135709.38014060535, -136445.9344671882, -130766.90340260751, -133729.7930426811, -129613.2650007151, -130164.014191706, -135487.96588381927, -131799.32025803754, -133118.41060009328, -133713.99786793167, -127099.2347123667, -133176.49109950644, -131897.63070273757, -133090.70226839033, -128398.98228094936, -133142.47180752704, -132814.24374237534, -135566.1709044793, -131300.0748693009, -132077.65137698548, -127021.26033683516, -132439.90045492633, -130196.5020356013, -128331.36442957561, -130108.79583539405, -133161.67467255134, -133255.71126656092, -130031.64424136399, -136817.0370009478, -131590.73889228998, -133432.6520767393, -128975.72263854458, -135220.50673132317, -131398.78159420157, -131812.74807390026, -128972.25649285622, -137059.9019105731, -131012.63974594402, -134490.5394235684, -132122.66833088672, -132105.6922892933, -129998.19259918343, -133581.15912720104, -129192.90665658691, -131346.51226434985, -129015.61793817018, -130900.60531329972, -130405.68890903803, -132374.86631828363, -135846.68105635914, -136501.96367246844, -128409.15145121011, -137899.54030692243, -130413.37951761285, -128320.65064929996, -133082.34979567575, -131447.22740290422, -134171.15617621693, -131424.43151621107, -131973.38892698378, -129859.82994919797, -134936.59200985162, -130228.11056365445, -128170.08912010421, -131588.44399521922, -134618.45839433526, -131595.84289154195, -128178.37759125158, -132151.82288231002, -132684.52482237312, -130990.59184507532, -128316.76370376638, -132696.0965415193, -125653.23124732268, -135230.37258690907, -132050.40887886137, -131032.87907665501, -132608.3175725092, -134647.2169979347, -133076.3643120534, -135341.39411497684, -135568.36720406543, -131862.65656591346, -131857.73648699888, -128679.68656674765, -132794.57036338054, -132326.8292678948, -130683.14587950242, -130148.77579113662, -132971.88741860687, -126383.46120971371, -128848.8900999614, -125761.3816503668, -128253.99426325707, -129277.3535849096, -136139.92830260066, -131550.9168508624, -133147.4733857585, -130369.8526388851, -134010.14992341105, -132353.2794095381, -130877.1812312024, -124533.74983611745, -132308.54247172794, -129320.21926159838, -130593.44100469213, -132664.14068012746, -127857.65566346269, -130353.64839369064, -132793.67189954803, -133645.94097992455, -132032.83775619447, -129942.86384410415, -133777.05285805656, -125135.39303945859, -130865.30129208426, -132605.85389466255, -131884.90428480296, -124823.79172250791, -135192.44485691751, -131089.92291297516, -134891.33916771217, -136296.61305333435, -134752.38822687685, -131718.15212373433, -135691.04791397045, -130486.8146525765, -127504.11389684348, -132438.47855764092, -132505.41079147466, -133773.74465293394, -126197.74501254802, -132084.9397002375, -130217.86422551895, -131252.8548709157, -132964.76315696439, -131097.5872261102, -132351.92210348646, -131325.94827975027, -130066.63189411754, -130655.20941430192, -132727.13892860184, -132089.55555401085, -132461.80635386147, -133719.3017535577, -129213.68178393849, -131151.96751069627, -135683.63312893605, -126969.55904766056, -131489.87850785817, -133004.86999764555, -133415.50203615965, -132861.68127225604, -129976.89229149627, -133309.00149001938, -132543.23013764236, -126874.10996720586, -133202.0800078698, -131667.70221575856, -127624.37964126976, -131338.64985521467, -131454.71116610087, -133504.20249728387, -128817.42830567362, -130346.80456292958, -133263.24268125754, -131406.8141867917, -133587.73662862327, -130145.71027803054, -129595.8972587215, -133666.06392437182, -129262.03015171837, -127729.18108622292, -130705.9347036004, -126700.4461822179, -133822.08013800628, -135543.65767877857, -132020.63545586047, -127924.52733067892, -130444.18372696127, -132825.81698027352, -132346.52040598958, -131392.47073362427, -136292.58440298683, -130621.97786372075, -132755.12271990086, -134816.9725564338, -132949.26532983282, -132585.16532757567, -128303.68152313032, -130046.3830624314, -130918.62682195046, -132802.68636562087, -129851.60017745625, -130202.11383599481, -134557.50925148916, -136503.977992558, -133619.09883574868, -132833.4083267485, -129560.93991463345, -129182.44125947397, -131235.2560391564, -132567.73197889625, -134284.50939826024, -128925.73462894962, -135153.91457037226, -130663.02155811737, -137373.16019903574, -133281.85160227242, -135939.66393736994, -130284.53931518485, -135741.36561368717, -133329.94546356256, -130469.43532910268, -130726.24160139088, -132174.4431123201, -132816.98286454208, -135713.81558343602, -131403.0782254089, -134108.39743813482, -128849.67380240424, -133559.06477248043, -129933.36948692783, -130656.24720668573, -133574.28924085776, -130006.29559083557, -130119.53638635398, -134228.92499503397, -130687.37569787244, -134045.8098228652, -133307.2816594138, -126881.91919638573, -134014.9802076509, -125451.16804297837, -132709.98265639323, -134115.29058737817, -133997.62450739802, -129737.58995704877, -128246.03194401135, -132580.78722854817, -127481.61367519209, -132071.8831620113, -133342.11090587577, -133338.45274539304, -134026.90298486262, -128323.61178285941, -131743.46224144226, -129494.37445425696, -130101.28219060457, -133158.48608986003, -130471.26441453912, -132127.35401308778, -133807.97387453535, -136867.63989766713, -138351.40161340247, -133340.19190759867, -133949.31413690202, -133377.63018728446, -132081.71292294125, -136410.76977359527, -135316.8770360008, -127930.55315722815, -131331.38830591986, -129393.44143598981, -134359.3199666167, -129570.2034183219, -130270.64367873511, -134016.90704617396, -135227.01303978177, -128661.62412175229, -132944.4244440141, -134696.91783754784, -133098.20076417047, -132200.55776770264, -133994.3727273932, -131490.72747507665, -131554.11660121454, -129743.8322784335, -136352.49530796878, -133886.6001865331, -133001.45281711128, -132554.35710261943, -133310.0304369837, -131699.84766755239, -130605.18335806916, -135141.71421815644, -129448.00572281814, -133443.4674002101, -133243.45952865854, -131072.52297681593, -133175.2385186269, -129791.34054168491, -130823.16523043085, -131788.4624891549, -129052.86916784394, -130513.85777985488, -135141.52456826405, -131001.918399907, -131540.08534810238, -127463.90004855876, -132628.31764589535, -137821.2814514068, -133872.94187487144, -130596.19024004388, -130622.76260663786, -132886.0522779117, -133057.94029963663, -132116.1838431366, -133714.36667489825, -131934.60216758592, -129453.60232096336, -135045.474057629, -135555.67840553005, -130656.67874729382, -133954.3120196379, -136174.8574366127, -130873.86757534299, -134717.75774461313, -133121.00487796424, -128874.99336942704, -126397.32344486457, -130782.96837622285, -136747.19544403546, -131766.24382000515, -133023.81508571928, -130738.3635826988, -135321.67527369357, -129003.92335966363, -132972.59702445785, -134275.16602987138, -134963.86900314898, -126870.61829581932, -132846.8933971034, -133676.4379288899, -132303.98284868174, -131459.09738914974, -125838.2417237361, -130168.44704367893, -136695.1644109535, -132766.42709684218, -127978.58236362168, -130024.91567943252, -134478.78447774664, -132332.59911158524, -130074.13063334992, -126797.38366996298, -132825.1691160386, -131526.41282439398, -128899.00740274347, -133126.55796880843, -129779.93235475333, -133847.57991263276, -130266.74627855378, -133425.91911955347, -132236.4515992222, -132411.89980042493, -132863.74235071355, -130994.18526260743, -136287.75631154783, -130916.89916355087, -130837.13471521418, -137613.65016572742, -131782.3142602904, -131808.77709192003, -133224.7347728792, -136677.46926210137, -127847.06439155994, -128721.57348568519, -134126.83312202265, -132923.61595919848, -130425.29007497896, -129672.13029878281, -134149.4403675473, -133496.35584827335, -130779.3580520257, -133590.84802165302, -133429.95676665867, -133412.64966703512, -131534.71792668971, -136054.59726483843, -136260.4379158259, -130730.77431180616, -135159.23976401106, -131895.523183033, -139597.43251511714, -128239.83904895603, -130883.84129420204, -129463.64339753428, -132535.86418768615, -128216.71319069824, -133867.5108516954, -134927.52850098297, -129619.38686469148, -132747.91785082477, -130583.60357631595, -131482.54372130567, -131810.41621094674, -129136.52802503781, -130162.06910308829, -138081.24638600711, -132407.17953660915, -129422.14493687628, -133176.65079814685, -133384.84689552, -133055.0079862676, -133703.70530574268, -132663.29173347357, -134237.82301362822, -130058.72207246686, -135424.32738478726, -131093.0100610589, -132258.94111404094, -136424.97759228598, -134906.52500655229, -133089.0198075431, -135464.01379502134, -130369.0576847542, -131188.18759499612, -133358.14265308404, -130497.550765105, -127844.82257635759, -131332.6512393681, -131103.2567218146, -139751.80722037703, -134707.40441707234, -132440.14914882396, -132522.1851194672, -131664.02034452776, -131962.90337370985, -131409.90990131663, -126168.03066659285, -129769.00244019882, -131073.1855146061, -128820.30706523484, -136299.73605605972, -133418.6810075253, -137244.5994248898, -134651.5341490287, -136345.52562427454, -136194.00151763082, -136241.81186994273, -133719.9188864443, -132895.85756215133, -134019.80155914105, -130551.62140001221, -132932.448630703, -130028.35020892617, -125194.28326993133, -127081.01505954248, -134725.9341922665, -128023.44598089141, -134719.5755997525, -134339.99133133926, -130224.4702455468, -136466.79722622444, -130678.61112036255, -130111.97889849874, -129697.9421295327, -134979.53656494827, -131307.1847135795, -127255.504541473, -129108.49275245085, -137799.81837334827, -131437.79699567758, -128610.11973008038, -133646.9664291288, -128398.17274870025, -133236.7719861492, -132973.02027124874, -129617.08134236795, -133903.56503821522, -130265.07983333373, -136009.98214238393, -133111.68438840748, -131074.7925760408, -129082.75299201718, -134732.75086406572, -137032.39296035905, -128514.54911749634, -131573.8505109988, -130449.91050620931, -129768.62929347446, -132179.88657815853, -130897.93988657577, -130991.67005808743, -136464.19978046176, -135163.0366664027, -134654.6451645453, -130339.3570513736, -131975.6783079114, -128784.1651648004, -135041.47694378803, -128113.49523644564, -131690.0957238741, -127424.64388878441, -132802.47047162242, -132314.49624070706, -133580.06786383333, -136831.9358375656, -135128.35438547883, -135583.43337895462, -130907.47256917972, -135967.33991121058, -131295.50415427148, -130558.61164015463, -131187.52214425532, -125216.1074012684, -132579.2693580036, -132317.26442073908, -130937.22305091302, -131403.54861564515, -132572.29743584362, -135454.64008467607, -130903.67993707769, -128512.0064928499, -128826.22202834969, -132554.40069991312, -132053.22248868537, -134267.0930443538, -130155.43994591264, -132939.52854988325, -129556.86851565314, -130650.54329585588, -135530.75743344676, -133434.73465570243, -131982.8246504385, -134355.68395343973, -129928.09417690645, -132815.0766698822, -131251.36697089273, -132948.55033856296, -131043.56916880327, -124847.23711756665, -134278.30533917007, -133016.7599495367, -133902.25212094188, -129856.78566159951, -133158.63914248167, -135780.21947080133, -128815.58282401634, -131440.34867578468, -133602.22387883093, -138707.77369211637, -132972.48327067378, -137641.12528753577, -129258.03147413905, -132135.9633638404, -126893.09231492384, -137294.87022647704, -133662.46231224964, -137146.11982045742]
Average Z : -123853.79103396113
Standard dev Z : 2599.3341156858496
Total Time taken : 1198.714 sec
