LiftedPTPParams [
inputFile=mln/webkb-eclipse-mln.txt
evidenceFile=db/webkb.texas.5class.dom.100.evid.40.eclipse.txt
resultFile=results_04_06/webkb_100_40_true_approx_true.out
queryString=PageClass_0_Course,LinkTo,PageClass_0_Person,PageClass_0_Faculty,PageClass_0_Student,PageClass_0_Department
isNormal=true
approximate=true
queryEvidence=false
numIter=240
]
Time taken to create clauses in hyperCube form : 1908 ms
Time taken to disjoint all hyperCubes : 2581 ms
Total number of clauses : 226
iteration no. : 0
iteration no. : 1
iteration no. : 2
iteration no. : 3
iteration no. : 4
iteration no. : 5
iteration no. : 6
iteration no. : 7
iteration no. : 8
iteration no. : 9
iteration no. : 10
iteration no. : 11
iteration no. : 12
iteration no. : 13
iteration no. : 14
iteration no. : 15
iteration no. : 16
iteration no. : 17
iteration no. : 18
iteration no. : 19
iteration no. : 20
iteration no. : 21
iteration no. : 22
iteration no. : 23
iteration no. : 24
iteration no. : 25
iteration no. : 26
iteration no. : 27
iteration no. : 28
iteration no. : 29
iteration no. : 30
iteration no. : 31
iteration no. : 32
iteration no. : 33
iteration no. : 34
iteration no. : 35
iteration no. : 36
iteration no. : 37
iteration no. : 38
iteration no. : 39
iteration no. : 40
iteration no. : 41
iteration no. : 42
iteration no. : 43
iteration no. : 44
iteration no. : 45
iteration no. : 46
iteration no. : 47
iteration no. : 48
iteration no. : 49
iteration no. : 50
iteration no. : 51
iteration no. : 52
iteration no. : 53
iteration no. : 54
iteration no. : 55
iteration no. : 56
iteration no. : 57
iteration no. : 58
iteration no. : 59
iteration no. : 60
iteration no. : 61
iteration no. : 62
iteration no. : 63
iteration no. : 64
iteration no. : 65
iteration no. : 66
iteration no. : 67
iteration no. : 68
iteration no. : 69
iteration no. : 70
iteration no. : 71
iteration no. : 72
iteration no. : 73
iteration no. : 74
iteration no. : 75
iteration no. : 76
iteration no. : 77
iteration no. : 78
iteration no. : 79
iteration no. : 80
iteration no. : 81
iteration no. : 82
iteration no. : 83
iteration no. : 84
iteration no. : 85
iteration no. : 86
iteration no. : 87
iteration no. : 88
iteration no. : 89
iteration no. : 90
iteration no. : 91
iteration no. : 92
iteration no. : 93
iteration no. : 94
iteration no. : 95
iteration no. : 96
iteration no. : 97
iteration no. : 98
iteration no. : 99
iteration no. : 100
iteration no. : 101
iteration no. : 102
iteration no. : 103
iteration no. : 104
iteration no. : 105
iteration no. : 106
iteration no. : 107
iteration no. : 108
iteration no. : 109
iteration no. : 110
iteration no. : 111
iteration no. : 112
iteration no. : 113
iteration no. : 114
iteration no. : 115
iteration no. : 116
iteration no. : 117
iteration no. : 118
iteration no. : 119
iteration no. : 120
iteration no. : 121
iteration no. : 122
iteration no. : 123
iteration no. : 124
iteration no. : 125
iteration no. : 126
iteration no. : 127
iteration no. : 128
iteration no. : 129
iteration no. : 130
iteration no. : 131
iteration no. : 132
iteration no. : 133
iteration no. : 134
iteration no. : 135
iteration no. : 136
iteration no. : 137
iteration no. : 138
iteration no. : 139
iteration no. : 140
iteration no. : 141
iteration no. : 142
iteration no. : 143
iteration no. : 144
iteration no. : 145
iteration no. : 146
iteration no. : 147
iteration no. : 148
iteration no. : 149
iteration no. : 150
iteration no. : 151
iteration no. : 152
iteration no. : 153
iteration no. : 154
iteration no. : 155
iteration no. : 156
iteration no. : 157
iteration no. : 158
iteration no. : 159
iteration no. : 160
iteration no. : 161
iteration no. : 162
iteration no. : 163
iteration no. : 164
iteration no. : 165
iteration no. : 166
iteration no. : 167
iteration no. : 168
iteration no. : 169
iteration no. : 170
iteration no. : 171
iteration no. : 172
iteration no. : 173
iteration no. : 174
iteration no. : 175
iteration no. : 176
iteration no. : 177
iteration no. : 178
iteration no. : 179
iteration no. : 180
iteration no. : 181
iteration no. : 182
iteration no. : 183
iteration no. : 184
iteration no. : 185
iteration no. : 186
iteration no. : 187
iteration no. : 188
iteration no. : 189
iteration no. : 190
iteration no. : 191
iteration no. : 192
iteration no. : 193
iteration no. : 194
iteration no. : 195
iteration no. : 196
iteration no. : 197
iteration no. : 198
iteration no. : 199
iteration no. : 200
iteration no. : 201
iteration no. : 202
iteration no. : 203
iteration no. : 204
iteration no. : 205
iteration no. : 206
iteration no. : 207
iteration no. : 208
iteration no. : 209
iteration no. : 210
iteration no. : 211
iteration no. : 212
iteration no. : 213
iteration no. : 214
iteration no. : 215
iteration no. : 216
iteration no. : 217
iteration no. : 218
iteration no. : 219
iteration no. : 220
iteration no. : 221
iteration no. : 222
iteration no. : 223
iteration no. : 224
iteration no. : 225
iteration no. : 226
iteration no. : 227
iteration no. : 228
iteration no. : 229
iteration no. : 230
iteration no. : 231
iteration no. : 232
iteration no. : 233
iteration no. : 234
iteration no. : 235
iteration no. : 236
iteration no. : 237
iteration no. : 238
iteration no. : 239
Time taken for 240 iterations : 4501.599 sec
zArray : [-218530.1086645807, -215818.32564156625, -206022.8555629203, -211885.23660662322, -214356.0131487596, -205963.92489793195, -208636.09866806655, -203192.31536194266, -207127.71675284594, -214299.80974516371, -211665.36008394824, -212601.5034868083, -214679.56673669242, -208314.91980711656, -214624.72271620255, -212900.66474689942, -216018.793509606, -207148.2957963007, -209783.45786046764, -207255.610793626, -214226.3970402025, -209630.32482333411, -206725.2395985486, -206146.38715704033, -207369.15953112196, -209405.35001001367, -211637.30085966244, -210731.14579610838, -211164.05588044156, -206195.08855134898, -208284.61504607566, -202449.2994248489, -209968.01192990926, -216033.43625118287, -206727.0787198284, -209585.35792867118, -211699.49267166434, -215207.9202169823, -204226.1771314875, -209748.34362869858, -207788.4999256948, -215341.42324313516, -208500.62454599622, -210482.85019434092, -206186.95184155184, -204948.24619373088, -209734.45125891775, -206428.44615098636, -211769.8872527461, -207545.80746740266, -210212.81456159247, -206652.79164926513, -214223.87697214383, -208143.74911383115, -206084.3581615704, -204393.76704060717, -211647.70031833145, -207899.77930622388, -220721.60123413242, -214199.3126968847, -213663.97128265505, -210797.0094564203, -209007.17526964904, -215298.9947480695, -206634.6759532876, -217004.8759359542, -208983.23803783013, -205247.90678846303, -211605.3104805833, -212626.3727146062, -210009.0738634699, -205075.71213267822, -209368.75125912737, -204908.76132640743, -209598.14779342257, -208020.4870071697, -203093.91979459877, -213533.7763597297, -209881.44510907025, -210312.30648332677, -207222.2710182762, -215031.9652959441, -207213.33989070653, -199201.3609824454, -207830.9140072279, -207830.94241803946, -205252.26435207983, -213791.79689770108, -205026.36284406442, -207746.79384159, -204228.25812294357, -211719.62587097113, -214948.89764649622, -211155.67459237712, -213381.71870714446, -212346.51672082976, -210138.9205031614, -210068.70225769895, -211762.6097859028, -212935.4863067459, -203698.95918199152, -210708.66268139222, -206598.2508204044, -211129.5641436964, -213507.20308752457, -215774.40484909684, -205214.57359949502, -216164.54449108132, -211499.04089459658, -213130.20530268937, -213927.9155734037, -213932.60450221712, -204630.00650581843, -206630.80348368094, -211572.56887198205, -215414.853365115, -209873.2636866317, -216345.729537586, -203792.84763461212, -208438.88085157177, -206786.17064759365, -212101.24156355183, -211688.3382244732, -209849.1560851459, -212526.20358299644, -213112.40821081836, -208770.32520539695, -206364.09789924513, -199477.62351931268, -209668.5557158068, -209219.8471248772, -212534.90237320247, -215997.1076808825, -214774.70263486909, -207342.2560064935, -214014.0989600267, -213785.3608210364, -209830.11994364683, -216511.93364753932, -212073.625796124, -214652.27844294277, -211054.8947282214, -214019.36487029455, -211284.86934643335, -205926.1771816299, -209635.01363114125, -212202.22038886123, -206863.7006155777, -210940.26868826774, -204431.24672342467, -215482.2725937166, -205878.1164148304, -209211.96561846073, -212187.17182412866, -206401.11339494662, -209921.61349530506, -201077.35671844057, -216425.04253657357, -209613.72389102174, -210384.56248410384, -202602.25072002303, -213613.6097189743, -212705.2393824188, -211560.1578960896, -213276.28786009588, -206937.51127379332, -212023.7692768733, -205383.0070492553, -214314.7871120343, -207376.27156857375, -208699.54854582227, -209346.53726627992, -213358.56344942946, -211988.3188096444, -207639.96374190444, -208128.32406491888, -210486.8673854094, -203897.90181135855, -206764.97747267608, -208486.09645601053, -205207.89157319468, -206187.69306922334, -211317.5087656265, -207357.4039538207, -214715.02403184827, -207895.0495733185, -209527.6603756481, -210320.35436957356, -210719.20468838656, -207597.09850569585, -210544.57747407467, -205382.4638603829, -214733.69248038888, -205643.648538133, -204566.28258056942, -206934.13388467598, -204388.49676545788, -211536.0290144668, -209065.25856507794, -213309.83493737233, -212296.68650530846, -206783.79655362738, -205889.7527095129, -204593.3711482079, -208045.85055138046, -208466.116399867, -204621.72139292915, -212911.9994828091, -204526.38008085347, -210552.28476787882, -208280.43697222395, -210217.308788199, -198406.60948939185, -208859.8314862842, -215470.41173483248, -203848.34102937265, -209183.20902860374, -205324.7620914852, -207270.90896589874, -208653.2923278888, -210812.1108609581, -211808.41150629957, -213074.10562521205, -210633.29676699048, -206814.16060740573, -208400.90871893897, -204376.99662489482, -212619.80547318113, -206222.87126938094, -202256.29398071437, -212981.7153094424, -214637.78299159915, -214991.53276837812, -210498.07314610473, -202544.20146698656, -209149.7836354708, -199429.16137670152, -213442.42600573355, -206525.31393724165, -210034.5386835517]
Average Z : -198412.0901283152
Standard dev Z : 3884.4503353667037
Total Time taken : 4506.089 sec
