LiftedPTPParams [
inputFile=mln/webkb.dom.100.eclipse.mln.txt
evidenceFile=db/webkb.texas.5class.dom.100.evid.40.eclipse.txt
resultFile=results_04_06/webkb_100_40_false_approx_true_1000iter.out
queryString=PageClass_0_Course,LinkTo,PageClass_0_Person,PageClass_0_Faculty,PageClass_0_Student,PageClass_0_Department
isNormal=false
approximate=true
queryEvidence=false
numIter=1000
]
Time taken to create clauses in hyperCube form : 9049 ms
Time taken to disjoint all hyperCubes : 1018 ms
Total number of clauses : 226
iteration no. : 0
iteration no. : 1
iteration no. : 2
iteration no. : 3
iteration no. : 4
iteration no. : 5
iteration no. : 6
iteration no. : 7
iteration no. : 8
iteration no. : 9
iteration no. : 10
iteration no. : 11
iteration no. : 12
iteration no. : 13
iteration no. : 14
iteration no. : 15
iteration no. : 16
iteration no. : 17
iteration no. : 18
iteration no. : 19
iteration no. : 20
iteration no. : 21
iteration no. : 22
iteration no. : 23
iteration no. : 24
iteration no. : 25
iteration no. : 26
iteration no. : 27
iteration no. : 28
iteration no. : 29
iteration no. : 30
iteration no. : 31
iteration no. : 32
iteration no. : 33
iteration no. : 34
iteration no. : 35
iteration no. : 36
iteration no. : 37
iteration no. : 38
iteration no. : 39
iteration no. : 40
iteration no. : 41
iteration no. : 42
iteration no. : 43
iteration no. : 44
iteration no. : 45
iteration no. : 46
iteration no. : 47
iteration no. : 48
iteration no. : 49
iteration no. : 50
iteration no. : 51
iteration no. : 52
iteration no. : 53
iteration no. : 54
iteration no. : 55
iteration no. : 56
iteration no. : 57
iteration no. : 58
iteration no. : 59
iteration no. : 60
iteration no. : 61
iteration no. : 62
iteration no. : 63
iteration no. : 64
iteration no. : 65
iteration no. : 66
iteration no. : 67
iteration no. : 68
iteration no. : 69
iteration no. : 70
iteration no. : 71
iteration no. : 72
iteration no. : 73
iteration no. : 74
iteration no. : 75
iteration no. : 76
iteration no. : 77
iteration no. : 78
iteration no. : 79
iteration no. : 80
iteration no. : 81
iteration no. : 82
iteration no. : 83
iteration no. : 84
iteration no. : 85
iteration no. : 86
iteration no. : 87
iteration no. : 88
iteration no. : 89
iteration no. : 90
iteration no. : 91
iteration no. : 92
iteration no. : 93
iteration no. : 94
iteration no. : 95
iteration no. : 96
iteration no. : 97
iteration no. : 98
iteration no. : 99
iteration no. : 100
iteration no. : 101
iteration no. : 102
iteration no. : 103
iteration no. : 104
iteration no. : 105
iteration no. : 106
iteration no. : 107
iteration no. : 108
iteration no. : 109
iteration no. : 110
iteration no. : 111
iteration no. : 112
iteration no. : 113
iteration no. : 114
iteration no. : 115
iteration no. : 116
iteration no. : 117
iteration no. : 118
iteration no. : 119
iteration no. : 120
iteration no. : 121
iteration no. : 122
iteration no. : 123
iteration no. : 124
iteration no. : 125
iteration no. : 126
iteration no. : 127
iteration no. : 128
iteration no. : 129
iteration no. : 130
iteration no. : 131
iteration no. : 132
iteration no. : 133
iteration no. : 134
iteration no. : 135
iteration no. : 136
iteration no. : 137
iteration no. : 138
iteration no. : 139
iteration no. : 140
iteration no. : 141
iteration no. : 142
iteration no. : 143
iteration no. : 144
iteration no. : 145
iteration no. : 146
iteration no. : 147
iteration no. : 148
iteration no. : 149
iteration no. : 150
iteration no. : 151
iteration no. : 152
iteration no. : 153
iteration no. : 154
iteration no. : 155
iteration no. : 156
iteration no. : 157
iteration no. : 158
iteration no. : 159
iteration no. : 160
iteration no. : 161
iteration no. : 162
iteration no. : 163
iteration no. : 164
iteration no. : 165
iteration no. : 166
iteration no. : 167
iteration no. : 168
iteration no. : 169
iteration no. : 170
iteration no. : 171
iteration no. : 172
iteration no. : 173
iteration no. : 174
iteration no. : 175
iteration no. : 176
iteration no. : 177
iteration no. : 178
iteration no. : 179
iteration no. : 180
iteration no. : 181
iteration no. : 182
iteration no. : 183
iteration no. : 184
iteration no. : 185
iteration no. : 186
iteration no. : 187
iteration no. : 188
iteration no. : 189
iteration no. : 190
iteration no. : 191
iteration no. : 192
iteration no. : 193
iteration no. : 194
iteration no. : 195
iteration no. : 196
iteration no. : 197
iteration no. : 198
iteration no. : 199
iteration no. : 200
iteration no. : 201
iteration no. : 202
iteration no. : 203
iteration no. : 204
iteration no. : 205
iteration no. : 206
iteration no. : 207
iteration no. : 208
iteration no. : 209
iteration no. : 210
iteration no. : 211
iteration no. : 212
iteration no. : 213
iteration no. : 214
iteration no. : 215
iteration no. : 216
iteration no. : 217
iteration no. : 218
iteration no. : 219
iteration no. : 220
iteration no. : 221
iteration no. : 222
iteration no. : 223
iteration no. : 224
iteration no. : 225
iteration no. : 226
iteration no. : 227
iteration no. : 228
iteration no. : 229
iteration no. : 230
iteration no. : 231
iteration no. : 232
iteration no. : 233
iteration no. : 234
iteration no. : 235
iteration no. : 236
iteration no. : 237
iteration no. : 238
iteration no. : 239
iteration no. : 240
iteration no. : 241
iteration no. : 242
iteration no. : 243
iteration no. : 244
iteration no. : 245
iteration no. : 246
iteration no. : 247
iteration no. : 248
iteration no. : 249
iteration no. : 250
iteration no. : 251
iteration no. : 252
iteration no. : 253
iteration no. : 254
iteration no. : 255
iteration no. : 256
iteration no. : 257
iteration no. : 258
iteration no. : 259
iteration no. : 260
iteration no. : 261
iteration no. : 262
iteration no. : 263
iteration no. : 264
iteration no. : 265
iteration no. : 266
iteration no. : 267
iteration no. : 268
iteration no. : 269
iteration no. : 270
iteration no. : 271
iteration no. : 272
iteration no. : 273
iteration no. : 274
iteration no. : 275
iteration no. : 276
iteration no. : 277
iteration no. : 278
iteration no. : 279
iteration no. : 280
iteration no. : 281
iteration no. : 282
iteration no. : 283
iteration no. : 284
iteration no. : 285
iteration no. : 286
iteration no. : 287
iteration no. : 288
iteration no. : 289
iteration no. : 290
iteration no. : 291
iteration no. : 292
iteration no. : 293
iteration no. : 294
iteration no. : 295
iteration no. : 296
iteration no. : 297
iteration no. : 298
iteration no. : 299
iteration no. : 300
iteration no. : 301
iteration no. : 302
iteration no. : 303
iteration no. : 304
iteration no. : 305
iteration no. : 306
iteration no. : 307
iteration no. : 308
iteration no. : 309
iteration no. : 310
iteration no. : 311
iteration no. : 312
iteration no. : 313
iteration no. : 314
iteration no. : 315
iteration no. : 316
iteration no. : 317
iteration no. : 318
iteration no. : 319
iteration no. : 320
iteration no. : 321
iteration no. : 322
iteration no. : 323
iteration no. : 324
iteration no. : 325
iteration no. : 326
iteration no. : 327
iteration no. : 328
iteration no. : 329
iteration no. : 330
iteration no. : 331
iteration no. : 332
iteration no. : 333
iteration no. : 334
iteration no. : 335
iteration no. : 336
iteration no. : 337
iteration no. : 338
iteration no. : 339
iteration no. : 340
iteration no. : 341
iteration no. : 342
iteration no. : 343
iteration no. : 344
iteration no. : 345
iteration no. : 346
iteration no. : 347
iteration no. : 348
iteration no. : 349
iteration no. : 350
iteration no. : 351
iteration no. : 352
iteration no. : 353
iteration no. : 354
iteration no. : 355
iteration no. : 356
iteration no. : 357
iteration no. : 358
iteration no. : 359
iteration no. : 360
iteration no. : 361
iteration no. : 362
iteration no. : 363
iteration no. : 364
iteration no. : 365
iteration no. : 366
iteration no. : 367
iteration no. : 368
iteration no. : 369
iteration no. : 370
iteration no. : 371
iteration no. : 372
iteration no. : 373
iteration no. : 374
iteration no. : 375
iteration no. : 376
iteration no. : 377
iteration no. : 378
iteration no. : 379
iteration no. : 380
iteration no. : 381
iteration no. : 382
iteration no. : 383
iteration no. : 384
iteration no. : 385
iteration no. : 386
iteration no. : 387
iteration no. : 388
iteration no. : 389
iteration no. : 390
iteration no. : 391
iteration no. : 392
iteration no. : 393
iteration no. : 394
iteration no. : 395
iteration no. : 396
iteration no. : 397
iteration no. : 398
iteration no. : 399
iteration no. : 400
iteration no. : 401
iteration no. : 402
iteration no. : 403
iteration no. : 404
iteration no. : 405
iteration no. : 406
iteration no. : 407
iteration no. : 408
iteration no. : 409
iteration no. : 410
iteration no. : 411
iteration no. : 412
iteration no. : 413
iteration no. : 414
iteration no. : 415
iteration no. : 416
iteration no. : 417
iteration no. : 418
iteration no. : 419
iteration no. : 420
iteration no. : 421
iteration no. : 422
iteration no. : 423
iteration no. : 424
iteration no. : 425
iteration no. : 426
iteration no. : 427
iteration no. : 428
iteration no. : 429
iteration no. : 430
iteration no. : 431
iteration no. : 432
iteration no. : 433
iteration no. : 434
iteration no. : 435
iteration no. : 436
iteration no. : 437
iteration no. : 438
iteration no. : 439
iteration no. : 440
iteration no. : 441
iteration no. : 442
iteration no. : 443
iteration no. : 444
iteration no. : 445
iteration no. : 446
iteration no. : 447
iteration no. : 448
iteration no. : 449
iteration no. : 450
iteration no. : 451
iteration no. : 452
iteration no. : 453
iteration no. : 454
iteration no. : 455
iteration no. : 456
iteration no. : 457
iteration no. : 458
iteration no. : 459
iteration no. : 460
iteration no. : 461
iteration no. : 462
iteration no. : 463
iteration no. : 464
iteration no. : 465
iteration no. : 466
iteration no. : 467
iteration no. : 468
iteration no. : 469
iteration no. : 470
iteration no. : 471
iteration no. : 472
iteration no. : 473
iteration no. : 474
iteration no. : 475
iteration no. : 476
iteration no. : 477
iteration no. : 478
iteration no. : 479
iteration no. : 480
iteration no. : 481
iteration no. : 482
iteration no. : 483
iteration no. : 484
iteration no. : 485
iteration no. : 486
iteration no. : 487
iteration no. : 488
iteration no. : 489
iteration no. : 490
iteration no. : 491
iteration no. : 492
iteration no. : 493
iteration no. : 494
iteration no. : 495
iteration no. : 496
iteration no. : 497
iteration no. : 498
iteration no. : 499
iteration no. : 500
iteration no. : 501
iteration no. : 502
iteration no. : 503
iteration no. : 504
iteration no. : 505
iteration no. : 506
iteration no. : 507
iteration no. : 508
iteration no. : 509
iteration no. : 510
iteration no. : 511
iteration no. : 512
iteration no. : 513
iteration no. : 514
iteration no. : 515
iteration no. : 516
iteration no. : 517
iteration no. : 518
iteration no. : 519
iteration no. : 520
iteration no. : 521
iteration no. : 522
iteration no. : 523
iteration no. : 524
iteration no. : 525
iteration no. : 526
iteration no. : 527
iteration no. : 528
iteration no. : 529
iteration no. : 530
iteration no. : 531
iteration no. : 532
iteration no. : 533
iteration no. : 534
iteration no. : 535
iteration no. : 536
iteration no. : 537
iteration no. : 538
iteration no. : 539
iteration no. : 540
iteration no. : 541
iteration no. : 542
iteration no. : 543
iteration no. : 544
iteration no. : 545
iteration no. : 546
iteration no. : 547
iteration no. : 548
iteration no. : 549
iteration no. : 550
iteration no. : 551
iteration no. : 552
iteration no. : 553
iteration no. : 554
iteration no. : 555
iteration no. : 556
iteration no. : 557
iteration no. : 558
iteration no. : 559
iteration no. : 560
iteration no. : 561
iteration no. : 562
iteration no. : 563
iteration no. : 564
iteration no. : 565
iteration no. : 566
iteration no. : 567
iteration no. : 568
iteration no. : 569
iteration no. : 570
iteration no. : 571
iteration no. : 572
iteration no. : 573
iteration no. : 574
iteration no. : 575
iteration no. : 576
iteration no. : 577
iteration no. : 578
iteration no. : 579
iteration no. : 580
iteration no. : 581
iteration no. : 582
iteration no. : 583
iteration no. : 584
iteration no. : 585
iteration no. : 586
iteration no. : 587
iteration no. : 588
iteration no. : 589
iteration no. : 590
iteration no. : 591
iteration no. : 592
iteration no. : 593
iteration no. : 594
iteration no. : 595
iteration no. : 596
iteration no. : 597
iteration no. : 598
iteration no. : 599
iteration no. : 600
iteration no. : 601
iteration no. : 602
iteration no. : 603
iteration no. : 604
iteration no. : 605
iteration no. : 606
iteration no. : 607
iteration no. : 608
iteration no. : 609
iteration no. : 610
iteration no. : 611
iteration no. : 612
iteration no. : 613
iteration no. : 614
iteration no. : 615
iteration no. : 616
iteration no. : 617
iteration no. : 618
iteration no. : 619
iteration no. : 620
iteration no. : 621
iteration no. : 622
iteration no. : 623
iteration no. : 624
iteration no. : 625
iteration no. : 626
iteration no. : 627
iteration no. : 628
iteration no. : 629
iteration no. : 630
iteration no. : 631
iteration no. : 632
iteration no. : 633
iteration no. : 634
iteration no. : 635
iteration no. : 636
iteration no. : 637
iteration no. : 638
iteration no. : 639
iteration no. : 640
iteration no. : 641
iteration no. : 642
iteration no. : 643
iteration no. : 644
iteration no. : 645
iteration no. : 646
iteration no. : 647
iteration no. : 648
iteration no. : 649
iteration no. : 650
iteration no. : 651
iteration no. : 652
iteration no. : 653
iteration no. : 654
iteration no. : 655
iteration no. : 656
iteration no. : 657
iteration no. : 658
iteration no. : 659
iteration no. : 660
iteration no. : 661
iteration no. : 662
iteration no. : 663
iteration no. : 664
iteration no. : 665
iteration no. : 666
iteration no. : 667
iteration no. : 668
iteration no. : 669
iteration no. : 670
iteration no. : 671
iteration no. : 672
iteration no. : 673
iteration no. : 674
iteration no. : 675
iteration no. : 676
iteration no. : 677
iteration no. : 678
iteration no. : 679
iteration no. : 680
iteration no. : 681
iteration no. : 682
iteration no. : 683
iteration no. : 684
iteration no. : 685
iteration no. : 686
iteration no. : 687
iteration no. : 688
iteration no. : 689
iteration no. : 690
iteration no. : 691
iteration no. : 692
iteration no. : 693
iteration no. : 694
iteration no. : 695
iteration no. : 696
iteration no. : 697
iteration no. : 698
iteration no. : 699
iteration no. : 700
iteration no. : 701
iteration no. : 702
iteration no. : 703
iteration no. : 704
iteration no. : 705
iteration no. : 706
iteration no. : 707
iteration no. : 708
iteration no. : 709
iteration no. : 710
iteration no. : 711
iteration no. : 712
iteration no. : 713
iteration no. : 714
iteration no. : 715
iteration no. : 716
iteration no. : 717
iteration no. : 718
iteration no. : 719
iteration no. : 720
iteration no. : 721
iteration no. : 722
iteration no. : 723
iteration no. : 724
iteration no. : 725
iteration no. : 726
iteration no. : 727
iteration no. : 728
iteration no. : 729
iteration no. : 730
iteration no. : 731
iteration no. : 732
iteration no. : 733
iteration no. : 734
iteration no. : 735
iteration no. : 736
iteration no. : 737
iteration no. : 738
iteration no. : 739
iteration no. : 740
iteration no. : 741
iteration no. : 742
iteration no. : 743
iteration no. : 744
iteration no. : 745
iteration no. : 746
iteration no. : 747
iteration no. : 748
iteration no. : 749
iteration no. : 750
iteration no. : 751
iteration no. : 752
iteration no. : 753
iteration no. : 754
iteration no. : 755
iteration no. : 756
iteration no. : 757
iteration no. : 758
iteration no. : 759
iteration no. : 760
iteration no. : 761
iteration no. : 762
iteration no. : 763
iteration no. : 764
iteration no. : 765
iteration no. : 766
iteration no. : 767
iteration no. : 768
iteration no. : 769
iteration no. : 770
iteration no. : 771
iteration no. : 772
iteration no. : 773
iteration no. : 774
iteration no. : 775
iteration no. : 776
iteration no. : 777
iteration no. : 778
iteration no. : 779
iteration no. : 780
iteration no. : 781
iteration no. : 782
iteration no. : 783
iteration no. : 784
iteration no. : 785
iteration no. : 786
iteration no. : 787
iteration no. : 788
iteration no. : 789
iteration no. : 790
iteration no. : 791
iteration no. : 792
iteration no. : 793
iteration no. : 794
iteration no. : 795
iteration no. : 796
iteration no. : 797
iteration no. : 798
iteration no. : 799
iteration no. : 800
iteration no. : 801
iteration no. : 802
iteration no. : 803
iteration no. : 804
iteration no. : 805
iteration no. : 806
iteration no. : 807
iteration no. : 808
iteration no. : 809
iteration no. : 810
iteration no. : 811
iteration no. : 812
iteration no. : 813
iteration no. : 814
iteration no. : 815
iteration no. : 816
iteration no. : 817
iteration no. : 818
iteration no. : 819
iteration no. : 820
iteration no. : 821
iteration no. : 822
iteration no. : 823
iteration no. : 824
iteration no. : 825
iteration no. : 826
iteration no. : 827
iteration no. : 828
iteration no. : 829
iteration no. : 830
iteration no. : 831
iteration no. : 832
iteration no. : 833
iteration no. : 834
iteration no. : 835
iteration no. : 836
iteration no. : 837
iteration no. : 838
iteration no. : 839
iteration no. : 840
iteration no. : 841
iteration no. : 842
iteration no. : 843
iteration no. : 844
iteration no. : 845
iteration no. : 846
iteration no. : 847
iteration no. : 848
iteration no. : 849
iteration no. : 850
iteration no. : 851
iteration no. : 852
iteration no. : 853
iteration no. : 854
iteration no. : 855
iteration no. : 856
iteration no. : 857
iteration no. : 858
iteration no. : 859
iteration no. : 860
iteration no. : 861
iteration no. : 862
iteration no. : 863
iteration no. : 864
iteration no. : 865
iteration no. : 866
iteration no. : 867
iteration no. : 868
iteration no. : 869
iteration no. : 870
iteration no. : 871
iteration no. : 872
iteration no. : 873
iteration no. : 874
iteration no. : 875
iteration no. : 876
iteration no. : 877
iteration no. : 878
iteration no. : 879
iteration no. : 880
iteration no. : 881
iteration no. : 882
iteration no. : 883
iteration no. : 884
iteration no. : 885
iteration no. : 886
iteration no. : 887
iteration no. : 888
iteration no. : 889
iteration no. : 890
iteration no. : 891
iteration no. : 892
iteration no. : 893
iteration no. : 894
iteration no. : 895
iteration no. : 896
iteration no. : 897
iteration no. : 898
iteration no. : 899
iteration no. : 900
iteration no. : 901
iteration no. : 902
iteration no. : 903
iteration no. : 904
iteration no. : 905
iteration no. : 906
iteration no. : 907
iteration no. : 908
iteration no. : 909
iteration no. : 910
iteration no. : 911
iteration no. : 912
iteration no. : 913
iteration no. : 914
iteration no. : 915
iteration no. : 916
iteration no. : 917
iteration no. : 918
iteration no. : 919
iteration no. : 920
iteration no. : 921
iteration no. : 922
iteration no. : 923
iteration no. : 924
iteration no. : 925
iteration no. : 926
iteration no. : 927
iteration no. : 928
iteration no. : 929
iteration no. : 930
iteration no. : 931
iteration no. : 932
iteration no. : 933
iteration no. : 934
iteration no. : 935
iteration no. : 936
iteration no. : 937
iteration no. : 938
iteration no. : 939
iteration no. : 940
iteration no. : 941
iteration no. : 942
iteration no. : 943
iteration no. : 944
iteration no. : 945
iteration no. : 946
iteration no. : 947
iteration no. : 948
iteration no. : 949
iteration no. : 950
iteration no. : 951
iteration no. : 952
iteration no. : 953
iteration no. : 954
iteration no. : 955
iteration no. : 956
iteration no. : 957
iteration no. : 958
iteration no. : 959
iteration no. : 960
iteration no. : 961
iteration no. : 962
iteration no. : 963
iteration no. : 964
iteration no. : 965
iteration no. : 966
iteration no. : 967
iteration no. : 968
iteration no. : 969
iteration no. : 970
iteration no. : 971
iteration no. : 972
iteration no. : 973
iteration no. : 974
iteration no. : 975
iteration no. : 976
iteration no. : 977
iteration no. : 978
iteration no. : 979
iteration no. : 980
iteration no. : 981
iteration no. : 982
iteration no. : 983
iteration no. : 984
iteration no. : 985
iteration no. : 986
iteration no. : 987
iteration no. : 988
iteration no. : 989
iteration no. : 990
iteration no. : 991
iteration no. : 992
iteration no. : 993
iteration no. : 994
iteration no. : 995
iteration no. : 996
iteration no. : 997
iteration no. : 998
iteration no. : 999
Time taken for 1000 iterations : 1331.47 sec
zArray : [-209147.33909270575, -210787.16950804033, -202218.37417114954, -209486.57403644625, -210634.1165516924, -206276.38158909406, -210419.1118388975, -214384.2462539844, -209703.08774125337, -213677.03039558436, -209748.41764897935, -209853.1032378623, -214230.08390826805, -204254.88912153555, -206573.90433833157, -210066.4981083106, -206382.92657901795, -211720.82960810367, -215687.73353063487, -207942.64436127787, -220900.4498437244, -211072.68089772866, -203351.74516667007, -208118.73636560765, -210537.87707573926, -207876.70047117386, -210655.75896907583, -213863.2135063475, -219973.19974500558, -204823.08228066526, -209251.67250957707, -214913.46553563728, -209491.54887368937, -210119.92836124208, -211583.9360232655, -209594.85643162622, -211713.79483265604, -210322.9984002122, -210258.84593722183, -210620.53089191022, -203932.5435701433, -212647.32062508634, -209312.35092855562, -208698.91322370738, -215621.70598468106, -210397.8659452531, -206896.49545631104, -203682.12230202075, -211750.6015804786, -209749.5553792279, -207882.76578720193, -206435.57190484923, -206759.31773935544, -214217.510786286, -207612.33210941264, -206868.56592523408, -216627.53028162522, -211859.14815889008, -211740.48860243504, -210274.3868063526, -208756.3185959297, -219369.0516062584, -210877.14388146423, -206516.07647758428, -201394.02394147945, -210852.9111768416, -214009.5943971822, -211641.71838431677, -211506.05753975868, -206744.63460007522, -214867.29588198013, -209267.88687900247, -214301.83344625647, -211086.26100975618, -208655.42509588192, -215947.4786508461, -207365.94227342782, -208979.4272381409, -203145.1268082613, -206148.2904363212, -212321.1137245625, -207869.3518546646, -208559.27995071487, -217757.5394462747, -201596.28454513627, -206894.19844468703, -205469.64423265474, -206861.2687324892, -207477.54251877943, -213747.4372363511, -209779.9847200163, -209581.86111005163, -207500.52822008426, -209792.07208211126, -213977.3095867862, -209820.34698834995, -209836.76488062378, -208471.55896823853, -210373.25963375974, -210660.56830116885, -204161.90696651678, -201165.55350946318, -212547.96172832002, -210870.53142391352, -208375.9578808798, -206183.9298661192, -208277.79643242317, -214111.72017269264, -212266.8307843422, -207981.7048538435, -200663.92404480066, -203986.4390865074, -208636.08149654855, -209308.12872196484, -213587.6577134497, -211210.79037001947, -204913.0102060754, -205835.28205942074, -211772.06410534753, -209184.4768610751, -210708.87738574858, -206634.0107013715, -211139.12510965604, -207361.11053645992, -206993.3821503692, -206895.20615648234, -214510.96932013505, -205737.38741414587, -204692.89370573714, -208179.74862922117, -208511.877096674, -211210.75283815508, -214215.28277397252, -204216.8820288437, -208957.4553681005, -214121.40668690452, -209252.14708439034, -212054.5086519596, -213465.20541291984, -208070.76462635564, -217535.28071336876, -208704.76812224122, -216841.43157370863, -208494.668870893, -207693.88071848708, -205564.97654721286, -204069.05515729394, -215127.33936123145, -209503.2575083463, -205348.39018276616, -208549.88596484615, -207643.4027483026, -211876.21790374783, -208079.10097116255, -206213.23234470363, -207021.2993794381, -205206.584354046, -206949.4796590661, -207394.0905961583, -207234.00054622832, -211324.9113977623, -211860.18174445396, -206235.55319632927, -211412.07097477463, -213943.00470133193, -213398.2619408692, -211708.66366610568, -210424.23982225874, -208099.73489460867, -205346.65710462767, -210046.70859185504, -214169.72519645983, -206236.09416919245, -210555.33129277738, -209205.18235859447, -204282.3421153926, -207838.57733978785, -214887.24741176097, -208815.3339363034, -203574.13923422815, -209934.1610678269, -211816.77965318624, -203970.90981632852, -206361.19948148602, -219465.08407098317, -209377.02679574612, -209359.82378389224, -213476.22787605276, -210256.45994625433, -208877.81792087702, -210049.09999894677, -209047.9329310825, -210233.97045044153, -208060.71277480244, -208598.60404164728, -209596.0761534196, -208021.94486783628, -209710.94531628359, -210016.16301366256, -209245.7347995959, -206744.04884702625, -210228.39761047933, -212304.8668656851, -207951.2576318911, -209690.81270902362, -209672.71962023596, -214726.44072475308, -206431.93539101494, -210429.4233316718, -213565.06190386217, -213933.35339528634, -210691.19235350087, -209588.2691987928, -207936.7630750546, -210857.17194109326, -213126.89318283944, -206674.9171603226, -203206.6921405658, -205036.33014034393, -213001.9987849314, -209327.1962357258, -208545.8156418228, -206104.9568370439, -206784.91375439565, -211736.56364013845, -210695.78867116457, -216204.60535894192, -206699.5681201718, -205250.7302430885, -215685.41798534789, -213342.8922283645, -210182.97812749847, -202839.8836480091, -214876.10670134585, -203471.18212431145, -209429.759059494, -208442.48075294372, -206220.22445827565, -207405.2715118202, -204813.28747650786, -206532.91592510673, -205181.8771429138, -211101.20785739998, -209797.7449673072, -214895.5889362605, -211140.6032189508, -211710.85200238193, -204951.2805246975, -208810.5364359015, -203142.96286511607, -205772.0576335426, -205932.79012072596, -207140.73217442105, -206352.16850366307, -209548.26730819835, -208897.38430081934, -207438.1968577646, -212054.2633439322, -211210.9493875337, -206625.372829661, -214649.3358281062, -210520.0008264028, -210783.67586730968, -207688.09116884027, -207187.74779945263, -204423.50536172302, -213731.42055928113, -212158.68593226842, -213560.83623166961, -212653.0521047499, -201882.8456401372, -208098.70432650295, -210009.60560075357, -207006.11014502915, -213210.74550068576, -207702.08300953207, -209461.35701487891, -204096.20585776833, -207385.54441791156, -208576.95012715165, -208955.68760046328, -212738.18108240853, -213855.285346332, -213455.30971912426, -207642.07791319696, -217230.98283851054, -212837.610999546, -206488.29009719353, -208662.15310538898, -202305.89039775872, -211209.82495521245, -210237.3591768048, -211555.47110567652, -213740.54330912977, -210117.10903499887, -215459.14326401186, -210100.6548394116, -205896.43736723965, -209626.158671235, -207687.2304344899, -207817.22411124164, -212454.77271503952, -212587.10176366847, -206253.2508180751, -209651.1773826044, -213665.13810626543, -208078.8799311561, -209264.10924312443, -205611.55397365175, -207633.02627196163, -211624.76644457964, -202046.15501571272, -209440.41705833652, -211810.96149593533, -213328.98996337756, -207210.19283637303, -210733.25370327078, -204907.02874590666, -210106.49297164485, -207954.2748804452, -216095.27373779725, -211777.93159804106, -215030.45162452152, -209227.82989477983, -213265.91429901574, -205823.29352044605, -207569.39880849936, -204948.5957901943, -219050.23600281702, -215946.39010128358, -210572.30911008708, -203473.38415505365, -206779.37882131126, -211211.22522863245, -210561.22525968953, -210144.26693149807, -212955.36973283548, -216135.37007719814, -208938.1334225336, -202534.85382638295, -206793.89624344025, -213185.832722401, -208905.57067516926, -211630.36040472667, -213992.4413901028, -205001.1257259334, -215068.06166472848, -210879.71514454545, -215055.26217450897, -206356.64156370965, -213617.69310929818, -201413.03064652908, -211672.04985020708, -210922.5027997354, -213866.10833127165, -207270.86497274603, -210370.37343190552, -201924.0089882322, -211767.8395174374, -211139.7519758219, -210437.29268155948, -217677.46477387563, -203860.75754743573, -208382.77700017553, -205627.12237456252, -210111.4223911997, -209885.70334057097, -208961.93581656637, -209795.9273927806, -209396.69385475467, -205910.13874028073, -206814.43083987903, -206975.08144914458, -208899.97522503708, -214739.77742161555, -209229.08343362526, -214701.06474187135, -210050.6629153474, -214177.21026259608, -208830.8363467327, -212798.60437014853, -205610.6937661225, -214059.81282711236, -206268.35925939181, -212416.76541120987, -208381.43819616322, -202342.13305283943, -214102.4655305002, -200441.2726737035, -205625.618469463, -209793.8386283765, -209375.18866565617, -208330.426224628, -208133.88990694695, -215895.28090368633, -208073.58007469718, -205846.78411964895, -210911.1927955303, -210687.32062030994, -209629.84566655787, -212939.17636351546, -207640.4038942484, -213526.50962270977, -208004.75187632095, -206200.5662316848, -205597.18441256584, -204381.38465474214, -208311.82620770962, -212883.6201773885, -206727.42788081782, -213722.881421331, -208138.60942985548, -205868.1969636116, -205175.68993385957, -212382.17298690864, -205279.59046424145, -213621.71512242578, -202970.4709194207, -209570.93045506816, -212729.67378804367, -204849.3687197978, -210803.77966737226, -205971.43137910185, -207739.61095486654, -207437.34617296763, -212573.04956636444, -203058.66502172977, -214333.74840090744, -210528.58376608355, -217229.55250632874, -212554.02005461117, -208366.34839344566, -209948.2098745346, -206364.03714935313, -213820.93886914753, -208709.13065181937, -209562.775141729, -209041.36450084927, -206847.40295361695, -210019.06748728073, -208919.89358515537, -208475.6539104358, -219465.5344882837, -211627.1626712468, -209797.87657042776, -215775.02906482838, -218826.1650053855, -210410.65796049603, -208278.0076311941, -207538.9020083515, -213637.3779734586, -205014.26260353037, -210523.13060655046, -201138.1375996554, -209113.27122919552, -203394.83869631405, -216640.9582511398, -204239.27989143136, -209671.4012419722, -214816.84411101526, -207625.37358161047, -208492.18808759603, -212876.56510950808, -206825.11205335867, -211295.26128498596, -214820.75747863026, -211537.59910078018, -207990.90342987448, -209517.05587984127, -213462.47305409107, -207230.766170081, -204052.58342470616, -206528.56561754088, -204010.36906701024, -204213.14386188818, -206738.9431693306, -209991.37691125865, -212911.10427257448, -207979.17979125064, -213815.46371933576, -207346.99030015443, -222278.89901855242, -207036.07247271106, -209317.19307215663, -203684.9663985596, -199823.55923441699, -208856.03431722743, -217720.84099726245, -208577.25948855505, -216486.10872694277, -210287.88613942848, -215246.13212281675, -206457.52846016944, -206065.61170645038, -212043.28591557377, -206958.78073848886, -210284.13472136037, -213033.6382609072, -207965.4180138871, -211261.88971468076, -201369.79115108994, -211638.9314047736, -202455.4250345923, -206933.41778471632, -210264.44396522007, -210019.92506538588, -210940.8491584714, -208358.508467484, -206411.01672434836, -207007.0050317224, -203717.49385010335, -213721.5633434961, -214737.9910767919, -206860.0241247905, -211699.85538740555, -205514.68750130766, -206126.9490428855, -208188.10694294318, -209164.24819910526, -210498.76144424544, -208515.9196743633, -206844.21126234267, -213239.6389219041, -212553.0372517, -213072.66578361634, -213733.54770291038, -212432.43275784366, -202398.83788779238, -209291.15058144936, -206816.19232082108, -214748.11660340743, -201122.02809459524, -212246.7182823437, -205622.75973354955, -211252.76586707754, -208674.1738308654, -208472.00227849203, -209603.21437789832, -203464.34230124753, -212016.92967497144, -209690.05897523466, -205840.91360863304, -206398.67502889127, -201555.76255256325, -208723.78287832832, -213228.2839162713, -212143.98143239412, -209430.6842114288, -211996.95454137793, -210564.57467800842, -210639.12060695584, -208740.56865282453, -207737.31220926825, -204387.45428504483, -215273.2568835364, -212243.94053972128, -206641.10615383947, -207935.79092560668, -206831.00171364768, -215829.6335630125, -211054.45498217313, -205655.03587357176, -208406.3363422494, -209661.7592722418, -205822.53111828447, -204865.00047217435, -211340.95688725982, -211431.08092309782, -202226.43779955208, -209965.77793152613, -211909.92551212045, -220018.0466007219, -209935.2127599838, -202615.4639168977, -209495.25426421475, -210718.6163581227, -207391.81057434125, -211857.4222273851, -210465.19384317112, -202931.21514150698, -207844.078940059, -210358.11578072576, -208560.98387721664, -208397.10580833777, -203371.95952043057, -213973.7505652869, -208954.208008287, -210733.3740510483, -208007.09837689062, -205523.45283788143, -204431.44747431288, -208610.92967342318, -208209.501476844, -214087.88712190164, -210814.635386531, -211579.29198957342, -213269.2359743474, -209486.81092052476, -207323.7627401352, -209932.49407079682, -203093.60414439303, -209274.23254766004, -210189.208605695, -208045.50056936772, -208178.6440757096, -208986.09319953906, -203275.88938477807, -205253.9985597471, -211487.44547975983, -207729.3859460117, -209508.78021724586, -215185.87216503246, -211060.43007277555, -209374.4965406309, -218101.87556357787, -211965.81942721104, -210324.89117157983, -212190.59647817223, -218916.32925475427, -209668.88888779844, -214793.0549460511, -211285.0865984032, -212011.9177917516, -201210.88630451917, -202745.93050683624, -213481.94392705234, -212601.08802923575, -202022.14429098598, -207070.71976837228, -210299.38146083028, -206613.57940954447, -213151.27152238225, -206077.92395685482, -208371.30066835892, -206830.60303946427, -207546.88655742203, -215659.88133477705, -204954.3794357816, -210040.12564581315, -217480.089368471, -216906.94895929273, -215487.51243410862, -206411.53471806887, -208110.93410039556, -219281.07811298547, -207125.60662658556, -208276.5770122163, -207336.85875919022, -203180.46204747766, -205570.2446104692, -210219.50520660458, -205999.82825124895, -213498.74347609666, -206457.2962632086, -210265.19353414138, -217073.01189446726, -208598.35449340814, -216668.23273843815, -216559.13610307086, -201011.02579809414, -211543.59733400907, -211100.85545799814, -204231.38938921396, -213692.09728702056, -209828.86310178795, -214356.09106004343, -205584.0275782251, -211164.4068164209, -210282.36480967127, -215433.5699406378, -209029.1996743801, -206033.6851467532, -203503.70735659575, -211445.71625174957, -218007.7440540909, -204955.95202757756, -201913.51689000818, -214196.51927892704, -209037.47177481846, -212870.6106240875, -208820.70400607568, -206149.4984739486, -209042.40850441152, -204830.90972747508, -210266.91953923507, -209137.06806681122, -209609.49731512228, -209264.83170371217, -209475.72232547158, -210891.2382526715, -208451.9493850222, -207112.17688214328, -217168.15393758207, -212436.45518084773, -206890.78017584875, -218432.90007901358, -214554.9263204815, -214405.7769529325, -205035.85629381755, -208212.70458206022, -209277.77809129382, -204418.40328669324, -212322.682358776, -209918.19808610526, -216277.84978276442, -214658.29928900063, -200386.40676119816, -212566.54287494707, -214367.73547362204, -209292.05670608464, -208893.43624385275, -207575.26339062292, -203013.08968187487, -207866.28073117987, -210449.14414230117, -211904.20082386874, -208633.2040387146, -216506.47471544167, -206198.80675223554, -213360.78058030567, -207990.2458496941, -207375.18900326357, -205461.1741768246, -207800.46472452022, -208164.0686074315, -205666.4180654564, -210264.6775482748, -208229.42401165699, -213505.35422292413, -203595.62231780528, -209883.2882511648, -205783.00528190815, -206664.7091309496, -206398.5983823712, -211917.62610860393, -210431.90450332107, -204811.8798138887, -202874.05516124913, -211655.07392798673, -215134.1945197581, -206443.48023814682, -209807.20441895755, -208837.69194511828, -214473.11790312018, -212536.87481873287, -208439.43970530241, -202980.27158563366, -210692.3132603144, -213113.7032161179, -211207.1047224542, -215308.5978506645, -213413.75911117627, -212258.5065408629, -215195.13113074168, -212390.5044361501, -209621.55047921746, -209557.95833036935, -208443.20386202945, -214378.7500184412, -209460.64814845464, -209989.31866974093, -216587.2796975829, -210940.19738773277, -206899.15883055597, -210524.88844710542, -208513.4086850302, -204867.60752429347, -217680.16663680668, -208268.90358319366, -203190.75261533828, -214080.29048081464, -201905.2693988142, -202492.2086687113, -203615.39199845993, -209975.3651320893, -208302.81195520156, -208998.4426396086, -200751.76966501793, -212979.3088130214, -210581.36668413077, -208255.08744017142, -210142.58266458692, -204408.77882330635, -209500.8505444187, -207746.83955059096, -207406.19926781242, -211048.61013556374, -213117.07248775064, -210973.6596547398, -211449.03624048945, -209499.43749366867, -217687.77564751563, -209727.73690784018, -215308.1820284497, -207068.12129575628, -209119.0040952283, -204578.61785051454, -206030.99002060667, -210507.48096789193, -206865.20130004085, -216201.65657955658, -214573.81505056593, -208689.8923909804, -205055.3383052179, -207374.49953734395, -216197.6617920307, -207194.5859846132, -214241.0274167657, -211884.48799536217, -206235.81197285085, -211957.97747893728, -209751.27250474968, -208120.0062344386, -210179.56007428133, -210512.6300121106, -207925.3518662807, -213362.95524288126, -206347.7555223323, -212098.33208536738, -210781.50033215154, -204754.2464844366, -218601.66002177232, -209706.65590519126, -209445.93343969452, -203242.5120465792, -205869.48339857697, -208034.10942085358, -211551.25368059584, -210275.6817833979, -215886.72839385673, -208826.51294078343, -211144.5977855238, -210069.4537760305, -212362.57785105292, -207781.1544068366, -209709.42560663229, -205417.75023888654, -206441.42486396324, -207215.58533669446, -207309.07318831625, -210025.55216891493, -210488.45222242645, -215731.67354342667, -202539.47060800888, -210127.86674908877, -198253.76198857775, -208038.6768782875, -215007.8694915122, -205515.22676968738, -212701.1059766292, -200616.49885342305, -209402.69783182762, -207075.40273025422, -201494.9416980921, -214748.15598657637, -204534.58890455213, -212492.3540397337, -205085.41691718868, -208691.2667711041, -201970.58693474645, -202576.53400594453, -208888.72013064593, -202217.60788323538, -206188.35611893004, -212321.6067601619, -206737.78635890436, -215292.07442728966, -213255.6786783272, -209002.30216946147, -205466.30358256926, -208215.30911867414, -206794.5555122037, -205606.8546170574, -206858.4435442893, -206265.41289581312, -213872.14228698888, -206442.654682557, -211197.92569744072, -212188.2644254712, -213971.73212369462, -214616.09830410912, -210767.61048583724, -205811.77277936673, -210135.18441712076, -209581.10602595832, -204265.20320273502, -207182.41376249524, -205326.71375124936, -212281.3252730813, -208479.3073521167, -207093.0148244407, -208483.0706287893, -212967.46804414934, -213211.99957754507, -210773.0848691891, -219001.76837449503, -213037.67721162073, -207188.9772933369, -209400.97143377367, -209280.9432080441, -204416.56771482743, -214259.867022766, -210937.23981124524, -219221.51119637035, -215922.78764991337, -210001.8843403031, -208285.1892686439, -211073.89057233656, -213277.77044572876, -211069.18690746027, -213570.57952858132, -212547.51448112808, -209935.79142869677, -216219.74990944663, -213909.95300515817, -200067.21828835292, -204188.1585201357, -206362.24798894997, -203459.8146914999, -204892.00790588363, -206060.512185156, -205980.08278949602, -211237.0750612098, -216685.28221732462, -210671.92346804583, -205720.9273999073, -203518.6658587683, -210619.88674964983, -205983.76982946822, -216236.21113665405, -209233.88511899026, -205567.11778747002, -206283.56157354353, -206341.6517926387, -205216.0726930699, -209279.36859288462, -212649.80740220833, -212863.40850965597, -217098.12500637423, -209906.4031485803, -206706.81291654086, -209007.16514725474, -203404.865015415, -213039.59337972477, -215561.99870853734, -203965.4087088424, -205094.79198161082, -212322.72006890498, -206722.24979490455, -214860.86224435078, -202121.24080103697, -211300.06879006533, -213228.724958406, -206711.02075969038, -211769.6171820115, -208336.95589508614, -211235.87519747275, -209056.63486545347, -210489.91188020565, -212252.58367675822, -209205.15220335874, -211110.80609013705, -214651.80932420844, -209620.8467816103, -206473.91358377784, -202977.35402362383, -210961.0757681057, -212910.65709779158, -215668.85566257554, -209783.83423299046, -206131.1430711461, -212593.00051778485, -206948.9910580032, -216989.97839535394, -215822.70406224698, -207313.00148015624, -217801.43016014202, -209902.06133802395, -214076.55978020403, -207997.79292142857, -210762.4571267673, -206549.925656527, -219029.88501275165, -205218.02243453776, -214103.72185980013, -206523.33108466415, -203694.089512635, -216703.2078325015, -210869.12568690663, -215426.74523605235, -213442.2537379151, -213684.96450532123, -212679.39671914082, -215922.7490968948, -206537.6630752831, -214183.13034829445, -210221.21876970358, -206493.003524096, -211445.25269156738, -204368.2377956751]
Average Z : -198260.66974385674
Standard dev Z : 3876.4053211164564
Total Time taken : 1341.539 sec
