LiftedPTPParams [
inputFile=mln/webkb.dom.40.eclipse.mln.txt
evidenceFile=db/webkb.texas.5class.dom.40.evid.40.eclipse.txt
resultFile=results_04_06/webkb_40_40_true_approx_true_1000iter.out
queryString=PageClass_0_Course,LinkTo,PageClass_0_Person,PageClass_0_Faculty,PageClass_0_Student,PageClass_0_Department
isNormal=true
approximate=true
queryEvidence=false
numIter=1000
]
Time taken to create clauses in hyperCube form : 877 ms
Time taken to disjoint all hyperCubes : 1333 ms
Total number of clauses : 226
iteration no. : 0
iteration no. : 1
iteration no. : 2
iteration no. : 3
iteration no. : 4
iteration no. : 5
iteration no. : 6
iteration no. : 7
iteration no. : 8
iteration no. : 9
iteration no. : 10
iteration no. : 11
iteration no. : 12
iteration no. : 13
iteration no. : 14
iteration no. : 15
iteration no. : 16
iteration no. : 17
iteration no. : 18
iteration no. : 19
iteration no. : 20
iteration no. : 21
iteration no. : 22
iteration no. : 23
iteration no. : 24
iteration no. : 25
iteration no. : 26
iteration no. : 27
iteration no. : 28
iteration no. : 29
iteration no. : 30
iteration no. : 31
iteration no. : 32
iteration no. : 33
iteration no. : 34
iteration no. : 35
iteration no. : 36
iteration no. : 37
iteration no. : 38
iteration no. : 39
iteration no. : 40
iteration no. : 41
iteration no. : 42
iteration no. : 43
iteration no. : 44
iteration no. : 45
iteration no. : 46
iteration no. : 47
iteration no. : 48
iteration no. : 49
iteration no. : 50
iteration no. : 51
iteration no. : 52
iteration no. : 53
iteration no. : 54
iteration no. : 55
iteration no. : 56
iteration no. : 57
iteration no. : 58
iteration no. : 59
iteration no. : 60
iteration no. : 61
iteration no. : 62
iteration no. : 63
iteration no. : 64
iteration no. : 65
iteration no. : 66
iteration no. : 67
iteration no. : 68
iteration no. : 69
iteration no. : 70
iteration no. : 71
iteration no. : 72
iteration no. : 73
iteration no. : 74
iteration no. : 75
iteration no. : 76
iteration no. : 77
iteration no. : 78
iteration no. : 79
iteration no. : 80
iteration no. : 81
iteration no. : 82
iteration no. : 83
iteration no. : 84
iteration no. : 85
iteration no. : 86
iteration no. : 87
iteration no. : 88
iteration no. : 89
iteration no. : 90
iteration no. : 91
iteration no. : 92
iteration no. : 93
iteration no. : 94
iteration no. : 95
iteration no. : 96
iteration no. : 97
iteration no. : 98
iteration no. : 99
iteration no. : 100
iteration no. : 101
iteration no. : 102
iteration no. : 103
iteration no. : 104
iteration no. : 105
iteration no. : 106
iteration no. : 107
iteration no. : 108
iteration no. : 109
iteration no. : 110
iteration no. : 111
iteration no. : 112
iteration no. : 113
iteration no. : 114
iteration no. : 115
iteration no. : 116
iteration no. : 117
iteration no. : 118
iteration no. : 119
iteration no. : 120
iteration no. : 121
iteration no. : 122
iteration no. : 123
iteration no. : 124
iteration no. : 125
iteration no. : 126
iteration no. : 127
iteration no. : 128
iteration no. : 129
iteration no. : 130
iteration no. : 131
iteration no. : 132
iteration no. : 133
iteration no. : 134
iteration no. : 135
iteration no. : 136
iteration no. : 137
iteration no. : 138
iteration no. : 139
iteration no. : 140
iteration no. : 141
iteration no. : 142
iteration no. : 143
iteration no. : 144
iteration no. : 145
iteration no. : 146
iteration no. : 147
iteration no. : 148
iteration no. : 149
iteration no. : 150
iteration no. : 151
iteration no. : 152
iteration no. : 153
iteration no. : 154
iteration no. : 155
iteration no. : 156
iteration no. : 157
iteration no. : 158
iteration no. : 159
iteration no. : 160
iteration no. : 161
iteration no. : 162
iteration no. : 163
iteration no. : 164
iteration no. : 165
iteration no. : 166
iteration no. : 167
iteration no. : 168
iteration no. : 169
iteration no. : 170
iteration no. : 171
iteration no. : 172
iteration no. : 173
iteration no. : 174
iteration no. : 175
iteration no. : 176
iteration no. : 177
iteration no. : 178
iteration no. : 179
iteration no. : 180
iteration no. : 181
iteration no. : 182
iteration no. : 183
iteration no. : 184
iteration no. : 185
iteration no. : 186
iteration no. : 187
iteration no. : 188
iteration no. : 189
iteration no. : 190
iteration no. : 191
iteration no. : 192
iteration no. : 193
iteration no. : 194
iteration no. : 195
iteration no. : 196
iteration no. : 197
iteration no. : 198
iteration no. : 199
iteration no. : 200
iteration no. : 201
iteration no. : 202
iteration no. : 203
iteration no. : 204
iteration no. : 205
iteration no. : 206
iteration no. : 207
iteration no. : 208
iteration no. : 209
iteration no. : 210
iteration no. : 211
iteration no. : 212
iteration no. : 213
iteration no. : 214
iteration no. : 215
iteration no. : 216
iteration no. : 217
iteration no. : 218
iteration no. : 219
iteration no. : 220
iteration no. : 221
iteration no. : 222
iteration no. : 223
iteration no. : 224
iteration no. : 225
iteration no. : 226
iteration no. : 227
iteration no. : 228
iteration no. : 229
iteration no. : 230
iteration no. : 231
iteration no. : 232
iteration no. : 233
iteration no. : 234
iteration no. : 235
iteration no. : 236
iteration no. : 237
iteration no. : 238
iteration no. : 239
iteration no. : 240
iteration no. : 241
iteration no. : 242
iteration no. : 243
iteration no. : 244
iteration no. : 245
iteration no. : 246
iteration no. : 247
iteration no. : 248
iteration no. : 249
iteration no. : 250
iteration no. : 251
iteration no. : 252
iteration no. : 253
iteration no. : 254
iteration no. : 255
iteration no. : 256
iteration no. : 257
iteration no. : 258
iteration no. : 259
iteration no. : 260
iteration no. : 261
iteration no. : 262
iteration no. : 263
iteration no. : 264
iteration no. : 265
iteration no. : 266
iteration no. : 267
iteration no. : 268
iteration no. : 269
iteration no. : 270
iteration no. : 271
iteration no. : 272
iteration no. : 273
iteration no. : 274
iteration no. : 275
iteration no. : 276
iteration no. : 277
iteration no. : 278
iteration no. : 279
iteration no. : 280
iteration no. : 281
iteration no. : 282
iteration no. : 283
iteration no. : 284
iteration no. : 285
iteration no. : 286
iteration no. : 287
iteration no. : 288
iteration no. : 289
iteration no. : 290
iteration no. : 291
iteration no. : 292
iteration no. : 293
iteration no. : 294
iteration no. : 295
iteration no. : 296
iteration no. : 297
iteration no. : 298
iteration no. : 299
iteration no. : 300
iteration no. : 301
iteration no. : 302
iteration no. : 303
iteration no. : 304
iteration no. : 305
iteration no. : 306
iteration no. : 307
iteration no. : 308
iteration no. : 309
iteration no. : 310
iteration no. : 311
iteration no. : 312
iteration no. : 313
iteration no. : 314
iteration no. : 315
iteration no. : 316
iteration no. : 317
iteration no. : 318
iteration no. : 319
iteration no. : 320
iteration no. : 321
iteration no. : 322
iteration no. : 323
iteration no. : 324
iteration no. : 325
iteration no. : 326
iteration no. : 327
iteration no. : 328
iteration no. : 329
iteration no. : 330
iteration no. : 331
iteration no. : 332
iteration no. : 333
iteration no. : 334
iteration no. : 335
iteration no. : 336
iteration no. : 337
iteration no. : 338
iteration no. : 339
iteration no. : 340
iteration no. : 341
iteration no. : 342
iteration no. : 343
iteration no. : 344
iteration no. : 345
iteration no. : 346
iteration no. : 347
iteration no. : 348
iteration no. : 349
iteration no. : 350
iteration no. : 351
iteration no. : 352
iteration no. : 353
iteration no. : 354
iteration no. : 355
iteration no. : 356
iteration no. : 357
iteration no. : 358
iteration no. : 359
iteration no. : 360
iteration no. : 361
iteration no. : 362
iteration no. : 363
iteration no. : 364
iteration no. : 365
iteration no. : 366
iteration no. : 367
iteration no. : 368
iteration no. : 369
iteration no. : 370
iteration no. : 371
iteration no. : 372
iteration no. : 373
iteration no. : 374
iteration no. : 375
iteration no. : 376
iteration no. : 377
iteration no. : 378
iteration no. : 379
iteration no. : 380
iteration no. : 381
iteration no. : 382
iteration no. : 383
iteration no. : 384
iteration no. : 385
iteration no. : 386
iteration no. : 387
iteration no. : 388
iteration no. : 389
iteration no. : 390
iteration no. : 391
iteration no. : 392
iteration no. : 393
iteration no. : 394
iteration no. : 395
iteration no. : 396
iteration no. : 397
iteration no. : 398
iteration no. : 399
iteration no. : 400
iteration no. : 401
iteration no. : 402
iteration no. : 403
iteration no. : 404
iteration no. : 405
iteration no. : 406
iteration no. : 407
iteration no. : 408
iteration no. : 409
iteration no. : 410
iteration no. : 411
iteration no. : 412
iteration no. : 413
iteration no. : 414
iteration no. : 415
iteration no. : 416
iteration no. : 417
iteration no. : 418
iteration no. : 419
iteration no. : 420
iteration no. : 421
iteration no. : 422
iteration no. : 423
iteration no. : 424
iteration no. : 425
iteration no. : 426
iteration no. : 427
iteration no. : 428
iteration no. : 429
iteration no. : 430
iteration no. : 431
iteration no. : 432
iteration no. : 433
iteration no. : 434
iteration no. : 435
iteration no. : 436
iteration no. : 437
iteration no. : 438
iteration no. : 439
iteration no. : 440
iteration no. : 441
iteration no. : 442
iteration no. : 443
iteration no. : 444
iteration no. : 445
iteration no. : 446
iteration no. : 447
iteration no. : 448
iteration no. : 449
iteration no. : 450
iteration no. : 451
iteration no. : 452
iteration no. : 453
iteration no. : 454
iteration no. : 455
iteration no. : 456
iteration no. : 457
iteration no. : 458
iteration no. : 459
iteration no. : 460
iteration no. : 461
iteration no. : 462
iteration no. : 463
iteration no. : 464
iteration no. : 465
iteration no. : 466
iteration no. : 467
iteration no. : 468
iteration no. : 469
iteration no. : 470
iteration no. : 471
iteration no. : 472
iteration no. : 473
iteration no. : 474
iteration no. : 475
iteration no. : 476
iteration no. : 477
iteration no. : 478
iteration no. : 479
iteration no. : 480
iteration no. : 481
iteration no. : 482
iteration no. : 483
iteration no. : 484
iteration no. : 485
iteration no. : 486
iteration no. : 487
iteration no. : 488
iteration no. : 489
iteration no. : 490
iteration no. : 491
iteration no. : 492
iteration no. : 493
iteration no. : 494
iteration no. : 495
iteration no. : 496
iteration no. : 497
iteration no. : 498
iteration no. : 499
iteration no. : 500
iteration no. : 501
iteration no. : 502
iteration no. : 503
iteration no. : 504
iteration no. : 505
iteration no. : 506
iteration no. : 507
iteration no. : 508
iteration no. : 509
iteration no. : 510
iteration no. : 511
iteration no. : 512
iteration no. : 513
iteration no. : 514
iteration no. : 515
iteration no. : 516
iteration no. : 517
iteration no. : 518
iteration no. : 519
iteration no. : 520
iteration no. : 521
iteration no. : 522
iteration no. : 523
iteration no. : 524
iteration no. : 525
iteration no. : 526
iteration no. : 527
iteration no. : 528
iteration no. : 529
iteration no. : 530
iteration no. : 531
iteration no. : 532
iteration no. : 533
iteration no. : 534
iteration no. : 535
iteration no. : 536
iteration no. : 537
iteration no. : 538
iteration no. : 539
iteration no. : 540
iteration no. : 541
iteration no. : 542
iteration no. : 543
iteration no. : 544
iteration no. : 545
iteration no. : 546
iteration no. : 547
iteration no. : 548
iteration no. : 549
iteration no. : 550
iteration no. : 551
iteration no. : 552
iteration no. : 553
iteration no. : 554
iteration no. : 555
iteration no. : 556
iteration no. : 557
iteration no. : 558
iteration no. : 559
iteration no. : 560
iteration no. : 561
iteration no. : 562
iteration no. : 563
iteration no. : 564
iteration no. : 565
iteration no. : 566
iteration no. : 567
iteration no. : 568
iteration no. : 569
iteration no. : 570
iteration no. : 571
iteration no. : 572
iteration no. : 573
iteration no. : 574
iteration no. : 575
iteration no. : 576
iteration no. : 577
iteration no. : 578
iteration no. : 579
iteration no. : 580
iteration no. : 581
iteration no. : 582
iteration no. : 583
iteration no. : 584
iteration no. : 585
iteration no. : 586
iteration no. : 587
iteration no. : 588
iteration no. : 589
iteration no. : 590
iteration no. : 591
iteration no. : 592
iteration no. : 593
iteration no. : 594
iteration no. : 595
iteration no. : 596
iteration no. : 597
iteration no. : 598
iteration no. : 599
iteration no. : 600
iteration no. : 601
iteration no. : 602
iteration no. : 603
iteration no. : 604
iteration no. : 605
iteration no. : 606
iteration no. : 607
iteration no. : 608
iteration no. : 609
iteration no. : 610
iteration no. : 611
iteration no. : 612
iteration no. : 613
iteration no. : 614
iteration no. : 615
iteration no. : 616
iteration no. : 617
iteration no. : 618
iteration no. : 619
iteration no. : 620
iteration no. : 621
iteration no. : 622
iteration no. : 623
iteration no. : 624
iteration no. : 625
iteration no. : 626
iteration no. : 627
iteration no. : 628
iteration no. : 629
iteration no. : 630
iteration no. : 631
iteration no. : 632
iteration no. : 633
iteration no. : 634
iteration no. : 635
iteration no. : 636
iteration no. : 637
iteration no. : 638
iteration no. : 639
iteration no. : 640
iteration no. : 641
iteration no. : 642
iteration no. : 643
iteration no. : 644
iteration no. : 645
iteration no. : 646
iteration no. : 647
iteration no. : 648
iteration no. : 649
iteration no. : 650
iteration no. : 651
iteration no. : 652
iteration no. : 653
iteration no. : 654
iteration no. : 655
iteration no. : 656
iteration no. : 657
iteration no. : 658
iteration no. : 659
iteration no. : 660
iteration no. : 661
iteration no. : 662
iteration no. : 663
iteration no. : 664
iteration no. : 665
iteration no. : 666
iteration no. : 667
iteration no. : 668
iteration no. : 669
iteration no. : 670
iteration no. : 671
iteration no. : 672
iteration no. : 673
iteration no. : 674
iteration no. : 675
iteration no. : 676
iteration no. : 677
iteration no. : 678
iteration no. : 679
iteration no. : 680
iteration no. : 681
iteration no. : 682
iteration no. : 683
iteration no. : 684
iteration no. : 685
iteration no. : 686
iteration no. : 687
iteration no. : 688
iteration no. : 689
iteration no. : 690
iteration no. : 691
iteration no. : 692
iteration no. : 693
iteration no. : 694
iteration no. : 695
iteration no. : 696
iteration no. : 697
iteration no. : 698
iteration no. : 699
iteration no. : 700
iteration no. : 701
iteration no. : 702
iteration no. : 703
iteration no. : 704
iteration no. : 705
iteration no. : 706
iteration no. : 707
iteration no. : 708
iteration no. : 709
iteration no. : 710
iteration no. : 711
iteration no. : 712
iteration no. : 713
iteration no. : 714
iteration no. : 715
iteration no. : 716
iteration no. : 717
iteration no. : 718
iteration no. : 719
iteration no. : 720
iteration no. : 721
iteration no. : 722
iteration no. : 723
iteration no. : 724
iteration no. : 725
iteration no. : 726
iteration no. : 727
iteration no. : 728
iteration no. : 729
iteration no. : 730
iteration no. : 731
iteration no. : 732
iteration no. : 733
iteration no. : 734
iteration no. : 735
iteration no. : 736
iteration no. : 737
iteration no. : 738
iteration no. : 739
iteration no. : 740
iteration no. : 741
iteration no. : 742
iteration no. : 743
iteration no. : 744
iteration no. : 745
iteration no. : 746
iteration no. : 747
iteration no. : 748
iteration no. : 749
iteration no. : 750
iteration no. : 751
iteration no. : 752
iteration no. : 753
iteration no. : 754
iteration no. : 755
iteration no. : 756
iteration no. : 757
iteration no. : 758
iteration no. : 759
iteration no. : 760
iteration no. : 761
iteration no. : 762
iteration no. : 763
iteration no. : 764
iteration no. : 765
iteration no. : 766
iteration no. : 767
iteration no. : 768
iteration no. : 769
iteration no. : 770
iteration no. : 771
iteration no. : 772
iteration no. : 773
iteration no. : 774
iteration no. : 775
iteration no. : 776
iteration no. : 777
iteration no. : 778
iteration no. : 779
iteration no. : 780
iteration no. : 781
iteration no. : 782
iteration no. : 783
iteration no. : 784
iteration no. : 785
iteration no. : 786
iteration no. : 787
iteration no. : 788
iteration no. : 789
iteration no. : 790
iteration no. : 791
iteration no. : 792
iteration no. : 793
iteration no. : 794
iteration no. : 795
iteration no. : 796
iteration no. : 797
iteration no. : 798
iteration no. : 799
iteration no. : 800
iteration no. : 801
iteration no. : 802
iteration no. : 803
iteration no. : 804
iteration no. : 805
iteration no. : 806
iteration no. : 807
iteration no. : 808
iteration no. : 809
iteration no. : 810
iteration no. : 811
iteration no. : 812
iteration no. : 813
iteration no. : 814
iteration no. : 815
iteration no. : 816
iteration no. : 817
iteration no. : 818
iteration no. : 819
iteration no. : 820
iteration no. : 821
iteration no. : 822
iteration no. : 823
iteration no. : 824
iteration no. : 825
iteration no. : 826
iteration no. : 827
iteration no. : 828
iteration no. : 829
iteration no. : 830
iteration no. : 831
iteration no. : 832
iteration no. : 833
iteration no. : 834
iteration no. : 835
iteration no. : 836
iteration no. : 837
iteration no. : 838
iteration no. : 839
iteration no. : 840
iteration no. : 841
iteration no. : 842
iteration no. : 843
iteration no. : 844
iteration no. : 845
iteration no. : 846
iteration no. : 847
iteration no. : 848
iteration no. : 849
iteration no. : 850
iteration no. : 851
iteration no. : 852
iteration no. : 853
iteration no. : 854
iteration no. : 855
iteration no. : 856
iteration no. : 857
iteration no. : 858
iteration no. : 859
iteration no. : 860
iteration no. : 861
iteration no. : 862
iteration no. : 863
iteration no. : 864
iteration no. : 865
iteration no. : 866
iteration no. : 867
iteration no. : 868
iteration no. : 869
iteration no. : 870
iteration no. : 871
iteration no. : 872
iteration no. : 873
iteration no. : 874
iteration no. : 875
iteration no. : 876
iteration no. : 877
iteration no. : 878
iteration no. : 879
iteration no. : 880
iteration no. : 881
iteration no. : 882
iteration no. : 883
iteration no. : 884
iteration no. : 885
iteration no. : 886
iteration no. : 887
iteration no. : 888
iteration no. : 889
iteration no. : 890
iteration no. : 891
iteration no. : 892
iteration no. : 893
iteration no. : 894
iteration no. : 895
iteration no. : 896
iteration no. : 897
iteration no. : 898
iteration no. : 899
iteration no. : 900
iteration no. : 901
iteration no. : 902
iteration no. : 903
iteration no. : 904
iteration no. : 905
iteration no. : 906
iteration no. : 907
iteration no. : 908
iteration no. : 909
iteration no. : 910
iteration no. : 911
iteration no. : 912
iteration no. : 913
iteration no. : 914
iteration no. : 915
iteration no. : 916
iteration no. : 917
iteration no. : 918
iteration no. : 919
iteration no. : 920
iteration no. : 921
iteration no. : 922
iteration no. : 923
iteration no. : 924
iteration no. : 925
iteration no. : 926
iteration no. : 927
iteration no. : 928
iteration no. : 929
iteration no. : 930
iteration no. : 931
iteration no. : 932
iteration no. : 933
iteration no. : 934
iteration no. : 935
iteration no. : 936
iteration no. : 937
iteration no. : 938
iteration no. : 939
iteration no. : 940
iteration no. : 941
iteration no. : 942
iteration no. : 943
iteration no. : 944
iteration no. : 945
iteration no. : 946
iteration no. : 947
iteration no. : 948
iteration no. : 949
iteration no. : 950
iteration no. : 951
iteration no. : 952
iteration no. : 953
iteration no. : 954
iteration no. : 955
iteration no. : 956
iteration no. : 957
iteration no. : 958
iteration no. : 959
iteration no. : 960
iteration no. : 961
iteration no. : 962
iteration no. : 963
iteration no. : 964
iteration no. : 965
iteration no. : 966
iteration no. : 967
iteration no. : 968
iteration no. : 969
iteration no. : 970
iteration no. : 971
iteration no. : 972
iteration no. : 973
iteration no. : 974
iteration no. : 975
iteration no. : 976
iteration no. : 977
iteration no. : 978
iteration no. : 979
iteration no. : 980
iteration no. : 981
iteration no. : 982
iteration no. : 983
iteration no. : 984
iteration no. : 985
iteration no. : 986
iteration no. : 987
iteration no. : 988
iteration no. : 989
iteration no. : 990
iteration no. : 991
iteration no. : 992
iteration no. : 993
iteration no. : 994
iteration no. : 995
iteration no. : 996
iteration no. : 997
iteration no. : 998
iteration no. : 999
Time taken for 1000 iterations : 2684.709 sec
zArray : [-31531.347499324474, -33348.762760574406, -33508.62845476195, -32966.18324827811, -33437.48067354587, -34431.77662023961, -31712.725770784487, -33106.178303284774, -33740.49094991364, -34027.90188646161, -32319.961268969582, -33358.056358867005, -32590.443693183755, -32087.8102607623, -32971.30494470731, -32633.077518073045, -32178.820167046626, -34348.37745873974, -33482.869415176414, -33581.40450689336, -32236.859903966237, -32233.785380187906, -33059.26959410032, -33739.56139279149, -32275.715901655647, -34889.45045098877, -31949.18945119474, -31563.221008801287, -32277.779525228907, -32943.53085099583, -33303.2430087371, -33419.794897898624, -33668.66400853992, -33119.070699660435, -33711.87421586409, -34453.59736719822, -31823.50237588579, -31962.560430011243, -34331.54466914084, -33460.79258046046, -32613.168148625453, -34179.67747480379, -33183.514797212, -31762.324281914214, -33055.518619444694, -32332.04012846169, -33915.33066098769, -32537.469706311545, -33244.56757420963, -32880.87485368202, -33746.86329367453, -32034.031555476813, -33577.34095723764, -34155.16063091283, -32257.434528973135, -31800.3242663334, -32289.649251401952, -32384.884576106655, -32617.095598380525, -33489.32096670174, -34776.88252341123, -31655.818770742877, -33226.21224382747, -32952.69354015332, -32246.616872039973, -33210.65572301665, -33373.81666703919, -31872.376648049783, -32119.254840758087, -33500.157688772175, -32877.848003193365, -34771.668803336775, -32952.92208902212, -32659.825457582952, -33896.78405754008, -33752.57771625812, -32988.834415818776, -34272.86767978713, -33742.823017456845, -30770.00249964461, -32367.30968220239, -33656.07294022747, -33247.49804835209, -32989.234208715185, -34123.9026847724, -32253.78498011494, -32746.622061910126, -32162.07748902925, -32735.7503560168, -36132.74185925352, -34353.1288924588, -32755.35126910826, -33533.524330271284, -33919.744233374826, -32196.65222152418, -31997.828107769237, -33156.02034329875, -33873.08001493458, -35129.48185265373, -32939.09053310991, -33576.43742020379, -33913.13568366461, -32996.46282973862, -33667.99848586869, -34526.670368480365, -31151.11237201654, -33188.01091257792, -33641.628561946374, -33103.08423432635, -32954.35232839795, -34960.10328843672, -32798.20112140984, -33650.28946232479, -31254.57530631857, -31128.28360473263, -32781.94352027062, -33333.71107047172, -34390.28766867693, -32053.486268968343, -32221.097244873934, -32026.885357946743, -34011.92596679667, -33085.779518903924, -30966.43230241076, -34508.32401327579, -34103.397825942535, -32752.99502219469, -33571.76424582121, -32861.13847214061, -32588.983686895677, -34030.877389764595, -33069.4235185096, -32954.14022758779, -32944.826414903284, -32283.49958459981, -33664.82094852364, -34023.668128177924, -33481.39533680273, -33785.05733288111, -32162.16002788905, -34141.15533197781, -33018.143347232166, -32262.756145893454, -33666.415489851184, -31703.55165305818, -32154.920642022786, -32564.204062289467, -31689.386038296245, -33533.032644023784, -33103.77463280804, -33723.693129385225, -32663.79920871954, -33012.512703554705, -35124.76731726803, -33099.74606445082, -31752.51552100661, -33040.566487318174, -32216.054124976286, -31777.77415876848, -33913.98735317786, -33341.68111225874, -32515.47886092633, -32324.9422650109, -34345.527700078754, -31660.24953624763, -34084.0541179783, -31611.132426858694, -32362.95877987579, -33682.18147418464, -32487.121718557108, -33802.707335043175, -33104.25894170238, -32577.280060733076, -34176.44861707168, -32654.91104893068, -33387.646026208975, -34206.45785094035, -32212.5244101332, -32893.203181095894, -34400.448401316724, -31562.693477477067, -33439.24645236657, -32617.781995135505, -32703.978768865847, -33596.40053875448, -32811.81597706465, -32884.153325601306, -33054.56604688178, -32506.036102297174, -32826.71796785327, -33058.85170986212, -33055.58083950477, -32514.25451629718, -30915.443853571116, -33840.01584691959, -32010.72445863768, -32070.73888598527, -33142.698621732015, -32851.55739218399, -35312.987663458094, -31964.970328031482, -32334.40946764039, -33898.706842777116, -31970.778977574722, -32785.11014978812, -32170.416340746488, -34103.41053287561, -32872.50559331513, -33732.338751911506, -34547.054987483774, -32336.834165895267, -31549.2407975737, -32090.997291048523, -33203.47184931014, -32929.43664239344, -33057.249204345426, -32588.345668094364, -34191.06455215624, -32367.112551971957, -31707.68786976441, -33243.40537289603, -33062.19976826424, -33300.59961848023, -32009.416706372594, -33568.81416024228, -33829.098695313936, -33994.45141377146, -32661.432844825973, -33044.19187216584, -31819.495539094176, -31673.7086806092, -32550.220017276388, -33658.98136008203, -34427.80376151288, -33149.92757533496, -33515.17803222506, -33493.78521876302, -34081.830254776454, -34254.95257910664, -33385.61705135702, -32535.12095954458, -31122.497438055794, -32191.337327913276, -31693.817355813342, -34303.06902998514, -33084.693678896394, -32989.53845175544, -34236.98152438958, -32431.859841259968, -31934.289799191465, -34114.95295248886, -32234.350440767976, -33393.876957151304, -33345.14439671967, -32841.62260256756, -33063.88962504262, -31090.811613922368, -33417.144607963295, -32038.6261356893, -34280.27458303962, -32790.75671945426, -33281.456099894254, -31395.019915293724, -30733.986598664018, -34186.60408806701, -33521.863641775075, -32445.63826180549, -33226.07094466193, -33099.620031665785, -33678.78564269244, -33530.388385694205, -33722.08866090825, -32907.568551678414, -33742.15910612553, -32990.637831536835, -32974.57600764332, -32567.759715410826, -30913.392810236997, -34125.04610678227, -34175.055906777336, -31877.44211905922, -31530.014704094483, -32840.70656602733, -32678.086333859384, -32771.261800248474, -33304.935129806945, -34367.86067431061, -34241.1242215594, -34397.47679271122, -34849.33100970933, -33382.391071939, -32126.317080227014, -32679.883408008907, -33506.19281750036, -34153.59506246537, -33310.76441190152, -32004.046667916013, -32824.71564300404, -31722.869043957046, -32985.92085302074, -33918.970201371725, -35131.24038411058, -32374.454520405518, -32578.56349729547, -31691.751155257527, -31767.768066384335, -31847.300118399897, -33953.92986507395, -32995.42053443244, -32022.30867363619, -35473.073337208596, -32238.53220624799, -33123.13437376015, -32915.15681731791, -34054.77012967669, -33047.718130809786, -32840.81807327331, -31077.911853713915, -33863.93603684124, -32447.57595519169, -32027.794220165546, -32261.007813532644, -33781.07212824988, -32451.010936270468, -32705.037937764944, -33167.42916624543, -33689.15218499567, -31395.099923683847, -32614.504723350714, -34087.32250514309, -34027.796105093694, -31018.365536604633, -33982.44139325719, -32146.987417592503, -32322.223303654908, -32671.78101118746, -35478.68621976148, -31746.645754583213, -34144.30125697382, -32469.5168741852, -32829.749332616186, -33855.16681149049, -32717.91556785453, -32550.22512472967, -32522.478332090635, -32353.794203314006, -34136.29591373129, -33489.80219929506, -34053.39740396078, -32224.652264521803, -34243.10916603512, -32899.59640898216, -32116.03432311804, -32357.303837374853, -33071.28263149836, -32074.724312195212, -32641.290536729142, -34621.846819172315, -30831.713491678627, -32614.968457409544, -32336.65522102955, -33883.33026715309, -32371.626730447842, -32203.943681428984, -34053.64216550029, -33044.836031466824, -31143.63262323748, -32909.0560185199, -33730.63401643783, -34246.13186967407, -35098.62969992398, -33238.38639895916, -33008.37155272778, -32702.481203838557, -31146.985859248613, -32546.11365156432, -32110.431597862378, -34591.167765244994, -34325.03360612678, -32865.94072704822, -32400.319102474186, -32293.359032068172, -32262.868440114664, -32406.610824733034, -32549.186882413032, -33782.06573124923, -33353.51532938639, -34368.46755994007, -32267.53628927643, -32474.560512951535, -32048.65112494403, -33171.08963874229, -31951.215252843056, -32746.987432412923, -32321.161058556983, -31568.182676632554, -32691.682075089324, -32904.62206367579, -32333.48594956439, -34618.06490691403, -32874.6656063576, -32428.624782923336, -32142.09483624881, -33971.87961294176, -32132.042879869183, -32754.519313983878, -31605.484523593146, -31959.425264142097, -33910.424627100736, -33032.77340970197, -31020.50384482162, -32386.58864187677, -33297.01685290074, -35050.37491005168, -32632.986216952293, -33952.89874099858, -32286.665742111396, -31799.99497707413, -33710.20707903753, -33408.1182282725, -33468.91355440599, -31495.485878932563, -32190.675170231676, -32235.52640640098, -32948.85954886234, -32629.544786824692, -33066.56550801617, -31272.370101091972, -32652.126470931606, -31296.443721446347, -32562.01144252405, -33504.19338133904, -31256.988926486392, -33431.16258559268, -32117.386518396004, -33632.413390446425, -33596.39609130541, -33373.72873820961, -33539.91702725981, -35180.63749736701, -34118.552393731836, -32119.65642999723, -32455.493834761404, -31997.20253493958, -31878.334660581335, -32785.25231210456, -32921.08252604572, -32146.334044634088, -32773.22712200337, -32598.904922191075, -33041.36321277064, -32131.49442135106, -32747.034364996452, -33850.73566401556, -33168.01835293983, -34532.753655446315, -31688.455759356155, -32819.85190153995, -32187.068003878, -33190.68779526193, -31246.392435768208, -33448.81663397209, -34533.767852144294, -31157.789056130187, -31662.63154482459, -32647.83844158654, -33293.23979629651, -34793.09621079754, -31835.88043885527, -33022.78842034281, -30655.680595801776, -34863.04414728686, -34739.343681233055, -32549.05654112376, -32873.191178983, -33259.2317833656, -32280.511142861098, -32024.93730502927, -32622.130392114283, -31533.227896073564, -34662.10922393265, -34518.99945020005, -33166.20505742039, -33025.614632190016, -33162.957276794485, -33444.395825268606, -32522.703782794568, -32691.51113126971, -33413.079888179294, -32020.794292384304, -32392.938880191203, -32173.611778470527, -32787.04125910754, -34223.894886962735, -30968.99407339116, -32867.657624439285, -32741.218580847602, -33431.49437732078, -32437.932019311032, -32958.6748054372, -33670.21592653349, -34197.103944258604, -32904.573256118834, -33390.90225591187, -33093.91074798322, -33052.365433390805, -33559.48144192166, -35714.84800150399, -32444.59175415949, -33043.070468945254, -31775.77110901721, -34619.91099450531, -32338.160160368872, -34823.208245468144, -31578.94819381076, -31498.95098433697, -32305.399948260412, -31696.572174993173, -32443.74729142513, -33357.83832595357, -32117.812725634198, -32406.348037606174, -33820.52962219687, -33512.027935263104, -32246.706364943537, -32854.66274664257, -33429.64978636214, -31480.94728866325, -32323.49852433094, -32307.83326287536, -32944.56394218261, -31373.901166589832, -31849.695333892036, -32988.118016173896, -33137.37281063934, -34149.05912345738, -32647.261410185947, -32920.886940602555, -32316.117864187738, -33568.6685110951, -31162.78865625601, -32403.52552082994, -33673.92993271989, -33279.3282407368, -33684.00863067214, -32055.750020613017, -33170.50504483928, -34779.10722359946, -33895.27379998673, -34977.82946247942, -33688.52385571384, -32596.704070271197, -31744.942806003728, -31795.21125712905, -31763.83334246871, -32148.035372205344, -32131.179502776566, -32005.17166167764, -32405.122305628993, -33208.02730876545, -33514.2699417922, -32232.503442386616, -33164.493033199025, -32664.09356507586, -32148.32201482279, -33012.950574435905, -32295.330038473116, -33485.931755129066, -33801.42233957875, -33489.186386071065, -32343.959549137617, -33290.951273643266, -34095.96001903228, -32708.336045590324, -32620.29728800668, -33253.288006062394, -33422.824854753366, -33125.41016279669, -34691.38556622175, -32174.62676457979, -33370.130542317645, -33057.48680017442, -33004.21441055791, -31422.195534085982, -32500.24387551501, -34514.261963127974, -33560.393439817046, -32407.563972182983, -31814.59509838585, -35583.095104716915, -31329.680850230267, -33699.098803110355, -34714.39386461819, -32782.67602804837, -32250.32464694534, -32199.548351931164, -34575.29452184483, -31067.740956175086, -31489.45782262372, -31072.608282791374, -32299.38812374917, -33873.778591100534, -33809.46205043274, -31492.174194393625, -31877.393438042294, -34738.076957449695, -33542.79039432765, -31744.132744594528, -32749.874401525183, -32541.177351162205, -33904.81558719201, -32565.03041986303, -32287.03876272082, -34354.16762089098, -32536.501051101357, -32247.973535978148, -34708.89352787647, -32091.31854893055, -32957.64372513927, -33261.46145276149, -32136.61019766903, -30651.199497527756, -31375.984406581392, -33180.09882355393, -34844.500640728955, -32450.181673095205, -33554.30833588772, -31172.116663246885, -34870.890565974885, -33922.88212169434, -32469.626384018306, -33012.96748792019, -33359.18251660806, -32449.676485263997, -35217.698300467724, -33783.60165556885, -32355.322890844385, -33177.85544568139, -30957.09476590915, -35287.468200650634, -33990.39574692645, -31502.364493275352, -32764.675234257465, -34136.08314345539, -34205.32471671755, -32946.45918163242, -31790.436633078087, -34185.96695385006, -33241.72008637932, -34424.42878034315, -34175.35711062376, -32973.49343168996, -32621.060713639745, -33592.987431125206, -34079.978806215935, -34200.12389968043, -33249.7179837576, -33605.08597068126, -32982.59456160024, -31648.095350289386, -34477.07564337666, -32031.529300846287, -35180.271366682915, -33388.89646378034, -33790.99843341948, -32877.566219901695, -34982.64702506955, -32670.58688708475, -31832.48457055568, -33445.75480659245, -32553.686703376854, -32902.626215767756, -33368.44312541273, -31772.611885927978, -31731.399250625196, -34206.53198555409, -33402.36050551302, -34304.08530733966, -32855.09385062018, -31336.13223679502, -34057.99427992582, -33539.273492509725, -33282.362536911074, -30370.979701326047, -31262.580641842877, -31840.35285728976, -34526.653194316124, -32720.725858543003, -31833.92156596483, -31985.26959473308, -33298.1714489587, -31998.396361999145, -31786.825930573625, -33164.99187449322, -33982.88442610784, -32029.503316258306, -31626.81413713554, -32855.75716333811, -32053.373541069286, -34599.89013112983, -32931.43039927488, -32299.315292233427, -31868.06215191184, -33584.53924433577, -32571.69571761839, -33294.17604670502, -33878.685803542896, -32739.938346276194, -33804.49188655215, -33438.63991577038, -32514.00849706241, -33400.23348755637, -30994.317737688612, -32562.998258472213, -34806.29834456915, -32436.46837892409, -32307.007397845544, -35037.2892677845, -34073.59421085515, -32687.559122856903, -34320.50214405342, -34018.35800155552, -33511.21702061943, -33829.41692104349, -35177.00197020628, -33101.436991892275, -31981.558880699147, -31552.622858025003, -32746.82018824259, -32601.76081706478, -32769.84545604154, -32754.58925305284, -33700.53184403726, -32079.60145467546, -32803.59975816294, -32192.848810606625, -32667.300058791323, -33535.35662449341, -32561.9973299863, -32451.786203882537, -31666.774128321158, -32696.497190512353, -33591.34467463968, -32751.75420340931, -32208.619631902977, -33723.32018493204, -32215.086482770424, -33523.73402810755, -33978.51923751448, -33729.15564565852, -33794.649301804784, -31751.885876739907, -32622.396231106184, -34252.94747999835, -32792.14083547623, -33129.49473912255, -33561.00062106366, -33158.18585429213, -32696.67309695064, -33431.060759184606, -32158.97118920272, -32638.257978317353, -30799.170799153715, -34614.10429770858, -34649.57540994243, -33255.13644976186, -32475.64982827792, -33594.13204999446, -32081.17201538106, -32888.238893713155, -35593.56353246096, -34165.222002203496, -32627.202128754405, -31989.34512843766, -33155.88176326218, -33307.143485805515, -33805.70379121585, -32768.2562375371, -33143.88530126893, -33470.116496144394, -32630.93399873781, -30968.550692854806, -31546.764195953587, -32350.64712153843, -32694.248902851883, -32635.347468846023, -33154.852470813246, -33165.731467851314, -33279.40078266644, -31910.55635940386, -34186.00903820555, -32937.63872351884, -34506.27091149061, -30586.03856220946, -31599.99652190915, -32063.003280561374, -32423.922552761982, -33759.35084574424, -32518.768560980232, -31138.712953994476, -34133.735779047536, -32476.909682786387, -34007.58251065975, -34598.47530027968, -33164.31378045804, -33223.3098321556, -31550.41754197389, -32598.79992078412, -33005.02236909881, -33030.814872252384, -30604.169791952052, -31999.899155511885, -33775.62372633338, -30707.488726877626, -32809.43344851906, -33409.05580541272, -32029.260398469967, -33156.61199074078, -33391.002373235126, -31626.789348024133, -33592.03162976389, -32096.61542931349, -33938.348227945426, -33713.098888721324, -33304.943418033385, -33801.13232475455, -31334.973066493323, -32933.36731135297, -31347.289447870244, -33785.55601302055, -35050.12188145436, -32709.38958177151, -31563.274850708338, -32430.671680120093, -31923.121483205854, -31991.65910593663, -33581.35957297823, -31233.316424994086, -33274.96141867706, -32010.49050019629, -33172.828040994755, -32502.388353028484, -34730.11608156171, -32465.786033733595, -31115.799778895103, -33356.42192404451, -33720.81321938723, -33574.76259423231, -33307.54265117954, -33743.74564941124, -32510.044903015547, -34288.742225716655, -34171.25597974196, -32756.235728285905, -33608.91588324017, -32241.642014055768, -34534.94790908479, -31870.260467924156, -33090.29826153615, -32799.10027384701, -32531.268366627453, -32808.38610383728, -32177.727066279236, -32710.753548242283, -32705.199183540048, -33928.38145623405, -33925.605125664064, -33680.93810112576, -33821.48488642278, -33027.07579467457, -33225.29577402175, -34362.659742659256, -33728.22237843262, -33455.44623643797, -32928.94430798725, -32379.74938001239, -33415.151883489474, -33069.44287760062, -34796.301136107846, -33069.14351122526, -32329.524811829873, -32894.244071408, -32476.81002094168, -31868.657979577376, -32886.56645140105, -31626.47876198611, -32406.783232716738, -31077.81063516936, -33326.23393621595, -31316.79281120515, -32794.51200017285, -35154.62794597873, -33778.18009244449, -32054.53964355532, -32533.341529698086, -33318.772747713614, -32536.012916229443, -32074.384473218648, -30862.766732758322, -32992.77365535535, -33154.54512388013, -34067.59620306767, -32088.13168484606, -33788.936631421806, -32511.5657363786, -32407.530164508054, -32674.507982148196, -32867.603704073874, -32415.302229303335, -34691.50693746087, -34551.53028291203, -33370.56010209404, -35231.750094027986, -33352.22832370668, -33778.030893010815, -33378.124621095514, -33432.65554023254, -33833.738910821536, -32302.752214339052, -34023.55450619539, -32515.40387900713, -33890.57276529156, -32190.217662180425, -33176.45263744901, -32447.735435648516, -31850.16183295252, -33772.37670633904, -33609.330924619964, -33031.32782651881, -32215.99653932374, -33117.45876459333, -33972.699995837334, -32802.423271815554, -33347.572509107675, -32817.03509283027, -34529.42764895958, -33507.991063186746, -31395.7705015797, -31033.703458773336, -32525.75984283764, -34100.835865198045, -34456.50830146495, -33442.27060684695, -33134.1643303795, -32153.76170716422, -33262.70241232661, -33975.8830486849, -31541.391867470764, -33089.11585800842, -32359.20412490747, -33225.65712459381, -32257.877225593747, -32963.47261685579, -33380.19876864017, -33912.59117695751, -33238.24623787513, -33873.05473649668, -32406.763582466283, -33042.55320396451, -30590.214514463823, -31967.245312685525, -31763.093159412827, -35128.51199538515, -34434.52189330222, -31833.68626053009, -33082.39769044407, -34330.747481074985, -31405.273511733365, -32987.00483195116, -32954.88479633179, -31002.48979568719, -31974.004783072705, -32688.478162008018, -32882.64773677833, -32879.1217610402, -31246.308430868088, -33848.71554649911, -31659.330804875743, -33013.03192142047, -32681.507598287084, -33148.6592374653, -34369.89957864422, -34416.510348577096, -32716.658530310553, -32817.5291493816, -34658.90835158758, -31224.642456246136, -31874.76983786545, -32956.262220948476, -32680.348815406192, -31918.116008900644, -33203.94820926554, -33047.187573291645, -31844.308199912222, -33167.988906938335, -33879.886181170325, -32185.58234724334, -33014.73227896718, -32228.299984891182, -32293.42707527312]
Average Z : -30377.88745660503
Standard dev Z : 975.9738132588003
Total Time taken : 2686.921 sec
