LiftedPTPParams [
inputFile=mln/webkb.dom.60.eclipse.mln.txt
evidenceFile=db/webkb.texas.5class.dom.60.evid.40.eclipse.txt
resultFile=results_04_06/webkb_60_40_false_approx_true.out
queryString=PageClass_0_Course,LinkTo,PageClass_0_Person,PageClass_0_Faculty,PageClass_0_Student,PageClass_0_Department
isNormal=false
approximate=true
queryEvidence=false
numIter=240
]
Time taken to create clauses in hyperCube form : 12787 ms
Time taken to disjoint all hyperCubes : 1070 ms
Total number of clauses : 226
iteration no. : 0
iteration no. : 1
iteration no. : 2
iteration no. : 3
iteration no. : 4
iteration no. : 5
iteration no. : 6
iteration no. : 7
iteration no. : 8
iteration no. : 9
iteration no. : 10
iteration no. : 11
iteration no. : 12
iteration no. : 13
iteration no. : 14
iteration no. : 15
iteration no. : 16
iteration no. : 17
iteration no. : 18
iteration no. : 19
iteration no. : 20
iteration no. : 21
iteration no. : 22
iteration no. : 23
iteration no. : 24
iteration no. : 25
iteration no. : 26
iteration no. : 27
iteration no. : 28
iteration no. : 29
iteration no. : 30
iteration no. : 31
iteration no. : 32
iteration no. : 33
iteration no. : 34
iteration no. : 35
iteration no. : 36
iteration no. : 37
iteration no. : 38
iteration no. : 39
iteration no. : 40
iteration no. : 41
iteration no. : 42
iteration no. : 43
iteration no. : 44
iteration no. : 45
iteration no. : 46
iteration no. : 47
iteration no. : 48
iteration no. : 49
iteration no. : 50
iteration no. : 51
iteration no. : 52
iteration no. : 53
iteration no. : 54
iteration no. : 55
iteration no. : 56
iteration no. : 57
iteration no. : 58
iteration no. : 59
iteration no. : 60
iteration no. : 61
iteration no. : 62
iteration no. : 63
iteration no. : 64
iteration no. : 65
iteration no. : 66
iteration no. : 67
iteration no. : 68
iteration no. : 69
iteration no. : 70
iteration no. : 71
iteration no. : 72
iteration no. : 73
iteration no. : 74
iteration no. : 75
iteration no. : 76
iteration no. : 77
iteration no. : 78
iteration no. : 79
iteration no. : 80
iteration no. : 81
iteration no. : 82
iteration no. : 83
iteration no. : 84
iteration no. : 85
iteration no. : 86
iteration no. : 87
iteration no. : 88
iteration no. : 89
iteration no. : 90
iteration no. : 91
iteration no. : 92
iteration no. : 93
iteration no. : 94
iteration no. : 95
iteration no. : 96
iteration no. : 97
iteration no. : 98
iteration no. : 99
iteration no. : 100
iteration no. : 101
iteration no. : 102
iteration no. : 103
iteration no. : 104
iteration no. : 105
iteration no. : 106
iteration no. : 107
iteration no. : 108
iteration no. : 109
iteration no. : 110
iteration no. : 111
iteration no. : 112
iteration no. : 113
iteration no. : 114
iteration no. : 115
iteration no. : 116
iteration no. : 117
iteration no. : 118
iteration no. : 119
iteration no. : 120
iteration no. : 121
iteration no. : 122
iteration no. : 123
iteration no. : 124
iteration no. : 125
iteration no. : 126
iteration no. : 127
iteration no. : 128
iteration no. : 129
iteration no. : 130
iteration no. : 131
iteration no. : 132
iteration no. : 133
iteration no. : 134
iteration no. : 135
iteration no. : 136
iteration no. : 137
iteration no. : 138
iteration no. : 139
iteration no. : 140
iteration no. : 141
iteration no. : 142
iteration no. : 143
iteration no. : 144
iteration no. : 145
iteration no. : 146
iteration no. : 147
iteration no. : 148
iteration no. : 149
iteration no. : 150
iteration no. : 151
iteration no. : 152
iteration no. : 153
iteration no. : 154
iteration no. : 155
iteration no. : 156
iteration no. : 157
iteration no. : 158
iteration no. : 159
iteration no. : 160
iteration no. : 161
iteration no. : 162
iteration no. : 163
iteration no. : 164
iteration no. : 165
iteration no. : 166
iteration no. : 167
iteration no. : 168
iteration no. : 169
iteration no. : 170
iteration no. : 171
iteration no. : 172
iteration no. : 173
iteration no. : 174
iteration no. : 175
iteration no. : 176
iteration no. : 177
iteration no. : 178
iteration no. : 179
iteration no. : 180
iteration no. : 181
iteration no. : 182
iteration no. : 183
iteration no. : 184
iteration no. : 185
iteration no. : 186
iteration no. : 187
iteration no. : 188
iteration no. : 189
iteration no. : 190
iteration no. : 191
iteration no. : 192
iteration no. : 193
iteration no. : 194
iteration no. : 195
iteration no. : 196
iteration no. : 197
iteration no. : 198
iteration no. : 199
iteration no. : 200
iteration no. : 201
iteration no. : 202
iteration no. : 203
iteration no. : 204
iteration no. : 205
iteration no. : 206
iteration no. : 207
iteration no. : 208
iteration no. : 209
iteration no. : 210
iteration no. : 211
iteration no. : 212
iteration no. : 213
iteration no. : 214
iteration no. : 215
iteration no. : 216
iteration no. : 217
iteration no. : 218
iteration no. : 219
iteration no. : 220
iteration no. : 221
iteration no. : 222
iteration no. : 223
iteration no. : 224
iteration no. : 225
iteration no. : 226
iteration no. : 227
iteration no. : 228
iteration no. : 229
iteration no. : 230
iteration no. : 231
iteration no. : 232
iteration no. : 233
iteration no. : 234
iteration no. : 235
iteration no. : 236
iteration no. : 237
iteration no. : 238
iteration no. : 239
Time taken for 240 iterations : 233.051 sec
zArray : [-72924.97434845143, -73279.91698645578, -75163.66510714918, -76450.43095056895, -74902.70283853625, -73984.3327523954, -76106.72006322232, -73466.28214319724, -73437.73035433452, -72994.21334875771, -73731.69830382026, -78552.53381424192, -75292.83866615056, -72693.02188857419, -76825.29002634174, -71048.84910348825, -75380.33540132563, -75575.06171535043, -72818.09097691443, -76527.08606058502, -76958.21494306256, -73847.9997672913, -72911.08208261247, -71802.29899232139, -72641.96386435865, -71604.95235715205, -74652.69796204989, -73949.194771679, -73130.1820982958, -75121.39346317649, -72687.64550082125, -78109.48812762229, -75705.42410546701, -74923.20191817945, -72699.4766724446, -74150.48913611549, -70662.235778107, -72948.34737252131, -73138.81494980222, -77863.82454950688, -75425.39273926118, -70712.22750236544, -77080.32910869578, -74415.37847495606, -75955.32772438561, -73962.74627169545, -73633.71182848656, -73542.69961209038, -74008.2719773561, -75716.92035038894, -72047.44167538562, -78061.37237662144, -75348.30104046017, -79398.12592126097, -71687.85293375287, -74392.48453146666, -75202.74071495283, -71380.43692668866, -71880.11291264782, -73723.28105183158, -74508.47214051611, -76395.66406023536, -76118.2434038284, -75439.82035191469, -72800.5176151704, -74889.54571648297, -75899.4918327948, -74285.65603297178, -72196.09964031147, -74605.32876466669, -71824.79282109796, -75849.33224209455, -70416.17789467967, -73784.49493924818, -74892.74106237481, -75924.48608684303, -76438.13243220883, -75132.02259764001, -75312.41723374429, -74667.9778506314, -77725.50405196464, -72221.90301478915, -75825.17648073315, -74578.08807797245, -76030.30569068562, -73815.09869453142, -76697.21696692659, -74389.16806519496, -73441.4033061695, -72688.0623489127, -73333.89372396632, -72186.32134503829, -75425.28811026979, -73719.94578631285, -72118.94243689129, -74426.13348359441, -77797.03254449532, -74068.16573074102, -76403.65271440458, -71483.56979046049, -76183.33403997452, -77852.06814674239, -74502.62232007897, -75153.06069647524, -73418.34627683314, -74788.81420076422, -74358.41988443177, -76228.65226583833, -76011.89522239962, -70668.49513768361, -75195.81920054853, -72309.33849823051, -76788.57745341369, -72107.56397996294, -72954.41021454129, -76063.08250704042, -72390.74914594648, -73924.09454120425, -75932.1245444091, -75011.5435395714, -73751.93925410614, -76476.0282064333, -73968.24552967574, -72048.68699714392, -73282.14663609538, -71555.51554933048, -76984.49045542779, -73471.42892127023, -75753.56305389923, -70945.84867926431, -74852.45610103007, -73609.1026436021, -73046.51944097549, -74010.1862175747, -74117.92892552052, -74711.6340622896, -77371.92143951563, -73758.13691224992, -72487.1916262006, -76353.97402526242, -72172.12911450244, -71584.34888321543, -74846.81969602377, -76408.7093672839, -74849.58353024996, -79746.59142753055, -72844.48940163148, -74098.41925068018, -75132.46696265048, -72478.88065410247, -74018.03304612891, -76295.13332283295, -77498.28482617775, -72809.06941228507, -74636.87887474825, -75217.76399352157, -74086.78780221507, -71588.9674810074, -73365.00465347955, -73868.95091907815, -75601.30203052222, -74211.74606148344, -74787.3656490487, -74011.0762683519, -73479.63228970331, -75716.89184621256, -74948.89376500154, -71155.6064134662, -74111.77109206138, -72605.0224998823, -76934.48602843731, -72130.6617128427, -76032.63911674121, -76198.0367951682, -74010.32332321408, -73262.54768343759, -72726.11081900964, -74121.97548239357, -72711.20166081846, -76075.6816103436, -73526.89031686366, -73901.9628419174, -71731.91604068474, -73397.48929514764, -72838.15641459177, -73622.5091175611, -74134.76394853507, -73207.76481460933, -73224.11068547823, -73218.26231994049, -72798.63326877635, -73996.00409911718, -73854.58094526143, -74634.0258861716, -74263.74729226349, -71186.4548541233, -72940.17785838855, -74670.85205792263, -74346.0489768529, -71054.54970780942, -74254.62983091542, -74064.76899720509, -76570.32587054589, -73641.28772035384, -71050.93656359553, -74140.58022438857, -77460.17537125132, -71246.27799801457, -71957.25666603183, -74262.53773227814, -73367.40764796692, -74803.27581910045, -77114.1860051798, -74948.32088200783, -76771.66665443595, -74335.18605803608, -73864.38611373445, -73450.56323103476, -75325.87113137028, -75222.4155961592, -73455.34489293477, -75566.01341554316, -75057.63897193018, -73390.17479729213, -73921.5032941953, -75203.64489793345, -75686.86742054492, -76812.55576922305, -73431.77347274082, -77291.1472958174, -71548.87609320687, -75996.03059076909, -71775.79798767231, -70684.35762688203, -72902.39379423654, -75277.07824960537, -74995.89246141668, -73867.27288571252, -74427.76784757266, -73374.21688295055]
Average Z : -70421.65853360301
Standard dev Z : 1783.628994884996
Total Time taken : 246.911 sec
