LiftedPTPParams [
inputFile=mln/webkb.dom.60.eclipse.mln.txt
evidenceFile=db/webkb.texas.5class.dom.60.evid.40.eclipse.txt
resultFile=results_04_06/webkb_60_40_true_approx_true.out
queryString=PageClass_0_Course,LinkTo,PageClass_0_Person,PageClass_0_Faculty,PageClass_0_Student,PageClass_0_Department
isNormal=true
approximate=true
queryEvidence=false
numIter=240
]
Time taken to create clauses in hyperCube form : 991 ms
Time taken to disjoint all hyperCubes : 4433 ms
Total number of clauses : 226
iteration no. : 0
iteration no. : 1
iteration no. : 2
iteration no. : 3
iteration no. : 4
iteration no. : 5
iteration no. : 6
iteration no. : 7
iteration no. : 8
iteration no. : 9
iteration no. : 10
iteration no. : 11
iteration no. : 12
iteration no. : 13
iteration no. : 14
iteration no. : 15
iteration no. : 16
iteration no. : 17
iteration no. : 18
iteration no. : 19
iteration no. : 20
iteration no. : 21
iteration no. : 22
iteration no. : 23
iteration no. : 24
iteration no. : 25
iteration no. : 26
iteration no. : 27
iteration no. : 28
iteration no. : 29
iteration no. : 30
iteration no. : 31
iteration no. : 32
iteration no. : 33
iteration no. : 34
iteration no. : 35
iteration no. : 36
iteration no. : 37
iteration no. : 38
iteration no. : 39
iteration no. : 40
iteration no. : 41
iteration no. : 42
iteration no. : 43
iteration no. : 44
iteration no. : 45
iteration no. : 46
iteration no. : 47
iteration no. : 48
iteration no. : 49
iteration no. : 50
iteration no. : 51
iteration no. : 52
iteration no. : 53
iteration no. : 54
iteration no. : 55
iteration no. : 56
iteration no. : 57
iteration no. : 58
iteration no. : 59
iteration no. : 60
iteration no. : 61
iteration no. : 62
iteration no. : 63
iteration no. : 64
iteration no. : 65
iteration no. : 66
iteration no. : 67
iteration no. : 68
iteration no. : 69
iteration no. : 70
iteration no. : 71
iteration no. : 72
iteration no. : 73
iteration no. : 74
iteration no. : 75
iteration no. : 76
iteration no. : 77
iteration no. : 78
iteration no. : 79
iteration no. : 80
iteration no. : 81
iteration no. : 82
iteration no. : 83
iteration no. : 84
iteration no. : 85
iteration no. : 86
iteration no. : 87
iteration no. : 88
iteration no. : 89
iteration no. : 90
iteration no. : 91
iteration no. : 92
iteration no. : 93
iteration no. : 94
iteration no. : 95
iteration no. : 96
iteration no. : 97
iteration no. : 98
iteration no. : 99
iteration no. : 100
iteration no. : 101
iteration no. : 102
iteration no. : 103
iteration no. : 104
iteration no. : 105
iteration no. : 106
iteration no. : 107
iteration no. : 108
iteration no. : 109
iteration no. : 110
iteration no. : 111
iteration no. : 112
iteration no. : 113
iteration no. : 114
iteration no. : 115
iteration no. : 116
iteration no. : 117
iteration no. : 118
iteration no. : 119
iteration no. : 120
iteration no. : 121
iteration no. : 122
iteration no. : 123
iteration no. : 124
iteration no. : 125
iteration no. : 126
iteration no. : 127
iteration no. : 128
iteration no. : 129
iteration no. : 130
iteration no. : 131
iteration no. : 132
iteration no. : 133
iteration no. : 134
iteration no. : 135
iteration no. : 136
iteration no. : 137
iteration no. : 138
iteration no. : 139
iteration no. : 140
iteration no. : 141
iteration no. : 142
iteration no. : 143
iteration no. : 144
iteration no. : 145
iteration no. : 146
iteration no. : 147
iteration no. : 148
iteration no. : 149
iteration no. : 150
iteration no. : 151
iteration no. : 152
iteration no. : 153
iteration no. : 154
iteration no. : 155
iteration no. : 156
iteration no. : 157
iteration no. : 158
iteration no. : 159
iteration no. : 160
iteration no. : 161
iteration no. : 162
iteration no. : 163
iteration no. : 164
iteration no. : 165
iteration no. : 166
iteration no. : 167
iteration no. : 168
iteration no. : 169
iteration no. : 170
iteration no. : 171
iteration no. : 172
iteration no. : 173
iteration no. : 174
iteration no. : 175
iteration no. : 176
iteration no. : 177
iteration no. : 178
iteration no. : 179
iteration no. : 180
iteration no. : 181
iteration no. : 182
iteration no. : 183
iteration no. : 184
iteration no. : 185
iteration no. : 186
iteration no. : 187
iteration no. : 188
iteration no. : 189
iteration no. : 190
iteration no. : 191
iteration no. : 192
iteration no. : 193
iteration no. : 194
iteration no. : 195
iteration no. : 196
iteration no. : 197
iteration no. : 198
iteration no. : 199
iteration no. : 200
iteration no. : 201
iteration no. : 202
iteration no. : 203
iteration no. : 204
iteration no. : 205
iteration no. : 206
iteration no. : 207
iteration no. : 208
iteration no. : 209
iteration no. : 210
iteration no. : 211
iteration no. : 212
iteration no. : 213
iteration no. : 214
iteration no. : 215
iteration no. : 216
iteration no. : 217
iteration no. : 218
iteration no. : 219
iteration no. : 220
iteration no. : 221
iteration no. : 222
iteration no. : 223
iteration no. : 224
iteration no. : 225
iteration no. : 226
iteration no. : 227
iteration no. : 228
iteration no. : 229
iteration no. : 230
iteration no. : 231
iteration no. : 232
iteration no. : 233
iteration no. : 234
iteration no. : 235
iteration no. : 236
iteration no. : 237
iteration no. : 238
iteration no. : 239
Time taken for 240 iterations : 1421.06 sec
zArray : [-73749.18376350646, -74607.97531524267, -71452.49274723449, -74319.65887052368, -75582.21446838538, -72645.9092303964, -73245.39447991441, -74083.23132955821, -75331.12291659185, -73090.80528211247, -69707.64311043009, -75169.04897403947, -72314.2169677471, -77874.74137272949, -74504.86034772791, -75384.97195466429, -71471.4536570468, -72801.66718849479, -76206.7760495485, -73870.28237574888, -73887.20319654488, -72760.35645457721, -77192.6039504188, -73689.01043877065, -73834.01346738385, -75732.85734662104, -73885.12100646047, -77647.71233672788, -74914.82042806332, -72527.97197082549, -72896.18792057448, -77043.07118826563, -73838.79365698996, -70919.3613713357, -76341.94719026855, -73784.74589292021, -75161.99802762312, -73423.58543625059, -73291.67774149084, -74307.58592393086, -74520.49902273786, -73388.55465612341, -73458.60428959706, -75563.99358682906, -73558.42620251433, -73677.7690840908, -69179.74299070978, -74037.2829400945, -77071.18592454297, -77113.71986456677, -73094.60108282535, -72445.16488939692, -74737.78158568729, -74069.59637984939, -72723.64173646455, -73339.14562798974, -75540.46272713499, -72410.31549472726, -76245.54330961763, -73303.26523617718, -72812.82901639896, -76068.9258378337, -74444.51687068692, -73704.75041184128, -73743.56415561521, -72723.64973840634, -72513.9554826671, -75539.59234017601, -73901.19360246554, -73344.60434681, -73764.115417868, -76280.30155895275, -74385.38586846717, -73109.01422232448, -74074.65529361353, -73193.68006020463, -72279.84468344247, -75279.03066817684, -70265.46921098593, -74643.49173878906, -72421.10879352826, -75372.44517589595, -73657.59849138309, -74733.1481554662, -76977.45814866661, -73631.68703059478, -74491.23359543644, -74477.95393148356, -74691.12810374823, -74626.89636612362, -72427.10998459366, -74077.73949219717, -73915.13416584788, -72434.16528690627, -73933.84117557968, -74623.31165665202, -73975.45371594453, -73976.4325340816, -76662.87212167338, -71835.2991222785, -77019.45275009764, -73471.26925198885, -72213.9689547905, -73122.18838721434, -74447.0478627968, -76263.1859727261, -74467.71647476694, -71272.6844019453, -73153.45717242855, -76690.67310578049, -73235.80742173611, -76481.23338910576, -74138.859591575, -73469.30646454505, -72758.4716119786, -73114.04363144655, -74552.07634993964, -72784.54897134368, -72108.46691550409, -74131.23065113595, -75542.90941834918, -73101.90834327394, -75522.5635266841, -74617.41550597458, -75544.36499299652, -72645.27137557277, -74553.6671314895, -74295.74001226811, -70455.31268207729, -70942.93280536785, -73684.3374870866, -75256.61028095373, -72268.66069231945, -75412.61716121172, -71446.1145883541, -73993.88594184926, -74541.18986378664, -74901.80266409784, -73689.9178635833, -76133.51989221529, -74472.22984103984, -71271.26711648451, -73778.83729512064, -72673.31766763203, -75095.76796467854, -73186.60759645938, -72528.98685137254, -73069.46318032191, -73587.87324146302, -73585.39782506657, -75077.42878126056, -73795.1613333239, -72565.04327059601, -74845.60363266458, -74812.1614918485, -77041.33528924693, -76828.05453773205, -74194.27527100274, -72833.5410727503, -72692.382599635, -76386.0921911062, -75182.43633163816, -76144.84512853815, -75654.04970155779, -69847.44969920404, -74145.45694947275, -72235.3581566153, -75210.6409582257, -75057.40318932559, -72575.47737228769, -76806.89691373921, -75196.93274212311, -75072.2100412797, -75379.9706325772, -75838.87985588878, -74445.25976459257, -73201.39967733754, -74384.04963290626, -72125.43567701419, -74213.59566017684, -76242.42038915477, -76563.40111695183, -72310.53536753487, -74379.99784281959, -71878.71715807257, -72245.98600173125, -73297.73802886737, -73980.89958340843, -70566.02394644023, -73305.65029563195, -73797.5932267327, -74328.24085745958, -74125.41930929053, -73149.84287705619, -74391.31439659356, -75018.26955739158, -74438.7193080625, -77149.60343063214, -74870.6167093629, -76364.30200667279, -74507.65480453763, -73371.80861353556, -72085.43503133424, -75897.9218761901, -75522.75086933191, -73341.22756951943, -77780.95128574238, -73265.34379789038, -69769.60995906242, -74058.29746447985, -72748.53873951985, -73800.22024150882, -74465.6747953177, -75143.73744729218, -76020.13963209493, -70288.58927044971, -76193.09524434095, -73975.99074312954, -77138.97826255376, -74494.0438286362, -79038.34526868667, -74349.46818801128, -73626.93591800035, -72206.90157472785, -71359.49128645683, -74115.40153929932, -74960.14078732076, -76890.9947942054, -75654.74442767794, -75949.19237102104, -73949.37629286968, -75136.62017891466, -73609.96965271856, -74510.06628181577, -72781.6767972037, -71353.39513395258, -74775.50096289864, -74437.50634749127, -74951.57697181747, -73962.56095837551]
Average Z : -69185.22362963312
Standard dev Z : 1650.2832810667826
Total Time taken : 1426.485 sec
