LiftedPTPParams [
inputFile=mln/webkb-eclipse-mln.txt
evidenceFile=db/webkb.texas.5class.dom.100.evid.40.eclipse.txt
resultFile=results_04_06/webkb_100_40_false_approx_true.out
queryString=PageClass_0_Course,LinkTo,PageClass_0_Person,PageClass_0_Faculty,PageClass_0_Student,PageClass_0_Department
isNormal=false
approximate=true
queryEvidence=false
numIter=240
]
Time taken to create clauses in hyperCube form : 13941 ms
Time taken to disjoint all hyperCubes : 1152 ms
Total number of clauses : 226
iteration no. : 0
iteration no. : 1
iteration no. : 2
iteration no. : 3
iteration no. : 4
iteration no. : 5
iteration no. : 6
iteration no. : 7
iteration no. : 8
iteration no. : 9
iteration no. : 10
iteration no. : 11
iteration no. : 12
iteration no. : 13
iteration no. : 14
iteration no. : 15
iteration no. : 16
iteration no. : 17
iteration no. : 18
iteration no. : 19
iteration no. : 20
iteration no. : 21
iteration no. : 22
iteration no. : 23
iteration no. : 24
iteration no. : 25
iteration no. : 26
iteration no. : 27
iteration no. : 28
iteration no. : 29
iteration no. : 30
iteration no. : 31
iteration no. : 32
iteration no. : 33
iteration no. : 34
iteration no. : 35
iteration no. : 36
iteration no. : 37
iteration no. : 38
iteration no. : 39
iteration no. : 40
iteration no. : 41
iteration no. : 42
iteration no. : 43
iteration no. : 44
iteration no. : 45
iteration no. : 46
iteration no. : 47
iteration no. : 48
iteration no. : 49
iteration no. : 50
iteration no. : 51
iteration no. : 52
iteration no. : 53
iteration no. : 54
iteration no. : 55
iteration no. : 56
iteration no. : 57
iteration no. : 58
iteration no. : 59
iteration no. : 60
iteration no. : 61
iteration no. : 62
iteration no. : 63
iteration no. : 64
iteration no. : 65
iteration no. : 66
iteration no. : 67
iteration no. : 68
iteration no. : 69
iteration no. : 70
iteration no. : 71
iteration no. : 72
iteration no. : 73
iteration no. : 74
iteration no. : 75
iteration no. : 76
iteration no. : 77
iteration no. : 78
iteration no. : 79
iteration no. : 80
iteration no. : 81
iteration no. : 82
iteration no. : 83
iteration no. : 84
iteration no. : 85
iteration no. : 86
iteration no. : 87
iteration no. : 88
iteration no. : 89
iteration no. : 90
iteration no. : 91
iteration no. : 92
iteration no. : 93
iteration no. : 94
iteration no. : 95
iteration no. : 96
iteration no. : 97
iteration no. : 98
iteration no. : 99
iteration no. : 100
iteration no. : 101
iteration no. : 102
iteration no. : 103
iteration no. : 104
iteration no. : 105
iteration no. : 106
iteration no. : 107
iteration no. : 108
iteration no. : 109
iteration no. : 110
iteration no. : 111
iteration no. : 112
iteration no. : 113
iteration no. : 114
iteration no. : 115
iteration no. : 116
iteration no. : 117
iteration no. : 118
iteration no. : 119
iteration no. : 120
iteration no. : 121
iteration no. : 122
iteration no. : 123
iteration no. : 124
iteration no. : 125
iteration no. : 126
iteration no. : 127
iteration no. : 128
iteration no. : 129
iteration no. : 130
iteration no. : 131
iteration no. : 132
iteration no. : 133
iteration no. : 134
iteration no. : 135
iteration no. : 136
iteration no. : 137
iteration no. : 138
iteration no. : 139
iteration no. : 140
iteration no. : 141
iteration no. : 142
iteration no. : 143
iteration no. : 144
iteration no. : 145
iteration no. : 146
iteration no. : 147
iteration no. : 148
iteration no. : 149
iteration no. : 150
iteration no. : 151
iteration no. : 152
iteration no. : 153
iteration no. : 154
iteration no. : 155
iteration no. : 156
iteration no. : 157
iteration no. : 158
iteration no. : 159
iteration no. : 160
iteration no. : 161
iteration no. : 162
iteration no. : 163
iteration no. : 164
iteration no. : 165
iteration no. : 166
iteration no. : 167
iteration no. : 168
iteration no. : 169
iteration no. : 170
iteration no. : 171
iteration no. : 172
iteration no. : 173
iteration no. : 174
iteration no. : 175
iteration no. : 176
iteration no. : 177
iteration no. : 178
iteration no. : 179
iteration no. : 180
iteration no. : 181
iteration no. : 182
iteration no. : 183
iteration no. : 184
iteration no. : 185
iteration no. : 186
iteration no. : 187
iteration no. : 188
iteration no. : 189
iteration no. : 190
iteration no. : 191
iteration no. : 192
iteration no. : 193
iteration no. : 194
iteration no. : 195
iteration no. : 196
iteration no. : 197
iteration no. : 198
iteration no. : 199
iteration no. : 200
iteration no. : 201
iteration no. : 202
iteration no. : 203
iteration no. : 204
iteration no. : 205
iteration no. : 206
iteration no. : 207
iteration no. : 208
iteration no. : 209
iteration no. : 210
iteration no. : 211
iteration no. : 212
iteration no. : 213
iteration no. : 214
iteration no. : 215
iteration no. : 216
iteration no. : 217
iteration no. : 218
iteration no. : 219
iteration no. : 220
iteration no. : 221
iteration no. : 222
iteration no. : 223
iteration no. : 224
iteration no. : 225
iteration no. : 226
iteration no. : 227
iteration no. : 228
iteration no. : 229
iteration no. : 230
iteration no. : 231
iteration no. : 232
iteration no. : 233
iteration no. : 234
iteration no. : 235
iteration no. : 236
iteration no. : 237
iteration no. : 238
iteration no. : 239
Time taken for 240 iterations : 288.028 sec
zArray : [-203766.80353938162, -204481.7057182849, -210699.74885481127, -206695.67356701923, -209938.73157869637, -209551.68813926482, -206387.0881134336, -217510.12632538585, -205421.3877319484, -211551.77915113003, -211417.18270019896, -208964.16023919563, -208925.22255470476, -216696.40048504114, -205446.88596021032, -208465.1741295053, -203803.60968849986, -215358.2436249635, -202005.03965332167, -216431.67187877113, -206644.33450722834, -212595.673814563, -214047.04038795413, -215692.72558958217, -202928.5555050931, -214384.27683620647, -208021.1590695727, -212380.12342092636, -209062.05448818774, -211890.7419539783, -203651.66938136404, -208326.69499395808, -206814.1158735786, -207667.06486484973, -211296.60996571378, -208560.1710475771, -210632.23950363667, -202781.56341681938, -214196.70837535593, -208134.19666509994, -208582.7397200528, -207126.20262130114, -213395.51532342084, -213133.95148142244, -207527.50712157701, -211165.86998157325, -207871.37625941983, -209466.243654206, -207667.8471555199, -210356.04811682043, -207785.8385505275, -208488.9488386654, -211541.63755564933, -210140.81937811285, -208647.91097967332, -211374.31786000324, -206325.59729861942, -211729.28259165265, -207735.9344064914, -206005.44033849673, -206586.8643662943, -204970.51356901872, -207302.30195998098, -208846.8615592107, -213338.31731893218, -212342.54264999475, -209743.82840140056, -205329.60301421705, -206950.50345385133, -218919.1679298032, -208671.45540228064, -209310.6166197576, -208056.85352256816, -209751.87553864476, -206773.6492375077, -203729.7820209974, -212154.66449963299, -207466.37264121254, -211981.10514438906, -211964.03472246593, -215703.69869469077, -208408.21516268433, -213123.94133413563, -208448.44771238425, -213689.94427092688, -201259.46666973116, -209967.6201387542, -206538.95213912087, -213302.69592945228, -204714.9864993727, -209264.71680608235, -211615.90857631143, -213318.89463169614, -215883.77837427196, -202962.1209465706, -209658.3851461509, -207085.33231379, -215906.57254605237, -204236.49313245626, -205258.59203740588, -211567.95986437792, -209995.58233762925, -208252.5048804483, -204349.66280545754, -211164.5848102765, -215281.44826005635, -207641.91364731526, -210583.48634501538, -208048.98007257687, -209259.4570933319, -217581.6176825434, -216711.702069791, -208044.35637803675, -205503.74753876642, -208229.31164515854, -203539.20599621005, -212496.9137085192, -210883.52650371168, -208855.5238784512, -213955.47190332346, -207743.32667098008, -207751.40973873748, -208233.94963663782, -210291.42289791233, -211292.0576204124, -206489.29378268126, -201646.33026775037, -209976.0969787142, -206361.25113740328, -210017.5994876136, -202362.45968010635, -209584.2762731922, -209248.37137040458, -210505.4358193178, -201044.95645011298, -204079.57364533222, -211241.13712172507, -211518.43265718748, -207433.76441962973, -207545.01678459247, -207002.26124326163, -211906.70511782283, -208350.22527189477, -211680.074707757, -205346.26019695992, -211252.53385138346, -206761.33401938243, -205817.59426656418, -208406.48964506973, -212855.777033014, -209275.95975696694, -208779.56469680974, -217115.312503278, -215116.08572276644, -203684.08077567417, -207396.9160492592, -213548.1804609055, -211245.6701267467, -206525.69528711552, -208996.47240935304, -206863.57929401658, -208116.44731978516, -210602.4937852485, -209979.06975708838, -203644.97791492796, -207419.53651453348, -217192.51967220614, -208585.03325558474, -216187.69086755955, -210303.88079438722, -218154.91965883554, -209709.81104997423, -210147.36877783414, -210847.9480253723, -201465.98892204845, -210923.59929741715, -210422.7589193101, -211034.25826045318, -212400.85146237593, -206790.25456926465, -210230.3576399733, -215834.9779360762, -208757.97009419478, -217608.1598706249, -207703.97562543643, -212589.1014526461, -203071.396037974, -209416.3499657269, -211710.42566616018, -205430.39615360057, -212566.68914726778, -209079.63007077939, -206156.69137818879, -210792.30067661888, -201287.44716003395, -207412.25694809196, -206329.78920595578, -213726.44516642415, -207934.91597880225, -209595.5691948931, -207031.78122375574, -214769.28700871364, -215126.02995177283, -208437.4571966349, -208579.47105485233, -210465.24482918505, -204998.54437323418, -207023.38483952495, -206862.76819962024, -214888.80220051343, -210908.57644700343, -204367.16491747083, -206179.74946573228, -203145.47654859128, -210994.67507297717, -206665.3496536229, -208382.05220780647, -211467.862011198, -205944.1668569192, -211516.8919581706, -205233.03809608892, -206818.7744045816, -214845.4375504075, -210961.55009475103, -208679.51408950097, -209617.85798923508, -207895.37093600616, -215202.8400089116, -204940.03319497613, -213037.2279357231, -209668.95451502348, -215478.25317167095, -205147.59306890308, -209053.69270857846, -215099.75426945376, -206825.2742214386, -212715.23953392438, -204510.70401706372, -209669.40615159553, -206050.77676145092]
Average Z : -201050.43708903634
Standard dev Z : 3703.0324700827255
Total Time taken : 303.122 sec
