LiftedPTPParams [
inputFile=mln/webkb.dom.20.eclipse.mln.txt
evidenceFile=db/webkb.texas.5class.dom.20.evid.40.eclipse.txt
resultFile=results_04_06/webkb_20_40_false_approx_true_1000iter.out
queryString=PageClass_0_Course,LinkTo,PageClass_0_Person,PageClass_0_Faculty,PageClass_0_Student,PageClass_0_Department
isNormal=false
approximate=true
queryEvidence=false
numIter=1000
]
Time taken to create clauses in hyperCube form : 5902 ms
Time taken to disjoint all hyperCubes : 534 ms
Total number of clauses : 226
iteration no. : 0
iteration no. : 1
iteration no. : 2
iteration no. : 3
iteration no. : 4
iteration no. : 5
iteration no. : 6
iteration no. : 7
iteration no. : 8
iteration no. : 9
iteration no. : 10
iteration no. : 11
iteration no. : 12
iteration no. : 13
iteration no. : 14
iteration no. : 15
iteration no. : 16
iteration no. : 17
iteration no. : 18
iteration no. : 19
iteration no. : 20
iteration no. : 21
iteration no. : 22
iteration no. : 23
iteration no. : 24
iteration no. : 25
iteration no. : 26
iteration no. : 27
iteration no. : 28
iteration no. : 29
iteration no. : 30
iteration no. : 31
iteration no. : 32
iteration no. : 33
iteration no. : 34
iteration no. : 35
iteration no. : 36
iteration no. : 37
iteration no. : 38
iteration no. : 39
iteration no. : 40
iteration no. : 41
iteration no. : 42
iteration no. : 43
iteration no. : 44
iteration no. : 45
iteration no. : 46
iteration no. : 47
iteration no. : 48
iteration no. : 49
iteration no. : 50
iteration no. : 51
iteration no. : 52
iteration no. : 53
iteration no. : 54
iteration no. : 55
iteration no. : 56
iteration no. : 57
iteration no. : 58
iteration no. : 59
iteration no. : 60
iteration no. : 61
iteration no. : 62
iteration no. : 63
iteration no. : 64
iteration no. : 65
iteration no. : 66
iteration no. : 67
iteration no. : 68
iteration no. : 69
iteration no. : 70
iteration no. : 71
iteration no. : 72
iteration no. : 73
iteration no. : 74
iteration no. : 75
iteration no. : 76
iteration no. : 77
iteration no. : 78
iteration no. : 79
iteration no. : 80
iteration no. : 81
iteration no. : 82
iteration no. : 83
iteration no. : 84
iteration no. : 85
iteration no. : 86
iteration no. : 87
iteration no. : 88
iteration no. : 89
iteration no. : 90
iteration no. : 91
iteration no. : 92
iteration no. : 93
iteration no. : 94
iteration no. : 95
iteration no. : 96
iteration no. : 97
iteration no. : 98
iteration no. : 99
iteration no. : 100
iteration no. : 101
iteration no. : 102
iteration no. : 103
iteration no. : 104
iteration no. : 105
iteration no. : 106
iteration no. : 107
iteration no. : 108
iteration no. : 109
iteration no. : 110
iteration no. : 111
iteration no. : 112
iteration no. : 113
iteration no. : 114
iteration no. : 115
iteration no. : 116
iteration no. : 117
iteration no. : 118
iteration no. : 119
iteration no. : 120
iteration no. : 121
iteration no. : 122
iteration no. : 123
iteration no. : 124
iteration no. : 125
iteration no. : 126
iteration no. : 127
iteration no. : 128
iteration no. : 129
iteration no. : 130
iteration no. : 131
iteration no. : 132
iteration no. : 133
iteration no. : 134
iteration no. : 135
iteration no. : 136
iteration no. : 137
iteration no. : 138
iteration no. : 139
iteration no. : 140
iteration no. : 141
iteration no. : 142
iteration no. : 143
iteration no. : 144
iteration no. : 145
iteration no. : 146
iteration no. : 147
iteration no. : 148
iteration no. : 149
iteration no. : 150
iteration no. : 151
iteration no. : 152
iteration no. : 153
iteration no. : 154
iteration no. : 155
iteration no. : 156
iteration no. : 157
iteration no. : 158
iteration no. : 159
iteration no. : 160
iteration no. : 161
iteration no. : 162
iteration no. : 163
iteration no. : 164
iteration no. : 165
iteration no. : 166
iteration no. : 167
iteration no. : 168
iteration no. : 169
iteration no. : 170
iteration no. : 171
iteration no. : 172
iteration no. : 173
iteration no. : 174
iteration no. : 175
iteration no. : 176
iteration no. : 177
iteration no. : 178
iteration no. : 179
iteration no. : 180
iteration no. : 181
iteration no. : 182
iteration no. : 183
iteration no. : 184
iteration no. : 185
iteration no. : 186
iteration no. : 187
iteration no. : 188
iteration no. : 189
iteration no. : 190
iteration no. : 191
iteration no. : 192
iteration no. : 193
iteration no. : 194
iteration no. : 195
iteration no. : 196
iteration no. : 197
iteration no. : 198
iteration no. : 199
iteration no. : 200
iteration no. : 201
iteration no. : 202
iteration no. : 203
iteration no. : 204
iteration no. : 205
iteration no. : 206
iteration no. : 207
iteration no. : 208
iteration no. : 209
iteration no. : 210
iteration no. : 211
iteration no. : 212
iteration no. : 213
iteration no. : 214
iteration no. : 215
iteration no. : 216
iteration no. : 217
iteration no. : 218
iteration no. : 219
iteration no. : 220
iteration no. : 221
iteration no. : 222
iteration no. : 223
iteration no. : 224
iteration no. : 225
iteration no. : 226
iteration no. : 227
iteration no. : 228
iteration no. : 229
iteration no. : 230
iteration no. : 231
iteration no. : 232
iteration no. : 233
iteration no. : 234
iteration no. : 235
iteration no. : 236
iteration no. : 237
iteration no. : 238
iteration no. : 239
iteration no. : 240
iteration no. : 241
iteration no. : 242
iteration no. : 243
iteration no. : 244
iteration no. : 245
iteration no. : 246
iteration no. : 247
iteration no. : 248
iteration no. : 249
iteration no. : 250
iteration no. : 251
iteration no. : 252
iteration no. : 253
iteration no. : 254
iteration no. : 255
iteration no. : 256
iteration no. : 257
iteration no. : 258
iteration no. : 259
iteration no. : 260
iteration no. : 261
iteration no. : 262
iteration no. : 263
iteration no. : 264
iteration no. : 265
iteration no. : 266
iteration no. : 267
iteration no. : 268
iteration no. : 269
iteration no. : 270
iteration no. : 271
iteration no. : 272
iteration no. : 273
iteration no. : 274
iteration no. : 275
iteration no. : 276
iteration no. : 277
iteration no. : 278
iteration no. : 279
iteration no. : 280
iteration no. : 281
iteration no. : 282
iteration no. : 283
iteration no. : 284
iteration no. : 285
iteration no. : 286
iteration no. : 287
iteration no. : 288
iteration no. : 289
iteration no. : 290
iteration no. : 291
iteration no. : 292
iteration no. : 293
iteration no. : 294
iteration no. : 295
iteration no. : 296
iteration no. : 297
iteration no. : 298
iteration no. : 299
iteration no. : 300
iteration no. : 301
iteration no. : 302
iteration no. : 303
iteration no. : 304
iteration no. : 305
iteration no. : 306
iteration no. : 307
iteration no. : 308
iteration no. : 309
iteration no. : 310
iteration no. : 311
iteration no. : 312
iteration no. : 313
iteration no. : 314
iteration no. : 315
iteration no. : 316
iteration no. : 317
iteration no. : 318
iteration no. : 319
iteration no. : 320
iteration no. : 321
iteration no. : 322
iteration no. : 323
iteration no. : 324
iteration no. : 325
iteration no. : 326
iteration no. : 327
iteration no. : 328
iteration no. : 329
iteration no. : 330
iteration no. : 331
iteration no. : 332
iteration no. : 333
iteration no. : 334
iteration no. : 335
iteration no. : 336
iteration no. : 337
iteration no. : 338
iteration no. : 339
iteration no. : 340
iteration no. : 341
iteration no. : 342
iteration no. : 343
iteration no. : 344
iteration no. : 345
iteration no. : 346
iteration no. : 347
iteration no. : 348
iteration no. : 349
iteration no. : 350
iteration no. : 351
iteration no. : 352
iteration no. : 353
iteration no. : 354
iteration no. : 355
iteration no. : 356
iteration no. : 357
iteration no. : 358
iteration no. : 359
iteration no. : 360
iteration no. : 361
iteration no. : 362
iteration no. : 363
iteration no. : 364
iteration no. : 365
iteration no. : 366
iteration no. : 367
iteration no. : 368
iteration no. : 369
iteration no. : 370
iteration no. : 371
iteration no. : 372
iteration no. : 373
iteration no. : 374
iteration no. : 375
iteration no. : 376
iteration no. : 377
iteration no. : 378
iteration no. : 379
iteration no. : 380
iteration no. : 381
iteration no. : 382
iteration no. : 383
iteration no. : 384
iteration no. : 385
iteration no. : 386
iteration no. : 387
iteration no. : 388
iteration no. : 389
iteration no. : 390
iteration no. : 391
iteration no. : 392
iteration no. : 393
iteration no. : 394
iteration no. : 395
iteration no. : 396
iteration no. : 397
iteration no. : 398
iteration no. : 399
iteration no. : 400
iteration no. : 401
iteration no. : 402
iteration no. : 403
iteration no. : 404
iteration no. : 405
iteration no. : 406
iteration no. : 407
iteration no. : 408
iteration no. : 409
iteration no. : 410
iteration no. : 411
iteration no. : 412
iteration no. : 413
iteration no. : 414
iteration no. : 415
iteration no. : 416
iteration no. : 417
iteration no. : 418
iteration no. : 419
iteration no. : 420
iteration no. : 421
iteration no. : 422
iteration no. : 423
iteration no. : 424
iteration no. : 425
iteration no. : 426
iteration no. : 427
iteration no. : 428
iteration no. : 429
iteration no. : 430
iteration no. : 431
iteration no. : 432
iteration no. : 433
iteration no. : 434
iteration no. : 435
iteration no. : 436
iteration no. : 437
iteration no. : 438
iteration no. : 439
iteration no. : 440
iteration no. : 441
iteration no. : 442
iteration no. : 443
iteration no. : 444
iteration no. : 445
iteration no. : 446
iteration no. : 447
iteration no. : 448
iteration no. : 449
iteration no. : 450
iteration no. : 451
iteration no. : 452
iteration no. : 453
iteration no. : 454
iteration no. : 455
iteration no. : 456
iteration no. : 457
iteration no. : 458
iteration no. : 459
iteration no. : 460
iteration no. : 461
iteration no. : 462
iteration no. : 463
iteration no. : 464
iteration no. : 465
iteration no. : 466
iteration no. : 467
iteration no. : 468
iteration no. : 469
iteration no. : 470
iteration no. : 471
iteration no. : 472
iteration no. : 473
iteration no. : 474
iteration no. : 475
iteration no. : 476
iteration no. : 477
iteration no. : 478
iteration no. : 479
iteration no. : 480
iteration no. : 481
iteration no. : 482
iteration no. : 483
iteration no. : 484
iteration no. : 485
iteration no. : 486
iteration no. : 487
iteration no. : 488
iteration no. : 489
iteration no. : 490
iteration no. : 491
iteration no. : 492
iteration no. : 493
iteration no. : 494
iteration no. : 495
iteration no. : 496
iteration no. : 497
iteration no. : 498
iteration no. : 499
iteration no. : 500
iteration no. : 501
iteration no. : 502
iteration no. : 503
iteration no. : 504
iteration no. : 505
iteration no. : 506
iteration no. : 507
iteration no. : 508
iteration no. : 509
iteration no. : 510
iteration no. : 511
iteration no. : 512
iteration no. : 513
iteration no. : 514
iteration no. : 515
iteration no. : 516
iteration no. : 517
iteration no. : 518
iteration no. : 519
iteration no. : 520
iteration no. : 521
iteration no. : 522
iteration no. : 523
iteration no. : 524
iteration no. : 525
iteration no. : 526
iteration no. : 527
iteration no. : 528
iteration no. : 529
iteration no. : 530
iteration no. : 531
iteration no. : 532
iteration no. : 533
iteration no. : 534
iteration no. : 535
iteration no. : 536
iteration no. : 537
iteration no. : 538
iteration no. : 539
iteration no. : 540
iteration no. : 541
iteration no. : 542
iteration no. : 543
iteration no. : 544
iteration no. : 545
iteration no. : 546
iteration no. : 547
iteration no. : 548
iteration no. : 549
iteration no. : 550
iteration no. : 551
iteration no. : 552
iteration no. : 553
iteration no. : 554
iteration no. : 555
iteration no. : 556
iteration no. : 557
iteration no. : 558
iteration no. : 559
iteration no. : 560
iteration no. : 561
iteration no. : 562
iteration no. : 563
iteration no. : 564
iteration no. : 565
iteration no. : 566
iteration no. : 567
iteration no. : 568
iteration no. : 569
iteration no. : 570
iteration no. : 571
iteration no. : 572
iteration no. : 573
iteration no. : 574
iteration no. : 575
iteration no. : 576
iteration no. : 577
iteration no. : 578
iteration no. : 579
iteration no. : 580
iteration no. : 581
iteration no. : 582
iteration no. : 583
iteration no. : 584
iteration no. : 585
iteration no. : 586
iteration no. : 587
iteration no. : 588
iteration no. : 589
iteration no. : 590
iteration no. : 591
iteration no. : 592
iteration no. : 593
iteration no. : 594
iteration no. : 595
iteration no. : 596
iteration no. : 597
iteration no. : 598
iteration no. : 599
iteration no. : 600
iteration no. : 601
iteration no. : 602
iteration no. : 603
iteration no. : 604
iteration no. : 605
iteration no. : 606
iteration no. : 607
iteration no. : 608
iteration no. : 609
iteration no. : 610
iteration no. : 611
iteration no. : 612
iteration no. : 613
iteration no. : 614
iteration no. : 615
iteration no. : 616
iteration no. : 617
iteration no. : 618
iteration no. : 619
iteration no. : 620
iteration no. : 621
iteration no. : 622
iteration no. : 623
iteration no. : 624
iteration no. : 625
iteration no. : 626
iteration no. : 627
iteration no. : 628
iteration no. : 629
iteration no. : 630
iteration no. : 631
iteration no. : 632
iteration no. : 633
iteration no. : 634
iteration no. : 635
iteration no. : 636
iteration no. : 637
iteration no. : 638
iteration no. : 639
iteration no. : 640
iteration no. : 641
iteration no. : 642
iteration no. : 643
iteration no. : 644
iteration no. : 645
iteration no. : 646
iteration no. : 647
iteration no. : 648
iteration no. : 649
iteration no. : 650
iteration no. : 651
iteration no. : 652
iteration no. : 653
iteration no. : 654
iteration no. : 655
iteration no. : 656
iteration no. : 657
iteration no. : 658
iteration no. : 659
iteration no. : 660
iteration no. : 661
iteration no. : 662
iteration no. : 663
iteration no. : 664
iteration no. : 665
iteration no. : 666
iteration no. : 667
iteration no. : 668
iteration no. : 669
iteration no. : 670
iteration no. : 671
iteration no. : 672
iteration no. : 673
iteration no. : 674
iteration no. : 675
iteration no. : 676
iteration no. : 677
iteration no. : 678
iteration no. : 679
iteration no. : 680
iteration no. : 681
iteration no. : 682
iteration no. : 683
iteration no. : 684
iteration no. : 685
iteration no. : 686
iteration no. : 687
iteration no. : 688
iteration no. : 689
iteration no. : 690
iteration no. : 691
iteration no. : 692
iteration no. : 693
iteration no. : 694
iteration no. : 695
iteration no. : 696
iteration no. : 697
iteration no. : 698
iteration no. : 699
iteration no. : 700
iteration no. : 701
iteration no. : 702
iteration no. : 703
iteration no. : 704
iteration no. : 705
iteration no. : 706
iteration no. : 707
iteration no. : 708
iteration no. : 709
iteration no. : 710
iteration no. : 711
iteration no. : 712
iteration no. : 713
iteration no. : 714
iteration no. : 715
iteration no. : 716
iteration no. : 717
iteration no. : 718
iteration no. : 719
iteration no. : 720
iteration no. : 721
iteration no. : 722
iteration no. : 723
iteration no. : 724
iteration no. : 725
iteration no. : 726
iteration no. : 727
iteration no. : 728
iteration no. : 729
iteration no. : 730
iteration no. : 731
iteration no. : 732
iteration no. : 733
iteration no. : 734
iteration no. : 735
iteration no. : 736
iteration no. : 737
iteration no. : 738
iteration no. : 739
iteration no. : 740
iteration no. : 741
iteration no. : 742
iteration no. : 743
iteration no. : 744
iteration no. : 745
iteration no. : 746
iteration no. : 747
iteration no. : 748
iteration no. : 749
iteration no. : 750
iteration no. : 751
iteration no. : 752
iteration no. : 753
iteration no. : 754
iteration no. : 755
iteration no. : 756
iteration no. : 757
iteration no. : 758
iteration no. : 759
iteration no. : 760
iteration no. : 761
iteration no. : 762
iteration no. : 763
iteration no. : 764
iteration no. : 765
iteration no. : 766
iteration no. : 767
iteration no. : 768
iteration no. : 769
iteration no. : 770
iteration no. : 771
iteration no. : 772
iteration no. : 773
iteration no. : 774
iteration no. : 775
iteration no. : 776
iteration no. : 777
iteration no. : 778
iteration no. : 779
iteration no. : 780
iteration no. : 781
iteration no. : 782
iteration no. : 783
iteration no. : 784
iteration no. : 785
iteration no. : 786
iteration no. : 787
iteration no. : 788
iteration no. : 789
iteration no. : 790
iteration no. : 791
iteration no. : 792
iteration no. : 793
iteration no. : 794
iteration no. : 795
iteration no. : 796
iteration no. : 797
iteration no. : 798
iteration no. : 799
iteration no. : 800
iteration no. : 801
iteration no. : 802
iteration no. : 803
iteration no. : 804
iteration no. : 805
iteration no. : 806
iteration no. : 807
iteration no. : 808
iteration no. : 809
iteration no. : 810
iteration no. : 811
iteration no. : 812
iteration no. : 813
iteration no. : 814
iteration no. : 815
iteration no. : 816
iteration no. : 817
iteration no. : 818
iteration no. : 819
iteration no. : 820
iteration no. : 821
iteration no. : 822
iteration no. : 823
iteration no. : 824
iteration no. : 825
iteration no. : 826
iteration no. : 827
iteration no. : 828
iteration no. : 829
iteration no. : 830
iteration no. : 831
iteration no. : 832
iteration no. : 833
iteration no. : 834
iteration no. : 835
iteration no. : 836
iteration no. : 837
iteration no. : 838
iteration no. : 839
iteration no. : 840
iteration no. : 841
iteration no. : 842
iteration no. : 843
iteration no. : 844
iteration no. : 845
iteration no. : 846
iteration no. : 847
iteration no. : 848
iteration no. : 849
iteration no. : 850
iteration no. : 851
iteration no. : 852
iteration no. : 853
iteration no. : 854
iteration no. : 855
iteration no. : 856
iteration no. : 857
iteration no. : 858
iteration no. : 859
iteration no. : 860
iteration no. : 861
iteration no. : 862
iteration no. : 863
iteration no. : 864
iteration no. : 865
iteration no. : 866
iteration no. : 867
iteration no. : 868
iteration no. : 869
iteration no. : 870
iteration no. : 871
iteration no. : 872
iteration no. : 873
iteration no. : 874
iteration no. : 875
iteration no. : 876
iteration no. : 877
iteration no. : 878
iteration no. : 879
iteration no. : 880
iteration no. : 881
iteration no. : 882
iteration no. : 883
iteration no. : 884
iteration no. : 885
iteration no. : 886
iteration no. : 887
iteration no. : 888
iteration no. : 889
iteration no. : 890
iteration no. : 891
iteration no. : 892
iteration no. : 893
iteration no. : 894
iteration no. : 895
iteration no. : 896
iteration no. : 897
iteration no. : 898
iteration no. : 899
iteration no. : 900
iteration no. : 901
iteration no. : 902
iteration no. : 903
iteration no. : 904
iteration no. : 905
iteration no. : 906
iteration no. : 907
iteration no. : 908
iteration no. : 909
iteration no. : 910
iteration no. : 911
iteration no. : 912
iteration no. : 913
iteration no. : 914
iteration no. : 915
iteration no. : 916
iteration no. : 917
iteration no. : 918
iteration no. : 919
iteration no. : 920
iteration no. : 921
iteration no. : 922
iteration no. : 923
iteration no. : 924
iteration no. : 925
iteration no. : 926
iteration no. : 927
iteration no. : 928
iteration no. : 929
iteration no. : 930
iteration no. : 931
iteration no. : 932
iteration no. : 933
iteration no. : 934
iteration no. : 935
iteration no. : 936
iteration no. : 937
iteration no. : 938
iteration no. : 939
iteration no. : 940
iteration no. : 941
iteration no. : 942
iteration no. : 943
iteration no. : 944
iteration no. : 945
iteration no. : 946
iteration no. : 947
iteration no. : 948
iteration no. : 949
iteration no. : 950
iteration no. : 951
iteration no. : 952
iteration no. : 953
iteration no. : 954
iteration no. : 955
iteration no. : 956
iteration no. : 957
iteration no. : 958
iteration no. : 959
iteration no. : 960
iteration no. : 961
iteration no. : 962
iteration no. : 963
iteration no. : 964
iteration no. : 965
iteration no. : 966
iteration no. : 967
iteration no. : 968
iteration no. : 969
iteration no. : 970
iteration no. : 971
iteration no. : 972
iteration no. : 973
iteration no. : 974
iteration no. : 975
iteration no. : 976
iteration no. : 977
iteration no. : 978
iteration no. : 979
iteration no. : 980
iteration no. : 981
iteration no. : 982
iteration no. : 983
iteration no. : 984
iteration no. : 985
iteration no. : 986
iteration no. : 987
iteration no. : 988
iteration no. : 989
iteration no. : 990
iteration no. : 991
iteration no. : 992
iteration no. : 993
iteration no. : 994
iteration no. : 995
iteration no. : 996
iteration no. : 997
iteration no. : 998
iteration no. : 999
Time taken for 1000 iterations : 333.238 sec
zArray : [-8223.362258335032, -7861.75747121106, -8521.980343231226, -8414.256380852286, -8286.84676980189, -8377.678596383485, -8318.733865753178, -8113.8911704287, -8298.28960742272, -8310.21194006056, -8088.855690363347, -8034.655587617419, -8066.609155012123, -7852.317954816553, -8442.642481552744, -7895.9684291585, -8510.942642832817, -8434.043744700095, -7949.628048301476, -8685.49804122971, -8027.259528245715, -8235.043356158345, -7530.138814387388, -8002.678449903927, -9030.54773019118, -7944.249201497936, -8202.65061849268, -8089.66147177275, -8261.40908245165, -8652.593438262353, -8094.385835812678, -8311.447729706273, -8349.551698710326, -8252.102584851247, -8106.39628180191, -7938.222267391711, -8232.243146958537, -8055.837702839968, -8367.789962843943, -8168.496841167607, -8155.311080802563, -8132.303846183386, -8215.216766484138, -8228.675113276557, -8276.094295251112, -8844.534886368217, -7706.3152104007195, -8184.599589112477, -8379.865111626974, -8407.742124741973, -8072.672352256793, -7792.532550050632, -8428.218725164348, -8447.984262359587, -8550.374162491244, -7474.423783712135, -7995.342907204784, -8197.957567764961, -8046.197374590461, -8233.989785619468, -7974.65955471622, -7940.232487952249, -8104.012543760784, -8133.873532014, -8110.203328593943, -8547.605495979795, -8601.592346207091, -8529.15742289739, -8082.740539813651, -7489.450259088504, -7837.700128150756, -8755.797329234008, -8405.104565828648, -8050.487715517449, -8192.211237094387, -8325.70464878939, -8706.68577939385, -7781.146663184408, -7547.786336101535, -7589.750236619154, -8132.282343798121, -8360.091542423464, -8113.174183450847, -8200.783900712348, -7827.8146224809825, -8129.737584759892, -8353.916083083679, -8432.682114012781, -8151.563728483021, -7899.3578576284535, -8803.786912439302, -7885.713713199518, -8462.28186618428, -7817.078849874685, -7675.425319355362, -8318.737820888166, -8334.729345119717, -8225.651191749768, -7944.339050215283, -8174.29135762136, -8068.40054049096, -8407.10589247917, -8068.28104130728, -8414.346141332722, -7954.130754373024, -7896.046908064903, -7941.312289371578, -7861.807173087988, -7737.59230869327, -8300.38675713756, -7713.130865133573, -8152.525580251742, -8621.871011505847, -7907.356863795334, -8905.80776487069, -8338.542086857777, -8701.889979437736, -7721.75057620515, -8291.914420432871, -8745.202598234393, -7808.614060206831, -8002.628774560891, -8375.968917478305, -8144.313874834626, -8333.957878490339, -7948.02839370915, -8268.113099514694, -8738.844078490347, -8392.171155943588, -8466.671341630961, -7613.323161333679, -8187.906608863159, -7855.27775556648, -8392.14611204303, -8676.302053649413, -8003.965155190836, -8703.120308618367, -7849.435916765278, -7939.534324483963, -8158.9637497871645, -8228.329278304182, -8012.16674807423, -7796.162894554393, -8878.119660298518, -8215.158928047325, -8080.559217841312, -8222.817759053483, -7679.424648272927, -8276.336960516312, -8126.120300078717, -8570.21059765972, -8070.252042973549, -8087.459137056743, -8187.267422035262, -8340.1202266927, -8209.082835132896, -8235.809805926345, -8909.780873252586, -7310.399119435531, -7803.461586627416, -7926.157800134606, -8304.369795387753, -7881.690279222444, -8400.681879970056, -8194.0924929098, -7891.154203637405, -7814.837303307752, -8295.621532294412, -8620.338662852018, -8405.843925814295, -8375.131316024252, -8285.213072254926, -8398.916982573191, -8247.522880060707, -8130.4263261242795, -8397.063985367637, -8182.225542545335, -7932.025485128636, -8104.559648622657, -8431.368159905813, -7996.964926870754, -7946.7747687035335, -8285.510866729404, -7489.55062239251, -8683.168717539438, -8009.852730030139, -8454.867285448889, -7829.067310742568, -8641.346677200987, -8706.91158551526, -8318.682092783089, -8250.698935818697, -8116.767218749046, -7799.4901510210575, -7906.80219751005, -8977.954012123637, -7499.55311748952, -7984.954788260953, -8171.758945581141, -8045.238151229453, -8971.769931910947, -7743.236876034022, -8430.456306237913, -8388.562555701732, -8634.9717939302, -8316.688102414855, -8493.803091275386, -8398.094445453953, -7930.468770303988, -8362.303580930695, -7734.589472832454, -7907.290075657186, -8061.017968698159, -7960.334109669763, -9150.298966750966, -8421.367913040822, -8261.739177839336, -8058.312066087074, -8034.026370588863, -7729.498477335356, -8224.488605787305, -8073.628489598001, -8188.419367166765, -8448.017938500176, -8830.22854924267, -8016.945818612975, -8439.670080876567, -8111.684350300651, -8442.245492670552, -8396.849327951211, -8255.806097055996, -8046.837678392489, -8519.445439081672, -7864.906085328731, -8303.175325462931, -7662.996375879629, -8141.40731791693, -8504.598780316785, -8132.867821285678, -8436.638809290034, -8217.889074384731, -7984.300640900248, -8265.196303197423, -8588.796152648618, -8007.4246478557, -7915.185901836099, -8090.827740051045, -7727.952725419127, -8554.885773039878, -7872.274643809043, -8396.814988586228, -8333.447734727526, -7698.110222246586, -7999.508481421454, -8036.201878044697, -8036.609412170207, -7778.354903356765, -8342.631185134303, -8237.94265600578, -8368.763146552767, -7845.327874694702, -7981.322675873575, -8252.331104586461, -8414.07228194102, -8270.796612100889, -8868.961204580122, -8026.591607113726, -8295.39213682034, -8287.236064453653, -8383.545083224484, -8098.776036139741, -8099.532211567406, -8069.494256944845, -8329.281097696667, -8969.821182601994, -8465.41831593942, -7698.021934413747, -7701.961742003295, -8334.733734329904, -8738.461679349854, -8285.21232814426, -8605.037203083526, -7803.192077070599, -8045.540932813174, -8175.783491513546, -8623.222579268608, -8091.991640216065, -8414.455658135927, -8209.318563506476, -8268.916478067458, -8063.78334626043, -8153.617478559474, -8212.886724552845, -8663.384953851164, -8154.674768642317, -8459.546595835422, -8316.970272148075, -8438.023808899039, -7826.433341963427, -8222.348311235584, -7855.921692453487, -8284.567468087014, -7629.0719231491385, -7549.096492098324, -7671.262092564827, -7845.388883168717, -8823.661965895839, -8237.832238913941, -8165.27008742332, -8058.582325230192, -8507.463903232738, -7997.608345234262, -8481.716838209435, -8104.308060285395, -8139.433866464366, -8296.46471043204, -7969.9387499357035, -8245.936159792864, -7653.432127778638, -7894.6790607737985, -8156.4374161097, -7953.207271944057, -8095.770542711507, -7856.650698794509, -7691.0951497993065, -8799.831650519394, -8135.439781401126, -7986.491075767752, -8338.886475745396, -8097.40528128418, -7718.780455266086, -7959.5279891307455, -8074.46484555288, -8035.747114981909, -7603.700870012927, -7903.928836736982, -8736.312884513805, -7514.451488501372, -8118.933121165435, -8292.251624239432, -7880.520806720399, -7384.1717453103665, -8030.902074876461, -8259.11890285399, -7965.130898033349, -7832.377088252781, -8279.264730444243, -8827.114478928188, -8197.981581785192, -8522.423922409447, -8349.67776798089, -7829.310279538694, -7891.743037451286, -7541.726764637223, -8030.062420923849, -8270.37766543401, -7693.811624865444, -7958.001474874206, -8540.039960630585, -8638.822575754819, -8219.291838609724, -8652.047444391985, -8069.633662867187, -7981.969151277671, -7751.29318515478, -7666.791038081181, -8082.982045800902, -8204.67081404517, -8417.323559599377, -7362.6405302871, -8029.722809558177, -8607.454552693478, -7784.378564949777, -8057.169017249905, -7921.090073914579, -7698.852397310438, -8153.867689765171, -8853.571372047849, -8338.065400833104, -8262.457555309751, -7999.056658543739, -8341.062052621675, -8058.897801792803, -8035.468613910363, -8099.378855435907, -8551.622050637916, -8066.624788996962, -7916.159431662271, -8106.97978329485, -8355.126230029244, -8140.545470394925, -8207.985679233476, -8238.06139233265, -7924.785186906104, -8294.563982039901, -8185.725742100742, -8035.097319602062, -8421.130647429973, -8450.11318519498, -8086.069543393443, -8137.331740195017, -8249.39910227469, -7598.518942886907, -7957.128106147799, -8099.233583415507, -7856.076870000212, -8209.001418876684, -8378.726314762873, -8092.596902635749, -7756.777232594677, -8339.096069891853, -7579.144472217034, -8096.150817115638, -8928.327393620802, -8558.268828196266, -7898.825986104844, -8403.512804351381, -7833.830665802354, -8438.410104423736, -8383.762118885887, -7446.579443686791, -8009.550416509192, -7972.430639722914, -7586.541791839573, -8173.447323887096, -8319.181987562579, -8026.9775340820715, -8013.706157780361, -8849.0783062965, -8413.63638752643, -8193.409476074108, -8392.916167193684, -8112.493572336574, -8435.097984133232, -8692.448770116076, -8399.071254341923, -8031.430586307328, -8286.246124041576, -7919.2103651924235, -8463.352643209866, -7772.912069749352, -7926.478957500452, -8367.449016047729, -7927.021157593598, -8130.676938646517, -7543.189259991508, -8006.125054474633, -8340.837542707464, -8192.017678341319, -7965.7322871552315, -8316.37207935249, -8629.161794589669, -7630.288809966776, -8477.77372999148, -7494.239430676497, -8467.176292737848, -8268.295757299864, -8120.720013273312, -8632.390376278816, -8434.566619967765, -8172.216097573373, -8126.606570645556, -8165.48368942098, -8567.84082023816, -8518.922239802003, -8212.957512335235, -8554.796973893624, -7880.723132612342, -8511.894858747357, -8476.795991530795, -7918.210487552369, -8095.147004950737, -8251.762758107303, -7929.664268132526, -7746.033915061881, -8666.48167316805, -8231.204567304047, -8619.486565665597, -8134.87398295204, -8624.743416846986, -8028.849557342131, -8467.438534052526, -8047.723302881438, -8763.496514529019, -7898.250749888843, -7940.57083015205, -8263.86488586631, -7729.535249742753, -7924.580889187082, -7883.880488218535, -8241.470115251703, -8076.189873941152, -8904.685717957902, -8562.058788892764, -8013.1786465259465, -8612.861392714438, -8154.873353890904, -7637.446959143212, -8178.387396156224, -8170.540392362433, -8432.062207574223, -8527.303279712529, -8439.503720287974, -8785.864840336673, -8200.9447041328, -8858.315722743158, -8408.33425098992, -7521.6455027416105, -7968.400101721088, -8055.670677961615, -7782.8610169871845, -7833.880130325678, -8387.110162230487, -8173.300664670864, -7630.836303071805, -8591.270210264838, -8570.080996857077, -8653.010181072752, -7932.796182074496, -8238.841882667455, -8013.578679090409, -8510.289727756517, -7937.34211322891, -8517.745491367827, -8390.991411663324, -7690.229114042196, -8121.073621227724, -8259.350560210081, -8024.687108374843, -8321.630901310418, -8121.993378516439, -7741.488612264424, -8039.802395594568, -8255.960401579565, -8075.243807301945, -7904.118132885655, -8678.749660651729, -8876.042346202057, -8296.666598388394, -7762.0077732712825, -8211.268705245198, -7814.692481890354, -8786.883121701787, -7695.9525891006115, -8128.502793197862, -7974.326159152599, -7282.300006670493, -8263.185676728943, -8730.943347441287, -7591.7430419523635, -8445.971122042434, -9130.445987978175, -8216.368863277148, -8206.44713462443, -8400.299670415568, -8741.935104686736, -7641.767062894553, -8053.871335916963, -8369.213686468345, -7259.326507900661, -8264.098530307114, -8196.051524224442, -8391.167464717204, -8083.0114238321385, -8112.514101439399, -7590.118048986622, -8019.469153603363, -7870.805277812461, -7981.541714867258, -7670.679355896867, -8337.072386605381, -7944.93585683846, -8337.16111676973, -8543.141248307891, -8698.685432564665, -8317.570871939934, -8252.262774490928, -7895.856181213302, -8266.048437695712, -8550.248066205404, -8250.152874837626, -7823.538495010294, -8211.677327803716, -8156.965491498544, -8044.437150831436, -7929.29544400206, -8069.7682815276185, -8741.091174561883, -8043.140976250368, -8048.844928612096, -7965.032213280085, -7809.5009707441395, -8251.053495097663, -7967.5123464822955, -8588.568004188315, -7605.131422718813, -8723.387466335547, -7850.789237376382, -8224.989643158622, -7986.702502065988, -8481.183537673054, -8410.16103163726, -8238.216734377678, -8314.185733491247, -8229.39816521864, -7640.963877844575, -8394.886588270942, -7899.101742425082, -8842.36669163409, -8235.690858947044, -8230.53341555843, -7649.891382299257, -7969.166912565571, -8477.978955879806, -8388.93885112234, -8139.3888482616585, -8349.252366568293, -8527.484564332332, -8497.536846537228, -8223.081572391242, -7773.287433096503, -7677.528895281968, -7773.719222923553, -9039.660257619393, -7528.024227689994, -7891.804213862122, -8330.961070445332, -8204.21350598845, -8880.14348629661, -9012.215052349226, -7997.8108078686755, -8225.57316801033, -8089.642532371505, -7357.539549037879, -7749.516711452265, -8626.398221297088, -8589.412132780873, -8290.357680996356, -7466.187095522776, -8846.623654864079, -8302.36726422472, -8282.676926275351, -8249.040396452818, -7630.447792037212, -8731.470855871765, -8024.377683290612, -7904.957525451064, -8600.81488253957, -8217.920130094315, -8022.355760364313, -8033.833750979154, -8284.257490412887, -7978.925268779395, -8741.550664643073, -8448.921817602144, -7788.16518730625, -8500.709363242238, -8286.162376918266, -8522.058274667466, -8807.74430919538, -8104.269984403294, -7521.909517436551, -8296.744688511473, -8260.149376271409, -8105.223316626507, -8346.476643623857, -8106.95127775593, -7216.131508438885, -8331.300124210855, -8251.894965388014, -8652.674174951519, -7960.637360946041, -8034.953088448181, -8271.328923883555, -8013.739659416671, -8525.288970243102, -7851.66516802634, -8347.100678538127, -8130.045994170185, -9043.627147224168, -8514.59711148669, -8733.132280191794, -7935.660187033689, -7995.588186700186, -8097.845537552908, -7704.238725921165, -7623.42323448389, -7793.284559290495, -7563.2774495242065, -8267.599715673796, -8792.365884347035, -7900.17178921595, -8455.96171055184, -8568.83114589049, -7624.4251815498665, -7708.279343651561, -7672.919508337333, -7990.54560032073, -8515.941753407029, -8446.440512816378, -7929.206611890333, -8133.593698243256, -8682.013935594407, -7970.855948848233, -7665.494379797411, -8765.812660484457, -8235.859169928954, -8448.096128606285, -7891.269678954435, -8522.841056393721, -8181.094857458716, -8042.119474416903, -7793.75419246781, -8180.856985603767, -8442.157653782531, -8130.976255532163, -7875.443996094269, -8384.585564888215, -8064.128669758645, -8475.76435743569, -7917.2320121691155, -8527.871294604027, -7872.840617767582, -7789.935075342954, -8609.360551537897, -8499.002724931817, -7804.0242295959715, -8270.516419700605, -7936.805292206609, -7966.681947253142, -8172.329612839369, -8605.869071674415, -8705.21953856092, -8104.710630992649, -8487.410795745873, -8284.113226745982, -8056.654965708767, -8453.431747839095, -8068.4575001364365, -7585.473449848894, -8227.52837776549, -7963.958535664081, -8098.618048389155, -7671.084735838431, -8100.676702314797, -7734.746986069395, -8303.940138057296, -8516.66427177289, -8832.238690744587, -8508.722035460765, -7881.751323260727, -8143.111913544981, -8300.530027517576, -7306.4073451823115, -7628.995740984909, -7753.339790414288, -7936.729753872957, -8563.078009000033, -7838.59326629567, -8630.395907759697, -8741.74603138375, -8113.612457709636, -8544.801333438887, -7748.84465736104, -8315.65364988323, -8134.554820171035, -8444.180109689421, -8602.821303165172, -8591.70400858086, -7817.720067382781, -8491.820054740736, -8724.330755462188, -8623.796691278723, -8106.184681472949, -8398.85479837445, -8116.883481405197, -8240.61490683411, -8270.474179696215, -8549.466370778155, -7950.69308264722, -7905.8133453468545, -8010.532611456894, -7549.694112935656, -8410.383765084076, -8313.528611798507, -8293.348115041099, -8162.992233018984, -7554.327827764428, -8112.91293090709, -9199.37757866355, -8620.815096480737, -8556.261230309134, -7748.648852393759, -8806.84241283255, -8378.25263197563, -8293.19783807797, -8231.44043217292, -7748.0338962757805, -8625.600012249359, -8044.49368734889, -7714.796300502748, -7546.03972186386, -7925.051633818055, -8442.724076663973, -8238.674675679977, -8658.656590862844, -8370.400052600919, -8320.0515534554, -8041.449088434132, -8407.002746982675, -7589.916437150688, -8726.965304010648, -7672.313042788785, -7840.532507868567, -8130.211504895862, -8454.064735887676, -8238.119395791608, -8311.242781635952, -8073.701288256926, -7971.236212762573, -8545.57822668383, -8267.310457541767, -8088.588659242365, -8171.099466781852, -8767.995421279373, -8026.477749582528, -8487.020396457083, -8751.31885238277, -8012.200842761357, -8728.830487610607, -8500.302094466808, -8244.072579089943, -7935.324208267186, -8438.537740025831, -8261.540480024169, -8235.158820880693, -9261.634880084588, -8195.474026618333, -7923.965423066787, -8401.98367498413, -7989.888728173424, -8356.928870348602, -8109.277754188461, -8136.943394162214, -8589.688084171135, -8350.871905472932, -7935.357281448991, -8093.2790246461645, -8045.533364889819, -8645.169915813429, -7819.115705396896, -7962.371900875074, -8606.430683570881, -7840.655238895441, -7976.676939918259, -8426.931740679787, -8005.391967068593, -7724.183983395869, -7638.0509384221705, -8387.516629408514, -8045.970644707828, -7904.945799985539, -7698.994324344195, -7861.557332444935, -7719.4299585820445, -8208.36202168341, -8311.247158545806, -8031.931231659192, -7958.2939045937055, -7907.294998229826, -8167.653280377193, -8255.42777347529, -8149.04478653544, -8197.88250376634, -7921.512818852832, -8951.909008835752, -8217.386619791081, -7937.874561811878, -8460.08680236708, -8368.275396549028, -7918.2712061345055, -7699.623387645564, -7491.4159375018035, -8163.296132322932, -7597.789811316248, -7931.666079461052, -8243.321705370248, -7743.206102280703, -8416.909965813558, -8436.424417486749, -8427.438917990376, -7891.956011822023, -7950.694245337687, -7007.635968214514, -8841.362017618367, -8026.61629627571, -7767.426135291356, -7433.411141874707, -8368.717053380546, -7968.855443897585, -8527.05967282899, -7814.700575450157, -8348.583705545676, -7994.965284953741, -8308.821460269663, -7999.650040911853, -8106.4847811774, -8727.191244354804, -8192.638533611778, -8523.048981970429, -8546.102495079342, -8478.954788850811, -8202.176435705973, -7520.914088446121, -8325.550709250921, -7948.483903316644, -8404.688261318694, -8359.296351782607, -8333.794741285068, -8031.672731562429, -8208.532811154771, -8360.114090983016, -8080.663187678365, -8438.908163470387, -8632.672562761969, -8802.967276736674, -8448.642810194293, -8288.93256267779, -8377.133845787106, -8335.838883629744, -8368.515557701201, -7452.560046784738, -8678.352328294886, -8706.043059331649, -8263.124131825989, -8369.594063706283, -7967.265924473057, -8280.956248765278, -7983.114043877439, -8032.843860284627, -8155.108319110765, -8334.144221481065, -7748.408698217547, -7628.435225649336, -8421.607642802488, -7866.940632831347, -9078.528380927512, -8309.01291677031, -7765.958929149436, -8105.848668090617, -7767.517234933937, -7858.342902951471, -8594.285568428939, -8187.043910906028, -8408.577965266391, -8279.580517684095, -8085.395350924846, -7943.347509625129, -7638.156658406201, -8351.963041664674, -7997.056983142291, -8507.484136701756, -8714.651051233666, -8105.299684331945, -8842.692361860845, -7892.663132725767, -8144.110130667408, -8207.51814414769, -8054.271090583292, -8045.545985711458, -7668.173655870411, -8136.159198301095, -7659.512894151883, -8308.543002599206, -8016.4321450348225, -8382.963745905643, -7925.000486679367, -7685.789232514066, -8310.717320157766, -7909.139883555078, -7637.801001773983, -8121.555225438686, -8373.877745356966, -7588.682340888507, -8359.733407430915, -8692.980455128278, -8134.696201953975, -8141.451895565147, -8297.679831805677, -8243.5196960095, -8016.771205584074, -8183.040598431999, -7954.922231057545, -8128.059070345169, -8640.490632934998, -8107.382375240055, -8421.836640174248, -8611.55021944327, -7583.154205074321, -7598.551169052164]
Average Z : -7014.543723493496
Standard dev Z : 337.0373653538256
Total Time taken : 339.67699999999996 sec
