LiftedPTPParams [
inputFile=mln/webkb.dom.20.eclipse.mln.txt
evidenceFile=db/webkb.texas.5class.dom.20.evid.40.eclipse.txt
resultFile=results_04_06/webkb_20_40_true_approx_true.out
queryString=PageClass_0_Course,LinkTo,PageClass_0_Person,PageClass_0_Faculty,PageClass_0_Student,PageClass_0_Department
isNormal=true
approximate=true
queryEvidence=false
numIter=240
]
Time taken to create clauses in hyperCube form : 365 ms
Time taken to disjoint all hyperCubes : 1111 ms
Total number of clauses : 226
iteration no. : 0
iteration no. : 1
iteration no. : 2
iteration no. : 3
iteration no. : 4
iteration no. : 5
iteration no. : 6
iteration no. : 7
iteration no. : 8
iteration no. : 9
iteration no. : 10
iteration no. : 11
iteration no. : 12
iteration no. : 13
iteration no. : 14
iteration no. : 15
iteration no. : 16
iteration no. : 17
iteration no. : 18
iteration no. : 19
iteration no. : 20
iteration no. : 21
iteration no. : 22
iteration no. : 23
iteration no. : 24
iteration no. : 25
iteration no. : 26
iteration no. : 27
iteration no. : 28
iteration no. : 29
iteration no. : 30
iteration no. : 31
iteration no. : 32
iteration no. : 33
iteration no. : 34
iteration no. : 35
iteration no. : 36
iteration no. : 37
iteration no. : 38
iteration no. : 39
iteration no. : 40
iteration no. : 41
iteration no. : 42
iteration no. : 43
iteration no. : 44
iteration no. : 45
iteration no. : 46
iteration no. : 47
iteration no. : 48
iteration no. : 49
iteration no. : 50
iteration no. : 51
iteration no. : 52
iteration no. : 53
iteration no. : 54
iteration no. : 55
iteration no. : 56
iteration no. : 57
iteration no. : 58
iteration no. : 59
iteration no. : 60
iteration no. : 61
iteration no. : 62
iteration no. : 63
iteration no. : 64
iteration no. : 65
iteration no. : 66
iteration no. : 67
iteration no. : 68
iteration no. : 69
iteration no. : 70
iteration no. : 71
iteration no. : 72
iteration no. : 73
iteration no. : 74
iteration no. : 75
iteration no. : 76
iteration no. : 77
iteration no. : 78
iteration no. : 79
iteration no. : 80
iteration no. : 81
iteration no. : 82
iteration no. : 83
iteration no. : 84
iteration no. : 85
iteration no. : 86
iteration no. : 87
iteration no. : 88
iteration no. : 89
iteration no. : 90
iteration no. : 91
iteration no. : 92
iteration no. : 93
iteration no. : 94
iteration no. : 95
iteration no. : 96
iteration no. : 97
iteration no. : 98
iteration no. : 99
iteration no. : 100
iteration no. : 101
iteration no. : 102
iteration no. : 103
iteration no. : 104
iteration no. : 105
iteration no. : 106
iteration no. : 107
iteration no. : 108
iteration no. : 109
iteration no. : 110
iteration no. : 111
iteration no. : 112
iteration no. : 113
iteration no. : 114
iteration no. : 115
iteration no. : 116
iteration no. : 117
iteration no. : 118
iteration no. : 119
iteration no. : 120
iteration no. : 121
iteration no. : 122
iteration no. : 123
iteration no. : 124
iteration no. : 125
iteration no. : 126
iteration no. : 127
iteration no. : 128
iteration no. : 129
iteration no. : 130
iteration no. : 131
iteration no. : 132
iteration no. : 133
iteration no. : 134
iteration no. : 135
iteration no. : 136
iteration no. : 137
iteration no. : 138
iteration no. : 139
iteration no. : 140
iteration no. : 141
iteration no. : 142
iteration no. : 143
iteration no. : 144
iteration no. : 145
iteration no. : 146
iteration no. : 147
iteration no. : 148
iteration no. : 149
iteration no. : 150
iteration no. : 151
iteration no. : 152
iteration no. : 153
iteration no. : 154
iteration no. : 155
iteration no. : 156
iteration no. : 157
iteration no. : 158
iteration no. : 159
iteration no. : 160
iteration no. : 161
iteration no. : 162
iteration no. : 163
iteration no. : 164
iteration no. : 165
iteration no. : 166
iteration no. : 167
iteration no. : 168
iteration no. : 169
iteration no. : 170
iteration no. : 171
iteration no. : 172
iteration no. : 173
iteration no. : 174
iteration no. : 175
iteration no. : 176
iteration no. : 177
iteration no. : 178
iteration no. : 179
iteration no. : 180
iteration no. : 181
iteration no. : 182
iteration no. : 183
iteration no. : 184
iteration no. : 185
iteration no. : 186
iteration no. : 187
iteration no. : 188
iteration no. : 189
iteration no. : 190
iteration no. : 191
iteration no. : 192
iteration no. : 193
iteration no. : 194
iteration no. : 195
iteration no. : 196
iteration no. : 197
iteration no. : 198
iteration no. : 199
iteration no. : 200
iteration no. : 201
iteration no. : 202
iteration no. : 203
iteration no. : 204
iteration no. : 205
iteration no. : 206
iteration no. : 207
iteration no. : 208
iteration no. : 209
iteration no. : 210
iteration no. : 211
iteration no. : 212
iteration no. : 213
iteration no. : 214
iteration no. : 215
iteration no. : 216
iteration no. : 217
iteration no. : 218
iteration no. : 219
iteration no. : 220
iteration no. : 221
iteration no. : 222
iteration no. : 223
iteration no. : 224
iteration no. : 225
iteration no. : 226
iteration no. : 227
iteration no. : 228
iteration no. : 229
iteration no. : 230
iteration no. : 231
iteration no. : 232
iteration no. : 233
iteration no. : 234
iteration no. : 235
iteration no. : 236
iteration no. : 237
iteration no. : 238
iteration no. : 239
Time taken for 240 iterations : 223.356 sec
zArray : [-8213.751672390386, -8116.580763099106, -7712.5113581137375, -8045.5940990865265, -8439.317359007446, -8667.250322509613, -8258.491858311661, -8396.421101386484, -8172.387269153896, -7800.999372853234, -8100.2488691362705, -8425.555827551363, -8196.66271206536, -8314.824788817556, -8258.749683506976, -8430.98472238338, -8211.180269296365, -8097.8878400182275, -7880.875227022, -8142.149261410821, -7757.819193512585, -7832.292680120317, -7511.169181094319, -8095.7368117623355, -8026.2032894101685, -8457.322301416794, -8537.335514890503, -8228.571816989022, -7840.2105784763335, -8439.161213547583, -8489.50823078076, -7949.6251752024655, -7678.701429603445, -7904.373097622721, -8566.184150177434, -7947.828274285125, -8322.28926686577, -7589.032654744203, -7938.591990349699, -7745.9843159041475, -8053.6823517439325, -7968.61925216539, -8186.146780061052, -7769.122891049951, -7683.271128706905, -8287.909670539468, -8561.870299321572, -8556.513590529354, -8027.815024997703, -8688.1527012976, -7738.631253664505, -7965.8824554503535, -8254.46661067792, -8259.105071448917, -8018.262194361319, -8313.879022363979, -8007.707574131093, -8595.866569996604, -8044.926827010274, -8310.726166968738, -7913.9359125026285, -8384.618727119934, -8670.310566469807, -8198.289457780531, -8347.506738767632, -8251.05106242308, -8270.433110059957, -8720.167898589187, -7598.822370028716, -8260.858212240286, -8381.289364030326, -8413.60101969549, -8311.742662800672, -7653.73199916582, -7644.833618147138, -8204.388521316754, -8547.610499925262, -8484.279117717162, -8606.71272124612, -8093.84034813773, -8153.778916415295, -7778.08134863326, -7713.7170290324475, -8125.197947012313, -8761.367661308821, -8812.293012472666, -8306.543979371821, -7908.531760505615, -7934.051599999733, -8097.056448673851, -8110.680474430612, -8538.07424591544, -7757.084144537049, -7979.846263531075, -8859.413621996784, -8090.969527888903, -8084.145816270433, -8505.502180532862, -8754.970850863754, -7544.538752758486, -7884.664615620066, -8401.346002009854, -7938.672074601042, -8253.428494056097, -8324.791030633301, -7814.68429331143, -7888.090533195465, -7541.6933783768045, -8260.476113968509, -7896.178579089658, -7898.928281286339, -8054.32082145831, -8385.668215825279, -7927.600743222482, -8048.554417670985, -8731.250833509377, -8588.085198315883, -7818.838079406402, -8197.738567315662, -7975.119958979082, -8171.580856620556, -8660.288268865022, -7608.3240957329035, -8225.19246630429, -8362.859033783476, -7572.027200992871, -8170.180285699773, -8039.855497169027, -8363.533907357443, -8630.609846485784, -7892.37555017188, -8158.250328010963, -8247.243713054768, -8718.081913891356, -8572.9813913011, -8175.604312575404, -8548.89917987679, -8045.192559386521, -7779.564218156311, -7877.7696908708485, -8407.080380263786, -8908.335079573313, -8379.23665427109, -8646.90935139916, -7954.202979623668, -8132.532505633164, -8041.183121413857, -8458.98585972974, -8264.556149187525, -8382.646856731875, -8377.178371002543, -7557.402215512604, -8189.117290495571, -8092.013347820623, -8051.028748986734, -8489.714419993361, -8310.635101309086, -7934.015650589447, -8105.511520407934, -7509.538535885697, -8032.12277366954, -8842.914869491631, -7981.53297915875, -7786.195175408564, -8241.08915457538, -7928.829412294115, -7632.079868427722, -8195.598700707353, -8076.833997953944, -8231.242786646568, -7981.678344141312, -8309.775779963147, -8089.6230081660815, -7645.30455499659, -7753.85642350065, -8217.033412125991, -7262.6640846135615, -8272.172061262145, -8387.953813568576, -8805.831206471268, -8107.949299069842, -7921.841101591437, -8107.000225424306, -8154.697649922133, -8605.356767454485, -8840.369320187465, -8170.581013408246, -8371.524243623546, -8735.131315898998, -8517.308209376495, -8829.658319851482, -8258.58673567977, -7878.005170607499, -8422.78788063542, -8473.695474637916, -8367.794640604321, -8346.42477249318, -8137.893268675078, -8084.3509070408, -7805.380109482255, -8417.388215905556, -8533.259100719948, -7880.940234424581, -8613.427970368388, -8099.559737014475, -8590.603786472348, -8568.675776241162, -7891.993712351062, -7765.44998645748, -7782.002017631996, -8075.882754733504, -8330.433000073908, -7848.892182017695, -8671.763734605343, -7624.035576471524, -8830.65015503855, -8345.956558153463, -8009.817637735131, -7875.667755443959, -9002.74014367665, -7629.582545406019, -8348.135390127214, -8285.226410010382, -7823.63056418954, -8203.832197840326, -8118.535778209503, -8391.397752210865, -8181.488420858601, -8271.099279953123, -8046.19431110646, -8884.119278376276, -8197.751207444246, -7892.379503139835, -7511.276829878797, -8453.888727153835, -8364.024188958983, -8203.8486583929, -7723.493598073749, -8297.524944137209, -8181.214735892658]
Average Z : -7268.144723536903
Standard dev Z : 329.88987639320834
Total Time taken : 224.835 sec
