LiftedPTPParams [
inputFile=mln/webkb.dom.40.eclipse.mln.txt
evidenceFile=db/webkb.texas.5class.dom.40.evid.40.eclipse.txt
resultFile=results_04_06/webkb_40_40_true_approx_true.out
queryString=PageClass_0_Course,LinkTo,PageClass_0_Person,PageClass_0_Faculty,PageClass_0_Student,PageClass_0_Department
isNormal=true
approximate=true
queryEvidence=false
numIter=240
]
Time taken to create clauses in hyperCube form : 525 ms
Time taken to disjoint all hyperCubes : 1215 ms
Total number of clauses : 226
iteration no. : 0
iteration no. : 1
iteration no. : 2
iteration no. : 3
iteration no. : 4
iteration no. : 5
iteration no. : 6
iteration no. : 7
iteration no. : 8
iteration no. : 9
iteration no. : 10
iteration no. : 11
iteration no. : 12
iteration no. : 13
iteration no. : 14
iteration no. : 15
iteration no. : 16
iteration no. : 17
iteration no. : 18
iteration no. : 19
iteration no. : 20
iteration no. : 21
iteration no. : 22
iteration no. : 23
iteration no. : 24
iteration no. : 25
iteration no. : 26
iteration no. : 27
iteration no. : 28
iteration no. : 29
iteration no. : 30
iteration no. : 31
iteration no. : 32
iteration no. : 33
iteration no. : 34
iteration no. : 35
iteration no. : 36
iteration no. : 37
iteration no. : 38
iteration no. : 39
iteration no. : 40
iteration no. : 41
iteration no. : 42
iteration no. : 43
iteration no. : 44
iteration no. : 45
iteration no. : 46
iteration no. : 47
iteration no. : 48
iteration no. : 49
iteration no. : 50
iteration no. : 51
iteration no. : 52
iteration no. : 53
iteration no. : 54
iteration no. : 55
iteration no. : 56
iteration no. : 57
iteration no. : 58
iteration no. : 59
iteration no. : 60
iteration no. : 61
iteration no. : 62
iteration no. : 63
iteration no. : 64
iteration no. : 65
iteration no. : 66
iteration no. : 67
iteration no. : 68
iteration no. : 69
iteration no. : 70
iteration no. : 71
iteration no. : 72
iteration no. : 73
iteration no. : 74
iteration no. : 75
iteration no. : 76
iteration no. : 77
iteration no. : 78
iteration no. : 79
iteration no. : 80
iteration no. : 81
iteration no. : 82
iteration no. : 83
iteration no. : 84
iteration no. : 85
iteration no. : 86
iteration no. : 87
iteration no. : 88
iteration no. : 89
iteration no. : 90
iteration no. : 91
iteration no. : 92
iteration no. : 93
iteration no. : 94
iteration no. : 95
iteration no. : 96
iteration no. : 97
iteration no. : 98
iteration no. : 99
iteration no. : 100
iteration no. : 101
iteration no. : 102
iteration no. : 103
iteration no. : 104
iteration no. : 105
iteration no. : 106
iteration no. : 107
iteration no. : 108
iteration no. : 109
iteration no. : 110
iteration no. : 111
iteration no. : 112
iteration no. : 113
iteration no. : 114
iteration no. : 115
iteration no. : 116
iteration no. : 117
iteration no. : 118
iteration no. : 119
iteration no. : 120
iteration no. : 121
iteration no. : 122
iteration no. : 123
iteration no. : 124
iteration no. : 125
iteration no. : 126
iteration no. : 127
iteration no. : 128
iteration no. : 129
iteration no. : 130
iteration no. : 131
iteration no. : 132
iteration no. : 133
iteration no. : 134
iteration no. : 135
iteration no. : 136
iteration no. : 137
iteration no. : 138
iteration no. : 139
iteration no. : 140
iteration no. : 141
iteration no. : 142
iteration no. : 143
iteration no. : 144
iteration no. : 145
iteration no. : 146
iteration no. : 147
iteration no. : 148
iteration no. : 149
iteration no. : 150
iteration no. : 151
iteration no. : 152
iteration no. : 153
iteration no. : 154
iteration no. : 155
iteration no. : 156
iteration no. : 157
iteration no. : 158
iteration no. : 159
iteration no. : 160
iteration no. : 161
iteration no. : 162
iteration no. : 163
iteration no. : 164
iteration no. : 165
iteration no. : 166
iteration no. : 167
iteration no. : 168
iteration no. : 169
iteration no. : 170
iteration no. : 171
iteration no. : 172
iteration no. : 173
iteration no. : 174
iteration no. : 175
iteration no. : 176
iteration no. : 177
iteration no. : 178
iteration no. : 179
iteration no. : 180
iteration no. : 181
iteration no. : 182
iteration no. : 183
iteration no. : 184
iteration no. : 185
iteration no. : 186
iteration no. : 187
iteration no. : 188
iteration no. : 189
iteration no. : 190
iteration no. : 191
iteration no. : 192
iteration no. : 193
iteration no. : 194
iteration no. : 195
iteration no. : 196
iteration no. : 197
iteration no. : 198
iteration no. : 199
iteration no. : 200
iteration no. : 201
iteration no. : 202
iteration no. : 203
iteration no. : 204
iteration no. : 205
iteration no. : 206
iteration no. : 207
iteration no. : 208
iteration no. : 209
iteration no. : 210
iteration no. : 211
iteration no. : 212
iteration no. : 213
iteration no. : 214
iteration no. : 215
iteration no. : 216
iteration no. : 217
iteration no. : 218
iteration no. : 219
iteration no. : 220
iteration no. : 221
iteration no. : 222
iteration no. : 223
iteration no. : 224
iteration no. : 225
iteration no. : 226
iteration no. : 227
iteration no. : 228
iteration no. : 229
iteration no. : 230
iteration no. : 231
iteration no. : 232
iteration no. : 233
iteration no. : 234
iteration no. : 235
iteration no. : 236
iteration no. : 237
iteration no. : 238
iteration no. : 239
Time taken for 240 iterations : 765.732 sec
zArray : [-34038.01687952148, -34337.13490357629, -32474.402485674633, -33115.743104078094, -32320.76619727575, -33879.19240383081, -31555.68999518466, -33919.86695810356, -33370.249765131746, -32221.71046847246, -32356.50511120517, -32736.28494222346, -33686.56988700358, -33510.05707004898, -31330.44795423145, -31872.24208387854, -33866.56610987266, -32442.43723668838, -32479.383852287134, -32593.9297571648, -35373.94049022884, -34145.85595415201, -32166.65035449874, -32555.463737504873, -31718.86703879442, -30224.483811328624, -33878.977286375404, -32364.21422814502, -31537.259641700377, -33404.23576761513, -30249.686881238355, -31883.80351512643, -32899.96299818508, -34016.193271624645, -32157.673862856922, -32887.47489329549, -32600.732571879547, -33390.08110911645, -33684.50490429586, -33301.28352085482, -33778.85282374202, -32208.858275154136, -32454.48281857899, -33255.62942959066, -32618.32100109555, -34482.75101543572, -33525.016367085926, -33236.97264463292, -32221.901679310413, -33512.6467967707, -32842.527375766695, -31127.60335872191, -31558.027256231977, -32812.934079346545, -33319.78802112716, -33257.66308862897, -33669.55296214482, -34439.76298409984, -33079.72593824629, -31586.897423230483, -32664.89721477598, -31647.073306895993, -33244.75119698904, -32993.07251671624, -32576.959158447764, -34610.08916397159, -32904.39176172301, -33124.35486625099, -32751.499999639647, -32285.452828484744, -33383.65452065849, -33779.5774043904, -32294.004902768538, -32913.064741073606, -32640.2045199753, -33409.915975864875, -34627.761387564824, -33054.65271955386, -34500.51627355219, -32191.561324792918, -33486.57115753847, -33733.91569805313, -32307.797424468958, -32602.855859922944, -33123.080971189804, -32159.015655024534, -32566.964113565653, -33222.554437563216, -32327.54479075247, -33518.29415978062, -32691.843744485268, -32387.18143411851, -31130.899309150453, -32855.316744158736, -33363.956153403924, -31914.461162467574, -32618.130228314585, -32809.53679977708, -32449.74356612534, -33795.943212763974, -33922.717491739226, -32458.09086741476, -33249.921858095855, -33329.54820818448, -33966.31488854789, -33623.52122292013, -33948.90750114457, -33041.955429608766, -32760.1692361992, -33929.64178796577, -32990.63489933497, -33162.61940979233, -32227.62148435349, -32736.64216194765, -32037.702722520782, -33281.28474999929, -32795.004113309566, -33407.568391107096, -31926.615461378464, -33428.15279550658, -33989.16345460419, -32318.4650746598, -33154.32182352848, -31868.5860399863, -32163.7834874824, -33065.547947006075, -31986.584944776212, -32942.72938285836, -33231.72335416832, -32998.229884282024, -32516.043005322746, -31691.48827783172, -33674.105192913834, -33600.47755082793, -32646.217400860816, -30706.819883819964, -33146.24157675826, -33430.7392930678, -32500.586951170866, -33118.78366337579, -35045.03028408808, -32050.839326513076, -32222.621889576985, -34035.595098953585, -31901.1669268526, -32605.94744188959, -33230.9315012132, -34065.68683323374, -33485.376399231674, -33780.356773346866, -33786.681294452734, -32991.70708811057, -33250.0404721275, -32440.514716605485, -34044.965959485184, -34073.73354981314, -32086.00080347712, -30927.78744594225, -33115.035797157645, -32045.090012188197, -34309.769003147514, -34041.77956655624, -33135.55345426062, -32608.034416132155, -32755.920223284647, -30775.61572190733, -32029.611706191707, -33656.64687096507, -31616.173575583372, -32296.794558272355, -34344.26090016268, -32433.554227819943, -32058.525886997024, -33207.04669613951, -33315.290250965445, -33523.09375096716, -33365.05630244357, -32739.069445211844, -32985.172633711256, -31515.30660383127, -33505.89635001687, -32307.862377886893, -33483.73974354312, -33561.2028172784, -31270.613351219647, -32619.044964198773, -32981.59260430235, -33402.07073474981, -33504.02650891534, -32904.70738880605, -33433.158021585536, -34405.43871241306, -32818.43090415166, -32345.301684275833, -32393.219423700728, -33674.6462643365, -32668.64189994131, -32985.510741599355, -32548.273436454587, -31831.37182713801, -33484.9868660128, -31559.702400928774, -31879.783786669916, -32405.13605355092, -32346.267188401744, -32801.58407476161, -32865.076300667686, -33875.96044616562, -33936.59001805609, -31858.42736559873, -32406.555460675954, -32682.622254198912, -32481.50938334394, -33750.29503727469, -32716.168910354063, -31939.091538688466, -30263.06422874348, -31853.073348309426, -32700.236199588027, -33113.89568069936, -30183.67732399838, -33798.78908045588, -34115.98761947604, -33349.23687643858, -31585.758665002195, -32154.96561632992, -32529.52810535562, -32732.76552354862, -34217.81236067524, -33091.22129418992, -32855.58278131761, -34749.45105703556, -33100.351148544345, -33755.96577303374, -33475.926208787765, -32573.35396553511, -33259.42065666844, -32205.55657224068, -31907.422754055646, -33603.94885262535]
Average Z : -30189.157962921723
Standard dev Z : 886.2743945900612
Total Time taken : 767.473 sec
