LiftedPTPParams [
inputFile=mln/webkb.dom.80.eclipse.mln.txt
evidenceFile=db/webkb.texas.5class.dom.80.evid.40.eclipse.txt
resultFile=results_04_06/webkb_80_40_true_approx_true_1000iter.out
queryString=PageClass_0_Course,LinkTo,PageClass_0_Person,PageClass_0_Faculty,PageClass_0_Student,PageClass_0_Department
isNormal=true
approximate=true
queryEvidence=false
numIter=1000
]
Time taken to create clauses in hyperCube form : 1372 ms
Time taken to disjoint all hyperCubes : 1809 ms
Total number of clauses : 226
iteration no. : 0
iteration no. : 1
iteration no. : 2
iteration no. : 3
iteration no. : 4
iteration no. : 5
iteration no. : 6
iteration no. : 7
iteration no. : 8
iteration no. : 9
iteration no. : 10
iteration no. : 11
iteration no. : 12
iteration no. : 13
iteration no. : 14
iteration no. : 15
iteration no. : 16
iteration no. : 17
iteration no. : 18
iteration no. : 19
iteration no. : 20
iteration no. : 21
iteration no. : 22
iteration no. : 23
iteration no. : 24
iteration no. : 25
iteration no. : 26
iteration no. : 27
iteration no. : 28
iteration no. : 29
iteration no. : 30
iteration no. : 31
iteration no. : 32
iteration no. : 33
iteration no. : 34
iteration no. : 35
iteration no. : 36
iteration no. : 37
iteration no. : 38
iteration no. : 39
iteration no. : 40
iteration no. : 41
iteration no. : 42
iteration no. : 43
iteration no. : 44
iteration no. : 45
iteration no. : 46
iteration no. : 47
iteration no. : 48
iteration no. : 49
iteration no. : 50
iteration no. : 51
iteration no. : 52
iteration no. : 53
iteration no. : 54
iteration no. : 55
iteration no. : 56
iteration no. : 57
iteration no. : 58
iteration no. : 59
iteration no. : 60
iteration no. : 61
iteration no. : 62
iteration no. : 63
iteration no. : 64
iteration no. : 65
iteration no. : 66
iteration no. : 67
iteration no. : 68
iteration no. : 69
iteration no. : 70
iteration no. : 71
iteration no. : 72
iteration no. : 73
iteration no. : 74
iteration no. : 75
iteration no. : 76
iteration no. : 77
iteration no. : 78
iteration no. : 79
iteration no. : 80
iteration no. : 81
iteration no. : 82
iteration no. : 83
iteration no. : 84
iteration no. : 85
iteration no. : 86
iteration no. : 87
iteration no. : 88
iteration no. : 89
iteration no. : 90
iteration no. : 91
iteration no. : 92
iteration no. : 93
iteration no. : 94
iteration no. : 95
iteration no. : 96
iteration no. : 97
iteration no. : 98
iteration no. : 99
iteration no. : 100
iteration no. : 101
iteration no. : 102
iteration no. : 103
iteration no. : 104
iteration no. : 105
iteration no. : 106
iteration no. : 107
iteration no. : 108
iteration no. : 109
iteration no. : 110
iteration no. : 111
iteration no. : 112
iteration no. : 113
iteration no. : 114
iteration no. : 115
iteration no. : 116
iteration no. : 117
iteration no. : 118
iteration no. : 119
iteration no. : 120
iteration no. : 121
iteration no. : 122
iteration no. : 123
iteration no. : 124
iteration no. : 125
iteration no. : 126
iteration no. : 127
iteration no. : 128
iteration no. : 129
iteration no. : 130
iteration no. : 131
iteration no. : 132
iteration no. : 133
iteration no. : 134
iteration no. : 135
iteration no. : 136
iteration no. : 137
iteration no. : 138
iteration no. : 139
iteration no. : 140
iteration no. : 141
iteration no. : 142
iteration no. : 143
iteration no. : 144
iteration no. : 145
iteration no. : 146
iteration no. : 147
iteration no. : 148
iteration no. : 149
iteration no. : 150
iteration no. : 151
iteration no. : 152
iteration no. : 153
iteration no. : 154
iteration no. : 155
iteration no. : 156
iteration no. : 157
iteration no. : 158
iteration no. : 159
iteration no. : 160
iteration no. : 161
iteration no. : 162
iteration no. : 163
iteration no. : 164
iteration no. : 165
iteration no. : 166
iteration no. : 167
iteration no. : 168
iteration no. : 169
iteration no. : 170
iteration no. : 171
iteration no. : 172
iteration no. : 173
iteration no. : 174
iteration no. : 175
iteration no. : 176
iteration no. : 177
iteration no. : 178
iteration no. : 179
iteration no. : 180
iteration no. : 181
iteration no. : 182
iteration no. : 183
iteration no. : 184
iteration no. : 185
iteration no. : 186
iteration no. : 187
iteration no. : 188
iteration no. : 189
iteration no. : 190
iteration no. : 191
iteration no. : 192
iteration no. : 193
iteration no. : 194
iteration no. : 195
iteration no. : 196
iteration no. : 197
iteration no. : 198
iteration no. : 199
iteration no. : 200
iteration no. : 201
iteration no. : 202
iteration no. : 203
iteration no. : 204
iteration no. : 205
iteration no. : 206
iteration no. : 207
iteration no. : 208
iteration no. : 209
iteration no. : 210
iteration no. : 211
iteration no. : 212
iteration no. : 213
iteration no. : 214
iteration no. : 215
iteration no. : 216
iteration no. : 217
iteration no. : 218
iteration no. : 219
iteration no. : 220
iteration no. : 221
iteration no. : 222
iteration no. : 223
iteration no. : 224
iteration no. : 225
iteration no. : 226
iteration no. : 227
iteration no. : 228
iteration no. : 229
iteration no. : 230
iteration no. : 231
iteration no. : 232
iteration no. : 233
iteration no. : 234
iteration no. : 235
iteration no. : 236
iteration no. : 237
iteration no. : 238
iteration no. : 239
iteration no. : 240
iteration no. : 241
iteration no. : 242
iteration no. : 243
iteration no. : 244
iteration no. : 245
iteration no. : 246
iteration no. : 247
iteration no. : 248
iteration no. : 249
iteration no. : 250
iteration no. : 251
iteration no. : 252
iteration no. : 253
iteration no. : 254
iteration no. : 255
iteration no. : 256
iteration no. : 257
iteration no. : 258
iteration no. : 259
iteration no. : 260
iteration no. : 261
iteration no. : 262
iteration no. : 263
iteration no. : 264
iteration no. : 265
iteration no. : 266
iteration no. : 267
iteration no. : 268
iteration no. : 269
iteration no. : 270
iteration no. : 271
iteration no. : 272
iteration no. : 273
iteration no. : 274
iteration no. : 275
iteration no. : 276
iteration no. : 277
iteration no. : 278
iteration no. : 279
iteration no. : 280
iteration no. : 281
iteration no. : 282
iteration no. : 283
iteration no. : 284
iteration no. : 285
iteration no. : 286
iteration no. : 287
iteration no. : 288
iteration no. : 289
iteration no. : 290
iteration no. : 291
iteration no. : 292
iteration no. : 293
iteration no. : 294
iteration no. : 295
iteration no. : 296
iteration no. : 297
iteration no. : 298
iteration no. : 299
iteration no. : 300
iteration no. : 301
iteration no. : 302
iteration no. : 303
iteration no. : 304
iteration no. : 305
iteration no. : 306
iteration no. : 307
iteration no. : 308
iteration no. : 309
iteration no. : 310
iteration no. : 311
iteration no. : 312
iteration no. : 313
iteration no. : 314
iteration no. : 315
iteration no. : 316
iteration no. : 317
iteration no. : 318
iteration no. : 319
iteration no. : 320
iteration no. : 321
iteration no. : 322
iteration no. : 323
iteration no. : 324
iteration no. : 325
iteration no. : 326
iteration no. : 327
iteration no. : 328
iteration no. : 329
iteration no. : 330
iteration no. : 331
iteration no. : 332
iteration no. : 333
iteration no. : 334
iteration no. : 335
iteration no. : 336
iteration no. : 337
iteration no. : 338
iteration no. : 339
iteration no. : 340
iteration no. : 341
iteration no. : 342
iteration no. : 343
iteration no. : 344
iteration no. : 345
iteration no. : 346
iteration no. : 347
iteration no. : 348
iteration no. : 349
iteration no. : 350
iteration no. : 351
iteration no. : 352
iteration no. : 353
iteration no. : 354
iteration no. : 355
iteration no. : 356
iteration no. : 357
iteration no. : 358
iteration no. : 359
iteration no. : 360
iteration no. : 361
iteration no. : 362
iteration no. : 363
iteration no. : 364
iteration no. : 365
iteration no. : 366
iteration no. : 367
iteration no. : 368
iteration no. : 369
iteration no. : 370
iteration no. : 371
iteration no. : 372
iteration no. : 373
iteration no. : 374
iteration no. : 375
iteration no. : 376
iteration no. : 377
iteration no. : 378
iteration no. : 379
iteration no. : 380
iteration no. : 381
iteration no. : 382
iteration no. : 383
iteration no. : 384
iteration no. : 385
iteration no. : 386
iteration no. : 387
iteration no. : 388
iteration no. : 389
iteration no. : 390
iteration no. : 391
iteration no. : 392
iteration no. : 393
iteration no. : 394
iteration no. : 395
iteration no. : 396
iteration no. : 397
iteration no. : 398
iteration no. : 399
iteration no. : 400
iteration no. : 401
iteration no. : 402
iteration no. : 403
iteration no. : 404
iteration no. : 405
iteration no. : 406
iteration no. : 407
iteration no. : 408
iteration no. : 409
iteration no. : 410
iteration no. : 411
iteration no. : 412
iteration no. : 413
iteration no. : 414
iteration no. : 415
iteration no. : 416
iteration no. : 417
iteration no. : 418
iteration no. : 419
iteration no. : 420
iteration no. : 421
iteration no. : 422
iteration no. : 423
iteration no. : 424
iteration no. : 425
iteration no. : 426
iteration no. : 427
iteration no. : 428
iteration no. : 429
iteration no. : 430
iteration no. : 431
iteration no. : 432
iteration no. : 433
iteration no. : 434
iteration no. : 435
iteration no. : 436
iteration no. : 437
iteration no. : 438
iteration no. : 439
iteration no. : 440
iteration no. : 441
iteration no. : 442
iteration no. : 443
iteration no. : 444
iteration no. : 445
iteration no. : 446
iteration no. : 447
iteration no. : 448
iteration no. : 449
iteration no. : 450
iteration no. : 451
iteration no. : 452
iteration no. : 453
iteration no. : 454
iteration no. : 455
iteration no. : 456
iteration no. : 457
iteration no. : 458
iteration no. : 459
iteration no. : 460
iteration no. : 461
iteration no. : 462
iteration no. : 463
iteration no. : 464
iteration no. : 465
iteration no. : 466
iteration no. : 467
iteration no. : 468
iteration no. : 469
iteration no. : 470
iteration no. : 471
iteration no. : 472
iteration no. : 473
iteration no. : 474
iteration no. : 475
iteration no. : 476
iteration no. : 477
iteration no. : 478
iteration no. : 479
iteration no. : 480
iteration no. : 481
iteration no. : 482
iteration no. : 483
iteration no. : 484
iteration no. : 485
iteration no. : 486
iteration no. : 487
iteration no. : 488
iteration no. : 489
iteration no. : 490
iteration no. : 491
iteration no. : 492
iteration no. : 493
iteration no. : 494
iteration no. : 495
iteration no. : 496
iteration no. : 497
iteration no. : 498
iteration no. : 499
iteration no. : 500
iteration no. : 501
iteration no. : 502
iteration no. : 503
iteration no. : 504
iteration no. : 505
iteration no. : 506
iteration no. : 507
iteration no. : 508
iteration no. : 509
iteration no. : 510
iteration no. : 511
iteration no. : 512
iteration no. : 513
iteration no. : 514
iteration no. : 515
iteration no. : 516
iteration no. : 517
iteration no. : 518
iteration no. : 519
iteration no. : 520
iteration no. : 521
iteration no. : 522
iteration no. : 523
iteration no. : 524
iteration no. : 525
iteration no. : 526
iteration no. : 527
iteration no. : 528
iteration no. : 529
iteration no. : 530
iteration no. : 531
iteration no. : 532
iteration no. : 533
iteration no. : 534
iteration no. : 535
iteration no. : 536
iteration no. : 537
iteration no. : 538
iteration no. : 539
iteration no. : 540
iteration no. : 541
iteration no. : 542
iteration no. : 543
iteration no. : 544
iteration no. : 545
iteration no. : 546
iteration no. : 547
iteration no. : 548
iteration no. : 549
iteration no. : 550
iteration no. : 551
iteration no. : 552
iteration no. : 553
iteration no. : 554
iteration no. : 555
iteration no. : 556
iteration no. : 557
iteration no. : 558
iteration no. : 559
iteration no. : 560
iteration no. : 561
iteration no. : 562
iteration no. : 563
iteration no. : 564
iteration no. : 565
iteration no. : 566
iteration no. : 567
iteration no. : 568
iteration no. : 569
iteration no. : 570
iteration no. : 571
iteration no. : 572
iteration no. : 573
iteration no. : 574
iteration no. : 575
iteration no. : 576
iteration no. : 577
iteration no. : 578
iteration no. : 579
iteration no. : 580
iteration no. : 581
iteration no. : 582
iteration no. : 583
iteration no. : 584
iteration no. : 585
iteration no. : 586
iteration no. : 587
iteration no. : 588
iteration no. : 589
iteration no. : 590
iteration no. : 591
iteration no. : 592
iteration no. : 593
iteration no. : 594
iteration no. : 595
iteration no. : 596
iteration no. : 597
iteration no. : 598
iteration no. : 599
iteration no. : 600
iteration no. : 601
iteration no. : 602
iteration no. : 603
iteration no. : 604
iteration no. : 605
iteration no. : 606
iteration no. : 607
iteration no. : 608
iteration no. : 609
iteration no. : 610
iteration no. : 611
iteration no. : 612
iteration no. : 613
iteration no. : 614
iteration no. : 615
iteration no. : 616
iteration no. : 617
iteration no. : 618
iteration no. : 619
iteration no. : 620
iteration no. : 621
iteration no. : 622
iteration no. : 623
iteration no. : 624
iteration no. : 625
iteration no. : 626
iteration no. : 627
iteration no. : 628
iteration no. : 629
iteration no. : 630
iteration no. : 631
iteration no. : 632
iteration no. : 633
iteration no. : 634
iteration no. : 635
iteration no. : 636
iteration no. : 637
iteration no. : 638
iteration no. : 639
iteration no. : 640
iteration no. : 641
iteration no. : 642
iteration no. : 643
iteration no. : 644
iteration no. : 645
iteration no. : 646
iteration no. : 647
iteration no. : 648
iteration no. : 649
iteration no. : 650
iteration no. : 651
iteration no. : 652
iteration no. : 653
iteration no. : 654
iteration no. : 655
iteration no. : 656
iteration no. : 657
iteration no. : 658
iteration no. : 659
iteration no. : 660
iteration no. : 661
iteration no. : 662
iteration no. : 663
iteration no. : 664
iteration no. : 665
iteration no. : 666
iteration no. : 667
iteration no. : 668
iteration no. : 669
iteration no. : 670
iteration no. : 671
iteration no. : 672
iteration no. : 673
iteration no. : 674
iteration no. : 675
iteration no. : 676
iteration no. : 677
iteration no. : 678
iteration no. : 679
iteration no. : 680
iteration no. : 681
iteration no. : 682
iteration no. : 683
iteration no. : 684
iteration no. : 685
iteration no. : 686
iteration no. : 687
iteration no. : 688
iteration no. : 689
iteration no. : 690
iteration no. : 691
iteration no. : 692
iteration no. : 693
iteration no. : 694
iteration no. : 695
iteration no. : 696
iteration no. : 697
iteration no. : 698
iteration no. : 699
iteration no. : 700
iteration no. : 701
iteration no. : 702
iteration no. : 703
iteration no. : 704
iteration no. : 705
iteration no. : 706
iteration no. : 707
iteration no. : 708
iteration no. : 709
iteration no. : 710
iteration no. : 711
iteration no. : 712
iteration no. : 713
iteration no. : 714
iteration no. : 715
iteration no. : 716
iteration no. : 717
iteration no. : 718
iteration no. : 719
iteration no. : 720
iteration no. : 721
iteration no. : 722
iteration no. : 723
iteration no. : 724
iteration no. : 725
iteration no. : 726
iteration no. : 727
iteration no. : 728
iteration no. : 729
iteration no. : 730
iteration no. : 731
iteration no. : 732
iteration no. : 733
iteration no. : 734
iteration no. : 735
iteration no. : 736
iteration no. : 737
iteration no. : 738
iteration no. : 739
iteration no. : 740
iteration no. : 741
iteration no. : 742
iteration no. : 743
iteration no. : 744
iteration no. : 745
iteration no. : 746
iteration no. : 747
iteration no. : 748
iteration no. : 749
iteration no. : 750
iteration no. : 751
iteration no. : 752
iteration no. : 753
iteration no. : 754
iteration no. : 755
iteration no. : 756
iteration no. : 757
iteration no. : 758
iteration no. : 759
iteration no. : 760
iteration no. : 761
iteration no. : 762
iteration no. : 763
iteration no. : 764
iteration no. : 765
iteration no. : 766
iteration no. : 767
iteration no. : 768
iteration no. : 769
iteration no. : 770
iteration no. : 771
iteration no. : 772
iteration no. : 773
iteration no. : 774
iteration no. : 775
iteration no. : 776
iteration no. : 777
iteration no. : 778
iteration no. : 779
iteration no. : 780
iteration no. : 781
iteration no. : 782
iteration no. : 783
iteration no. : 784
iteration no. : 785
iteration no. : 786
iteration no. : 787
iteration no. : 788
iteration no. : 789
iteration no. : 790
iteration no. : 791
iteration no. : 792
iteration no. : 793
iteration no. : 794
iteration no. : 795
iteration no. : 796
iteration no. : 797
iteration no. : 798
iteration no. : 799
iteration no. : 800
iteration no. : 801
iteration no. : 802
iteration no. : 803
iteration no. : 804
iteration no. : 805
iteration no. : 806
iteration no. : 807
iteration no. : 808
iteration no. : 809
iteration no. : 810
iteration no. : 811
iteration no. : 812
iteration no. : 813
iteration no. : 814
iteration no. : 815
iteration no. : 816
iteration no. : 817
iteration no. : 818
iteration no. : 819
iteration no. : 820
iteration no. : 821
iteration no. : 822
iteration no. : 823
iteration no. : 824
iteration no. : 825
iteration no. : 826
iteration no. : 827
iteration no. : 828
iteration no. : 829
iteration no. : 830
iteration no. : 831
iteration no. : 832
iteration no. : 833
iteration no. : 834
iteration no. : 835
iteration no. : 836
iteration no. : 837
iteration no. : 838
iteration no. : 839
iteration no. : 840
iteration no. : 841
iteration no. : 842
iteration no. : 843
iteration no. : 844
iteration no. : 845
iteration no. : 846
iteration no. : 847
iteration no. : 848
iteration no. : 849
iteration no. : 850
iteration no. : 851
iteration no. : 852
iteration no. : 853
iteration no. : 854
iteration no. : 855
iteration no. : 856
iteration no. : 857
iteration no. : 858
iteration no. : 859
iteration no. : 860
iteration no. : 861
iteration no. : 862
iteration no. : 863
iteration no. : 864
iteration no. : 865
iteration no. : 866
iteration no. : 867
iteration no. : 868
iteration no. : 869
iteration no. : 870
iteration no. : 871
iteration no. : 872
iteration no. : 873
iteration no. : 874
iteration no. : 875
iteration no. : 876
iteration no. : 877
iteration no. : 878
iteration no. : 879
iteration no. : 880
iteration no. : 881
iteration no. : 882
iteration no. : 883
iteration no. : 884
iteration no. : 885
iteration no. : 886
iteration no. : 887
iteration no. : 888
iteration no. : 889
iteration no. : 890
iteration no. : 891
iteration no. : 892
iteration no. : 893
iteration no. : 894
iteration no. : 895
iteration no. : 896
iteration no. : 897
iteration no. : 898
iteration no. : 899
iteration no. : 900
iteration no. : 901
iteration no. : 902
iteration no. : 903
iteration no. : 904
iteration no. : 905
iteration no. : 906
iteration no. : 907
iteration no. : 908
iteration no. : 909
iteration no. : 910
iteration no. : 911
iteration no. : 912
iteration no. : 913
iteration no. : 914
iteration no. : 915
iteration no. : 916
iteration no. : 917
iteration no. : 918
iteration no. : 919
iteration no. : 920
iteration no. : 921
iteration no. : 922
iteration no. : 923
iteration no. : 924
iteration no. : 925
iteration no. : 926
iteration no. : 927
iteration no. : 928
iteration no. : 929
iteration no. : 930
iteration no. : 931
iteration no. : 932
iteration no. : 933
iteration no. : 934
iteration no. : 935
iteration no. : 936
iteration no. : 937
iteration no. : 938
iteration no. : 939
iteration no. : 940
iteration no. : 941
iteration no. : 942
iteration no. : 943
iteration no. : 944
iteration no. : 945
iteration no. : 946
iteration no. : 947
iteration no. : 948
iteration no. : 949
iteration no. : 950
iteration no. : 951
iteration no. : 952
iteration no. : 953
iteration no. : 954
iteration no. : 955
iteration no. : 956
iteration no. : 957
iteration no. : 958
iteration no. : 959
iteration no. : 960
iteration no. : 961
iteration no. : 962
iteration no. : 963
iteration no. : 964
iteration no. : 965
iteration no. : 966
iteration no. : 967
iteration no. : 968
iteration no. : 969
iteration no. : 970
iteration no. : 971
iteration no. : 972
iteration no. : 973
iteration no. : 974
iteration no. : 975
iteration no. : 976
iteration no. : 977
iteration no. : 978
iteration no. : 979
iteration no. : 980
iteration no. : 981
iteration no. : 982
iteration no. : 983
iteration no. : 984
iteration no. : 985
iteration no. : 986
iteration no. : 987
iteration no. : 988
iteration no. : 989
iteration no. : 990
iteration no. : 991
iteration no. : 992
iteration no. : 993
iteration no. : 994
iteration no. : 995
iteration no. : 996
iteration no. : 997
iteration no. : 998
iteration no. : 999
Time taken for 1000 iterations : 12306.302 sec
zArray : [-131366.10166198088, -135130.56092806967, -130872.13713003373, -131090.96408597913, -133873.17588703637, -134500.85665980884, -134559.13345163228, -131552.68552597455, -131680.6260493965, -132413.0846221466, -131864.95175830598, -129396.96510563398, -132191.2968988737, -133702.921942044, -130238.96489692287, -133364.3976488989, -131174.73136329275, -134618.1325857457, -138670.80287076582, -131358.66110159675, -131716.20506124228, -134301.50970153595, -133235.70851194346, -127109.07836354883, -131928.2901207289, -130302.49761032635, -128563.36959604721, -133254.4173268668, -137041.5557855318, -134460.11088600603, -137826.96937168867, -131964.74891310814, -133460.56874658162, -133865.51949326054, -131135.34337453765, -134875.90842213944, -133138.19949677904, -132366.0032148317, -128761.50020686768, -128633.71266957372, -126362.77424787793, -127574.64538881929, -126975.44312934235, -133467.4222959312, -128339.21313460715, -134455.11250439766, -137516.96596800422, -130625.44231764156, -136456.46973659188, -130200.19489275783, -131616.95817238945, -131135.8377193863, -128556.57951412903, -131727.5104915489, -129422.61549464021, -131869.28474213104, -126432.15507679968, -127990.21924558416, -129979.26338791473, -133046.09467689166, -131634.0401932261, -133328.28330506003, -127296.634541122, -135259.18855646224, -134035.88703099746, -134568.74202677218, -133861.7355913526, -132638.65287368328, -130604.48424827181, -129149.6272455378, -133167.10269648157, -133622.33994696868, -131136.68202597767, -133435.82019412282, -133798.76799310834, -127250.70661619258, -135498.3219109355, -134626.6878917978, -132918.50660781952, -133301.9086930439, -133590.44443097437, -135162.28084315147, -129054.56663487737, -124308.46356490608, -127741.8703250424, -129706.8206715257, -131186.61650714674, -133816.4799973279, -130679.26766335663, -128665.03309961996, -131878.9522192033, -131277.419827657, -131932.44090487526, -133058.74889409944, -133443.21261134054, -129152.55870980531, -131513.2219843774, -129455.01026543345, -132911.84526282738, -127374.9943695535, -129962.97521934086, -133982.06380360769, -133055.66279313795, -132884.45568893812, -135915.63662581122, -125136.34262474878, -131162.63954739072, -131410.39287080828, -136790.45656155844, -135512.7954902062, -129880.69315690598, -134234.92027332156, -132885.11623620611, -131884.65538482758, -133000.92053062882, -135100.9329774984, -130285.12453250456, -135534.06306886554, -134153.3511028848, -130607.60851217678, -130499.95291618526, -131388.29136029605, -134507.23578476522, -131870.24619004442, -131598.41998597488, -132514.1220802341, -133203.16212575044, -129141.72117702207, -131335.56956538366, -131586.85181792974, -127398.88797521485, -131902.22727869687, -132889.58748732394, -137237.158520078, -128881.23611098544, -132055.0687641846, -133505.27541179414, -133092.0016881095, -135103.42344593737, -132418.5148627691, -132772.2728673435, -133961.01916931753, -130008.48435304366, -129243.6814028187, -132245.33364505682, -129920.39826151977, -129988.7649651162, -133856.17676519882, -126899.41428253471, -126805.59973224835, -130276.62129414597, -132446.95278853155, -132723.30284347446, -133366.75418889112, -132873.10521753857, -132487.2461754151, -135265.58901231768, -131131.3863457362, -134464.6259632231, -131146.4722513835, -133031.30909260403, -131602.725420445, -133424.72644604425, -132813.41159611728, -132221.89095074806, -134946.15451614308, -134851.94257664625, -123605.16059651335, -130215.25462236466, -134173.54140399885, -136245.916161216, -129549.04993931568, -134532.01225824942, -135344.09647902547, -133326.99938851438, -124928.50862985633, -128418.42262505663, -138405.74130001798, -133400.7533056972, -129247.90833896196, -130192.6992061142, -134698.33273445966, -131678.80880801386, -134131.89982522622, -129769.4008644805, -133955.66321213252, -129679.10707533896, -130467.11774131256, -137220.3261663802, -133100.04679145225, -135337.64125896848, -131846.52094538233, -130372.33630356926, -129717.26944953298, -131803.52009236065, -126483.14035983203, -133254.91177014407, -131301.87329930946, -134424.35619979625, -133250.8242381273, -132344.78968892575, -128315.3680489485, -134457.84641153878, -135141.88501010946, -132179.91143079562, -129660.58007404924, -133322.25502637608, -131262.94574036746, -128536.46656413375, -132882.31643131404, -136092.0731090045, -135183.37274486327, -132499.22926185175, -134096.83016441762, -131331.10842466378, -128786.52648994357, -131170.87535208496, -126917.40757621118, -136554.84909122516, -130169.05428272836, -136143.40966817952, -134377.17739523097, -132770.5914650551, -132693.8313677469, -129823.80997993638, -133233.87317394672, -131598.01197148173, -129848.20761160486, -131173.7416358055, -135334.40833977715, -130072.3478509844, -129016.71951913266, -132975.7133022788, -133821.67341553446, -128555.55510648394, -129252.8357056713, -134717.81822814583, -128193.53381294811, -135630.87346195136, -135212.1716830964, -134647.73693135162, -130879.09540039483, -129675.82970462691, -131361.5367304668, -132150.59266097881, -134313.6538161304, -128822.10163352898, -130418.83107273509, -131748.56421492796, -129983.89467699887, -134805.84404446604, -130747.66951979403, -139239.63534993262, -130715.47008258238, -133371.44552146675, -137383.4346430454, -133824.31073026772, -130784.5275498082, -133959.90657958345, -130377.38571385494, -128855.72052768493, -130005.65586161677, -134039.72015550203, -132670.59237562184, -132582.62675557256, -138588.0980622367, -130678.0194536838, -134191.7610598257, -130265.07204160347, -130195.4566130147, -135295.4523095192, -129957.9752392511, -134091.8525968938, -129342.17375900727, -139344.36927628296, -131690.85362438683, -130127.82846964829, -133332.6357884162, -130160.10950913011, -130518.20030597036, -134624.63370643737, -132840.55963060795, -132781.76482635122, -131907.2075355874, -133993.269787142, -132671.65981677297, -129197.93194510812, -135714.97815101856, -132050.510555629, -131904.78165121764, -128181.84298617455, -130736.02619103447, -135065.32806481817, -132226.60399231996, -127751.45505459278, -134244.77878588333, -132585.0482627974, -133194.37444211307, -132384.0584560015, -131085.59063617227, -129967.04157227442, -130553.48060927619, -133017.0100158102, -134943.7708872811, -137554.69310469218, -127371.85138349656, -133334.03595216782, -133950.84421727614, -130234.38846894557, -131828.45501844684, -133995.91978073356, -131898.82650690794, -127483.07740237725, -130415.9644883652, -138831.87175444124, -132100.90029895934, -131419.341579695, -131748.27978929612, -133470.31319977113, -132641.21284655563, -130662.13656911835, -129279.1690305549, -134752.78402314347, -131984.78264900125, -137073.80730061632, -134397.0219356629, -129097.73363151618, -129373.80424226148, -136043.31313158234, -122893.05634186724, -138441.96466910138, -129179.40918629825, -133483.13899040228, -130331.5426476233, -131154.56143577586, -137069.82495457298, -131600.20326142237, -128232.01047035446, -130730.13014992067, -132944.39696183096, -134164.9714650022, -132453.5046343361, -132911.12203890248, -139931.1885905801, -134619.63362201277, -132559.21789688006, -132721.8283671029, -128209.24376621725, -129780.11671304217, -126413.04787136844, -131533.16390713854, -130820.57729154693, -138037.1379142335, -129597.36482767263, -131622.36321628207, -130809.1461573527, -133534.58532841227, -131764.56857767922, -128760.766826842, -135410.35136957932, -132897.92307209675, -129532.5918186207, -133582.70057687335, -131204.83386989363, -130626.79666116215, -133119.67881581522, -135035.9704502111, -134139.63883489373, -128087.82338937926, -133543.269954684, -127738.39976008644, -134347.04124446676, -128936.76918285235, -134717.89853083805, -132628.43541323848, -130713.05393228424, -132419.74988282443, -132309.625114074, -132091.20115942415, -129294.33538703107, -131265.96041744296, -136106.62667293704, -130240.76613496883, -129566.62965278234, -133968.5403170232, -133015.2967315506, -131635.31398429442, -135416.45183886282, -132738.6266435182, -135504.15749816474, -129089.19089541977, -124001.30950051003, -129938.98381156161, -132170.5233117544, -135051.7910592155, -129627.95412388237, -133867.3337408364, -130978.16887917742, -138073.82700268217, -128418.01651314835, -127441.46509714948, -133105.54821903174, -129824.13371722859, -136167.66739563658, -132109.83018306122, -129385.34566257565, -131908.96508366856, -132078.03804314916, -137694.5490052383, -131580.90230329824, -129948.62673217272, -129662.82546250921, -135839.290592954, -135206.97797938756, -129034.82862366058, -132738.82426550874, -128131.09003687231, -125879.55884830012, -136336.439494742, -130140.05752663533, -133516.68673817033, -131358.93705198527, -131776.58323545367, -134883.98421621163, -131289.9463705408, -124992.633848767, -131934.04283799182, -129596.36403587378, -135911.61871458494, -131624.79787915022, -132233.00150552814, -132586.3770668161, -130060.44906502946, -135429.22381911948, -132143.92333314105, -132460.78292702427, -134801.49647473582, -131236.69766554888, -136046.85500988987, -133385.46595242948, -138181.1762179721, -135114.7746713164, -128173.63065162454, -131005.67939023241, -136089.61537764294, -131750.6103967847, -130275.85878626182, -131536.5025666026, -133225.45770515714, -131269.19948966676, -128723.59652744413, -131716.6564520701, -133513.78979439853, -132934.74256585565, -137546.98901119357, -131951.4778803973, -131595.2682950536, -133111.1594333865, -132276.42464976595, -128704.36754570437, -131785.82038071193, -133417.2115517836, -135737.84624116306, -133572.82756886815, -134978.13407259443, -134095.44461797515, -131500.6486216201, -133610.88493712526, -128428.17621114485, -131135.5240222192, -134127.83217616947, -128522.13265137294, -131194.99937301784, -133919.98803134053, -132831.12173022635, -136104.5672507879, -134776.7904981353, -129454.01227199734, -136451.85261185834, -134642.2051181961, -137652.37522746803, -130455.71334585652, -131285.3659649325, -133483.18498203118, -129181.86044485982, -133400.8223595103, -132010.02745807468, -133122.51614791618, -131462.9010726755, -135004.99595620568, -132065.18429637147, -135853.15674330745, -127507.46030532275, -131317.6845310574, -132619.04172466742, -133170.01866562275, -131590.41420855347, -129727.69702256282, -127583.0951522922, -131246.34891660966, -132334.85509983532, -132354.38885074746, -135908.87438084863, -127878.54218425816, -133138.72331061575, -132366.90268114963, -131810.3515736035, -133000.25379452005, -132049.44627109033, -131926.2589571063, -130124.31753893915, -131779.8922784863, -133552.57659107374, -123527.35802571243, -133702.73878041428, -134048.14593756353, -129943.66543378348, -133795.04763716093, -130967.56050095023, -131081.55751514755, -132651.97569335854, -132438.6638012716, -134065.2651834135, -136369.8976170688, -129313.76739250621, -131935.5988371665, -127782.41246957482, -133515.66425810382, -135876.0693670504, -128511.58023832073, -135722.9276143422, -133068.1530007091, -128347.69423642028, -129755.69088017273, -132995.3932513063, -132203.71010612798, -126751.4628848206, -133288.6555750594, -135072.61954834804, -134639.08749548334, -137000.772308093, -129579.22486391438, -132782.3933601745, -134386.70053956125, -137840.18276815233, -127913.13347962832, -139072.7263167346, -130678.634971287, -133613.54643217742, -129065.62074368855, -128145.6141431252, -134322.77047780485, -129786.50566720063, -133716.78176466198, -134062.03829422715, -126529.95906287842, -128458.46083516754, -131424.36338311664, -130863.33560122638, -130229.47413120078, -137083.4677063004, -129856.99625157799, -129310.93812031015, -134146.79308470234, -131571.0374695107, -133267.77557767188, -130573.62398513572, -130892.86217640815, -139664.0616691157, -128657.86488322492, -132759.96050624928, -133201.35317668717, -133319.59776022736, -129697.88455438959, -132058.99824444912, -124400.5190381884, -130224.21653267424, -132191.25110869698, -132620.05969240048, -132672.8157641383, -134832.5635813289, -132845.31385284677, -132648.54041828355, -128600.41905844782, -134255.58288076875, -134918.2031518837, -129682.5000796949, -131390.9502790036, -130491.30888131936, -127411.3282111302, -130376.21569998043, -125879.61889975674, -133593.43904584952, -136422.8067338537, -132942.4443359848, -131797.80518722683, -134344.57757266884, -128582.3549210635, -131819.57312440962, -129867.35423923013, -131584.58290459274, -133560.60375566804, -133072.95764185, -136928.24502336295, -131491.7237220019, -132754.3318412569, -132768.21242393227, -130323.52951750622, -131254.47562001058, -129333.18328143503, -131087.49244648605, -136405.55909395087, -135829.30929315276, -135120.82358226672, -129385.23459288347, -135658.13404655558, -131050.2541795133, -131771.92764452126, -131752.26624636116, -132711.734549303, -134313.83771693765, -134638.3073345453, -133544.75370140997, -133855.32501659804, -131983.2429188868, -134268.7530881508, -132949.29201008228, -134995.42322076843, -133181.9701717044, -134449.5857755222, -132213.9712438064, -135627.2960021251, -131818.05153112925, -130515.38079631348, -131054.56867839843, -129662.60335775606, -135009.1001804338, -136377.68172441257, -131548.37675827468, -129431.30437276843, -130120.53407555183, -129431.60792483023, -130221.83560829834, -134652.73313781415, -130710.18347882059, -132720.8790115712, -128849.49672829313, -127633.87216293615, -133403.03715260228, -135693.24599594212, -130053.93400709097, -135128.78405630865, -131533.37731112656, -132846.51526347004, -132377.3990423522, -133744.49365139756, -130651.00862817517, -131235.57464177816, -132459.87302845254, -132548.89512671664, -134861.20386651877, -130018.95935359881, -128886.31042969368, -126002.3474793198, -129211.26121735452, -130170.54179862828, -135752.48287451634, -134446.21172870666, -134939.4448540584, -131139.9501786929, -135490.71616713604, -131065.53021965524, -133136.2083302455, -130042.88561735686, -132278.5666329536, -133210.20060404402, -131685.1451042157, -129529.51158664508, -130671.90114938149, -132065.00834414535, -131457.5706566601, -132702.51002132753, -131725.7353895873, -135684.36877439264, -132225.27636871257, -130963.9742478473, -127775.61755140123, -133114.33487281567, -132616.94166112944, -128463.93453779838, -129157.89392640731, -134717.86733924624, -132513.8381444665, -133807.04574528345, -130163.08109073517, -135795.11477424717, -129654.95176321347, -133350.94773641127, -139650.6873249914, -129346.42284822026, -130613.14252807472, -134501.14626717844, -129403.56757190016, -132618.76570996753, -136727.94743650942, -133685.17870798014, -135331.090709165, -128889.60353595066, -128304.80620393588, -132873.78622747643, -135635.35492292664, -132418.18169498577, -133175.24759013805, -133487.57167884536, -134919.82722381654, -125482.95109652789, -132420.7102019828, -131517.69968659335, -132997.31811688087, -131064.59812285462, -132777.00226011, -130327.50097499025, -131513.64610130625, -131520.3963519847, -130470.89614801915, -131335.2484752152, -137199.88659474137, -130608.50113812143, -129105.34175174299, -132352.9809778386, -131659.59411038825, -131587.40989818852, -132346.81155255027, -134157.85666080902, -128920.94732251062, -138149.55990860748, -130750.65086665639, -127762.08073500045, -131219.82696449012, -136062.7807818491, -132820.5930720874, -133164.22370749633, -132147.21586914593, -131004.88438977323, -132646.2423428903, -133941.64440881708, -131905.21346163136, -138480.2985252797, -133157.92549403978, -135730.74764900235, -130292.77805526924, -129911.19987309958, -131280.98616766627, -129231.42804039315, -130651.95337620827, -128121.681955177, -129145.4365158886, -137933.92586144508, -133331.51905081212, -133420.7006199006, -131670.67680927218, -130994.03401938015, -135810.73001085923, -133144.83099094484, -134608.77894996712, -133311.15552119064, -129926.1645247283, -130670.05363433946, -133663.75205316953, -130152.76936969283, -132139.7177076523, -139672.99176469998, -137243.3920377333, -133415.09876636876, -136704.90075747832, -134137.8229477025, -133294.0516903724, -134036.95344265059, -135682.8368705536, -130642.3171945362, -130804.55718323366, -134295.2489535643, -134203.92268772906, -135980.73344736476, -132696.70279533445, -136094.94658436868, -132265.8228314665, -133103.67921747113, -132408.91721127304, -133513.58273911045, -131099.60917779425, -132419.88244728587, -128175.96575554533, -135999.78812787426, -138554.2937423538, -133353.19296611697, -128461.1875686245, -128867.48829582137, -131546.5813793333, -130153.25318128927, -131575.3032660218, -135611.29670642875, -130621.27845423442, -133899.52322721935, -132445.88486532916, -130117.80194654668, -130771.46575227307, -129447.49025002985, -130338.53605629019, -139786.6677490864, -133480.13303664105, -131448.90547290436, -129892.35026319165, -131179.80739585368, -133073.66482356045, -133892.25805769418, -131757.08058500316, -130845.36098324739, -129024.85785082748, -131827.9577103043, -134622.07281281124, -126097.1176755168, -133127.6203898467, -132600.43833285998, -132546.32050693536, -128020.11378134647, -132250.82076480336, -135506.46168639965, -132004.75571238087, -132388.04347621519, -135064.88006674816, -133386.48860139758, -129405.02769001982, -132344.18480688994, -132945.11315658936, -131535.4183075644, -133181.28245855597, -131645.69113944488, -135083.0547270192, -130736.33207708373, -137364.90479177778, -131348.77198347473, -130037.4915947173, -129444.54840886321, -127729.1086684926, -135729.33453404251, -130257.07671547285, -128566.66546829995, -132221.40596377032, -134787.3830318147, -133275.84205245718, -127504.52169719366, -132298.90913017088, -135622.51003265535, -127235.05509739535, -130933.11308938332, -135085.88721650923, -133365.5734950859, -130551.29455416152, -134698.0361214693, -134225.2176471601, -136393.06235250607, -135357.65211809738, -134900.44905455803, -132499.87635069824, -131347.54285649004, -128792.07549846935, -125597.12403575196, -131614.94125797288, -131318.75275867822, -133791.10205564788, -136334.20169473006, -133045.81317077848, -132118.35601261634, -129527.05451132804, -132805.43329698557, -132631.2859413119, -135394.8473252917, -131522.83274227064, -127704.63549024124, -131644.34157174474, -133790.27478440985, -133338.34683250444, -137249.3321550878, -132314.23797351678, -130624.93222908124, -134770.89488508765, -131199.47121097558, -133424.22520413774, -133825.95505100628, -132524.89871263356, -135503.05322638917, -135130.26424959893, -130411.86351178239, -129158.04789169497, -133872.14417181842, -136959.20030151858, -131014.15015277073, -129464.09009788666, -129558.99332590315, -128907.15380490143, -134832.89043592673, -131829.81074341884, -134354.77927907332, -133911.68345620087, -132649.61644679008, -130893.47107548971, -129581.32146988118, -138906.68205000221, -132167.00739746785, -128725.09928236296, -128997.30832744735, -131142.50649355873, -133963.17332152574, -132326.65008811594, -135509.58501309235, -130278.81496869332, -127728.1439494241, -128026.740958089, -133552.23429174017, -128894.40359352619, -130316.79851737825, -134150.67742195903, -131317.69913201136, -133486.32957399977, -132684.49601708056, -130040.3485513349, -128700.27237473615, -132585.52839935533, -135487.49038036552, -127874.90253876045, -130182.72521027143, -129326.49465696642, -132661.71184859713, -133345.91084928563, -132325.6258435083, -131735.09448429613, -133374.4479242161, -130458.6750609268, -131666.3662782797, -129489.96319057963, -135096.21676620512, -133979.47617989389, -131835.44143382128, -137913.1929069573, -128089.88726601058, -131265.5386204303, -122283.34509920346, -128991.50657429777, -131053.8346947767, -128534.4561103162, -133381.27428347518, -127913.1100661467, -131502.86894280696, -132032.2097844776, -130938.84991398291, -132610.38354608245, -131635.71390175127, -130245.07702076298, -129497.11272927401, -135308.1743500331, -129284.22747357041, -131645.77201277946, -132705.2694118949, -132893.60448286473, -126098.90057281515, -135594.01396716532, -132332.71926041105, -132131.35666951153, -131817.0783324202, -130442.5074507435, -129937.59772261934, -133469.7347358298, -128969.35212929093, -129377.73914923456, -128540.92031380624, -134325.2896082793, -136121.3765952925, -126966.72429068085, -134993.08157806855, -134830.10135599851, -133214.06702709684, -131794.24924915383, -126389.4026515992, -132835.83335705544, -131275.41144062765, -131376.02592261104, -131653.67038628273, -131179.37480254343, -134096.08449810205, -133234.5131825936, -134188.03138180467, -124892.73893930545, -131171.4397475798, -134883.90375011522, -135052.8347891436, -133723.4877542124, -134797.79395250414, -131463.7246697874, -128045.6898249754]
Average Z : -122290.25285448245
Standard dev Z : 2713.759325022261
Total Time taken : 12309.484 sec
