LiftedPTPParams [
inputFile=mln/webkb.dom.60.eclipse.mln.txt
evidenceFile=db/webkb.texas.5class.dom.60.evid.40.eclipse.txt
resultFile=results_04_06/webkb_60_40_false_approx_true_1000iter.out
queryString=PageClass_0_Course,LinkTo,PageClass_0_Person,PageClass_0_Faculty,PageClass_0_Student,PageClass_0_Department
isNormal=false
approximate=true
queryEvidence=false
numIter=1000
]
Time taken to create clauses in hyperCube form : 6979 ms
Time taken to disjoint all hyperCubes : 870 ms
Total number of clauses : 226
iteration no. : 0
iteration no. : 1
iteration no. : 2
iteration no. : 3
iteration no. : 4
iteration no. : 5
iteration no. : 6
iteration no. : 7
iteration no. : 8
iteration no. : 9
iteration no. : 10
iteration no. : 11
iteration no. : 12
iteration no. : 13
iteration no. : 14
iteration no. : 15
iteration no. : 16
iteration no. : 17
iteration no. : 18
iteration no. : 19
iteration no. : 20
iteration no. : 21
iteration no. : 22
iteration no. : 23
iteration no. : 24
iteration no. : 25
iteration no. : 26
iteration no. : 27
iteration no. : 28
iteration no. : 29
iteration no. : 30
iteration no. : 31
iteration no. : 32
iteration no. : 33
iteration no. : 34
iteration no. : 35
iteration no. : 36
iteration no. : 37
iteration no. : 38
iteration no. : 39
iteration no. : 40
iteration no. : 41
iteration no. : 42
iteration no. : 43
iteration no. : 44
iteration no. : 45
iteration no. : 46
iteration no. : 47
iteration no. : 48
iteration no. : 49
iteration no. : 50
iteration no. : 51
iteration no. : 52
iteration no. : 53
iteration no. : 54
iteration no. : 55
iteration no. : 56
iteration no. : 57
iteration no. : 58
iteration no. : 59
iteration no. : 60
iteration no. : 61
iteration no. : 62
iteration no. : 63
iteration no. : 64
iteration no. : 65
iteration no. : 66
iteration no. : 67
iteration no. : 68
iteration no. : 69
iteration no. : 70
iteration no. : 71
iteration no. : 72
iteration no. : 73
iteration no. : 74
iteration no. : 75
iteration no. : 76
iteration no. : 77
iteration no. : 78
iteration no. : 79
iteration no. : 80
iteration no. : 81
iteration no. : 82
iteration no. : 83
iteration no. : 84
iteration no. : 85
iteration no. : 86
iteration no. : 87
iteration no. : 88
iteration no. : 89
iteration no. : 90
iteration no. : 91
iteration no. : 92
iteration no. : 93
iteration no. : 94
iteration no. : 95
iteration no. : 96
iteration no. : 97
iteration no. : 98
iteration no. : 99
iteration no. : 100
iteration no. : 101
iteration no. : 102
iteration no. : 103
iteration no. : 104
iteration no. : 105
iteration no. : 106
iteration no. : 107
iteration no. : 108
iteration no. : 109
iteration no. : 110
iteration no. : 111
iteration no. : 112
iteration no. : 113
iteration no. : 114
iteration no. : 115
iteration no. : 116
iteration no. : 117
iteration no. : 118
iteration no. : 119
iteration no. : 120
iteration no. : 121
iteration no. : 122
iteration no. : 123
iteration no. : 124
iteration no. : 125
iteration no. : 126
iteration no. : 127
iteration no. : 128
iteration no. : 129
iteration no. : 130
iteration no. : 131
iteration no. : 132
iteration no. : 133
iteration no. : 134
iteration no. : 135
iteration no. : 136
iteration no. : 137
iteration no. : 138
iteration no. : 139
iteration no. : 140
iteration no. : 141
iteration no. : 142
iteration no. : 143
iteration no. : 144
iteration no. : 145
iteration no. : 146
iteration no. : 147
iteration no. : 148
iteration no. : 149
iteration no. : 150
iteration no. : 151
iteration no. : 152
iteration no. : 153
iteration no. : 154
iteration no. : 155
iteration no. : 156
iteration no. : 157
iteration no. : 158
iteration no. : 159
iteration no. : 160
iteration no. : 161
iteration no. : 162
iteration no. : 163
iteration no. : 164
iteration no. : 165
iteration no. : 166
iteration no. : 167
iteration no. : 168
iteration no. : 169
iteration no. : 170
iteration no. : 171
iteration no. : 172
iteration no. : 173
iteration no. : 174
iteration no. : 175
iteration no. : 176
iteration no. : 177
iteration no. : 178
iteration no. : 179
iteration no. : 180
iteration no. : 181
iteration no. : 182
iteration no. : 183
iteration no. : 184
iteration no. : 185
iteration no. : 186
iteration no. : 187
iteration no. : 188
iteration no. : 189
iteration no. : 190
iteration no. : 191
iteration no. : 192
iteration no. : 193
iteration no. : 194
iteration no. : 195
iteration no. : 196
iteration no. : 197
iteration no. : 198
iteration no. : 199
iteration no. : 200
iteration no. : 201
iteration no. : 202
iteration no. : 203
iteration no. : 204
iteration no. : 205
iteration no. : 206
iteration no. : 207
iteration no. : 208
iteration no. : 209
iteration no. : 210
iteration no. : 211
iteration no. : 212
iteration no. : 213
iteration no. : 214
iteration no. : 215
iteration no. : 216
iteration no. : 217
iteration no. : 218
iteration no. : 219
iteration no. : 220
iteration no. : 221
iteration no. : 222
iteration no. : 223
iteration no. : 224
iteration no. : 225
iteration no. : 226
iteration no. : 227
iteration no. : 228
iteration no. : 229
iteration no. : 230
iteration no. : 231
iteration no. : 232
iteration no. : 233
iteration no. : 234
iteration no. : 235
iteration no. : 236
iteration no. : 237
iteration no. : 238
iteration no. : 239
iteration no. : 240
iteration no. : 241
iteration no. : 242
iteration no. : 243
iteration no. : 244
iteration no. : 245
iteration no. : 246
iteration no. : 247
iteration no. : 248
iteration no. : 249
iteration no. : 250
iteration no. : 251
iteration no. : 252
iteration no. : 253
iteration no. : 254
iteration no. : 255
iteration no. : 256
iteration no. : 257
iteration no. : 258
iteration no. : 259
iteration no. : 260
iteration no. : 261
iteration no. : 262
iteration no. : 263
iteration no. : 264
iteration no. : 265
iteration no. : 266
iteration no. : 267
iteration no. : 268
iteration no. : 269
iteration no. : 270
iteration no. : 271
iteration no. : 272
iteration no. : 273
iteration no. : 274
iteration no. : 275
iteration no. : 276
iteration no. : 277
iteration no. : 278
iteration no. : 279
iteration no. : 280
iteration no. : 281
iteration no. : 282
iteration no. : 283
iteration no. : 284
iteration no. : 285
iteration no. : 286
iteration no. : 287
iteration no. : 288
iteration no. : 289
iteration no. : 290
iteration no. : 291
iteration no. : 292
iteration no. : 293
iteration no. : 294
iteration no. : 295
iteration no. : 296
iteration no. : 297
iteration no. : 298
iteration no. : 299
iteration no. : 300
iteration no. : 301
iteration no. : 302
iteration no. : 303
iteration no. : 304
iteration no. : 305
iteration no. : 306
iteration no. : 307
iteration no. : 308
iteration no. : 309
iteration no. : 310
iteration no. : 311
iteration no. : 312
iteration no. : 313
iteration no. : 314
iteration no. : 315
iteration no. : 316
iteration no. : 317
iteration no. : 318
iteration no. : 319
iteration no. : 320
iteration no. : 321
iteration no. : 322
iteration no. : 323
iteration no. : 324
iteration no. : 325
iteration no. : 326
iteration no. : 327
iteration no. : 328
iteration no. : 329
iteration no. : 330
iteration no. : 331
iteration no. : 332
iteration no. : 333
iteration no. : 334
iteration no. : 335
iteration no. : 336
iteration no. : 337
iteration no. : 338
iteration no. : 339
iteration no. : 340
iteration no. : 341
iteration no. : 342
iteration no. : 343
iteration no. : 344
iteration no. : 345
iteration no. : 346
iteration no. : 347
iteration no. : 348
iteration no. : 349
iteration no. : 350
iteration no. : 351
iteration no. : 352
iteration no. : 353
iteration no. : 354
iteration no. : 355
iteration no. : 356
iteration no. : 357
iteration no. : 358
iteration no. : 359
iteration no. : 360
iteration no. : 361
iteration no. : 362
iteration no. : 363
iteration no. : 364
iteration no. : 365
iteration no. : 366
iteration no. : 367
iteration no. : 368
iteration no. : 369
iteration no. : 370
iteration no. : 371
iteration no. : 372
iteration no. : 373
iteration no. : 374
iteration no. : 375
iteration no. : 376
iteration no. : 377
iteration no. : 378
iteration no. : 379
iteration no. : 380
iteration no. : 381
iteration no. : 382
iteration no. : 383
iteration no. : 384
iteration no. : 385
iteration no. : 386
iteration no. : 387
iteration no. : 388
iteration no. : 389
iteration no. : 390
iteration no. : 391
iteration no. : 392
iteration no. : 393
iteration no. : 394
iteration no. : 395
iteration no. : 396
iteration no. : 397
iteration no. : 398
iteration no. : 399
iteration no. : 400
iteration no. : 401
iteration no. : 402
iteration no. : 403
iteration no. : 404
iteration no. : 405
iteration no. : 406
iteration no. : 407
iteration no. : 408
iteration no. : 409
iteration no. : 410
iteration no. : 411
iteration no. : 412
iteration no. : 413
iteration no. : 414
iteration no. : 415
iteration no. : 416
iteration no. : 417
iteration no. : 418
iteration no. : 419
iteration no. : 420
iteration no. : 421
iteration no. : 422
iteration no. : 423
iteration no. : 424
iteration no. : 425
iteration no. : 426
iteration no. : 427
iteration no. : 428
iteration no. : 429
iteration no. : 430
iteration no. : 431
iteration no. : 432
iteration no. : 433
iteration no. : 434
iteration no. : 435
iteration no. : 436
iteration no. : 437
iteration no. : 438
iteration no. : 439
iteration no. : 440
iteration no. : 441
iteration no. : 442
iteration no. : 443
iteration no. : 444
iteration no. : 445
iteration no. : 446
iteration no. : 447
iteration no. : 448
iteration no. : 449
iteration no. : 450
iteration no. : 451
iteration no. : 452
iteration no. : 453
iteration no. : 454
iteration no. : 455
iteration no. : 456
iteration no. : 457
iteration no. : 458
iteration no. : 459
iteration no. : 460
iteration no. : 461
iteration no. : 462
iteration no. : 463
iteration no. : 464
iteration no. : 465
iteration no. : 466
iteration no. : 467
iteration no. : 468
iteration no. : 469
iteration no. : 470
iteration no. : 471
iteration no. : 472
iteration no. : 473
iteration no. : 474
iteration no. : 475
iteration no. : 476
iteration no. : 477
iteration no. : 478
iteration no. : 479
iteration no. : 480
iteration no. : 481
iteration no. : 482
iteration no. : 483
iteration no. : 484
iteration no. : 485
iteration no. : 486
iteration no. : 487
iteration no. : 488
iteration no. : 489
iteration no. : 490
iteration no. : 491
iteration no. : 492
iteration no. : 493
iteration no. : 494
iteration no. : 495
iteration no. : 496
iteration no. : 497
iteration no. : 498
iteration no. : 499
iteration no. : 500
iteration no. : 501
iteration no. : 502
iteration no. : 503
iteration no. : 504
iteration no. : 505
iteration no. : 506
iteration no. : 507
iteration no. : 508
iteration no. : 509
iteration no. : 510
iteration no. : 511
iteration no. : 512
iteration no. : 513
iteration no. : 514
iteration no. : 515
iteration no. : 516
iteration no. : 517
iteration no. : 518
iteration no. : 519
iteration no. : 520
iteration no. : 521
iteration no. : 522
iteration no. : 523
iteration no. : 524
iteration no. : 525
iteration no. : 526
iteration no. : 527
iteration no. : 528
iteration no. : 529
iteration no. : 530
iteration no. : 531
iteration no. : 532
iteration no. : 533
iteration no. : 534
iteration no. : 535
iteration no. : 536
iteration no. : 537
iteration no. : 538
iteration no. : 539
iteration no. : 540
iteration no. : 541
iteration no. : 542
iteration no. : 543
iteration no. : 544
iteration no. : 545
iteration no. : 546
iteration no. : 547
iteration no. : 548
iteration no. : 549
iteration no. : 550
iteration no. : 551
iteration no. : 552
iteration no. : 553
iteration no. : 554
iteration no. : 555
iteration no. : 556
iteration no. : 557
iteration no. : 558
iteration no. : 559
iteration no. : 560
iteration no. : 561
iteration no. : 562
iteration no. : 563
iteration no. : 564
iteration no. : 565
iteration no. : 566
iteration no. : 567
iteration no. : 568
iteration no. : 569
iteration no. : 570
iteration no. : 571
iteration no. : 572
iteration no. : 573
iteration no. : 574
iteration no. : 575
iteration no. : 576
iteration no. : 577
iteration no. : 578
iteration no. : 579
iteration no. : 580
iteration no. : 581
iteration no. : 582
iteration no. : 583
iteration no. : 584
iteration no. : 585
iteration no. : 586
iteration no. : 587
iteration no. : 588
iteration no. : 589
iteration no. : 590
iteration no. : 591
iteration no. : 592
iteration no. : 593
iteration no. : 594
iteration no. : 595
iteration no. : 596
iteration no. : 597
iteration no. : 598
iteration no. : 599
iteration no. : 600
iteration no. : 601
iteration no. : 602
iteration no. : 603
iteration no. : 604
iteration no. : 605
iteration no. : 606
iteration no. : 607
iteration no. : 608
iteration no. : 609
iteration no. : 610
iteration no. : 611
iteration no. : 612
iteration no. : 613
iteration no. : 614
iteration no. : 615
iteration no. : 616
iteration no. : 617
iteration no. : 618
iteration no. : 619
iteration no. : 620
iteration no. : 621
iteration no. : 622
iteration no. : 623
iteration no. : 624
iteration no. : 625
iteration no. : 626
iteration no. : 627
iteration no. : 628
iteration no. : 629
iteration no. : 630
iteration no. : 631
iteration no. : 632
iteration no. : 633
iteration no. : 634
iteration no. : 635
iteration no. : 636
iteration no. : 637
iteration no. : 638
iteration no. : 639
iteration no. : 640
iteration no. : 641
iteration no. : 642
iteration no. : 643
iteration no. : 644
iteration no. : 645
iteration no. : 646
iteration no. : 647
iteration no. : 648
iteration no. : 649
iteration no. : 650
iteration no. : 651
iteration no. : 652
iteration no. : 653
iteration no. : 654
iteration no. : 655
iteration no. : 656
iteration no. : 657
iteration no. : 658
iteration no. : 659
iteration no. : 660
iteration no. : 661
iteration no. : 662
iteration no. : 663
iteration no. : 664
iteration no. : 665
iteration no. : 666
iteration no. : 667
iteration no. : 668
iteration no. : 669
iteration no. : 670
iteration no. : 671
iteration no. : 672
iteration no. : 673
iteration no. : 674
iteration no. : 675
iteration no. : 676
iteration no. : 677
iteration no. : 678
iteration no. : 679
iteration no. : 680
iteration no. : 681
iteration no. : 682
iteration no. : 683
iteration no. : 684
iteration no. : 685
iteration no. : 686
iteration no. : 687
iteration no. : 688
iteration no. : 689
iteration no. : 690
iteration no. : 691
iteration no. : 692
iteration no. : 693
iteration no. : 694
iteration no. : 695
iteration no. : 696
iteration no. : 697
iteration no. : 698
iteration no. : 699
iteration no. : 700
iteration no. : 701
iteration no. : 702
iteration no. : 703
iteration no. : 704
iteration no. : 705
iteration no. : 706
iteration no. : 707
iteration no. : 708
iteration no. : 709
iteration no. : 710
iteration no. : 711
iteration no. : 712
iteration no. : 713
iteration no. : 714
iteration no. : 715
iteration no. : 716
iteration no. : 717
iteration no. : 718
iteration no. : 719
iteration no. : 720
iteration no. : 721
iteration no. : 722
iteration no. : 723
iteration no. : 724
iteration no. : 725
iteration no. : 726
iteration no. : 727
iteration no. : 728
iteration no. : 729
iteration no. : 730
iteration no. : 731
iteration no. : 732
iteration no. : 733
iteration no. : 734
iteration no. : 735
iteration no. : 736
iteration no. : 737
iteration no. : 738
iteration no. : 739
iteration no. : 740
iteration no. : 741
iteration no. : 742
iteration no. : 743
iteration no. : 744
iteration no. : 745
iteration no. : 746
iteration no. : 747
iteration no. : 748
iteration no. : 749
iteration no. : 750
iteration no. : 751
iteration no. : 752
iteration no. : 753
iteration no. : 754
iteration no. : 755
iteration no. : 756
iteration no. : 757
iteration no. : 758
iteration no. : 759
iteration no. : 760
iteration no. : 761
iteration no. : 762
iteration no. : 763
iteration no. : 764
iteration no. : 765
iteration no. : 766
iteration no. : 767
iteration no. : 768
iteration no. : 769
iteration no. : 770
iteration no. : 771
iteration no. : 772
iteration no. : 773
iteration no. : 774
iteration no. : 775
iteration no. : 776
iteration no. : 777
iteration no. : 778
iteration no. : 779
iteration no. : 780
iteration no. : 781
iteration no. : 782
iteration no. : 783
iteration no. : 784
iteration no. : 785
iteration no. : 786
iteration no. : 787
iteration no. : 788
iteration no. : 789
iteration no. : 790
iteration no. : 791
iteration no. : 792
iteration no. : 793
iteration no. : 794
iteration no. : 795
iteration no. : 796
iteration no. : 797
iteration no. : 798
iteration no. : 799
iteration no. : 800
iteration no. : 801
iteration no. : 802
iteration no. : 803
iteration no. : 804
iteration no. : 805
iteration no. : 806
iteration no. : 807
iteration no. : 808
iteration no. : 809
iteration no. : 810
iteration no. : 811
iteration no. : 812
iteration no. : 813
iteration no. : 814
iteration no. : 815
iteration no. : 816
iteration no. : 817
iteration no. : 818
iteration no. : 819
iteration no. : 820
iteration no. : 821
iteration no. : 822
iteration no. : 823
iteration no. : 824
iteration no. : 825
iteration no. : 826
iteration no. : 827
iteration no. : 828
iteration no. : 829
iteration no. : 830
iteration no. : 831
iteration no. : 832
iteration no. : 833
iteration no. : 834
iteration no. : 835
iteration no. : 836
iteration no. : 837
iteration no. : 838
iteration no. : 839
iteration no. : 840
iteration no. : 841
iteration no. : 842
iteration no. : 843
iteration no. : 844
iteration no. : 845
iteration no. : 846
iteration no. : 847
iteration no. : 848
iteration no. : 849
iteration no. : 850
iteration no. : 851
iteration no. : 852
iteration no. : 853
iteration no. : 854
iteration no. : 855
iteration no. : 856
iteration no. : 857
iteration no. : 858
iteration no. : 859
iteration no. : 860
iteration no. : 861
iteration no. : 862
iteration no. : 863
iteration no. : 864
iteration no. : 865
iteration no. : 866
iteration no. : 867
iteration no. : 868
iteration no. : 869
iteration no. : 870
iteration no. : 871
iteration no. : 872
iteration no. : 873
iteration no. : 874
iteration no. : 875
iteration no. : 876
iteration no. : 877
iteration no. : 878
iteration no. : 879
iteration no. : 880
iteration no. : 881
iteration no. : 882
iteration no. : 883
iteration no. : 884
iteration no. : 885
iteration no. : 886
iteration no. : 887
iteration no. : 888
iteration no. : 889
iteration no. : 890
iteration no. : 891
iteration no. : 892
iteration no. : 893
iteration no. : 894
iteration no. : 895
iteration no. : 896
iteration no. : 897
iteration no. : 898
iteration no. : 899
iteration no. : 900
iteration no. : 901
iteration no. : 902
iteration no. : 903
iteration no. : 904
iteration no. : 905
iteration no. : 906
iteration no. : 907
iteration no. : 908
iteration no. : 909
iteration no. : 910
iteration no. : 911
iteration no. : 912
iteration no. : 913
iteration no. : 914
iteration no. : 915
iteration no. : 916
iteration no. : 917
iteration no. : 918
iteration no. : 919
iteration no. : 920
iteration no. : 921
iteration no. : 922
iteration no. : 923
iteration no. : 924
iteration no. : 925
iteration no. : 926
iteration no. : 927
iteration no. : 928
iteration no. : 929
iteration no. : 930
iteration no. : 931
iteration no. : 932
iteration no. : 933
iteration no. : 934
iteration no. : 935
iteration no. : 936
iteration no. : 937
iteration no. : 938
iteration no. : 939
iteration no. : 940
iteration no. : 941
iteration no. : 942
iteration no. : 943
iteration no. : 944
iteration no. : 945
iteration no. : 946
iteration no. : 947
iteration no. : 948
iteration no. : 949
iteration no. : 950
iteration no. : 951
iteration no. : 952
iteration no. : 953
iteration no. : 954
iteration no. : 955
iteration no. : 956
iteration no. : 957
iteration no. : 958
iteration no. : 959
iteration no. : 960
iteration no. : 961
iteration no. : 962
iteration no. : 963
iteration no. : 964
iteration no. : 965
iteration no. : 966
iteration no. : 967
iteration no. : 968
iteration no. : 969
iteration no. : 970
iteration no. : 971
iteration no. : 972
iteration no. : 973
iteration no. : 974
iteration no. : 975
iteration no. : 976
iteration no. : 977
iteration no. : 978
iteration no. : 979
iteration no. : 980
iteration no. : 981
iteration no. : 982
iteration no. : 983
iteration no. : 984
iteration no. : 985
iteration no. : 986
iteration no. : 987
iteration no. : 988
iteration no. : 989
iteration no. : 990
iteration no. : 991
iteration no. : 992
iteration no. : 993
iteration no. : 994
iteration no. : 995
iteration no. : 996
iteration no. : 997
iteration no. : 998
iteration no. : 999
Time taken for 1000 iterations : 1089.203 sec
zArray : [-73352.99693564943, -75214.89008057777, -71428.53813627968, -74982.08437234159, -73510.0492066064, -75902.28185696129, -73499.9668051436, -74086.56765989629, -76053.93364767161, -72322.9320013117, -74090.08960829438, -73608.88732498731, -73436.33049717432, -76444.86877023, -76370.01951978284, -72584.74295021642, -71857.77452469792, -75003.30743463156, -73125.07723320741, -74440.77064080081, -75812.43361470239, -75748.02569929823, -72794.78719361167, -74597.61823493977, -75560.67238945638, -78035.465010735, -75386.35175912909, -72985.49706019659, -71258.41336915224, -72497.10736270295, -76340.62515914343, -74475.24458401166, -74499.65434447941, -76110.70980020154, -71757.40323630454, -73006.75955675411, -74599.09764271359, -74592.07197212715, -77018.2498279099, -73762.90819759312, -78541.82012665292, -72997.65501114729, -74198.89301324173, -75280.76306169532, -75269.88947563962, -73423.42988376731, -74047.07429023397, -74573.58475698536, -73265.02055082505, -72696.30852536332, -76840.39684856609, -72849.25290236204, -72649.83836569123, -76323.19770752064, -76717.95757235761, -73333.8726724432, -73705.19025986112, -73249.4465507014, -72107.33101810761, -75940.29430146625, -72486.86198027853, -73894.34416191715, -71590.40571999528, -77177.359951405, -72209.13202857232, -76495.37947540102, -72972.10876808572, -77289.1163908115, -73578.14835462881, -74771.36504769699, -74899.65669077764, -76468.00398637912, -74082.41712887127, -74129.96095084773, -76068.5907050205, -74127.36501980464, -75056.39694023762, -74359.64360998261, -75995.59224151935, -74853.98802788048, -75098.09468458453, -72640.94910798491, -76099.6249908209, -73428.96407197956, -74756.80513207354, -74532.73144926259, -74122.82456526128, -75491.71158945656, -72298.96527638263, -76987.32257808279, -77401.19818153362, -72681.95667240203, -74145.28307308634, -76238.122462535, -75650.46460034954, -73245.3252126661, -73649.68058996074, -74073.0050839528, -75281.76920211261, -74267.12724871478, -75726.36063002473, -72950.39565433696, -74606.00501615921, -74847.94842880129, -73579.91995921888, -72486.89575864824, -75549.52222163511, -74296.49249795722, -71006.25533429827, -73484.62576316626, -77785.96653641682, -72366.09044665436, -71108.61069581848, -74645.71602096678, -76306.0343881142, -71410.24392848279, -72696.40047122145, -73845.2561176917, -75063.53336592489, -74374.54915418591, -73406.56185983104, -72782.84734499738, -75962.79855650758, -72478.81281786281, -72417.53339898726, -73207.25218708752, -69992.5180636214, -75712.68584553384, -72211.33045724065, -74877.41519201343, -72796.54362992883, -74963.79959385876, -74918.11271772788, -73679.31822198193, -74230.21244809705, -76181.46928564359, -71647.55320035471, -75334.33995514049, -75248.74918428375, -75032.34057890705, -77469.62487925886, -75750.39596985001, -73962.80764271026, -73004.36215241248, -73042.05548775649, -69947.85257454385, -74161.52589316739, -75157.30749164587, -74036.28467358397, -75246.54194356795, -76163.3790061523, -72686.91648549748, -73818.08290560686, -76059.44645512316, -77262.51082139161, -73348.98220141018, -73212.19619353776, -73320.70411932399, -74197.34472036938, -74036.01116134683, -74027.74171816747, -74497.10348881928, -73061.97192850558, -73164.37214441171, -74018.82895370787, -73283.81058601383, -76136.50823655674, -76161.23529119049, -76420.18812539865, -74347.42395848822, -73337.93282986051, -70977.99379247043, -75735.06854628141, -77880.46344656321, -70535.57606503309, -74581.71035929919, -75231.75170168468, -73797.95108583155, -73704.5900562614, -74962.34957602317, -76914.94516366253, -73832.62753200086, -72809.55755530439, -74867.23408827024, -73302.30874511755, -73342.82932000866, -72313.63569669718, -75661.24036050306, -75087.15893496676, -75503.4371423793, -75299.28933643817, -73182.4960383121, -73003.05095124706, -74714.09364602304, -75217.47918544627, -73574.11809683696, -73775.69098412695, -74153.64227600537, -74898.66010453306, -72077.95606182063, -77572.02529864041, -73403.24538320316, -74585.27788419591, -74930.83598511116, -74087.05746716134, -75557.21184460369, -77868.7117157793, -76147.9495680871, -73227.30236190453, -75764.99436710992, -70288.38084766138, -78137.12829015951, -75400.22047082336, -70461.97054927176, -75531.07089878488, -74940.74967141866, -72869.62355208355, -70928.25180852528, -75383.25267458503, -75422.46997246983, -71914.4070145989, -77266.12243502149, -74513.09226697969, -76680.94004872735, -74711.48681502111, -79263.57101678365, -74269.8459479542, -75312.61230335281, -74873.02081404305, -73521.41835147435, -77155.51285599297, -74794.95755169084, -74743.64526148216, -72244.96145000857, -71193.43768084326, -73863.8519730905, -73436.77730392374, -75731.98177022593, -75313.4708307601, -76451.11983359678, -72879.28415647428, -76632.27134562557, -75215.7432151875, -75014.13452306256, -73397.37993152949, -72774.96034516305, -74365.4567210302, -75149.51409440796, -76356.45775624721, -73434.94251740022, -76046.70385490406, -73271.4197501736, -77249.89416604498, -76086.54669250146, -76576.08283402967, -73097.70497337531, -74444.22974040512, -72507.24612661405, -74096.00088000663, -75260.10330494517, -75187.5955623171, -78969.22967950751, -73709.5783320334, -76971.80173375062, -73641.60926320204, -75661.97490760965, -74767.78865807211, -73723.97348760949, -73809.82565498528, -72016.14532229757, -75673.4173602556, -74214.2101887166, -72697.18336608756, -74807.37931747557, -76177.4683362475, -71666.83023820311, -75038.25690425474, -75594.80561835761, -72925.93855791177, -72312.52066952368, -73044.65943917078, -70662.52867269465, -72623.35363100831, -77053.73943957988, -75422.87962632785, -73727.92427751412, -76092.83178460205, -71073.80466000059, -71611.21705933286, -73369.4996684375, -73196.33095104227, -72955.06055752149, -74132.52436483662, -74586.28877288895, -78725.5119054025, -72603.88745480923, -72759.9737997557, -74114.59570928453, -76750.47035529511, -75204.11592010665, -69777.54256551556, -74874.43200422602, -74600.12150575794, -76417.73786742249, -75760.78332081874, -74656.93510428537, -74503.51587903337, -74150.09716596968, -74662.46885811594, -72068.91485747816, -75585.6866857734, -73385.89369130523, -75340.94361799014, -75110.89459170651, -72898.86108458851, -73546.06915572446, -72968.03768768148, -74943.35975199359, -76782.24330190459, -72699.55952947457, -72984.98398688772, -72111.55664414934, -73291.1515883278, -73156.64670411395, -77026.91223624756, -74033.16138750032, -72005.93830113215, -73818.62146924906, -74811.39432027313, -72681.29049511437, -72546.93994238702, -70038.28122124608, -71835.81866217963, -77019.49017707241, -72916.47712489494, -74823.00831793353, -72179.97887831662, -72076.70204027492, -75699.74786700608, -75437.32749286873, -74336.03864590259, -72643.55884537981, -74706.41132854662, -75781.8383571135, -75439.23875736297, -73561.87189020698, -76005.34430915418, -77542.71737134339, -71740.14750362885, -74627.18857431704, -73285.87421056893, -75793.19349939987, -76362.58743521356, -73397.49927287585, -75616.43486913253, -72911.37722569458, -74034.34564882358, -75572.96994017405, -73036.76978937161, -74323.54192967889, -72643.18835654846, -76305.99804420628, -72435.5094528092, -74354.8147270874, -73337.3320979218, -70944.86981013429, -75660.6335052395, -74099.391068482, -74442.42880115652, -75865.34326939103, -74739.58978315823, -75018.82696678172, -73135.36435074241, -73097.64720509943, -76047.70588878721, -74650.78036560654, -75181.86047279552, -80023.33447987091, -75973.27431795222, -73405.48158970027, -71792.52211387308, -74181.05486864416, -73519.86781808147, -72107.76249394147, -73079.5776328477, -72706.98319835906, -75762.20794095054, -77612.55456193224, -75382.58632652138, -78048.6933374233, -78554.44063247765, -76590.05981876755, -73152.02145143374, -76118.7300086231, -76243.83431923177, -75573.57081220955, -77709.32304477206, -72507.02226130928, -71336.09237185892, -74870.51987547177, -75774.18661596587, -71759.92895011787, -76190.59936681563, -73188.55881795706, -75688.60148579556, -75766.38168981009, -73880.13878917214, -72366.98743545692, -75365.3453712908, -71726.4167683253, -72650.8479499787, -75047.10258882854, -73187.19299455608, -74123.06290398358, -77670.0622370291, -73955.16913738647, -76699.79465905364, -72778.77809901982, -74267.34795969285, -72156.96235330883, -74524.34244984531, -72865.45529921068, -75669.55496612968, -71814.15547689797, -73220.33013396854, -73410.85207087782, -69318.02490146917, -74339.19614373388, -71069.16884005802, -75393.63069216786, -74378.36598691324, -72461.87920539406, -75191.62403292791, -75732.4090410022, -75372.31197001202, -77821.05129440769, -74469.41395826946, -74083.50334691796, -73567.55465929939, -74775.60983418289, -78385.12860312416, -74158.48531648812, -73779.81520394198, -74314.16046059404, -70735.37763314803, -76096.67995106817, -74943.47532955174, -74157.2810670215, -74626.47045636912, -74049.95236150279, -74430.23097823176, -74449.41222062625, -69965.46494701115, -74812.13122254072, -72401.20979960654, -75167.6039287816, -72307.44938952968, -76040.29447429786, -76597.68279616015, -72749.2050505951, -73140.1693820916, -76785.01229800258, -74002.43678101961, -73083.25226027092, -74204.42238562056, -75081.73935662881, -73483.51477990748, -77622.58886276935, -75669.9735885886, -75072.40931127343, -74205.88683962784, -74828.95643320793, -75842.46362320546, -74560.3308964538, -72320.28898922115, -78035.11139561105, -75945.20232737644, -75051.08452546054, -74025.93571220424, -75175.5377429515, -72875.3082335357, -75224.75700207346, -73719.29659699535, -75145.40987720175, -75563.2476131156, -72705.57126424868, -73022.26355413496, -74377.18082857614, -76164.88925005695, -76513.60161028951, -76819.91499945328, -72956.25078794202, -74571.03552565476, -73141.66153683997, -73517.0002974329, -71813.11271745151, -74998.4620353414, -75117.29959470201, -75188.00679943056, -75402.35227787544, -69550.81688977704, -73738.22412478857, -72742.90249055008, -74454.74667747726, -74349.82237134378, -72894.60947528397, -73364.71553555422, -73798.58809687714, -71405.42388161755, -73800.69045379045, -74482.82087328297, -72746.65386762482, -78146.63458846448, -75940.19973505542, -76684.8834546907, -75037.06741223704, -78035.1364309908, -74836.25686304977, -73381.22216484082, -72197.37957423563, -73280.18553172902, -72237.88039426481, -72353.7387836098, -74543.07865790412, -71283.6532286687, -74497.39896253348, -76921.74907454167, -74361.69142773353, -75752.17580998101, -73920.6610891379, -76527.2841275152, -71533.76221856603, -75093.42607052263, -73347.34770883522, -75084.15404326258, -70767.8501181024, -73399.84119148117, -74157.37100871137, -74349.19174854466, -71922.85507359832, -73842.46444420949, -72337.88219894264, -72962.14023245272, -74512.58516804453, -73559.68063356202, -74888.00692028196, -73167.26531611242, -74951.33639941765, -74143.56963356644, -74027.27630225144, -72479.07253995263, -70995.65372742081, -76615.07835640787, -72567.79322761226, -73747.89164798018, -73052.07782824873, -75155.24620080758, -74552.30315594729, -74978.43617166615, -72316.00588596388, -73057.22948510491, -76029.03922656331, -78449.95064192447, -73739.19723894424, -72661.5156600731, -71136.29447572542, -74588.5300585058, -75813.28186827883, -75337.10508303906, -74165.80454424999, -74244.28152030165, -70795.03252564133, -75429.97024728936, -75977.51267244318, -73830.99408122824, -75685.1597771628, -72983.56492513478, -73767.68705550076, -75368.89019385824, -76390.61959998879, -74976.74253547781, -74783.43551939192, -72676.11116207294, -72657.3705947145, -73103.38916062721, -72211.5903933187, -73869.48356982462, -75284.74793251751, -74936.11154600041, -73239.9567950113, -72788.9399029922, -72347.33726449237, -74748.9670831613, -77168.93964010311, -73477.21309302982, -74371.60229661761, -71018.70291094758, -71824.14079695185, -76729.92564306439, -73192.45735873743, -74599.28951813992, -77748.26087014489, -73381.51473945628, -74326.2396271997, -75604.29223411252, -75307.87197410889, -76788.74180286538, -75342.92295454118, -75113.19287438951, -75593.90603015409, -73107.15016024848, -72379.90614454077, -75779.59897920833, -74269.99304397046, -79410.74273959485, -77858.99091627976, -76065.94876829267, -74813.21691555879, -75810.66958780734, -77192.60533722371, -72596.05165901053, -77094.74032755053, -75692.24325820972, -75171.34328400341, -73988.72376048072, -73951.06021881697, -73088.08442508757, -72167.2566331566, -74481.2396519522, -73513.5441041796, -77538.18041544543, -73611.99186838084, -73270.68504260534, -75628.9117456803, -75562.16126854238, -73376.40501752571, -74257.0786774188, -76488.6393447622, -72390.29581736217, -73310.10709697015, -73642.57392207831, -71406.75938482763, -71957.2691210779, -73709.82488496513, -72942.69449906184, -72510.38928950008, -73433.58489520523, -72739.63760399989, -75571.29072091587, -75689.45666833881, -70872.30875920209, -75665.81950036628, -71426.44537841185, -69030.8011296253, -73222.11914188437, -75505.76305136218, -75784.4571321183, -74306.26214126257, -75706.09421207661, -73612.10338383699, -74270.16911502875, -70972.0519642629, -73988.98173870193, -73820.84605909514, -77476.96517102857, -75894.88442821286, -75311.90700580785, -74146.24605444066, -73076.91939468564, -71339.22463830901, -75811.67897915175, -74374.90868543154, -71675.16790274366, -73480.3008721611, -74548.0166201881, -75844.27288738749, -74721.05715470585, -73422.78621251865, -72911.20635837036, -75916.00849439815, -74681.57896911445, -72657.80911789152, -72575.70505220923, -72881.08315154807, -72212.22054424965, -75621.2029189125, -77644.7502091018, -74534.27522012372, -75499.79602518352, -74548.45356988384, -73316.96411636825, -77441.14949602533, -74060.80248969408, -76616.3364673571, -74411.49994804125, -72086.21141528254, -75532.10958365485, -74900.60649847546, -75844.92719440287, -75905.19515906047, -76144.45521125499, -71665.59262024575, -72947.91248352459, -74285.70172227679, -74403.12799256717, -76083.0539284691, -76833.11132366935, -75651.45531749736, -72904.9271487852, -76436.46975832523, -73542.06417489533, -70388.99295979894, -76086.60472854697, -76040.01966148826, -75171.9476732495, -75830.88827345514, -73874.15789676427, -73171.58651443705, -74083.45269261327, -72769.57788874491, -74173.91613497419, -74169.27358069249, -72800.243826616, -72930.00930923854, -73099.63298721403, -75796.1040998014, -75403.22227600803, -73181.33199508635, -76663.05946832466, -75024.07547764208, -74636.45013199234, -72712.92895214248, -76597.13559343565, -70912.94206386388, -77497.61774518661, -74223.22784600938, -74072.9079553062, -74229.49381456185, -77922.88526189867, -73813.69774067806, -75744.9693138127, -74985.00242303757, -72739.09806314061, -72793.20995008494, -71953.38229014674, -75966.62836936119, -72843.6898677862, -77419.63022586159, -77080.22242308526, -73219.71929192911, -74058.00353622576, -73108.04107246778, -74027.56023126171, -74318.14618376351, -74250.95762837102, -73751.70837695498, -70323.00672905431, -74015.80165450195, -77565.54923438915, -72920.91905539279, -73613.89468067801, -76998.26875941477, -76642.09115270701, -73132.45791680073, -73532.86349382781, -73471.61974957453, -74761.97830613265, -74665.23559904851, -74766.75940727927, -75157.41464254404, -73211.89811813142, -73990.05428480254, -72315.65860317285, -74188.33976580626, -74218.89074007589, -74029.51622566771, -72223.96743448412, -73375.16953626474, -74955.42883989177, -74951.8773066543, -75612.95656189794, -73286.59982007634, -75127.54296824346, -76726.28951597337, -73772.6280338171, -74822.68089422096, -76243.93449692224, -76319.17782019569, -73198.28131681906, -74347.38483118093, -71766.62250948831, -73217.23989552108, -75765.55289474504, -76403.76235301781, -70840.94077072367, -74636.95383948582, -77334.49794498154, -72487.31264605388, -71044.9268566923, -71798.0925660475, -74310.72506725826, -72003.132900387, -72191.64449665329, -76294.165010729, -77952.25091854994, -74012.91219308464, -73606.5013650451, -76447.58750563447, -73690.42932955224, -70705.57308847122, -72447.30132748719, -75173.5704183805, -75661.94796167382, -75327.27825142723, -72686.08174547278, -76321.14762484543, -71025.78478939364, -73044.95641741656, -75560.5751986688, -70784.61678127154, -73472.79731558386, -77144.29170751163, -71099.65710551754, -71517.30777467872, -74154.20225804907, -73880.64647037446, -73340.87048420616, -74979.72912087727, -72179.76563369381, -70493.68656347475, -75816.79146943148, -72614.5396140035, -74786.27410302873, -73354.28645562929, -76700.21086709748, -72114.58548387252, -76136.31571548939, -75332.63001847621, -76626.31199303018, -74034.6350638796, -72478.23050463405, -73339.89211591399, -74444.56471050793, -74363.89154580791, -75624.85683485854, -71223.75186607701, -71393.56320339996, -74703.57208359854, -73171.37526089206, -75766.70535783253, -76331.9242755619, -71828.2958813326, -72767.65435106691, -72991.03477873627, -74596.28741480038, -74415.25653313508, -73064.51079705555, -74751.66223245062, -75669.75417783398, -76543.15667234719, -74150.98641968881, -73024.68991199699, -71641.14108867133, -74115.72907997193, -72474.63255256359, -76151.13532351972, -75650.6486120387, -76499.95388071492, -75802.07527174398, -73095.23973494189, -73060.27187256508, -74713.46647999866, -72300.29768796601, -74361.21222433155, -73778.55420035668, -73785.9035134102, -76400.25474083248, -75121.27253423962, -72290.56409236128, -75030.00622380651, -73894.03928997258, -76001.7433342744, -74216.32454605411, -75139.96929197606, -73747.86141461712, -72931.91131222312, -76063.47284021977, -74570.21355643574, -71985.42278939327, -74800.22098792784, -75233.22611699805, -73735.55403261544, -70808.72427024349, -74611.68591201467, -73659.01428242943, -72756.17812745899, -75069.81516106868, -78752.87478599398, -74628.06139810896, -74934.5192914266, -75165.0706992555, -72282.91540573341, -72298.67931984899, -72146.053921294, -76598.610353785, -73753.40287791382, -76040.00437457571, -74129.38693922014, -74719.17817569694, -75663.42552846858, -74692.19050744061, -75477.13811961029, -73645.65092015389, -76331.8354852049, -74814.12247808372, -75137.61557918596, -76135.56290020562, -77400.69943735942, -72303.00675366641, -78327.11640760172, -74271.94027286244, -73783.31125525941, -76446.92924535357, -72891.40930868482, -72131.02866731024, -74866.05985080953, -74781.46534441052, -74122.86694146466, -72047.72418862625, -73027.05767361385, -77627.54654452593, -71461.85855002677, -71143.46445253245, -71894.07802145788, -76591.84277805369, -71540.88744931512, -73913.17170607891, -74490.04334947716, -74121.68019171336, -73815.44731879496, -71319.40302627727, -75156.29052321377, -74090.22358475065, -72679.43763647595, -72266.4227729008, -73178.3328935416, -73355.49855711614, -73305.9764722002, -75513.40386918947, -77592.59410934472, -75487.4510412453, -75973.97129075702, -79097.5125398916, -75318.07869586346, -74973.47397472485, -75965.95485980425, -71519.48762114908, -73999.60170357447, -73062.12538432238, -75075.86205808143, -74496.08901625808, -76150.40365983653, -75026.67208591329, -72421.19308376017, -73846.56513051776, -70871.22190811428, -73971.51354795882, -76190.94304785377, -73899.08501110673, -75119.69244503748, -73858.02697474135, -76739.08815829862, -72124.58156106598, -74988.23209083629, -72995.39086575809, -75922.99885441951, -70807.11083430868, -73172.35901177641, -75690.70684737325, -72818.86995817343, -72172.876242857, -74799.04957939759, -73989.0414693565, -73532.16491662849, -71879.73694347961, -72983.78725588326, -76204.29087910184, -75031.21395593375, -74733.43521266131, -76736.92886159358, -73551.26192600877, -76308.32964516066, -74983.70401168246, -69721.25436243496, -72626.7827032325, -74980.24109001255, -76846.09610308293, -77236.48391445713, -75740.02159270438, -71589.82632616868]
Average Z : -69037.70888490428
Standard dev Z : 1749.5633662752614
Total Time taken : 1097.0539999999999 sec
