LiftedPTPParams [
inputFile=mln/webkb.dom.80.eclipse.mln.txt
evidenceFile=db/webkb.texas.5class.dom.80.evid.40.eclipse.txt
resultFile=results_04_06/webkb_80_40_false_approx_true.out
queryString=PageClass_0_Course,LinkTo,PageClass_0_Person,PageClass_0_Faculty,PageClass_0_Student,PageClass_0_Department
isNormal=false
approximate=true
queryEvidence=false
numIter=240
]
Time taken to create clauses in hyperCube form : 13148 ms
Time taken to disjoint all hyperCubes : 1182 ms
Total number of clauses : 226
iteration no. : 0
iteration no. : 1
iteration no. : 2
iteration no. : 3
iteration no. : 4
iteration no. : 5
iteration no. : 6
iteration no. : 7
iteration no. : 8
iteration no. : 9
iteration no. : 10
iteration no. : 11
iteration no. : 12
iteration no. : 13
iteration no. : 14
iteration no. : 15
iteration no. : 16
iteration no. : 17
iteration no. : 18
iteration no. : 19
iteration no. : 20
iteration no. : 21
iteration no. : 22
iteration no. : 23
iteration no. : 24
iteration no. : 25
iteration no. : 26
iteration no. : 27
iteration no. : 28
iteration no. : 29
iteration no. : 30
iteration no. : 31
iteration no. : 32
iteration no. : 33
iteration no. : 34
iteration no. : 35
iteration no. : 36
iteration no. : 37
iteration no. : 38
iteration no. : 39
iteration no. : 40
iteration no. : 41
iteration no. : 42
iteration no. : 43
iteration no. : 44
iteration no. : 45
iteration no. : 46
iteration no. : 47
iteration no. : 48
iteration no. : 49
iteration no. : 50
iteration no. : 51
iteration no. : 52
iteration no. : 53
iteration no. : 54
iteration no. : 55
iteration no. : 56
iteration no. : 57
iteration no. : 58
iteration no. : 59
iteration no. : 60
iteration no. : 61
iteration no. : 62
iteration no. : 63
iteration no. : 64
iteration no. : 65
iteration no. : 66
iteration no. : 67
iteration no. : 68
iteration no. : 69
iteration no. : 70
iteration no. : 71
iteration no. : 72
iteration no. : 73
iteration no. : 74
iteration no. : 75
iteration no. : 76
iteration no. : 77
iteration no. : 78
iteration no. : 79
iteration no. : 80
iteration no. : 81
iteration no. : 82
iteration no. : 83
iteration no. : 84
iteration no. : 85
iteration no. : 86
iteration no. : 87
iteration no. : 88
iteration no. : 89
iteration no. : 90
iteration no. : 91
iteration no. : 92
iteration no. : 93
iteration no. : 94
iteration no. : 95
iteration no. : 96
iteration no. : 97
iteration no. : 98
iteration no. : 99
iteration no. : 100
iteration no. : 101
iteration no. : 102
iteration no. : 103
iteration no. : 104
iteration no. : 105
iteration no. : 106
iteration no. : 107
iteration no. : 108
iteration no. : 109
iteration no. : 110
iteration no. : 111
iteration no. : 112
iteration no. : 113
iteration no. : 114
iteration no. : 115
iteration no. : 116
iteration no. : 117
iteration no. : 118
iteration no. : 119
iteration no. : 120
iteration no. : 121
iteration no. : 122
iteration no. : 123
iteration no. : 124
iteration no. : 125
iteration no. : 126
iteration no. : 127
iteration no. : 128
iteration no. : 129
iteration no. : 130
iteration no. : 131
iteration no. : 132
iteration no. : 133
iteration no. : 134
iteration no. : 135
iteration no. : 136
iteration no. : 137
iteration no. : 138
iteration no. : 139
iteration no. : 140
iteration no. : 141
iteration no. : 142
iteration no. : 143
iteration no. : 144
iteration no. : 145
iteration no. : 146
iteration no. : 147
iteration no. : 148
iteration no. : 149
iteration no. : 150
iteration no. : 151
iteration no. : 152
iteration no. : 153
iteration no. : 154
iteration no. : 155
iteration no. : 156
iteration no. : 157
iteration no. : 158
iteration no. : 159
iteration no. : 160
iteration no. : 161
iteration no. : 162
iteration no. : 163
iteration no. : 164
iteration no. : 165
iteration no. : 166
iteration no. : 167
iteration no. : 168
iteration no. : 169
iteration no. : 170
iteration no. : 171
iteration no. : 172
iteration no. : 173
iteration no. : 174
iteration no. : 175
iteration no. : 176
iteration no. : 177
iteration no. : 178
iteration no. : 179
iteration no. : 180
iteration no. : 181
iteration no. : 182
iteration no. : 183
iteration no. : 184
iteration no. : 185
iteration no. : 186
iteration no. : 187
iteration no. : 188
iteration no. : 189
iteration no. : 190
iteration no. : 191
iteration no. : 192
iteration no. : 193
iteration no. : 194
iteration no. : 195
iteration no. : 196
iteration no. : 197
iteration no. : 198
iteration no. : 199
iteration no. : 200
iteration no. : 201
iteration no. : 202
iteration no. : 203
iteration no. : 204
iteration no. : 205
iteration no. : 206
iteration no. : 207
iteration no. : 208
iteration no. : 209
iteration no. : 210
iteration no. : 211
iteration no. : 212
iteration no. : 213
iteration no. : 214
iteration no. : 215
iteration no. : 216
iteration no. : 217
iteration no. : 218
iteration no. : 219
iteration no. : 220
iteration no. : 221
iteration no. : 222
iteration no. : 223
iteration no. : 224
iteration no. : 225
iteration no. : 226
iteration no. : 227
iteration no. : 228
iteration no. : 229
iteration no. : 230
iteration no. : 231
iteration no. : 232
iteration no. : 233
iteration no. : 234
iteration no. : 235
iteration no. : 236
iteration no. : 237
iteration no. : 238
iteration no. : 239
Time taken for 240 iterations : 256.099 sec
zArray : [-131106.7802488183, -133446.13083647017, -132725.66827692743, -129777.17122531282, -135102.3374271413, -128970.08528243705, -134003.84776459186, -134906.93125728154, -132026.19345034272, -135760.53855769848, -130165.98385497961, -136527.20158754513, -129712.9799644792, -132296.53966694477, -129636.55730972481, -131376.60615560878, -135767.62858691873, -132075.2572102594, -134120.66372578035, -131698.14996105983, -128883.47160079239, -131663.20419347347, -134303.27798984072, -134746.5499180627, -134470.56097352234, -132338.76870052752, -133894.3416440106, -133035.26870056128, -130136.78658314559, -131035.37243104631, -130979.12400698932, -132420.90476983428, -133739.9202566123, -133219.0980986245, -134383.40238798782, -131915.34990121363, -128186.01289826329, -135622.43634055136, -132534.07519871363, -129550.41117218224, -134228.57687681343, -133365.38435202118, -137251.15141024152, -131992.49169159116, -131844.5641674924, -135587.41854028695, -135604.5764298485, -135083.010928544, -130375.5207279584, -136159.52114807253, -136828.67882001263, -135347.50347611654, -134914.45942159815, -137362.3181397203, -130832.72751138949, -133909.9557037585, -126273.6889880771, -132329.3707393897, -134925.7978933114, -131824.9684878217, -131575.84299275043, -136500.07986212583, -131649.13576537455, -132309.41770697507, -127841.82637770411, -132612.65036615983, -131174.58736923104, -128082.39549524074, -135497.21127843708, -128177.53832963479, -130332.19052858627, -127574.38543026525, -134172.9753490805, -130442.24850819899, -128950.1891329111, -133371.7864352301, -129430.81481110308, -129453.36646256999, -132044.95343182472, -130251.86214360094, -130530.37605268598, -131921.7805573899, -131881.39327899227, -131411.3502048857, -132296.9364355529, -132042.78849481736, -135826.82215746207, -127389.32918937619, -130105.63144973404, -133408.16526816934, -132418.7448913601, -126028.04635184232, -130378.90328327136, -131554.35215218365, -129297.18548499474, -129575.23321056171, -132928.25938650157, -133318.4453412976, -129496.0859913324, -133328.10758836335, -132503.77804824105, -131919.23509563925, -130012.76262219304, -132937.0418321006, -129628.25666040409, -131437.61487322432, -132005.37526425248, -131335.45909857843, -132119.96497072876, -132599.31893608542, -129001.44918188924, -126317.2345209051, -132980.23547957322, -126452.676153305, -133566.88819355794, -133162.34744555768, -131989.7747889155, -130404.27818103084, -132402.06954777995, -132644.9812645008, -128989.20246221563, -132368.15857613247, -131067.84726537067, -131591.09214602673, -129130.32722890237, -137340.66295066944, -131012.55571210939, -137153.28234648218, -134139.19549278996, -129592.69294432113, -129353.84427670999, -131288.08170190605, -131751.73542810066, -132138.2368706249, -131020.68329079532, -128188.02308263912, -129839.11666308818, -131606.51371134596, -129847.65894541937, -132225.97272157727, -126539.94099877102, -130363.25385434408, -131813.56004888477, -130254.53888017892, -131763.9728797349, -137367.5184946039, -135914.56851284835, -128603.60737422082, -133582.24137885676, -129340.7083593492, -132600.7322565038, -136388.6145106771, -134255.0365475304, -136082.2677017785, -132682.31623036848, -133724.45294381017, -135451.4633682399, -129580.61321782123, -131938.12260184693, -135199.8415999136, -132646.06438267344, -129280.0079379355, -131151.97650494982, -135956.05275880726, -128099.79349415295, -130389.60055170771, -135311.2642316715, -129883.68407036497, -135541.10028155378, -132875.6777628761, -133609.34176885564, -128768.4334523208, -131423.19874526776, -135846.857615763, -133288.35479667422, -129557.05481685973, -130480.2985768855, -132517.44913943048, -137269.6987563229, -133162.18320156238, -132820.05217678417, -131573.15218918497, -130603.40370915207, -136543.36515412602, -131898.30209967907, -134921.57511926914, -135513.02505207568, -135503.5626673622, -136016.17635274274, -130994.20312800024, -131547.22621618025, -131549.42314838764, -135686.27436932662, -127978.71842231072, -133938.3803393009, -129969.43172245656, -129843.8094818959, -129788.7933438387, -135958.77492062107, -127904.14081112179, -133361.01172575227, -129808.1036540535, -137114.0103081423, -133347.69446578177, -134885.36364512768, -129217.74053535271, -127502.19904318576, -133123.4224270332, -132689.50112538596, -131370.7330626079, -130249.86594397598, -123311.99085167973, -130966.405941365, -128970.77888340427, -131206.1826499229, -132448.45393160818, -133705.74637143704, -132949.31617420606, -135353.54389298367, -133242.43043581804, -133240.28413282338, -135639.11758110777, -133203.3878420825, -129823.30449934679, -130702.14118536269, -130002.85087188722, -131967.46075705026, -136039.77950423228, -130680.31282707777, -133200.41325747967, -132751.5064587764, -129144.32387649048, -130073.3873980644, -131699.156635412, -133831.2629256135, -135490.78805201867, -131043.9336078858, -130430.3402097968, -131620.60270908955, -127069.78368048392]
Average Z : -123317.47149060307
Standard dev Z : 2580.6713006332443
Total Time taken : 270.43 sec
