LiftedPTPParams [
inputFile=mln/webkb.dom.40.eclipse.mln.txt
evidenceFile=db/webkb.texas.5class.dom.40.evid.40.eclipse.txt
resultFile=results_04_06/webkb_40_40_false_approx_true.out
queryString=PageClass_0_Course,LinkTo,PageClass_0_Person,PageClass_0_Faculty,PageClass_0_Student,PageClass_0_Department
isNormal=false
approximate=true
queryEvidence=false
numIter=240
]
Time taken to create clauses in hyperCube form : 7408 ms
Time taken to disjoint all hyperCubes : 816 ms
Total number of clauses : 226
iteration no. : 0
iteration no. : 1
iteration no. : 2
iteration no. : 3
iteration no. : 4
iteration no. : 5
iteration no. : 6
iteration no. : 7
iteration no. : 8
iteration no. : 9
iteration no. : 10
iteration no. : 11
iteration no. : 12
iteration no. : 13
iteration no. : 14
iteration no. : 15
iteration no. : 16
iteration no. : 17
iteration no. : 18
iteration no. : 19
iteration no. : 20
iteration no. : 21
iteration no. : 22
iteration no. : 23
iteration no. : 24
iteration no. : 25
iteration no. : 26
iteration no. : 27
iteration no. : 28
iteration no. : 29
iteration no. : 30
iteration no. : 31
iteration no. : 32
iteration no. : 33
iteration no. : 34
iteration no. : 35
iteration no. : 36
iteration no. : 37
iteration no. : 38
iteration no. : 39
iteration no. : 40
iteration no. : 41
iteration no. : 42
iteration no. : 43
iteration no. : 44
iteration no. : 45
iteration no. : 46
iteration no. : 47
iteration no. : 48
iteration no. : 49
iteration no. : 50
iteration no. : 51
iteration no. : 52
iteration no. : 53
iteration no. : 54
iteration no. : 55
iteration no. : 56
iteration no. : 57
iteration no. : 58
iteration no. : 59
iteration no. : 60
iteration no. : 61
iteration no. : 62
iteration no. : 63
iteration no. : 64
iteration no. : 65
iteration no. : 66
iteration no. : 67
iteration no. : 68
iteration no. : 69
iteration no. : 70
iteration no. : 71
iteration no. : 72
iteration no. : 73
iteration no. : 74
iteration no. : 75
iteration no. : 76
iteration no. : 77
iteration no. : 78
iteration no. : 79
iteration no. : 80
iteration no. : 81
iteration no. : 82
iteration no. : 83
iteration no. : 84
iteration no. : 85
iteration no. : 86
iteration no. : 87
iteration no. : 88
iteration no. : 89
iteration no. : 90
iteration no. : 91
iteration no. : 92
iteration no. : 93
iteration no. : 94
iteration no. : 95
iteration no. : 96
iteration no. : 97
iteration no. : 98
iteration no. : 99
iteration no. : 100
iteration no. : 101
iteration no. : 102
iteration no. : 103
iteration no. : 104
iteration no. : 105
iteration no. : 106
iteration no. : 107
iteration no. : 108
iteration no. : 109
iteration no. : 110
iteration no. : 111
iteration no. : 112
iteration no. : 113
iteration no. : 114
iteration no. : 115
iteration no. : 116
iteration no. : 117
iteration no. : 118
iteration no. : 119
iteration no. : 120
iteration no. : 121
iteration no. : 122
iteration no. : 123
iteration no. : 124
iteration no. : 125
iteration no. : 126
iteration no. : 127
iteration no. : 128
iteration no. : 129
iteration no. : 130
iteration no. : 131
iteration no. : 132
iteration no. : 133
iteration no. : 134
iteration no. : 135
iteration no. : 136
iteration no. : 137
iteration no. : 138
iteration no. : 139
iteration no. : 140
iteration no. : 141
iteration no. : 142
iteration no. : 143
iteration no. : 144
iteration no. : 145
iteration no. : 146
iteration no. : 147
iteration no. : 148
iteration no. : 149
iteration no. : 150
iteration no. : 151
iteration no. : 152
iteration no. : 153
iteration no. : 154
iteration no. : 155
iteration no. : 156
iteration no. : 157
iteration no. : 158
iteration no. : 159
iteration no. : 160
iteration no. : 161
iteration no. : 162
iteration no. : 163
iteration no. : 164
iteration no. : 165
iteration no. : 166
iteration no. : 167
iteration no. : 168
iteration no. : 169
iteration no. : 170
iteration no. : 171
iteration no. : 172
iteration no. : 173
iteration no. : 174
iteration no. : 175
iteration no. : 176
iteration no. : 177
iteration no. : 178
iteration no. : 179
iteration no. : 180
iteration no. : 181
iteration no. : 182
iteration no. : 183
iteration no. : 184
iteration no. : 185
iteration no. : 186
iteration no. : 187
iteration no. : 188
iteration no. : 189
iteration no. : 190
iteration no. : 191
iteration no. : 192
iteration no. : 193
iteration no. : 194
iteration no. : 195
iteration no. : 196
iteration no. : 197
iteration no. : 198
iteration no. : 199
iteration no. : 200
iteration no. : 201
iteration no. : 202
iteration no. : 203
iteration no. : 204
iteration no. : 205
iteration no. : 206
iteration no. : 207
iteration no. : 208
iteration no. : 209
iteration no. : 210
iteration no. : 211
iteration no. : 212
iteration no. : 213
iteration no. : 214
iteration no. : 215
iteration no. : 216
iteration no. : 217
iteration no. : 218
iteration no. : 219
iteration no. : 220
iteration no. : 221
iteration no. : 222
iteration no. : 223
iteration no. : 224
iteration no. : 225
iteration no. : 226
iteration no. : 227
iteration no. : 228
iteration no. : 229
iteration no. : 230
iteration no. : 231
iteration no. : 232
iteration no. : 233
iteration no. : 234
iteration no. : 235
iteration no. : 236
iteration no. : 237
iteration no. : 238
iteration no. : 239
Time taken for 240 iterations : 179.703 sec
zArray : [-32559.324008861837, -34353.27651385464, -30905.981337527395, -33900.55701206062, -32602.091109190013, -33869.59468798474, -33617.09025039749, -32224.079200674714, -34010.55519990443, -32679.992358119976, -33290.32251492454, -32572.598964912006, -33524.83524027604, -32902.420828728544, -34071.952660911185, -34511.670142102565, -33123.328029044926, -32463.39995546792, -32197.463707089282, -32619.0084481428, -33388.57700020304, -32349.32779866591, -33027.37034957269, -32646.97157490868, -33641.576562184804, -33580.422735845365, -31733.07823040998, -32652.903313261628, -32892.341822016555, -33576.622155135476, -32742.060920632717, -33162.26447722723, -33943.09688777334, -33459.83751602066, -33623.62182940309, -31997.047391428576, -32225.880414654912, -32926.454471404715, -33906.91327871294, -32209.66472280708, -31318.192536055227, -32692.278637176452, -33320.569847907645, -35010.751664887764, -35622.48201919187, -33444.771924580375, -32165.22037102629, -31574.760348052292, -32030.18597917651, -32209.34699434396, -31816.55026918037, -32761.385924298007, -32366.551827458476, -32084.985197007252, -33202.8768090173, -33767.435932974884, -32735.756679239163, -33315.22120205638, -29774.53708017473, -32535.4529726233, -31716.467467053968, -33417.334139108076, -33765.69218228986, -34273.273676236444, -32266.26762716617, -34701.607106815456, -34171.924951210254, -32587.331905242707, -33264.926973240654, -33375.34947461419, -34043.87282308569, -33141.62069330877, -32489.2347571652, -34040.71936015425, -32653.097297124146, -34576.82789573064, -33595.06001494916, -33583.99950789383, -32419.371861982196, -32302.18704414702, -31436.783441032192, -32925.895288333144, -33609.58934769243, -32917.81143252267, -31377.328350806754, -31385.697848243213, -33440.406972558914, -32769.351665715396, -33339.75826774765, -33321.07779544863, -34938.07084386126, -32175.835723326094, -32499.335062411126, -33505.20768015424, -32418.782984966845, -32879.90361003091, -33511.598297549346, -32860.643912094, -32968.3651011879, -33420.58863515375, -33710.409674020804, -31936.458843546065, -34228.01924087084, -33070.733368273504, -34203.88790897237, -32022.15206897951, -33780.101756181284, -33419.60923887315, -34379.05991312026, -33326.47555421807, -32355.085959312226, -31664.36453445586, -32751.11312909247, -33530.3378112026, -32897.95516538393, -33899.53967355422, -33257.437206304225, -32710.96823193036, -32345.44294638472, -33288.121379201024, -32912.78522186443, -34296.2746568969, -33158.23471741173, -33418.548667946816, -32928.751658836416, -32761.578857143988, -32635.572834128976, -31403.855496527838, -31602.329926673534, -33196.71220311254, -32306.89438620853, -34176.82874742514, -33172.4866611209, -32304.668643971625, -33920.60203103707, -33666.88727838596, -32891.3485192225, -32170.250635132936, -33372.493365189985, -33800.94471982745, -33346.901825840396, -33325.73114160337, -31764.94717662458, -31163.70686051153, -33756.47224494846, -34422.411093820774, -33490.20895178502, -33141.26513423362, -33036.00092366356, -32930.458399485346, -32860.283621208895, -33019.25570359603, -33760.13100364781, -34099.047932301895, -32225.20159863823, -32516.215923402826, -33598.20146401962, -33917.28030087323, -33663.241704481836, -31995.866792974557, -33635.30698771209, -33528.37730485111, -31612.722402973603, -32555.783123438498, -32157.023471039232, -33088.994559857056, -33412.72464741343, -31901.559157183136, -31491.23595071361, -33311.46076431262, -33874.28132874061, -33015.29110715169, -33492.71688142225, -33246.42417294111, -33687.967923846, -34047.65807270201, -32801.937447459204, -31943.005277585722, -34448.15744700149, -33640.293798201186, -32269.00449966015, -32529.752628911057, -33840.52622914994, -32752.856070392696, -32187.797101164637, -33394.74915891921, -34132.52800142362, -33108.895564673425, -32738.23114438971, -31286.999363806935, -31449.354720289095, -33711.35533751184, -31221.672596975244, -32407.83460917395, -32864.26498798169, -31514.810374701454, -33871.59049149225, -32796.00105125971, -33729.36657849922, -34067.86232102506, -32051.787369935915, -33014.66596840357, -32152.368958514748, -34201.77419008698, -33181.52563220958, -31857.33508362438, -35799.202897786665, -34009.95567221014, -33259.85652526865, -32046.84394082355, -33538.88006279091, -31821.765604883032, -33189.75686480156, -31268.657105495317, -31925.040564364142, -33242.970709243695, -33058.561333274956, -33087.325286271625, -33502.03909092919, -33773.07124054814, -31853.009876199478, -32517.958948511896, -31882.95152974947, -33876.34953554265, -33253.49700626541, -32427.68073839806, -32745.647877657644, -32186.54530471601, -33078.403715800574, -32673.404896567798, -32208.734470186017, -34637.91609737535, -32632.00983896442, -34845.47673161145, -33598.14079803515, -33780.187699589645, -32486.36162792985, -32232.43927128931, -33095.40225514513, -33682.64352699257]
Average Z : -29780.017719098072
Standard dev Z : 889.3398005976841
Total Time taken : 187.928 sec
