LiftedPTPParams [
inputFile=mln/webkb.dom.40.eclipse.mln.txt
evidenceFile=db/webkb.texas.5class.dom.40.evid.40.eclipse.txt
resultFile=results_04_06/webkb_40_40_false_approx_true_1000iter.out
queryString=PageClass_0_Course,LinkTo,PageClass_0_Person,PageClass_0_Faculty,PageClass_0_Student,PageClass_0_Department
isNormal=false
approximate=true
queryEvidence=false
numIter=1000
]
Time taken to create clauses in hyperCube form : 5885 ms
Time taken to disjoint all hyperCubes : 676 ms
Total number of clauses : 226
iteration no. : 0
iteration no. : 1
iteration no. : 2
iteration no. : 3
iteration no. : 4
iteration no. : 5
iteration no. : 6
iteration no. : 7
iteration no. : 8
iteration no. : 9
iteration no. : 10
iteration no. : 11
iteration no. : 12
iteration no. : 13
iteration no. : 14
iteration no. : 15
iteration no. : 16
iteration no. : 17
iteration no. : 18
iteration no. : 19
iteration no. : 20
iteration no. : 21
iteration no. : 22
iteration no. : 23
iteration no. : 24
iteration no. : 25
iteration no. : 26
iteration no. : 27
iteration no. : 28
iteration no. : 29
iteration no. : 30
iteration no. : 31
iteration no. : 32
iteration no. : 33
iteration no. : 34
iteration no. : 35
iteration no. : 36
iteration no. : 37
iteration no. : 38
iteration no. : 39
iteration no. : 40
iteration no. : 41
iteration no. : 42
iteration no. : 43
iteration no. : 44
iteration no. : 45
iteration no. : 46
iteration no. : 47
iteration no. : 48
iteration no. : 49
iteration no. : 50
iteration no. : 51
iteration no. : 52
iteration no. : 53
iteration no. : 54
iteration no. : 55
iteration no. : 56
iteration no. : 57
iteration no. : 58
iteration no. : 59
iteration no. : 60
iteration no. : 61
iteration no. : 62
iteration no. : 63
iteration no. : 64
iteration no. : 65
iteration no. : 66
iteration no. : 67
iteration no. : 68
iteration no. : 69
iteration no. : 70
iteration no. : 71
iteration no. : 72
iteration no. : 73
iteration no. : 74
iteration no. : 75
iteration no. : 76
iteration no. : 77
iteration no. : 78
iteration no. : 79
iteration no. : 80
iteration no. : 81
iteration no. : 82
iteration no. : 83
iteration no. : 84
iteration no. : 85
iteration no. : 86
iteration no. : 87
iteration no. : 88
iteration no. : 89
iteration no. : 90
iteration no. : 91
iteration no. : 92
iteration no. : 93
iteration no. : 94
iteration no. : 95
iteration no. : 96
iteration no. : 97
iteration no. : 98
iteration no. : 99
iteration no. : 100
iteration no. : 101
iteration no. : 102
iteration no. : 103
iteration no. : 104
iteration no. : 105
iteration no. : 106
iteration no. : 107
iteration no. : 108
iteration no. : 109
iteration no. : 110
iteration no. : 111
iteration no. : 112
iteration no. : 113
iteration no. : 114
iteration no. : 115
iteration no. : 116
iteration no. : 117
iteration no. : 118
iteration no. : 119
iteration no. : 120
iteration no. : 121
iteration no. : 122
iteration no. : 123
iteration no. : 124
iteration no. : 125
iteration no. : 126
iteration no. : 127
iteration no. : 128
iteration no. : 129
iteration no. : 130
iteration no. : 131
iteration no. : 132
iteration no. : 133
iteration no. : 134
iteration no. : 135
iteration no. : 136
iteration no. : 137
iteration no. : 138
iteration no. : 139
iteration no. : 140
iteration no. : 141
iteration no. : 142
iteration no. : 143
iteration no. : 144
iteration no. : 145
iteration no. : 146
iteration no. : 147
iteration no. : 148
iteration no. : 149
iteration no. : 150
iteration no. : 151
iteration no. : 152
iteration no. : 153
iteration no. : 154
iteration no. : 155
iteration no. : 156
iteration no. : 157
iteration no. : 158
iteration no. : 159
iteration no. : 160
iteration no. : 161
iteration no. : 162
iteration no. : 163
iteration no. : 164
iteration no. : 165
iteration no. : 166
iteration no. : 167
iteration no. : 168
iteration no. : 169
iteration no. : 170
iteration no. : 171
iteration no. : 172
iteration no. : 173
iteration no. : 174
iteration no. : 175
iteration no. : 176
iteration no. : 177
iteration no. : 178
iteration no. : 179
iteration no. : 180
iteration no. : 181
iteration no. : 182
iteration no. : 183
iteration no. : 184
iteration no. : 185
iteration no. : 186
iteration no. : 187
iteration no. : 188
iteration no. : 189
iteration no. : 190
iteration no. : 191
iteration no. : 192
iteration no. : 193
iteration no. : 194
iteration no. : 195
iteration no. : 196
iteration no. : 197
iteration no. : 198
iteration no. : 199
iteration no. : 200
iteration no. : 201
iteration no. : 202
iteration no. : 203
iteration no. : 204
iteration no. : 205
iteration no. : 206
iteration no. : 207
iteration no. : 208
iteration no. : 209
iteration no. : 210
iteration no. : 211
iteration no. : 212
iteration no. : 213
iteration no. : 214
iteration no. : 215
iteration no. : 216
iteration no. : 217
iteration no. : 218
iteration no. : 219
iteration no. : 220
iteration no. : 221
iteration no. : 222
iteration no. : 223
iteration no. : 224
iteration no. : 225
iteration no. : 226
iteration no. : 227
iteration no. : 228
iteration no. : 229
iteration no. : 230
iteration no. : 231
iteration no. : 232
iteration no. : 233
iteration no. : 234
iteration no. : 235
iteration no. : 236
iteration no. : 237
iteration no. : 238
iteration no. : 239
iteration no. : 240
iteration no. : 241
iteration no. : 242
iteration no. : 243
iteration no. : 244
iteration no. : 245
iteration no. : 246
iteration no. : 247
iteration no. : 248
iteration no. : 249
iteration no. : 250
iteration no. : 251
iteration no. : 252
iteration no. : 253
iteration no. : 254
iteration no. : 255
iteration no. : 256
iteration no. : 257
iteration no. : 258
iteration no. : 259
iteration no. : 260
iteration no. : 261
iteration no. : 262
iteration no. : 263
iteration no. : 264
iteration no. : 265
iteration no. : 266
iteration no. : 267
iteration no. : 268
iteration no. : 269
iteration no. : 270
iteration no. : 271
iteration no. : 272
iteration no. : 273
iteration no. : 274
iteration no. : 275
iteration no. : 276
iteration no. : 277
iteration no. : 278
iteration no. : 279
iteration no. : 280
iteration no. : 281
iteration no. : 282
iteration no. : 283
iteration no. : 284
iteration no. : 285
iteration no. : 286
iteration no. : 287
iteration no. : 288
iteration no. : 289
iteration no. : 290
iteration no. : 291
iteration no. : 292
iteration no. : 293
iteration no. : 294
iteration no. : 295
iteration no. : 296
iteration no. : 297
iteration no. : 298
iteration no. : 299
iteration no. : 300
iteration no. : 301
iteration no. : 302
iteration no. : 303
iteration no. : 304
iteration no. : 305
iteration no. : 306
iteration no. : 307
iteration no. : 308
iteration no. : 309
iteration no. : 310
iteration no. : 311
iteration no. : 312
iteration no. : 313
iteration no. : 314
iteration no. : 315
iteration no. : 316
iteration no. : 317
iteration no. : 318
iteration no. : 319
iteration no. : 320
iteration no. : 321
iteration no. : 322
iteration no. : 323
iteration no. : 324
iteration no. : 325
iteration no. : 326
iteration no. : 327
iteration no. : 328
iteration no. : 329
iteration no. : 330
iteration no. : 331
iteration no. : 332
iteration no. : 333
iteration no. : 334
iteration no. : 335
iteration no. : 336
iteration no. : 337
iteration no. : 338
iteration no. : 339
iteration no. : 340
iteration no. : 341
iteration no. : 342
iteration no. : 343
iteration no. : 344
iteration no. : 345
iteration no. : 346
iteration no. : 347
iteration no. : 348
iteration no. : 349
iteration no. : 350
iteration no. : 351
iteration no. : 352
iteration no. : 353
iteration no. : 354
iteration no. : 355
iteration no. : 356
iteration no. : 357
iteration no. : 358
iteration no. : 359
iteration no. : 360
iteration no. : 361
iteration no. : 362
iteration no. : 363
iteration no. : 364
iteration no. : 365
iteration no. : 366
iteration no. : 367
iteration no. : 368
iteration no. : 369
iteration no. : 370
iteration no. : 371
iteration no. : 372
iteration no. : 373
iteration no. : 374
iteration no. : 375
iteration no. : 376
iteration no. : 377
iteration no. : 378
iteration no. : 379
iteration no. : 380
iteration no. : 381
iteration no. : 382
iteration no. : 383
iteration no. : 384
iteration no. : 385
iteration no. : 386
iteration no. : 387
iteration no. : 388
iteration no. : 389
iteration no. : 390
iteration no. : 391
iteration no. : 392
iteration no. : 393
iteration no. : 394
iteration no. : 395
iteration no. : 396
iteration no. : 397
iteration no. : 398
iteration no. : 399
iteration no. : 400
iteration no. : 401
iteration no. : 402
iteration no. : 403
iteration no. : 404
iteration no. : 405
iteration no. : 406
iteration no. : 407
iteration no. : 408
iteration no. : 409
iteration no. : 410
iteration no. : 411
iteration no. : 412
iteration no. : 413
iteration no. : 414
iteration no. : 415
iteration no. : 416
iteration no. : 417
iteration no. : 418
iteration no. : 419
iteration no. : 420
iteration no. : 421
iteration no. : 422
iteration no. : 423
iteration no. : 424
iteration no. : 425
iteration no. : 426
iteration no. : 427
iteration no. : 428
iteration no. : 429
iteration no. : 430
iteration no. : 431
iteration no. : 432
iteration no. : 433
iteration no. : 434
iteration no. : 435
iteration no. : 436
iteration no. : 437
iteration no. : 438
iteration no. : 439
iteration no. : 440
iteration no. : 441
iteration no. : 442
iteration no. : 443
iteration no. : 444
iteration no. : 445
iteration no. : 446
iteration no. : 447
iteration no. : 448
iteration no. : 449
iteration no. : 450
iteration no. : 451
iteration no. : 452
iteration no. : 453
iteration no. : 454
iteration no. : 455
iteration no. : 456
iteration no. : 457
iteration no. : 458
iteration no. : 459
iteration no. : 460
iteration no. : 461
iteration no. : 462
iteration no. : 463
iteration no. : 464
iteration no. : 465
iteration no. : 466
iteration no. : 467
iteration no. : 468
iteration no. : 469
iteration no. : 470
iteration no. : 471
iteration no. : 472
iteration no. : 473
iteration no. : 474
iteration no. : 475
iteration no. : 476
iteration no. : 477
iteration no. : 478
iteration no. : 479
iteration no. : 480
iteration no. : 481
iteration no. : 482
iteration no. : 483
iteration no. : 484
iteration no. : 485
iteration no. : 486
iteration no. : 487
iteration no. : 488
iteration no. : 489
iteration no. : 490
iteration no. : 491
iteration no. : 492
iteration no. : 493
iteration no. : 494
iteration no. : 495
iteration no. : 496
iteration no. : 497
iteration no. : 498
iteration no. : 499
iteration no. : 500
iteration no. : 501
iteration no. : 502
iteration no. : 503
iteration no. : 504
iteration no. : 505
iteration no. : 506
iteration no. : 507
iteration no. : 508
iteration no. : 509
iteration no. : 510
iteration no. : 511
iteration no. : 512
iteration no. : 513
iteration no. : 514
iteration no. : 515
iteration no. : 516
iteration no. : 517
iteration no. : 518
iteration no. : 519
iteration no. : 520
iteration no. : 521
iteration no. : 522
iteration no. : 523
iteration no. : 524
iteration no. : 525
iteration no. : 526
iteration no. : 527
iteration no. : 528
iteration no. : 529
iteration no. : 530
iteration no. : 531
iteration no. : 532
iteration no. : 533
iteration no. : 534
iteration no. : 535
iteration no. : 536
iteration no. : 537
iteration no. : 538
iteration no. : 539
iteration no. : 540
iteration no. : 541
iteration no. : 542
iteration no. : 543
iteration no. : 544
iteration no. : 545
iteration no. : 546
iteration no. : 547
iteration no. : 548
iteration no. : 549
iteration no. : 550
iteration no. : 551
iteration no. : 552
iteration no. : 553
iteration no. : 554
iteration no. : 555
iteration no. : 556
iteration no. : 557
iteration no. : 558
iteration no. : 559
iteration no. : 560
iteration no. : 561
iteration no. : 562
iteration no. : 563
iteration no. : 564
iteration no. : 565
iteration no. : 566
iteration no. : 567
iteration no. : 568
iteration no. : 569
iteration no. : 570
iteration no. : 571
iteration no. : 572
iteration no. : 573
iteration no. : 574
iteration no. : 575
iteration no. : 576
iteration no. : 577
iteration no. : 578
iteration no. : 579
iteration no. : 580
iteration no. : 581
iteration no. : 582
iteration no. : 583
iteration no. : 584
iteration no. : 585
iteration no. : 586
iteration no. : 587
iteration no. : 588
iteration no. : 589
iteration no. : 590
iteration no. : 591
iteration no. : 592
iteration no. : 593
iteration no. : 594
iteration no. : 595
iteration no. : 596
iteration no. : 597
iteration no. : 598
iteration no. : 599
iteration no. : 600
iteration no. : 601
iteration no. : 602
iteration no. : 603
iteration no. : 604
iteration no. : 605
iteration no. : 606
iteration no. : 607
iteration no. : 608
iteration no. : 609
iteration no. : 610
iteration no. : 611
iteration no. : 612
iteration no. : 613
iteration no. : 614
iteration no. : 615
iteration no. : 616
iteration no. : 617
iteration no. : 618
iteration no. : 619
iteration no. : 620
iteration no. : 621
iteration no. : 622
iteration no. : 623
iteration no. : 624
iteration no. : 625
iteration no. : 626
iteration no. : 627
iteration no. : 628
iteration no. : 629
iteration no. : 630
iteration no. : 631
iteration no. : 632
iteration no. : 633
iteration no. : 634
iteration no. : 635
iteration no. : 636
iteration no. : 637
iteration no. : 638
iteration no. : 639
iteration no. : 640
iteration no. : 641
iteration no. : 642
iteration no. : 643
iteration no. : 644
iteration no. : 645
iteration no. : 646
iteration no. : 647
iteration no. : 648
iteration no. : 649
iteration no. : 650
iteration no. : 651
iteration no. : 652
iteration no. : 653
iteration no. : 654
iteration no. : 655
iteration no. : 656
iteration no. : 657
iteration no. : 658
iteration no. : 659
iteration no. : 660
iteration no. : 661
iteration no. : 662
iteration no. : 663
iteration no. : 664
iteration no. : 665
iteration no. : 666
iteration no. : 667
iteration no. : 668
iteration no. : 669
iteration no. : 670
iteration no. : 671
iteration no. : 672
iteration no. : 673
iteration no. : 674
iteration no. : 675
iteration no. : 676
iteration no. : 677
iteration no. : 678
iteration no. : 679
iteration no. : 680
iteration no. : 681
iteration no. : 682
iteration no. : 683
iteration no. : 684
iteration no. : 685
iteration no. : 686
iteration no. : 687
iteration no. : 688
iteration no. : 689
iteration no. : 690
iteration no. : 691
iteration no. : 692
iteration no. : 693
iteration no. : 694
iteration no. : 695
iteration no. : 696
iteration no. : 697
iteration no. : 698
iteration no. : 699
iteration no. : 700
iteration no. : 701
iteration no. : 702
iteration no. : 703
iteration no. : 704
iteration no. : 705
iteration no. : 706
iteration no. : 707
iteration no. : 708
iteration no. : 709
iteration no. : 710
iteration no. : 711
iteration no. : 712
iteration no. : 713
iteration no. : 714
iteration no. : 715
iteration no. : 716
iteration no. : 717
iteration no. : 718
iteration no. : 719
iteration no. : 720
iteration no. : 721
iteration no. : 722
iteration no. : 723
iteration no. : 724
iteration no. : 725
iteration no. : 726
iteration no. : 727
iteration no. : 728
iteration no. : 729
iteration no. : 730
iteration no. : 731
iteration no. : 732
iteration no. : 733
iteration no. : 734
iteration no. : 735
iteration no. : 736
iteration no. : 737
iteration no. : 738
iteration no. : 739
iteration no. : 740
iteration no. : 741
iteration no. : 742
iteration no. : 743
iteration no. : 744
iteration no. : 745
iteration no. : 746
iteration no. : 747
iteration no. : 748
iteration no. : 749
iteration no. : 750
iteration no. : 751
iteration no. : 752
iteration no. : 753
iteration no. : 754
iteration no. : 755
iteration no. : 756
iteration no. : 757
iteration no. : 758
iteration no. : 759
iteration no. : 760
iteration no. : 761
iteration no. : 762
iteration no. : 763
iteration no. : 764
iteration no. : 765
iteration no. : 766
iteration no. : 767
iteration no. : 768
iteration no. : 769
iteration no. : 770
iteration no. : 771
iteration no. : 772
iteration no. : 773
iteration no. : 774
iteration no. : 775
iteration no. : 776
iteration no. : 777
iteration no. : 778
iteration no. : 779
iteration no. : 780
iteration no. : 781
iteration no. : 782
iteration no. : 783
iteration no. : 784
iteration no. : 785
iteration no. : 786
iteration no. : 787
iteration no. : 788
iteration no. : 789
iteration no. : 790
iteration no. : 791
iteration no. : 792
iteration no. : 793
iteration no. : 794
iteration no. : 795
iteration no. : 796
iteration no. : 797
iteration no. : 798
iteration no. : 799
iteration no. : 800
iteration no. : 801
iteration no. : 802
iteration no. : 803
iteration no. : 804
iteration no. : 805
iteration no. : 806
iteration no. : 807
iteration no. : 808
iteration no. : 809
iteration no. : 810
iteration no. : 811
iteration no. : 812
iteration no. : 813
iteration no. : 814
iteration no. : 815
iteration no. : 816
iteration no. : 817
iteration no. : 818
iteration no. : 819
iteration no. : 820
iteration no. : 821
iteration no. : 822
iteration no. : 823
iteration no. : 824
iteration no. : 825
iteration no. : 826
iteration no. : 827
iteration no. : 828
iteration no. : 829
iteration no. : 830
iteration no. : 831
iteration no. : 832
iteration no. : 833
iteration no. : 834
iteration no. : 835
iteration no. : 836
iteration no. : 837
iteration no. : 838
iteration no. : 839
iteration no. : 840
iteration no. : 841
iteration no. : 842
iteration no. : 843
iteration no. : 844
iteration no. : 845
iteration no. : 846
iteration no. : 847
iteration no. : 848
iteration no. : 849
iteration no. : 850
iteration no. : 851
iteration no. : 852
iteration no. : 853
iteration no. : 854
iteration no. : 855
iteration no. : 856
iteration no. : 857
iteration no. : 858
iteration no. : 859
iteration no. : 860
iteration no. : 861
iteration no. : 862
iteration no. : 863
iteration no. : 864
iteration no. : 865
iteration no. : 866
iteration no. : 867
iteration no. : 868
iteration no. : 869
iteration no. : 870
iteration no. : 871
iteration no. : 872
iteration no. : 873
iteration no. : 874
iteration no. : 875
iteration no. : 876
iteration no. : 877
iteration no. : 878
iteration no. : 879
iteration no. : 880
iteration no. : 881
iteration no. : 882
iteration no. : 883
iteration no. : 884
iteration no. : 885
iteration no. : 886
iteration no. : 887
iteration no. : 888
iteration no. : 889
iteration no. : 890
iteration no. : 891
iteration no. : 892
iteration no. : 893
iteration no. : 894
iteration no. : 895
iteration no. : 896
iteration no. : 897
iteration no. : 898
iteration no. : 899
iteration no. : 900
iteration no. : 901
iteration no. : 902
iteration no. : 903
iteration no. : 904
iteration no. : 905
iteration no. : 906
iteration no. : 907
iteration no. : 908
iteration no. : 909
iteration no. : 910
iteration no. : 911
iteration no. : 912
iteration no. : 913
iteration no. : 914
iteration no. : 915
iteration no. : 916
iteration no. : 917
iteration no. : 918
iteration no. : 919
iteration no. : 920
iteration no. : 921
iteration no. : 922
iteration no. : 923
iteration no. : 924
iteration no. : 925
iteration no. : 926
iteration no. : 927
iteration no. : 928
iteration no. : 929
iteration no. : 930
iteration no. : 931
iteration no. : 932
iteration no. : 933
iteration no. : 934
iteration no. : 935
iteration no. : 936
iteration no. : 937
iteration no. : 938
iteration no. : 939
iteration no. : 940
iteration no. : 941
iteration no. : 942
iteration no. : 943
iteration no. : 944
iteration no. : 945
iteration no. : 946
iteration no. : 947
iteration no. : 948
iteration no. : 949
iteration no. : 950
iteration no. : 951
iteration no. : 952
iteration no. : 953
iteration no. : 954
iteration no. : 955
iteration no. : 956
iteration no. : 957
iteration no. : 958
iteration no. : 959
iteration no. : 960
iteration no. : 961
iteration no. : 962
iteration no. : 963
iteration no. : 964
iteration no. : 965
iteration no. : 966
iteration no. : 967
iteration no. : 968
iteration no. : 969
iteration no. : 970
iteration no. : 971
iteration no. : 972
iteration no. : 973
iteration no. : 974
iteration no. : 975
iteration no. : 976
iteration no. : 977
iteration no. : 978
iteration no. : 979
iteration no. : 980
iteration no. : 981
iteration no. : 982
iteration no. : 983
iteration no. : 984
iteration no. : 985
iteration no. : 986
iteration no. : 987
iteration no. : 988
iteration no. : 989
iteration no. : 990
iteration no. : 991
iteration no. : 992
iteration no. : 993
iteration no. : 994
iteration no. : 995
iteration no. : 996
iteration no. : 997
iteration no. : 998
iteration no. : 999
Time taken for 1000 iterations : 627.416 sec
zArray : [-33476.29607231774, -33419.53203076005, -32710.145763374676, -33133.95966085393, -32660.798942906546, -31702.98666562513, -32858.14207613107, -33063.91190048848, -32955.168420737326, -32541.292240412175, -32953.13449021751, -33076.1192836974, -33860.344316166775, -33821.50143724469, -34591.025090065494, -34183.20354741175, -32710.667480503704, -34367.560677990055, -32227.551300133757, -32373.734603533663, -33763.07108650635, -33032.03193140219, -34651.4613127354, -33305.8010989635, -32211.909446846308, -33878.57645614704, -31246.84019795567, -33963.22106151229, -32074.518760060684, -32441.089899341077, -32940.39724248112, -33628.91724977393, -33327.52196275229, -32522.62693113355, -30140.73570828194, -32559.647220774186, -34196.146072130236, -33337.86326327391, -33651.733852747995, -34355.157164022465, -32765.49723973314, -32467.650015438187, -32790.70549650229, -31461.811150025565, -35342.5173875607, -33867.819502223094, -31573.570147301045, -32392.16009560531, -33424.14219370005, -33990.01999875474, -33300.82671380589, -32734.430174838384, -33766.22242855662, -33939.30476153807, -32523.841578400938, -32565.62803159664, -33042.49095051889, -33416.809835752196, -33261.13250543711, -33870.04342164766, -32469.335437660124, -34240.98249757425, -33485.91628863561, -33420.05751274834, -33323.449939632555, -33257.79574410649, -33563.93476832412, -32151.221336598148, -34234.669420505394, -33144.992652453904, -32705.06422319713, -33054.51547478709, -34408.47293658379, -33093.72326314459, -32418.41125396867, -31710.06650482182, -32496.41514609722, -31887.99475494643, -33014.4111807135, -31003.698303900594, -33327.57777670908, -31968.207826692687, -33996.252282282214, -32178.31391618609, -33718.23127448087, -32366.589064532414, -32561.616219753163, -32082.39414196303, -31933.957863150416, -34270.8502073031, -32486.73734892063, -32335.232754015506, -34296.06571689157, -32700.42157131127, -31483.73484941049, -32050.228096251205, -32563.047730540613, -31677.976193752456, -33291.43938285945, -32647.12547143632, -32959.7303485584, -31344.420237680617, -33252.133878174354, -32443.992729339203, -33748.3779711817, -33658.04605608026, -33616.90879800288, -34011.050055156935, -34180.26554184767, -33344.91238350754, -33784.99634496679, -33954.312422827556, -33023.94652805245, -32619.047159507543, -34208.309521818286, -33940.869073597314, -34739.12251548353, -33367.47841909825, -33217.9394854305, -34547.09362269898, -31381.332045092233, -32320.730502394388, -34750.83033559225, -33245.03985948798, -32924.34648272479, -33234.61103628289, -33924.161263216054, -33653.05485327301, -33748.44326401088, -32097.355062080365, -32909.51969168385, -32651.350453506257, -31630.384257499318, -34251.79481332385, -33949.48971951794, -34972.231053135874, -32601.64186853283, -33648.89625977112, -32753.22711647498, -32856.45141991378, -31266.521856552776, -33297.84266580131, -33279.7683716644, -33471.827643597106, -33559.84532850533, -31155.7709902559, -33021.671303152805, -32940.377305700684, -31869.861905109556, -32639.969002047128, -35146.287560149416, -32976.1181001378, -32876.96726633526, -32061.74831408372, -32009.837916951175, -32695.315839165465, -32689.541380647133, -34690.33755513563, -32628.730532345508, -34244.235051368145, -32838.674691747074, -34887.987104173, -34535.7517892518, -32966.97394585023, -33780.931717732965, -35386.4910882953, -31458.777062993948, -33208.16486715827, -32716.75797687295, -30576.951370843144, -33834.79495034638, -32663.490994042597, -32313.089804597956, -33317.627503858384, -33920.099190535126, -33811.656027471945, -31648.011117094633, -34213.96481236079, -33968.30824535371, -35129.46508883337, -33873.17106781296, -32562.484323898792, -33368.07062270683, -33308.82907017379, -34406.31814151512, -33785.10527116098, -31786.611070639425, -30841.7674052705, -33709.857040016934, -32924.80206618419, -33385.11058986105, -32530.134482158017, -31985.216938275797, -33812.24167387214, -33625.10725771861, -33936.329087761675, -31254.228619387384, -33741.97568392127, -32074.165253680327, -31577.40586571372, -33862.56343598822, -33654.50238924747, -32866.44478995231, -32726.368282125823, -33140.31478733384, -33298.72648477739, -33434.71392988618, -34374.79716334412, -32802.59151180586, -33671.08689310173, -31692.81443480948, -32930.697161011136, -33002.51684660566, -32443.272023682486, -31993.524887014464, -32086.5868402913, -32461.288479598956, -33212.39751772244, -35084.277759574645, -32184.12364799818, -34038.26733946184, -33003.17636108064, -33219.92179518584, -32889.4730353044, -32892.42680852922, -33341.91999634189, -33294.218592695026, -31500.679622577474, -33084.42155543519, -31369.21850743055, -33751.156584263335, -32728.212438690385, -35207.8475022021, -32424.396333338223, -34024.214235220854, -31378.778169494915, -33624.978109906515, -32988.27042343443, -31767.0508853394, -32658.77803865143, -32999.97671274937, -33446.12684182093, -33380.781496064876, -32801.035813244336, -32854.37976309012, -32935.400326958246, -32335.57593977524, -33264.830983510845, -33488.1484024417, -33686.453425868924, -32115.02460380264, -33752.78188883447, -33673.86467669494, -32136.418489928434, -35487.68112450316, -33271.29764867437, -33264.43450674017, -33059.62968020616, -34765.91189851235, -32833.26917241063, -32244.530877764228, -32749.27584955283, -33477.62132547436, -34248.19939480148, -32333.745673731413, -34439.91749651315, -34866.51324604713, -32500.42787842367, -33022.45293527386, -33601.52470731498, -33679.39863393638, -32276.89283594165, -32912.096948443024, -34187.833341342295, -33724.03555731904, -33958.15081588659, -33777.000069697235, -32912.68085235217, -33029.090280971664, -32298.436974873246, -33026.70451322874, -34574.50657919, -32491.908222208418, -33778.231694279726, -31673.998200103964, -34451.980204600826, -33430.03707110719, -33079.132501563945, -33683.175572618675, -33156.702865718136, -32995.2776430588, -31596.574500306368, -32588.345338801628, -33425.73281897878, -32555.926086565658, -32050.119404529505, -33065.29154402389, -33480.71134060475, -31655.388115238227, -33016.38113357056, -31828.009794849946, -33467.81948832332, -35119.82996027534, -33272.85763739605, -32564.224219760134, -34106.97072593378, -32893.94793010711, -32118.018075280634, -34053.71084018819, -34793.4459883092, -33805.646843936156, -32457.33516294269, -32864.42291540377, -32960.127986848915, -33242.216005058246, -33547.8640127216, -34360.461639274785, -33109.27761421031, -32947.46153043643, -32123.001617587484, -31277.24166333789, -32184.469654700868, -32246.522198166815, -31911.61908951875, -32809.813964609995, -32255.77626790554, -34582.06598829681, -33649.83739896003, -31856.97862672777, -33075.99772914756, -33234.25015540092, -32189.380203918623, -33087.27591383877, -34081.64143577438, -34565.91799626103, -33781.548592980325, -33518.37691677358, -33020.78178306367, -31752.855940925983, -35205.07306858548, -32612.461196579272, -33718.38317174576, -33346.0924760924, -31387.30477837314, -35471.719745502145, -31144.27799375283, -32964.309494968176, -31278.567136326335, -35792.16814055858, -33533.348747187825, -30960.472454422055, -32679.668674352455, -33151.85088407257, -33343.24775520752, -33798.87603144905, -33567.05060619146, -32605.224317044864, -33525.03607380881, -34644.22452886233, -34060.49789023239, -33297.66699133977, -33117.436315078194, -33444.03573766446, -33598.689933236514, -34721.140715916656, -33202.22778324009, -31950.053776129746, -31910.889249838154, -32187.73979213863, -33895.07499558796, -30863.415447108135, -33689.9913252273, -33301.7694266416, -33490.358974939205, -32627.837555536877, -33373.576588827695, -33895.91505240598, -34969.58312673497, -33116.578472935755, -32608.415439681157, -32929.15848956574, -34920.15886419684, -34888.648040424945, -34195.13563301112, -33934.72406175188, -32702.951417472483, -33355.92496533546, -32514.38792531786, -33723.73186802874, -32696.56443663766, -33814.48530217742, -33417.43391039365, -32066.32732969809, -32762.802852714765, -34210.16454416794, -32162.584293003394, -33605.002232767314, -33570.64765836626, -33511.801260342756, -33279.050719642546, -31122.453199422922, -32639.567021062478, -32590.513178354508, -32600.573124481663, -33818.949745482954, -32578.00417983792, -32353.09631113559, -31756.01222396737, -33155.883583522795, -32971.00033668463, -33389.61152900396, -32536.272422453494, -34105.20696314652, -33763.84686539588, -32902.41482152993, -34029.401602505764, -32195.086915696655, -31842.534248411564, -33265.71159151141, -32932.84976951432, -32123.70601009277, -32735.256867793763, -33083.47824509848, -33010.400060149106, -32811.65987531475, -33810.234038201066, -33872.29036935592, -33240.913374954136, -32969.0822285242, -32544.022571964295, -32365.455812728473, -31327.272902976147, -34083.08380026837, -32945.71713041327, -33646.31148079267, -31974.819925475007, -34140.73537145449, -34552.88525884394, -33313.11424299561, -34298.01595661804, -33543.027713743875, -32494.847309205477, -32480.90132765246, -33226.18378181587, -31944.73527606471, -33336.233132157126, -33340.50567595236, -32527.915547769215, -33108.614007954544, -33371.69608529191, -31779.883370387517, -33898.53016023434, -32519.726294817567, -32377.251165268604, -32704.073810587666, -33581.26045343881, -32623.53222693625, -34222.80877091548, -32696.204028059743, -32161.27241282014, -32722.372861417505, -32134.48544764274, -34419.33359284674, -35195.62572361453, -32905.11867015432, -33708.36143911267, -33919.64866938824, -31794.190340500976, -32779.18908233663, -34368.04634807914, -31860.46014924144, -32755.86895367623, -32100.451430273002, -33166.350875169104, -32092.606448494862, -32028.639041024333, -32521.180447718685, -31748.05272265061, -32349.677605539724, -33013.27042753556, -32706.3863831977, -34181.49593785168, -33416.992787440904, -31997.04747898203, -33434.40929251455, -32854.19262851336, -34328.48863962932, -34207.936875925676, -33581.64917160328, -33079.051022448526, -32055.80949324869, -30279.25857417462, -32239.838688883614, -31387.659195600503, -32261.98615377772, -34203.21986143102, -33114.40930881087, -31860.895238463596, -33730.07998256333, -31517.37365617594, -32255.65278788356, -33281.473794629404, -33015.37932417693, -32965.5954477568, -32837.87699893845, -33593.38514981313, -34454.74550905021, -32266.876632857315, -31455.526432872797, -33950.29469391228, -34759.22468238181, -33436.97632868174, -34779.29615200758, -33907.513596850615, -35050.22782275076, -34123.08788089956, -32907.71117682001, -32520.607080235262, -32308.387830617794, -33947.5314868614, -32989.97760815741, -33931.84419567444, -33135.5040974515, -31573.328224807654, -33207.450894049856, -32993.44656634149, -33296.955016502616, -33226.20744713395, -32466.907424962406, -32173.400617692838, -33344.57483995467, -32774.26111929875, -32672.29062914479, -32569.352800366632, -33119.68795632334, -33160.58286235515, -33507.36366064441, -33643.598357434515, -33332.17614392003, -33120.2771319924, -32443.09296849739, -32798.08268638046, -32961.13761648542, -33117.03833837646, -33423.82794224455, -33382.41784697592, -32563.587706606737, -34602.33163716485, -33211.71922361792, -33636.465688485274, -33214.8565383056, -33262.179551271845, -32308.217801813145, -34714.97883176506, -32735.654587964524, -33670.59474656211, -33808.00567543427, -32906.04452647364, -32639.715406249346, -32884.82670823677, -32782.726448730435, -32480.826113458585, -31083.42661141404, -33137.58910195245, -32625.45669554483, -32775.11562037251, -31589.076071320433, -33198.53171785401, -32003.651700483017, -33699.73545994918, -33202.81973238351, -33081.84198931774, -33114.91651818765, -32834.58185637355, -32532.818980533124, -32589.2161288738, -31908.099390717285, -31719.89953717986, -31534.165274809962, -35090.71155764505, -31991.771132649228, -32668.757681633597, -32923.19632728382, -31279.630457719348, -31975.640693038986, -33088.51046724195, -33614.373888905226, -32152.10464974467, -33977.93351296924, -33848.23328526907, -32916.451583462906, -32313.62699664058, -31838.578143068797, -35184.00002300557, -33656.0600701988, -33052.81044565015, -34812.5260278901, -32040.58870284711, -33162.583535551756, -32327.502912829106, -33798.076274564126, -32272.618087927323, -34288.93324897516, -32407.454035416908, -31685.772691578586, -33215.7685328143, -32534.616839233346, -33614.22243952174, -31210.711265965896, -33604.85815508356, -33522.33712278885, -33437.67323099781, -34085.0281469625, -32837.2383409935, -31498.1914046873, -30989.063553872747, -33415.90551706753, -32072.020440924392, -32759.371733752847, -31762.885881471404, -31915.626111484944, -32934.75812917476, -34207.55934607982, -31267.33576779363, -33533.09952835498, -33817.16745219424, -33403.04176259716, -31564.38800357308, -33990.69883372013, -33293.209780710924, -31408.81861299892, -33978.193513472565, -34835.78666441277, -32600.943858901614, -31966.497676536008, -32147.288877137526, -31560.457170832527, -32954.864550396145, -31873.120671128057, -33154.77926383619, -32167.005086360838, -33903.586149928225, -32847.61332571295, -34191.80241159671, -32627.298020043905, -32476.036176419417, -33249.65638537886, -32489.246578510996, -33535.80401104697, -33470.514674049, -31856.704226421, -34274.738165029, -30789.98124047757, -32900.35371113536, -32841.26692475251, -33211.768413043836, -33109.49146317523, -31697.85444584874, -33817.96537451853, -33908.13748383607, -32859.46025594413, -32800.13744844516, -32881.38778523294, -33016.57564312214, -31832.035522461916, -32397.023893911646, -31891.624158160987, -33406.49299628838, -33313.67161181777, -32524.000299413005, -32433.87583477862, -34078.1142404102, -34401.13060764616, -31626.089813307393, -32639.434933007822, -32209.319022236712, -33278.3173054843, -33338.90276856013, -33399.27769975735, -32996.90847014189, -32860.98048389137, -32468.237892838177, -32886.55203354572, -34307.01344396625, -32077.45389195129, -33765.7923229194, -33938.40780070148, -32834.85211683468, -31701.247047307614, -34167.12869496717, -33088.74852189913, -32189.635526646605, -33967.37161240925, -32110.982188032944, -31941.317637968936, -33407.64977152286, -32012.49410906594, -30912.858875454513, -32515.349264392153, -31857.62037195028, -32736.807446578885, -31874.786627267167, -34294.527045310715, -33164.782417870134, -33189.07039719347, -33736.30579250094, -33156.09965261494, -33459.44496881673, -31363.98674262613, -32080.150424473028, -33504.54189530306, -31498.09533996729, -32883.11092003644, -34442.284744670666, -32636.232110106703, -33104.18696150453, -31079.599501004894, -34241.639759239035, -31969.714380284353, -32107.51813031008, -34433.0070286467, -33975.2177227957, -34470.87347202616, -32838.800430638985, -32388.766844401074, -33816.69793399821, -33169.248546366754, -33612.36620049651, -33236.783869992316, -33386.740176409854, -31625.466796064014, -33803.710179632886, -33094.232751199896, -31707.535709721975, -33224.78471799897, -33704.94466981574, -32862.569070116704, -34293.54963278192, -32745.36121246897, -32329.853168353893, -34456.54345515763, -32112.208567416536, -33898.54567927288, -33468.47323156524, -31995.035933567386, -33496.454254856486, -33950.82903803541, -33357.527310712474, -33938.6541358397, -32846.88089707289, -32577.725594010397, -31980.023961846506, -33365.87948408581, -33354.64172543516, -33567.805146968676, -34218.32546824751, -32533.15421104453, -32858.92347586461, -30480.36896626578, -34766.97245731425, -32732.227014624706, -32383.30901301823, -30470.399291235106, -35031.4547247387, -33303.51746337853, -30386.176397303072, -33104.279004072814, -32815.145627874124, -33104.212283402776, -33898.81547675301, -31752.106609322054, -33006.79099334205, -34524.563515094516, -32360.522357491704, -34200.573140970184, -32294.240149365163, -33233.23136136885, -32652.75629128994, -32658.187894378043, -33077.187234708734, -33020.72685194425, -34360.87566804323, -35204.52739517336, -33974.454560725055, -31561.237370521965, -32806.49445314092, -31845.744468688987, -32436.010126331163, -33704.862140881516, -33741.909475418135, -33167.54778970357, -32038.167347699688, -33167.37708303247, -33895.658628494246, -34171.48656703754, -32363.436279596117, -33595.18145991317, -33038.082130774885, -33207.09784012339, -33699.73392236053, -31703.393906548456, -33810.803639721766, -33202.493581947245, -32614.633428845475, -33375.243956535494, -34125.38675718462, -33069.82851172832, -32088.606880366548, -33279.384536655285, -33718.23780275758, -32936.40955376438, -34867.05705217567, -34113.72615203642, -32698.33386151072, -33560.05452012863, -32137.98737390434, -32266.871486545864, -31500.643192454863, -32314.088488774345, -34279.94147999898, -32467.913379717946, -31910.57941451464, -34239.06312973907, -31895.168839385427, -31846.20173628219, -32569.76495647652, -32854.22251238633, -33489.14487400816, -33634.365149156794, -33669.608837299274, -32235.406104520298, -32181.984458997184, -32560.87045361174, -33741.411577955616, -34177.2852759578, -31998.674656400897, -32186.980126500064, -32229.07274553682, -33372.26961177208, -33501.40932762162, -33938.15200276727, -31722.78456031019, -31983.490376575777, -31072.24239370714, -34377.13464332052, -32286.806542137514, -33353.5388404326, -32861.27144473037, -33245.65237592188, -32511.00685840518, -32791.74047275468, -30783.887266752325, -34763.67460157058, -32768.58052357386, -32924.79893593413, -33700.531086369454, -33143.28386207414, -34538.83000950148, -30877.007356920712, -31772.499306532536, -32410.204542195315, -31687.342384527175, -32476.16831275795, -33297.80061730598, -33383.296188807784, -32968.6988527707, -34073.054630410996, -33418.42567648926, -32345.038960977723, -32330.900033761354, -31471.957283871136, -34499.46240617605, -32556.680013269488, -32848.619248986026, -34268.42139119745, -33142.07058896393, -32963.56499306144, -34045.692491177964, -33126.778198713895, -32388.68976963501, -32620.120743628788, -33070.90094209762, -33076.86983940307, -33499.699513360734, -31439.701439217657, -32849.81155805669, -33446.891338540685, -31771.415387201127, -34188.82243633738, -31244.9688217025, -31805.23356314805, -33932.712481561044, -32887.20094075009, -33038.113953203494, -32733.96787666065, -31909.89254836118, -33667.108916862926, -31913.889708378356, -32585.05678218957, -32546.040765744936, -32529.495423410423, -33737.236644174525, -32704.897548231253, -32508.481038437098, -33801.93260430756, -34172.593381539504, -33234.80844751183, -32773.17157474192, -33204.18827219917, -33136.095602576104, -32631.98689337987, -31892.137727695528, -34835.574385079795, -32268.65998259097, -32492.124270568234, -33031.18882870651, -32678.42374773213, -31651.67420165763, -34124.99018238323, -33081.213959410976, -34716.97683492114, -31216.46760547933, -31272.455986395293, -32199.68227272975, -32474.828766849398, -30412.370034210653, -33755.50638937103, -32671.58761721174, -33612.28744582447, -33702.64123504423, -32225.883815615874, -32702.73371713653, -33195.37791739322, -31580.456660554868, -33079.249113138496, -33414.3124619915, -32060.70200722194, -32936.2188831259, -33116.77524686906, -33802.92635012632, -34581.0426079304, -32957.89454316326, -33774.0265490892, -34494.72897751235, -31698.419972442338, -33497.95311007402, -34081.39436313987, -32499.608024585337, -31965.78802456895, -35477.343628699666, -32983.743685284826, -33647.88532702302, -34317.161535264524, -33061.031124523164, -32445.030370810495, -34544.97107321613, -34135.12135953238, -34167.31885151624, -33846.016791855036, -33222.83104079201, -33480.33435633844, -32320.639960732773, -30623.718252948387, -32023.76505662699, -33621.00263710397, -32312.285343749703, -33718.43428942837, -33296.87355071243, -33674.24820433314, -31903.55965658385, -32815.83885094812, -32423.890306779627, -34090.70049919168, -32869.275818702605, -33851.78959134663, -33829.03049229834, -31933.49543733019, -33620.71037489461, -33555.240596250405, -34077.010160706, -33937.67690666164, -32326.60966943217, -32734.439320939488, -33837.31016872773, -32415.65549619686, -33843.816962035955, -32679.787189707684, -32510.596023668197, -32776.7815688238, -35449.04644407728, -31015.691985492434, -33601.64461685817, -33646.038668138586, -32648.25898092268, -34197.39062153425, -31240.484476574482, -31233.135961149554, -33389.94120269029, -34453.595797266586, -31528.030279238923]
Average Z : -30147.643463560922
Standard dev Z : 937.0057307290801
Total Time taken : 633.9780000000001 sec
