LiftedPTPParams [
inputFile=mln/webkb.dom.20.eclipse.mln.txt
evidenceFile=db/webkb.texas.5class.dom.20.evid.40.eclipse.txt
resultFile=results_04_06/webkb_20_40_false_approx_true.out
queryString=PageClass_0_Course,LinkTo,PageClass_0_Person,PageClass_0_Faculty,PageClass_0_Student,PageClass_0_Department
isNormal=false
approximate=true
queryEvidence=false
numIter=240
]
Time taken to create clauses in hyperCube form : 6680 ms
Time taken to disjoint all hyperCubes : 568 ms
Total number of clauses : 226
iteration no. : 0
iteration no. : 1
iteration no. : 2
iteration no. : 3
iteration no. : 4
iteration no. : 5
iteration no. : 6
iteration no. : 7
iteration no. : 8
iteration no. : 9
iteration no. : 10
iteration no. : 11
iteration no. : 12
iteration no. : 13
iteration no. : 14
iteration no. : 15
iteration no. : 16
iteration no. : 17
iteration no. : 18
iteration no. : 19
iteration no. : 20
iteration no. : 21
iteration no. : 22
iteration no. : 23
iteration no. : 24
iteration no. : 25
iteration no. : 26
iteration no. : 27
iteration no. : 28
iteration no. : 29
iteration no. : 30
iteration no. : 31
iteration no. : 32
iteration no. : 33
iteration no. : 34
iteration no. : 35
iteration no. : 36
iteration no. : 37
iteration no. : 38
iteration no. : 39
iteration no. : 40
iteration no. : 41
iteration no. : 42
iteration no. : 43
iteration no. : 44
iteration no. : 45
iteration no. : 46
iteration no. : 47
iteration no. : 48
iteration no. : 49
iteration no. : 50
iteration no. : 51
iteration no. : 52
iteration no. : 53
iteration no. : 54
iteration no. : 55
iteration no. : 56
iteration no. : 57
iteration no. : 58
iteration no. : 59
iteration no. : 60
iteration no. : 61
iteration no. : 62
iteration no. : 63
iteration no. : 64
iteration no. : 65
iteration no. : 66
iteration no. : 67
iteration no. : 68
iteration no. : 69
iteration no. : 70
iteration no. : 71
iteration no. : 72
iteration no. : 73
iteration no. : 74
iteration no. : 75
iteration no. : 76
iteration no. : 77
iteration no. : 78
iteration no. : 79
iteration no. : 80
iteration no. : 81
iteration no. : 82
iteration no. : 83
iteration no. : 84
iteration no. : 85
iteration no. : 86
iteration no. : 87
iteration no. : 88
iteration no. : 89
iteration no. : 90
iteration no. : 91
iteration no. : 92
iteration no. : 93
iteration no. : 94
iteration no. : 95
iteration no. : 96
iteration no. : 97
iteration no. : 98
iteration no. : 99
iteration no. : 100
iteration no. : 101
iteration no. : 102
iteration no. : 103
iteration no. : 104
iteration no. : 105
iteration no. : 106
iteration no. : 107
iteration no. : 108
iteration no. : 109
iteration no. : 110
iteration no. : 111
iteration no. : 112
iteration no. : 113
iteration no. : 114
iteration no. : 115
iteration no. : 116
iteration no. : 117
iteration no. : 118
iteration no. : 119
iteration no. : 120
iteration no. : 121
iteration no. : 122
iteration no. : 123
iteration no. : 124
iteration no. : 125
iteration no. : 126
iteration no. : 127
iteration no. : 128
iteration no. : 129
iteration no. : 130
iteration no. : 131
iteration no. : 132
iteration no. : 133
iteration no. : 134
iteration no. : 135
iteration no. : 136
iteration no. : 137
iteration no. : 138
iteration no. : 139
iteration no. : 140
iteration no. : 141
iteration no. : 142
iteration no. : 143
iteration no. : 144
iteration no. : 145
iteration no. : 146
iteration no. : 147
iteration no. : 148
iteration no. : 149
iteration no. : 150
iteration no. : 151
iteration no. : 152
iteration no. : 153
iteration no. : 154
iteration no. : 155
iteration no. : 156
iteration no. : 157
iteration no. : 158
iteration no. : 159
iteration no. : 160
iteration no. : 161
iteration no. : 162
iteration no. : 163
iteration no. : 164
iteration no. : 165
iteration no. : 166
iteration no. : 167
iteration no. : 168
iteration no. : 169
iteration no. : 170
iteration no. : 171
iteration no. : 172
iteration no. : 173
iteration no. : 174
iteration no. : 175
iteration no. : 176
iteration no. : 177
iteration no. : 178
iteration no. : 179
iteration no. : 180
iteration no. : 181
iteration no. : 182
iteration no. : 183
iteration no. : 184
iteration no. : 185
iteration no. : 186
iteration no. : 187
iteration no. : 188
iteration no. : 189
iteration no. : 190
iteration no. : 191
iteration no. : 192
iteration no. : 193
iteration no. : 194
iteration no. : 195
iteration no. : 196
iteration no. : 197
iteration no. : 198
iteration no. : 199
iteration no. : 200
iteration no. : 201
iteration no. : 202
iteration no. : 203
iteration no. : 204
iteration no. : 205
iteration no. : 206
iteration no. : 207
iteration no. : 208
iteration no. : 209
iteration no. : 210
iteration no. : 211
iteration no. : 212
iteration no. : 213
iteration no. : 214
iteration no. : 215
iteration no. : 216
iteration no. : 217
iteration no. : 218
iteration no. : 219
iteration no. : 220
iteration no. : 221
iteration no. : 222
iteration no. : 223
iteration no. : 224
iteration no. : 225
iteration no. : 226
iteration no. : 227
iteration no. : 228
iteration no. : 229
iteration no. : 230
iteration no. : 231
iteration no. : 232
iteration no. : 233
iteration no. : 234
iteration no. : 235
iteration no. : 236
iteration no. : 237
iteration no. : 238
iteration no. : 239
Time taken for 240 iterations : 99.571 sec
zArray : [-8484.369170276494, -7714.610956544261, -8374.876698168819, -7942.330392054005, -8222.38493134803, -8527.8072259216, -8364.975717226382, -7964.258594280694, -8291.160120117467, -7792.75266364378, -8031.408400104726, -8406.100486249372, -8025.467831113749, -8354.18957775321, -7957.597188207503, -8357.25776126989, -7499.483855674971, -8117.704764813339, -8030.863092447156, -8417.419687352856, -8335.310076354343, -8414.24103825737, -8165.785451922371, -7629.033204012976, -8217.037043898827, -8496.929488341306, -7827.2938808172985, -8428.470998707207, -7561.130396188867, -8045.418147641145, -8408.94444760929, -8243.346383512968, -7521.7696168129805, -7774.482765249003, -8218.707701051395, -8360.678516526807, -8192.001333447482, -8703.180092723422, -8234.706500832424, -7943.840394601468, -8260.553416284038, -8265.496084166674, -8201.627456622413, -7838.179425083175, -8279.145001021887, -8222.569061706494, -8205.542402067176, -7909.96529730033, -7850.718393562038, -8345.771237080862, -8427.307905821543, -7639.9929610236395, -7922.55575496686, -8106.593843784671, -8422.223131427152, -8311.337288392004, -7860.43277805639, -7578.16254155065, -8633.610060664707, -8397.41364614039, -8330.903136844103, -7984.958885903196, -7753.463852317236, -8123.138585975925, -7755.179313543474, -7930.929045468155, -7842.504169964791, -8171.484207340796, -8092.446160922738, -7921.396749453502, -7793.941264067641, -7877.566155338143, -8097.419077956196, -8028.689285084375, -7698.606820819496, -8255.884962935252, -8142.3353850647145, -8728.955729645219, -7719.9326572958, -8367.173029548863, -7886.03325296658, -8091.845464797136, -8125.52934542185, -8285.03815524941, -8529.612424559893, -8205.990646948463, -8081.4496637119355, -8542.701265417621, -8159.105869231049, -7878.4406471417815, -7911.16918605186, -7982.145472655793, -7935.931187702502, -8284.252468729559, -8302.906208894774, -8244.800233561013, -8447.556948731977, -7742.595390215718, -8702.573242077748, -8178.679963210989, -8069.769340547436, -8343.800195557102, -7856.945147045684, -8019.757365973193, -7813.8307393346695, -7941.610836536494, -8463.048390169004, -7887.307986707346, -7829.302375294379, -8398.467311658691, -8135.306505342356, -7930.135147394434, -8353.762336676116, -7870.679008531985, -8497.276282374856, -8390.660292571112, -8655.547592079243, -8489.20099958999, -7862.145233023204, -8478.635953605537, -8208.21430426717, -8240.05586809185, -8854.257434840643, -7568.686636951861, -9028.443309786815, -7866.594477493435, -8662.661738233946, -8270.573925300934, -8366.030034271145, -7968.955435023944, -8571.891014683233, -8296.88275901022, -7725.450739043364, -8414.828485243608, -7726.111204076307, -8456.309209143168, -7763.917552452895, -8361.35384828809, -8412.982043179543, -8512.35340414562, -8774.32540581816, -8639.347413774785, -7705.426076548093, -8332.340547772315, -8008.179676266354, -7820.732921895536, -8609.470589183376, -8733.138801631661, -7937.607978318523, -8095.031559711479, -8329.716645776492, -7870.490680697556, -8763.69739029069, -8327.36117070133, -8191.855357244009, -7626.110529160595, -7878.164630518497, -8404.42982989874, -7674.726669916114, -8565.480890849305, -8355.234966497172, -8066.4295336710975, -7988.457444077263, -7699.395712592249, -8743.056874177126, -7767.887495156041, -8770.851049306217, -8133.927174307804, -8274.090481583307, -8498.295312595952, -7924.56316344862, -7817.724254857879, -7417.658834580505, -8058.8013500754405, -8262.712213039977, -8372.189243935829, -8313.887168497224, -8204.27277247762, -7988.526390651676, -8126.967585843349, -8293.54763562188, -8319.55960434543, -8068.979704196636, -7794.567688867469, -7978.537256316782, -8147.074326053829, -8309.346521375113, -8181.431265429072, -8244.949812932817, -8487.200674794138, -8300.928112843834, -8044.797739073583, -8798.92671811028, -8597.88212104466, -8341.10198594125, -8266.3115885305, -8042.461154878427, -7890.480017909164, -7900.740854321571, -7919.38517174932, -8010.203256183687, -8060.323759052174, -7804.94081393791, -8243.789223206137, -7910.547101448482, -8202.071270243725, -7846.7174485927335, -7806.580878647897, -7894.193840342879, -8012.398791623159, -8039.592474367987, -7968.00505226522, -8524.742608580753, -7872.982418946297, -8178.195664526989, -8152.056457294282, -8041.470755379486, -8630.64492183719, -8012.7867790769415, -8318.607555572284, -8114.321200181808, -8166.710240984994, -7983.862173560778, -8247.810529564744, -8168.824233808757, -8246.35330133636, -7610.602314625041, -8354.45175990983, -7856.053721149126, -8273.707726524295, -7954.578052128167, -8394.560297523532, -8223.507173622987, -8046.093782484832, -8022.329125689354, -8496.668252719055, -8336.508678304725, -8098.038282071346, -8278.67527194969, -7979.539167606093]
Average Z : -7423.139473503847
Standard dev Z : 294.20190316116697
Total Time taken : 106.82000000000001 sec
