LiftedPTPParams [
inputFile=mln/webkb.dom.80.eclipse.mln.txt
evidenceFile=db/webkb.texas.5class.dom.80.evid.40.eclipse.txt
resultFile=results_04_06/webkb_80_40_true_approx_true.out
queryString=PageClass_0_Course,LinkTo,PageClass_0_Person,PageClass_0_Faculty,PageClass_0_Student,PageClass_0_Department
isNormal=true
approximate=true
queryEvidence=false
numIter=240
]
Time taken to create clauses in hyperCube form : 1818 ms
Time taken to disjoint all hyperCubes : 2175 ms
Total number of clauses : 226
iteration no. : 0
iteration no. : 1
iteration no. : 2
iteration no. : 3
iteration no. : 4
iteration no. : 5
iteration no. : 6
iteration no. : 7
iteration no. : 8
iteration no. : 9
iteration no. : 10
iteration no. : 11
iteration no. : 12
iteration no. : 13
iteration no. : 14
iteration no. : 15
iteration no. : 16
iteration no. : 17
iteration no. : 18
iteration no. : 19
iteration no. : 20
iteration no. : 21
iteration no. : 22
iteration no. : 23
iteration no. : 24
iteration no. : 25
iteration no. : 26
iteration no. : 27
iteration no. : 28
iteration no. : 29
iteration no. : 30
iteration no. : 31
iteration no. : 32
iteration no. : 33
iteration no. : 34
iteration no. : 35
iteration no. : 36
iteration no. : 37
iteration no. : 38
iteration no. : 39
iteration no. : 40
iteration no. : 41
iteration no. : 42
iteration no. : 43
iteration no. : 44
iteration no. : 45
iteration no. : 46
iteration no. : 47
iteration no. : 48
iteration no. : 49
iteration no. : 50
iteration no. : 51
iteration no. : 52
iteration no. : 53
iteration no. : 54
iteration no. : 55
iteration no. : 56
iteration no. : 57
iteration no. : 58
iteration no. : 59
iteration no. : 60
iteration no. : 61
iteration no. : 62
iteration no. : 63
iteration no. : 64
iteration no. : 65
iteration no. : 66
iteration no. : 67
iteration no. : 68
iteration no. : 69
iteration no. : 70
iteration no. : 71
iteration no. : 72
iteration no. : 73
iteration no. : 74
iteration no. : 75
iteration no. : 76
iteration no. : 77
iteration no. : 78
iteration no. : 79
iteration no. : 80
iteration no. : 81
iteration no. : 82
iteration no. : 83
iteration no. : 84
iteration no. : 85
iteration no. : 86
iteration no. : 87
iteration no. : 88
iteration no. : 89
iteration no. : 90
iteration no. : 91
iteration no. : 92
iteration no. : 93
iteration no. : 94
iteration no. : 95
iteration no. : 96
iteration no. : 97
iteration no. : 98
iteration no. : 99
iteration no. : 100
iteration no. : 101
iteration no. : 102
iteration no. : 103
iteration no. : 104
iteration no. : 105
iteration no. : 106
iteration no. : 107
iteration no. : 108
iteration no. : 109
iteration no. : 110
iteration no. : 111
iteration no. : 112
iteration no. : 113
iteration no. : 114
iteration no. : 115
iteration no. : 116
iteration no. : 117
iteration no. : 118
iteration no. : 119
iteration no. : 120
iteration no. : 121
iteration no. : 122
iteration no. : 123
iteration no. : 124
iteration no. : 125
iteration no. : 126
iteration no. : 127
iteration no. : 128
iteration no. : 129
iteration no. : 130
iteration no. : 131
iteration no. : 132
iteration no. : 133
iteration no. : 134
iteration no. : 135
iteration no. : 136
iteration no. : 137
iteration no. : 138
iteration no. : 139
iteration no. : 140
iteration no. : 141
iteration no. : 142
iteration no. : 143
iteration no. : 144
iteration no. : 145
iteration no. : 146
iteration no. : 147
iteration no. : 148
iteration no. : 149
iteration no. : 150
iteration no. : 151
iteration no. : 152
iteration no. : 153
iteration no. : 154
iteration no. : 155
iteration no. : 156
iteration no. : 157
iteration no. : 158
iteration no. : 159
iteration no. : 160
iteration no. : 161
iteration no. : 162
iteration no. : 163
iteration no. : 164
iteration no. : 165
iteration no. : 166
iteration no. : 167
iteration no. : 168
iteration no. : 169
iteration no. : 170
iteration no. : 171
iteration no. : 172
iteration no. : 173
iteration no. : 174
iteration no. : 175
iteration no. : 176
iteration no. : 177
iteration no. : 178
iteration no. : 179
iteration no. : 180
iteration no. : 181
iteration no. : 182
iteration no. : 183
iteration no. : 184
iteration no. : 185
iteration no. : 186
iteration no. : 187
iteration no. : 188
iteration no. : 189
iteration no. : 190
iteration no. : 191
iteration no. : 192
iteration no. : 193
iteration no. : 194
iteration no. : 195
iteration no. : 196
iteration no. : 197
iteration no. : 198
iteration no. : 199
iteration no. : 200
iteration no. : 201
iteration no. : 202
iteration no. : 203
iteration no. : 204
iteration no. : 205
iteration no. : 206
iteration no. : 207
iteration no. : 208
iteration no. : 209
iteration no. : 210
iteration no. : 211
iteration no. : 212
iteration no. : 213
iteration no. : 214
iteration no. : 215
iteration no. : 216
iteration no. : 217
iteration no. : 218
iteration no. : 219
iteration no. : 220
iteration no. : 221
iteration no. : 222
iteration no. : 223
iteration no. : 224
iteration no. : 225
iteration no. : 226
iteration no. : 227
iteration no. : 228
iteration no. : 229
iteration no. : 230
iteration no. : 231
iteration no. : 232
iteration no. : 233
iteration no. : 234
iteration no. : 235
iteration no. : 236
iteration no. : 237
iteration no. : 238
iteration no. : 239
Time taken for 240 iterations : 2661.047 sec
zArray : [-132236.47824272295, -130437.77897138684, -132655.73643245763, -132090.48601851202, -134545.77652954598, -134894.5538735229, -133568.4362821943, -131983.58521116953, -133135.57752469467, -128693.2060236984, -133615.67020685753, -126748.58518581302, -129708.42850846777, -130391.0963061048, -133613.40174335495, -134475.149251636, -135025.0329429595, -132849.13374198996, -128021.1520430812, -128434.48435231003, -132395.23102892208, -130685.64342855536, -128398.93005315497, -131952.16495335096, -133385.3222748363, -131732.00241843244, -130914.474584849, -135840.9224956804, -133795.26229205896, -134571.9502308957, -129424.03027231286, -132653.0465515655, -134424.8413626348, -130002.60997623419, -131549.58488928067, -130327.33063747249, -126561.17855171728, -133933.0591897966, -133281.76082005657, -133031.8436478395, -131524.3028895488, -131457.64376363196, -130190.12097303843, -133523.158756101, -133483.05496024492, -132943.26595914798, -131634.65890765865, -131994.17159668088, -134299.89008505212, -131647.83365002627, -129866.69161877685, -136906.0182170345, -132252.88133723947, -130664.95441699172, -132587.60371169916, -134066.9146640546, -130094.96887233287, -135243.4878762977, -131168.6293001875, -131880.56170697504, -134182.7841959968, -130848.294873708, -132654.43535852656, -134799.80737512608, -127512.61885825916, -135531.7571825034, -138275.60155730374, -134305.04070806442, -136087.46240952433, -135835.60234277236, -133480.88470093123, -135141.13195483107, -133031.2041446491, -133433.93753593534, -132958.94519054174, -131406.83837313377, -131973.766085589, -128313.24563365831, -125216.36634179625, -131495.76772023743, -135579.50686207457, -128340.36939618981, -127427.37307299298, -126861.59366949195, -131268.09757629372, -127424.01948439484, -127965.86272939868, -132561.53326753134, -131527.3674357854, -137432.12065841613, -128635.63564448946, -131972.4931524319, -130121.66432163045, -128439.22938835567, -136621.23588899025, -126846.29147172876, -129641.02897608727, -132292.29217798947, -130499.38334674334, -131884.26533783114, -133332.7308635514, -136339.37268785533, -136387.64504409386, -130945.59045457386, -130280.60023918748, -128343.86593592957, -131289.0211786843, -128159.37797535371, -132077.7027042117, -126437.59058418531, -132662.3098658659, -137897.84105206878, -129623.74498947528, -136114.35034976012, -133872.0060238811, -134177.05592240382, -131123.29354245355, -133027.47625851, -131756.17388571, -137169.24746595437, -134880.50386033565, -131371.93103351386, -132456.2476888368, -133934.43855296783, -129638.95611890794, -132035.5800293587, -133324.39954115928, -130729.36938854642, -125890.07982542684, -132895.01544887046, -131715.69719553835, -132549.28169968855, -131164.95692560787, -133233.483191823, -131243.1064935533, -136899.59715248836, -133630.997250096, -133688.36964239282, -135763.94508846453, -133416.02844394938, -133351.70337082012, -129486.43459934225, -131970.58286297106, -130607.72373918636, -129511.13619827961, -134117.89079859125, -131698.51613928567, -134912.9073614352, -134179.07537142767, -132064.61668023118, -132877.15362858112, -136386.14176849753, -137006.99690127643, -133069.35262794117, -133870.76841339737, -132340.11966557807, -131393.9282829619, -133673.70249959052, -132649.58610959252, -130040.72756191155, -129857.48938463448, -130025.42665482065, -127406.75240969172, -133026.74957458526, -131310.4196032683, -138123.27633195848, -130754.92657230928, -133249.68032084592, -130818.76370053393, -134922.74898366796, -129011.81712485204, -131002.07576781722, -134436.7940034784, -131256.10077433178, -127123.73958626292, -132298.2684228807, -135402.4701386616, -132396.29686077384, -129840.8689050432, -133926.15742759805, -129036.62069991806, -130187.03545094388, -130574.88581858057, -135749.07063425312, -135803.9137667278, -126573.54481958257, -133526.35855962793, -133192.82670346263, -129666.1592913401, -129865.82446146217, -135647.02405674616, -133920.972826311, -131468.13465657848, -133951.12561950643, -127113.83679214833, -133674.7047574172, -133044.37324244966, -130866.59226807642, -130600.38348440791, -130701.39109563637, -128551.7955854386, -129852.5222264594, -133572.22948223384, -132004.14089931856, -135331.26998421905, -133929.51531844935, -133517.05236592554, -127319.299546503, -128310.80091983892, -132121.2061412762, -131404.19348741416, -129454.08882866052, -132748.7675732617, -133805.4727572714, -134907.36267055533, -132655.284173734, -127408.7875948842, -128887.40186909324, -137507.60535241826, -134377.80607872308, -130888.83116789146, -132285.28195435143, -134752.77087227866, -131250.33385545562, -131289.5626031418, -131786.79846914377, -128927.55958466683, -128957.57570650121, -134696.47737766017, -132613.925150202, -135751.2499510067, -132996.90285480567, -129434.73366485308, -130574.21105046717, -129320.9346374477, -130098.50936001266, -134572.43202103776, -133166.5233450613, -130596.05353093552, -134404.80572778377]
Average Z : -125221.8469807196
Standard dev Z : 2604.4458341040804
Total Time taken : 2665.0409999999997 sec
