LiftedPTPParams [
inputFile=webkb.dom.20.eclipse.mln.txt
evidenceFile=webkb.texas.5class.dom.20.evid.40.eclipse.txt
resultFile=results_positive/webkb_20_40_true_approx_true.out
queryString=PageClass_0_Course,LinkTo,PageClass_0_Person,PageClass_0_Faculty,PageClass_0_Student,PageClass_0_Department
isNormal=true
approximate=true
queryEvidence=false
numIter=240
]
Time taken to create clauses in hyperCube form : 358 ms
Time taken to disjoint all hyperCubes : 1142 ms
Total number of clauses : 226
iteration no. : 0
iteration no. : 1
iteration no. : 2
iteration no. : 3
iteration no. : 4
iteration no. : 5
iteration no. : 6
iteration no. : 7
iteration no. : 8
iteration no. : 9
iteration no. : 10
iteration no. : 11
iteration no. : 12
iteration no. : 13
iteration no. : 14
iteration no. : 15
iteration no. : 16
iteration no. : 17
iteration no. : 18
iteration no. : 19
iteration no. : 20
iteration no. : 21
iteration no. : 22
iteration no. : 23
iteration no. : 24
iteration no. : 25
iteration no. : 26
iteration no. : 27
iteration no. : 28
iteration no. : 29
iteration no. : 30
iteration no. : 31
iteration no. : 32
iteration no. : 33
iteration no. : 34
iteration no. : 35
iteration no. : 36
iteration no. : 37
iteration no. : 38
iteration no. : 39
iteration no. : 40
iteration no. : 41
iteration no. : 42
iteration no. : 43
iteration no. : 44
iteration no. : 45
iteration no. : 46
iteration no. : 47
iteration no. : 48
iteration no. : 49
iteration no. : 50
iteration no. : 51
iteration no. : 52
iteration no. : 53
iteration no. : 54
iteration no. : 55
iteration no. : 56
iteration no. : 57
iteration no. : 58
iteration no. : 59
iteration no. : 60
iteration no. : 61
iteration no. : 62
iteration no. : 63
iteration no. : 64
iteration no. : 65
iteration no. : 66
iteration no. : 67
iteration no. : 68
iteration no. : 69
iteration no. : 70
iteration no. : 71
iteration no. : 72
iteration no. : 73
iteration no. : 74
iteration no. : 75
iteration no. : 76
iteration no. : 77
iteration no. : 78
iteration no. : 79
iteration no. : 80
iteration no. : 81
iteration no. : 82
iteration no. : 83
iteration no. : 84
iteration no. : 85
iteration no. : 86
iteration no. : 87
iteration no. : 88
iteration no. : 89
iteration no. : 90
iteration no. : 91
iteration no. : 92
iteration no. : 93
iteration no. : 94
iteration no. : 95
iteration no. : 96
iteration no. : 97
iteration no. : 98
iteration no. : 99
iteration no. : 100
iteration no. : 101
iteration no. : 102
iteration no. : 103
iteration no. : 104
iteration no. : 105
iteration no. : 106
iteration no. : 107
iteration no. : 108
iteration no. : 109
iteration no. : 110
iteration no. : 111
iteration no. : 112
iteration no. : 113
iteration no. : 114
iteration no. : 115
iteration no. : 116
iteration no. : 117
iteration no. : 118
iteration no. : 119
iteration no. : 120
iteration no. : 121
iteration no. : 122
iteration no. : 123
iteration no. : 124
iteration no. : 125
iteration no. : 126
iteration no. : 127
iteration no. : 128
iteration no. : 129
iteration no. : 130
iteration no. : 131
iteration no. : 132
iteration no. : 133
iteration no. : 134
iteration no. : 135
iteration no. : 136
iteration no. : 137
iteration no. : 138
iteration no. : 139
iteration no. : 140
iteration no. : 141
iteration no. : 142
iteration no. : 143
iteration no. : 144
iteration no. : 145
iteration no. : 146
iteration no. : 147
iteration no. : 148
iteration no. : 149
iteration no. : 150
iteration no. : 151
iteration no. : 152
iteration no. : 153
iteration no. : 154
iteration no. : 155
iteration no. : 156
iteration no. : 157
iteration no. : 158
iteration no. : 159
iteration no. : 160
iteration no. : 161
iteration no. : 162
iteration no. : 163
iteration no. : 164
iteration no. : 165
iteration no. : 166
iteration no. : 167
iteration no. : 168
iteration no. : 169
iteration no. : 170
iteration no. : 171
iteration no. : 172
iteration no. : 173
iteration no. : 174
iteration no. : 175
iteration no. : 176
iteration no. : 177
iteration no. : 178
iteration no. : 179
iteration no. : 180
iteration no. : 181
iteration no. : 182
iteration no. : 183
iteration no. : 184
iteration no. : 185
iteration no. : 186
iteration no. : 187
iteration no. : 188
iteration no. : 189
iteration no. : 190
iteration no. : 191
iteration no. : 192
iteration no. : 193
iteration no. : 194
iteration no. : 195
iteration no. : 196
iteration no. : 197
iteration no. : 198
iteration no. : 199
iteration no. : 200
iteration no. : 201
iteration no. : 202
iteration no. : 203
iteration no. : 204
iteration no. : 205
iteration no. : 206
iteration no. : 207
iteration no. : 208
iteration no. : 209
iteration no. : 210
iteration no. : 211
iteration no. : 212
iteration no. : 213
iteration no. : 214
iteration no. : 215
iteration no. : 216
iteration no. : 217
iteration no. : 218
iteration no. : 219
iteration no. : 220
iteration no. : 221
iteration no. : 222
iteration no. : 223
iteration no. : 224
iteration no. : 225
iteration no. : 226
iteration no. : 227
iteration no. : 228
iteration no. : 229
iteration no. : 230
iteration no. : 231
iteration no. : 232
iteration no. : 233
iteration no. : 234
iteration no. : 235
iteration no. : 236
iteration no. : 237
iteration no. : 238
iteration no. : 239
Time taken for 240 iterations : 221.498 sec
zArray : [57822.867455415144, 57279.80761685251, 57530.385677234226, 57547.121494587336, 57419.08210820135, 57591.926104372724, 57289.54412356316, 57359.15188368784, 57534.83787008389, 57355.23270632502, 57495.55498688821, 57442.26910653834, 57413.45659663119, 57597.77236158317, 57540.05295293144, 57445.692573058564, 57179.51057109251, 57386.13067873576, 57326.04687601272, 57165.86484940619, 57312.859403425515, 57483.78070529445, 57558.536231027574, 57217.17063269036, 57733.240799801235, 57525.94160025343, 57337.62087150305, 57232.51341625601, 57519.404752110124, 57727.20508457066, 57653.429906628415, 57279.9924810483, 57757.07058331247, 57764.62413501067, 57510.62343119266, 57146.67215989807, 57709.126795972275, 57931.47994425921, 57627.163128079716, 57518.179984856004, 57760.852205588686, 57788.06223504401, 57641.25344287673, 57380.1091896409, 57262.73926517174, 57415.48537428967, 57529.730984949376, 57908.081525891896, 57583.79066417445, 57332.676459747185, 57423.03215877934, 57998.331371277054, 57438.924769626865, 57393.61173127315, 57663.61255329304, 57513.620024514756, 57483.540368509704, 57504.560830873015, 57158.993443179046, 57724.352662501595, 57506.6736609357, 57452.850962424236, 57260.92039845469, 57383.40176220309, 57698.442462017396, 57776.18589089481, 57291.63467937737, 57856.58744487487, 57430.8816264594, 57466.90821869507, 57538.04676076772, 57406.43558077363, 57546.065108212504, 57531.3142675161, 57272.477460651215, 57666.32628570975, 57644.58468766881, 57184.24680470318, 57635.66296151406, 57228.146747201, 57921.80494408612, 57121.7706839897, 57490.48178296733, 57666.118541474374, 57693.36570636081, 57361.43568132443, 57379.10784355734, 57564.856054962234, 57433.5601437172, 57359.43775248767, 57253.87416647621, 57739.398395711054, 57692.14350943556, 57356.01331551595, 57622.567456799145, 57681.86897976684, 57545.358377362834, 57463.94893317602, 57247.27024073396, 57182.46418611136, 57803.1053343351, 57905.322896770915, 57836.08913150476, 57233.196866864266, 57502.957535805865, 57735.12558194571, 57752.2295421365, 57424.48420749891, 57597.969226088135, 57545.79262499681, 57613.779017787114, 57551.21379554801, 57172.39069065608, 57695.75795221461, 57299.02752122688, 57312.00441356937, 57340.946583207784, 57563.67025306989, 57172.54504815888, 57464.7919709789, 57612.249650102145, 57251.619887126915, 57375.61793015598, 57465.43992967039, 57544.654286696794, 57607.520288278094, 57665.78625501371, 57435.16524261921, 57744.298374583734, 57427.30704702754, 57617.29688197399, 57510.15754222789, 57083.519113042086, 57678.3318256141, 57663.167259921116, 57133.51310395236, 57544.25867703449, 57450.5807004843, 57351.483394248964, 57820.58595873687, 57390.05352442237, 57601.520545231186, 57522.55148680501, 57346.52069805009, 57289.59742682202, 57365.20679694245, 57591.62798676713, 57637.44032921529, 57734.715260473655, 57332.36100250584, 57836.50855834454, 57596.81809720223, 57662.05283913767, 57955.285754927194, 57697.30545895449, 57707.911497757035, 57524.560274689655, 57245.85211909595, 57500.5092882524, 57542.933447181436, 57553.375798982364, 57568.14467922729, 57592.09504926035, 57454.44425081082, 57503.49545045188, 57673.09578159818, 58003.66524812598, 57627.29755314612, 57579.17328762929, 57557.0905327749, 57464.943957536794, 57666.500261270776, 57609.90186382994, 57840.756092418684, 57535.68634242091, 57361.641191059636, 57526.879469124426, 57417.32762775773, 57385.258172253394, 57441.52497656589, 57457.14566478054, 57278.67932711651, 57317.64244556411, 57301.20360473624, 57348.01676280518, 57423.76405450155, 57540.29585656371, 57460.2073465848, 57399.496243997004, 57726.27688367412, 57529.83169630677, 57812.896664475666, 57501.30888525262, 57624.029125457484, 57270.913756282076, 57497.325724746384, 57642.13174459182, 57543.3346010954, 57577.67192131452, 57592.914347164464, 57487.123599889725, 57741.303020335734, 57255.862219695075, 57624.01635720104, 57367.186525800396, 57926.97763943855, 57382.91493310964, 57683.110940924955, 57606.59279181698, 57519.0448768953, 57681.639530957385, 57640.43813229931, 57404.212156758425, 57342.080288228266, 57642.19529653992, 57590.60201589914, 57471.9433502597, 57330.91900309326, 57402.84304000345, 57671.574210504485, 58066.53888724576, 57854.49948828033, 57428.66418302204, 57338.13332697287, 57266.07654147272, 57548.46645856211, 57397.40636455959, 57426.14155447423, 57693.70805275934, 57312.6744458282, 57379.797692692606, 57428.407380237804, 57366.54650056798, 57178.097385651185, 57576.414687904304, 57927.76006929453, 57305.76384113123, 57705.28462291988, 57545.44929515909, 57738.41019799286]
Average Z : 58061.05824832242
Standard dev Z : 191.62167954098666
Total Time taken : 222.999 sec
