LiftedPTPParams [
inputFile=webkb.dom.20.eclipse.mln.txt
evidenceFile=webkb.texas.5class.dom.20.evid.40.eclipse.txt
resultFile=results_positive/webkb_20_40_false_approx_true.out
queryString=PageClass_0_Course,LinkTo,PageClass_0_Person,PageClass_0_Faculty,PageClass_0_Student,PageClass_0_Department
isNormal=false
approximate=true
queryEvidence=false
numIter=240
]
Time taken to create clauses in hyperCube form : 6790 ms
Time taken to disjoint all hyperCubes : 569 ms
Total number of clauses : 226
iteration no. : 0
iteration no. : 1
iteration no. : 2
iteration no. : 3
iteration no. : 4
iteration no. : 5
iteration no. : 6
iteration no. : 7
iteration no. : 8
iteration no. : 9
iteration no. : 10
iteration no. : 11
iteration no. : 12
iteration no. : 13
iteration no. : 14
iteration no. : 15
iteration no. : 16
iteration no. : 17
iteration no. : 18
iteration no. : 19
iteration no. : 20
iteration no. : 21
iteration no. : 22
iteration no. : 23
iteration no. : 24
iteration no. : 25
iteration no. : 26
iteration no. : 27
iteration no. : 28
iteration no. : 29
iteration no. : 30
iteration no. : 31
iteration no. : 32
iteration no. : 33
iteration no. : 34
iteration no. : 35
iteration no. : 36
iteration no. : 37
iteration no. : 38
iteration no. : 39
iteration no. : 40
iteration no. : 41
iteration no. : 42
iteration no. : 43
iteration no. : 44
iteration no. : 45
iteration no. : 46
iteration no. : 47
iteration no. : 48
iteration no. : 49
iteration no. : 50
iteration no. : 51
iteration no. : 52
iteration no. : 53
iteration no. : 54
iteration no. : 55
iteration no. : 56
iteration no. : 57
iteration no. : 58
iteration no. : 59
iteration no. : 60
iteration no. : 61
iteration no. : 62
iteration no. : 63
iteration no. : 64
iteration no. : 65
iteration no. : 66
iteration no. : 67
iteration no. : 68
iteration no. : 69
iteration no. : 70
iteration no. : 71
iteration no. : 72
iteration no. : 73
iteration no. : 74
iteration no. : 75
iteration no. : 76
iteration no. : 77
iteration no. : 78
iteration no. : 79
iteration no. : 80
iteration no. : 81
iteration no. : 82
iteration no. : 83
iteration no. : 84
iteration no. : 85
iteration no. : 86
iteration no. : 87
iteration no. : 88
iteration no. : 89
iteration no. : 90
iteration no. : 91
iteration no. : 92
iteration no. : 93
iteration no. : 94
iteration no. : 95
iteration no. : 96
iteration no. : 97
iteration no. : 98
iteration no. : 99
iteration no. : 100
iteration no. : 101
iteration no. : 102
iteration no. : 103
iteration no. : 104
iteration no. : 105
iteration no. : 106
iteration no. : 107
iteration no. : 108
iteration no. : 109
iteration no. : 110
iteration no. : 111
iteration no. : 112
iteration no. : 113
iteration no. : 114
iteration no. : 115
iteration no. : 116
iteration no. : 117
iteration no. : 118
iteration no. : 119
iteration no. : 120
iteration no. : 121
iteration no. : 122
iteration no. : 123
iteration no. : 124
iteration no. : 125
iteration no. : 126
iteration no. : 127
iteration no. : 128
iteration no. : 129
iteration no. : 130
iteration no. : 131
iteration no. : 132
iteration no. : 133
iteration no. : 134
iteration no. : 135
iteration no. : 136
iteration no. : 137
iteration no. : 138
iteration no. : 139
iteration no. : 140
iteration no. : 141
iteration no. : 142
iteration no. : 143
iteration no. : 144
iteration no. : 145
iteration no. : 146
iteration no. : 147
iteration no. : 148
iteration no. : 149
iteration no. : 150
iteration no. : 151
iteration no. : 152
iteration no. : 153
iteration no. : 154
iteration no. : 155
iteration no. : 156
iteration no. : 157
iteration no. : 158
iteration no. : 159
iteration no. : 160
iteration no. : 161
iteration no. : 162
iteration no. : 163
iteration no. : 164
iteration no. : 165
iteration no. : 166
iteration no. : 167
iteration no. : 168
iteration no. : 169
iteration no. : 170
iteration no. : 171
iteration no. : 172
iteration no. : 173
iteration no. : 174
iteration no. : 175
iteration no. : 176
iteration no. : 177
iteration no. : 178
iteration no. : 179
iteration no. : 180
iteration no. : 181
iteration no. : 182
iteration no. : 183
iteration no. : 184
iteration no. : 185
iteration no. : 186
iteration no. : 187
iteration no. : 188
iteration no. : 189
iteration no. : 190
iteration no. : 191
iteration no. : 192
iteration no. : 193
iteration no. : 194
iteration no. : 195
iteration no. : 196
iteration no. : 197
iteration no. : 198
iteration no. : 199
iteration no. : 200
iteration no. : 201
iteration no. : 202
iteration no. : 203
iteration no. : 204
iteration no. : 205
iteration no. : 206
iteration no. : 207
iteration no. : 208
iteration no. : 209
iteration no. : 210
iteration no. : 211
iteration no. : 212
iteration no. : 213
iteration no. : 214
iteration no. : 215
iteration no. : 216
iteration no. : 217
iteration no. : 218
iteration no. : 219
iteration no. : 220
iteration no. : 221
iteration no. : 222
iteration no. : 223
iteration no. : 224
iteration no. : 225
iteration no. : 226
iteration no. : 227
iteration no. : 228
iteration no. : 229
iteration no. : 230
iteration no. : 231
iteration no. : 232
iteration no. : 233
iteration no. : 234
iteration no. : 235
iteration no. : 236
iteration no. : 237
iteration no. : 238
iteration no. : 239
Time taken for 240 iterations : 97.944 sec
zArray : [57725.829942179495, 57702.035308163075, 57352.59093760209, 57659.748219232795, 57830.87596305774, 57436.75841784049, 57568.074172866654, 57325.55502457536, 57506.769975659445, 57344.640698917916, 57668.69083326657, 57444.05194696033, 57744.49846304688, 57439.81472868974, 57643.68925983354, 57278.60959810677, 57413.60497738198, 57624.713808587614, 57369.016170171366, 57489.94058402031, 57515.075186971546, 57606.2542676096, 57392.40256320312, 57640.03915214718, 57385.6759700323, 57315.09901275947, 57440.87404636266, 57716.98562672168, 57741.05628424515, 57589.0619482514, 57555.32839865643, 57256.51373049733, 57383.560083160584, 57558.44831047925, 57404.13447091206, 57571.773140554506, 57456.5131646452, 57557.03052272593, 57438.75750960857, 57186.69567308954, 57238.203797744245, 57412.81433574179, 57452.85725419315, 57506.99348756292, 57387.80699434581, 57641.163800759634, 57326.1727999623, 57561.96289295769, 57839.07135141087, 57353.37378588958, 57496.41392227232, 57376.9159662802, 57358.19462627204, 57425.978561406126, 57556.16402314479, 57183.558333279194, 57817.400414374155, 57209.574681939754, 57223.95460014352, 57385.14697815649, 57378.59446718485, 57513.865017180164, 57836.22431382792, 57319.780364400845, 57673.094201599415, 57730.04875350706, 57594.75239004527, 57608.955603276176, 57592.05314340063, 57359.478504575854, 57540.62354355033, 57676.578656307145, 57456.67494419016, 57269.59888903573, 57486.91990439537, 57532.494178088826, 57219.66846430087, 57898.85494117694, 57256.33723993554, 57778.60073782081, 57235.7552650828, 57398.87695132056, 57294.817109791795, 57738.698976583815, 57645.386990694766, 57539.02389331732, 57114.81441324773, 57519.6839780667, 57431.88000799839, 57246.19609360954, 57329.18913274988, 57309.04384076558, 57770.111969318365, 57500.28897087165, 57734.95721972399, 57965.46951328139, 57342.687718650275, 57520.85687348938, 57156.37279793451, 57610.514054542364, 57502.020548749424, 57418.322774174674, 57373.28988702638, 57666.634302678016, 57364.76643665079, 57418.1897566963, 57331.47928202657, 57433.06737408076, 57878.24438160459, 57295.21380365419, 57586.56015134164, 57473.5059882389, 57516.557957277444, 57431.34913825815, 57412.91899763208, 57723.32016061084, 57593.67828547427, 57746.385623154965, 57388.90320881941, 57488.37499198558, 57230.04765804723, 57539.74645983418, 57510.70301802731, 57542.914364576245, 57721.79016002264, 57370.732613935965, 57344.59505702612, 57509.76964869717, 57663.95546531791, 57506.77150937236, 57427.846789594405, 57369.397062385426, 57436.91710680734, 57473.29261948694, 57788.62199158877, 57816.44851940796, 57591.28679802995, 57039.884015099306, 57273.69949629806, 57573.17789805129, 57680.39859924076, 57432.28668770186, 57258.36160450779, 57733.27584579429, 57387.18940430382, 57893.33612497729, 57553.346054029935, 57504.34419891674, 57820.018342199786, 57381.20507566506, 57427.28704370581, 58062.214225733565, 57341.04778136848, 57208.013339656376, 57488.54966815264, 57461.075622604105, 57466.774132078346, 57382.428631169154, 57777.219841003134, 57386.69352982927, 57642.82901546426, 57811.01337517761, 57557.82981053063, 57746.89954027392, 57617.25802399569, 57465.482918067115, 57405.24946750526, 57690.529822290744, 57229.99065591038, 57367.86771163688, 57576.34763045141, 57450.16186355021, 57800.64619721454, 57271.80951041576, 57618.43002675107, 57238.46792827276, 57277.71234877596, 57723.44705857426, 57312.104336511926, 57768.396075112934, 57347.59584343309, 57253.348042504585, 57709.13493690303, 57564.799726512414, 57715.38712106526, 57689.091998290714, 57731.72147442124, 57591.9429934838, 57483.06549088563, 57465.14456817714, 57457.4358781854, 57646.746509433106, 57521.783506115935, 57429.11758580467, 57484.58082110332, 57685.55267417109, 57678.802650865306, 57356.52208453229, 57645.92725884743, 57248.791349129315, 57484.818485909476, 57314.670534045035, 57723.07875575777, 57520.694163620086, 57360.966418699114, 57527.795384148565, 57919.1009473938, 57387.404169340574, 57480.788487428275, 57603.86731003885, 57599.530840668485, 57309.52516606181, 57593.47658831286, 57668.84748740737, 57225.45456692096, 57310.220163623875, 57196.55643335218, 57846.395407213975, 57509.57624996844, 57476.88047002593, 57667.10379275775, 57531.50491792362, 57653.62231265915, 57535.1452607257, 57850.513629458, 57266.68445867575, 57492.29362144246, 57074.484856251016, 57481.45333231364, 57683.721828156675, 57831.91674714551, 57125.85800190145, 57352.85837323094, 57418.38469130628, 57783.10925939702, 57722.00323695491, 57385.976604643896, 57560.94821883101, 57529.70599372289, 57444.024768911615]
Average Z : 58056.733586810224
Standard dev Z : 185.92960995842475
Total Time taken : 105.30499999999999 sec
