645.0963950598193,0.372,190
Infinity,0.581,375
Infinity,0.7240000000000001,560
Infinity,0.8130000000000001,745
Infinity,1.133,930
Infinity,1.3,1115
Infinity,1.4849999999999999,1300
Infinity,1.298,1485
Infinity,1.586,1670
Infinity,1.6949999999999998,1855
Infinity,1.763,2040
Infinity,2.004,2225
Infinity,2.011,2410
Infinity,3.069,2595
Infinity,2.91,2780
Infinity,3.065,2965
Infinity,3.2479999999999998,3150
Infinity,3.348,3335
Infinity,2.92,3520
Infinity,3.034,3705
Infinity,3.351,3890
Infinity,4.606,4075
Infinity,3.908,4260
Infinity,4.172,4445
Infinity,5.136,4630
Infinity,4.923,4815
Infinity,4.252,5000
Infinity,6.038,5185
Infinity,5.919,5370
Infinity,5.97,5555
