LiftedPTPParams [
inputFile=/home/happy/experiments/approx_code/LiftedMAP/LiftedMAP/Data/imdb/mln/imdb.1-eclipse-mln.txt
evidenceFile=/home/happy/experiments/approx_code/LiftedMAP/LiftedMAP/Data/imdb/db/imdb.1.evid.0.eclipse.txt
resultFile=/home/happy/experiments/approx_code/LiftedMAP/LiftedMAP/Data/imdb/results_04_06/imdb.1_evid_0_20_100_normal_false_approx_true.out
queryString=actor,director,movie,workedUnder
isNormal=false
approximate=true
queryEvidence=false
numIter=240
]
Time taken to create clauses in hyperCube form : 155 ms
Time taken to disjoint all hyperCubes : 37 ms
Total number of clauses : 3
iteration no. : 0
iteration no. : 1
iteration no. : 2
iteration no. : 3
iteration no. : 4
iteration no. : 5
iteration no. : 6
iteration no. : 7
iteration no. : 8
iteration no. : 9
iteration no. : 10
iteration no. : 11
iteration no. : 12
iteration no. : 13
iteration no. : 14
iteration no. : 15
iteration no. : 16
iteration no. : 17
iteration no. : 18
iteration no. : 19
iteration no. : 20
iteration no. : 21
iteration no. : 22
iteration no. : 23
iteration no. : 24
iteration no. : 25
iteration no. : 26
iteration no. : 27
iteration no. : 28
iteration no. : 29
iteration no. : 30
iteration no. : 31
iteration no. : 32
iteration no. : 33
iteration no. : 34
iteration no. : 35
iteration no. : 36
iteration no. : 37
iteration no. : 38
iteration no. : 39
iteration no. : 40
iteration no. : 41
iteration no. : 42
iteration no. : 43
iteration no. : 44
iteration no. : 45
iteration no. : 46
iteration no. : 47
iteration no. : 48
iteration no. : 49
iteration no. : 50
iteration no. : 51
iteration no. : 52
iteration no. : 53
iteration no. : 54
iteration no. : 55
iteration no. : 56
iteration no. : 57
iteration no. : 58
iteration no. : 59
iteration no. : 60
iteration no. : 61
iteration no. : 62
iteration no. : 63
iteration no. : 64
iteration no. : 65
iteration no. : 66
iteration no. : 67
iteration no. : 68
iteration no. : 69
iteration no. : 70
iteration no. : 71
iteration no. : 72
iteration no. : 73
iteration no. : 74
iteration no. : 75
iteration no. : 76
iteration no. : 77
iteration no. : 78
iteration no. : 79
iteration no. : 80
iteration no. : 81
iteration no. : 82
iteration no. : 83
iteration no. : 84
iteration no. : 85
iteration no. : 86
iteration no. : 87
iteration no. : 88
iteration no. : 89
iteration no. : 90
iteration no. : 91
iteration no. : 92
iteration no. : 93
iteration no. : 94
iteration no. : 95
iteration no. : 96
iteration no. : 97
iteration no. : 98
iteration no. : 99
iteration no. : 100
iteration no. : 101
iteration no. : 102
iteration no. : 103
iteration no. : 104
iteration no. : 105
iteration no. : 106
iteration no. : 107
iteration no. : 108
iteration no. : 109
iteration no. : 110
iteration no. : 111
iteration no. : 112
iteration no. : 113
iteration no. : 114
iteration no. : 115
iteration no. : 116
iteration no. : 117
iteration no. : 118
iteration no. : 119
iteration no. : 120
iteration no. : 121
iteration no. : 122
iteration no. : 123
iteration no. : 124
iteration no. : 125
iteration no. : 126
iteration no. : 127
iteration no. : 128
iteration no. : 129
iteration no. : 130
iteration no. : 131
iteration no. : 132
iteration no. : 133
iteration no. : 134
iteration no. : 135
iteration no. : 136
iteration no. : 137
iteration no. : 138
iteration no. : 139
iteration no. : 140
iteration no. : 141
iteration no. : 142
iteration no. : 143
iteration no. : 144
iteration no. : 145
iteration no. : 146
iteration no. : 147
iteration no. : 148
iteration no. : 149
iteration no. : 150
iteration no. : 151
iteration no. : 152
iteration no. : 153
iteration no. : 154
iteration no. : 155
iteration no. : 156
iteration no. : 157
iteration no. : 158
iteration no. : 159
iteration no. : 160
iteration no. : 161
iteration no. : 162
iteration no. : 163
iteration no. : 164
iteration no. : 165
iteration no. : 166
iteration no. : 167
iteration no. : 168
iteration no. : 169
iteration no. : 170
iteration no. : 171
iteration no. : 172
iteration no. : 173
iteration no. : 174
iteration no. : 175
iteration no. : 176
iteration no. : 177
iteration no. : 178
iteration no. : 179
iteration no. : 180
iteration no. : 181
iteration no. : 182
iteration no. : 183
iteration no. : 184
iteration no. : 185
iteration no. : 186
iteration no. : 187
iteration no. : 188
iteration no. : 189
iteration no. : 190
iteration no. : 191
iteration no. : 192
iteration no. : 193
iteration no. : 194
iteration no. : 195
iteration no. : 196
iteration no. : 197
iteration no. : 198
iteration no. : 199
iteration no. : 200
iteration no. : 201
iteration no. : 202
iteration no. : 203
iteration no. : 204
iteration no. : 205
iteration no. : 206
iteration no. : 207
iteration no. : 208
iteration no. : 209
iteration no. : 210
iteration no. : 211
iteration no. : 212
iteration no. : 213
iteration no. : 214
iteration no. : 215
iteration no. : 216
iteration no. : 217
iteration no. : 218
iteration no. : 219
iteration no. : 220
iteration no. : 221
iteration no. : 222
iteration no. : 223
iteration no. : 224
iteration no. : 225
iteration no. : 226
iteration no. : 227
iteration no. : 228
iteration no. : 229
iteration no. : 230
iteration no. : 231
iteration no. : 232
iteration no. : 233
iteration no. : 234
iteration no. : 235
iteration no. : 236
iteration no. : 237
iteration no. : 238
iteration no. : 239
Time taken for 240 iterations : 20.927 sec
zArray : [24488.700036410646, 24239.210756861878, 24474.30520860428, 24405.11169785622, 24395.365227439142, 24367.772335885544, 24571.799367921554, 24468.290153916834, 24343.22141131304, 24170.803630424685, 24396.014800950914, 24532.281855890455, 24311.224137636524, 24458.52483267115, 24125.04850508017, 24379.86092789149, 24577.902589786416, 24326.320949045035, 24312.424868485716, 24263.570646131648, 24454.185430324877, 24391.78073784033, 24455.053314668752, 24358.37881612367, 24431.338417794028, 24500.32176278235, 24404.63226910244, 24175.441539383133, 24307.282125872636, 24400.2473392401, 24663.413973454833, 24204.97069815677, 24548.83595616283, 24455.518281615834, 24492.940464691066, 24256.633782025645, 24457.21600185204, 24369.010563708278, 24406.616624846774, 24465.080237630966, 24475.519451926233, 24359.609113147835, 24389.24379325309, 24455.91902711579, 24208.452783438413, 24516.704149960715, 24400.38784370228, 24330.022752828154, 24259.98223016297, 24424.05171204052, 24300.62970220025, 24463.48342367021, 24538.519237617147, 24418.840163251312, 24385.270000678294, 24532.851743335275, 24376.821577346906, 24337.401989807404, 24486.172998403326, 24237.924306807385, 24286.84909931018, 24240.09488403849, 24516.87197325185, 24542.736544217325, 24167.94585294686, 24344.322994292026, 24431.93051955251, 24524.608291148226, 24090.915239979833, 24336.38335914276, 24405.851489683486, 24325.394916048375, 24248.297474446652, 24380.98287478133, 24268.48591148287, 24372.73259851103, 24465.595745903665, 24385.56746398149, 24415.733375154716, 24559.578479148237, 24332.509902793063, 24560.115895097042, 24328.444309355655, 24487.038181377102, 24355.490122916337, 24495.61401701843, 24385.739840285278, 24529.847501143326, 24247.31900127414, 24645.128302079247, 24515.776289911966, 24271.39803277403, 24056.698691297483, 24475.79618187502, 24734.78868060833, 24261.61450183604, 24347.16417805721, 24627.237392392573, 24429.830842298972, 24241.50960231528, 24482.09631664605, 24467.5493959149, 24526.1878137578, 24223.270037439335, 24379.836704048965, 24348.19241773157, 24277.602648870405, 24299.171696432873, 24432.7975356382, 24229.56665303422, 24275.01640991668, 24328.52136250149, 24403.084452510422, 24201.32144991392, 24390.455732289774, 24355.642102380454, 24510.25765770175, 24306.197931523187, 24426.78742906775, 24425.100191342848, 24317.391228896162, 24495.244804460985, 24600.5922253079, 24473.71747603413, 24337.35651821725, 24320.052513996103, 24197.92781013504, 24264.56413515836, 24277.19680075527, 24464.620486425847, 24411.68371560579, 24414.29367356012, 24298.01844535485, 24514.96133859503, 24457.789606251776, 24209.188360194406, 24558.33896265984, 24242.222291025235, 24341.382769445758, 24180.51617243823, 24445.551743567925, 24145.827181393943, 24373.6818681832, 24282.013767548506, 24255.389478866397, 24524.8932295106, 24214.01599392639, 24245.99588876548, 24417.638543601643, 24366.678199789854, 24239.295122369316, 24341.420597517783, 24210.365891312813, 24452.788401847196, 24229.450218383437, 24235.09609675228, 24144.070532449612, 24325.43168933123, 24209.2896679575, 24322.203092850363, 24611.63586609854, 24422.326027367148, 24578.10923302546, 24227.175230156783, 24474.034320196937, 24445.0809958289, 24315.008506415994, 24310.701573334816, 24498.64803151183, 24374.3557906649, 24541.461481166352, 24439.093989277248, 24408.935959888662, 24391.19332445508, 24335.669739585355, 24509.12186078518, 24325.46253312144, 24428.100092154124, 24190.419325152026, 24333.040649926952, 24262.06075224423, 24328.19121358927, 24581.02013192252, 24112.082193199014, 24522.11038437904, 24305.267670617886, 24454.632984979053, 24450.808864154977, 24505.485973069226, 24579.998995971873, 24336.53337159677, 24365.004315540475, 24219.04896528822, 24304.309012597954, 24483.0120735027, 24262.331328434848, 24291.47981646479, 24421.88300941372, 24392.653542880642, 24211.40335835463, 24497.81095041263, 24370.61043965605, 24170.66682897909, 24502.658678023912, 24389.86974128657, 24483.06290925639, 24411.591326274527, 24466.427710437383, 24412.534796352804, 24195.479300646697, 24410.220983227468, 24246.257681069532, 24492.654316138687, 24450.869467373846, 24375.809429641813, 24478.411671543214, 24539.010204779486, 24338.494185527496, 24408.303298553637, 24285.71997745008, 24451.4799048087, 24500.993669794614, 24446.827983864674, 24438.962965923783, 24282.8162527869, 24832.10537070515, 24535.556167097, 24629.56498251471, 24093.214920125138, 24494.070932271727, 24378.222081743184, 24274.56115472022, 24379.140253381647, 24401.638268355517, 24156.349683154105, 24395.88132868114, 24332.80475693718, 24076.92922934973, 24295.75576610958, 24244.51273575311]
Average Z : 24826.62473178181
Standard dev Z : 125.48662720668696
Total Time taken : 21.119 sec
LiftedPTPParams [
inputFile=/home/happy/experiments/approx_code/LiftedMAP/LiftedMAP/Data/imdb/mln/imdb.1-eclipse-mln.txt
evidenceFile=/home/happy/experiments/approx_code/LiftedMAP/LiftedMAP/Data/imdb/db/imdb.1.evid.20.eclipse.txt
resultFile=/home/happy/experiments/approx_code/LiftedMAP/LiftedMAP/Data/imdb/results_04_06/imdb.1_evid_0_20_100_normal_false_approx_true.out
queryString=actor,director,movie,workedUnder
isNormal=false
approximate=true
queryEvidence=false
numIter=240
]
Time taken to create clauses in hyperCube form : 684 ms
Time taken to disjoint all hyperCubes : 135 ms
Total number of clauses : 14
iteration no. : 0
iteration no. : 1
iteration no. : 2
iteration no. : 3
iteration no. : 4
iteration no. : 5
iteration no. : 6
iteration no. : 7
iteration no. : 8
iteration no. : 9
iteration no. : 10
iteration no. : 11
iteration no. : 12
iteration no. : 13
iteration no. : 14
iteration no. : 15
iteration no. : 16
iteration no. : 17
iteration no. : 18
iteration no. : 19
iteration no. : 20
iteration no. : 21
iteration no. : 22
iteration no. : 23
iteration no. : 24
iteration no. : 25
iteration no. : 26
iteration no. : 27
iteration no. : 28
iteration no. : 29
iteration no. : 30
iteration no. : 31
iteration no. : 32
iteration no. : 33
iteration no. : 34
iteration no. : 35
iteration no. : 36
iteration no. : 37
iteration no. : 38
iteration no. : 39
iteration no. : 40
iteration no. : 41
iteration no. : 42
iteration no. : 43
iteration no. : 44
iteration no. : 45
iteration no. : 46
iteration no. : 47
iteration no. : 48
iteration no. : 49
iteration no. : 50
iteration no. : 51
iteration no. : 52
iteration no. : 53
iteration no. : 54
iteration no. : 55
iteration no. : 56
iteration no. : 57
iteration no. : 58
iteration no. : 59
iteration no. : 60
iteration no. : 61
iteration no. : 62
iteration no. : 63
iteration no. : 64
iteration no. : 65
iteration no. : 66
iteration no. : 67
iteration no. : 68
iteration no. : 69
iteration no. : 70
iteration no. : 71
iteration no. : 72
iteration no. : 73
iteration no. : 74
iteration no. : 75
iteration no. : 76
iteration no. : 77
iteration no. : 78
iteration no. : 79
iteration no. : 80
iteration no. : 81
iteration no. : 82
iteration no. : 83
iteration no. : 84
iteration no. : 85
iteration no. : 86
iteration no. : 87
iteration no. : 88
iteration no. : 89
iteration no. : 90
iteration no. : 91
iteration no. : 92
iteration no. : 93
iteration no. : 94
iteration no. : 95
iteration no. : 96
iteration no. : 97
iteration no. : 98
iteration no. : 99
iteration no. : 100
iteration no. : 101
iteration no. : 102
iteration no. : 103
iteration no. : 104
iteration no. : 105
iteration no. : 106
iteration no. : 107
iteration no. : 108
iteration no. : 109
iteration no. : 110
iteration no. : 111
iteration no. : 112
iteration no. : 113
iteration no. : 114
iteration no. : 115
iteration no. : 116
iteration no. : 117
iteration no. : 118
iteration no. : 119
iteration no. : 120
iteration no. : 121
iteration no. : 122
iteration no. : 123
iteration no. : 124
iteration no. : 125
iteration no. : 126
iteration no. : 127
iteration no. : 128
iteration no. : 129
iteration no. : 130
iteration no. : 131
iteration no. : 132
iteration no. : 133
iteration no. : 134
iteration no. : 135
iteration no. : 136
iteration no. : 137
iteration no. : 138
iteration no. : 139
iteration no. : 140
iteration no. : 141
iteration no. : 142
iteration no. : 143
iteration no. : 144
iteration no. : 145
iteration no. : 146
iteration no. : 147
iteration no. : 148
iteration no. : 149
iteration no. : 150
iteration no. : 151
iteration no. : 152
iteration no. : 153
iteration no. : 154
iteration no. : 155
iteration no. : 156
iteration no. : 157
iteration no. : 158
iteration no. : 159
iteration no. : 160
iteration no. : 161
iteration no. : 162
iteration no. : 163
iteration no. : 164
iteration no. : 165
iteration no. : 166
iteration no. : 167
iteration no. : 168
iteration no. : 169
iteration no. : 170
iteration no. : 171
iteration no. : 172
iteration no. : 173
iteration no. : 174
iteration no. : 175
iteration no. : 176
iteration no. : 177
iteration no. : 178
iteration no. : 179
iteration no. : 180
iteration no. : 181
iteration no. : 182
iteration no. : 183
iteration no. : 184
iteration no. : 185
iteration no. : 186
iteration no. : 187
iteration no. : 188
iteration no. : 189
iteration no. : 190
iteration no. : 191
iteration no. : 192
iteration no. : 193
iteration no. : 194
iteration no. : 195
iteration no. : 196
iteration no. : 197
iteration no. : 198
iteration no. : 199
iteration no. : 200
iteration no. : 201
iteration no. : 202
iteration no. : 203
iteration no. : 204
iteration no. : 205
iteration no. : 206
iteration no. : 207
iteration no. : 208
iteration no. : 209
iteration no. : 210
iteration no. : 211
iteration no. : 212
iteration no. : 213
iteration no. : 214
iteration no. : 215
iteration no. : 216
iteration no. : 217
iteration no. : 218
iteration no. : 219
iteration no. : 220
iteration no. : 221
iteration no. : 222
iteration no. : 223
iteration no. : 224
iteration no. : 225
iteration no. : 226
iteration no. : 227
iteration no. : 228
iteration no. : 229
iteration no. : 230
iteration no. : 231
iteration no. : 232
iteration no. : 233
iteration no. : 234
iteration no. : 235
iteration no. : 236
iteration no. : 237
iteration no. : 238
iteration no. : 239
Time taken for 240 iterations : 43.999 sec
zArray : [23464.444797350814, 23145.13647622933, 23501.17342038839, 23667.56944397728, 23463.449998604185, 23465.19425105666, 23267.207985326593, 22879.624736520516, 23287.08267911806, 23145.712829453805, 23450.45125122497, 23033.890860289175, 22945.949837782762, 23210.436437498425, 22998.708658345553, 23208.654718714304, 23193.04553847094, 23072.723093432556, 23098.623691066787, 23175.43479081698, 23184.382124786156, 23438.401169576988, 23272.71740040515, 23011.54860014125, 23425.526775681254, 23310.82049452753, 23552.92256084798, 23363.645242442082, 23256.368919978573, 23041.44898527482, 23240.307157582887, 23325.592708784934, 23500.96752941572, 23057.118274948683, 23458.423879497037, 23438.73523789587, 23066.47610834848, 23363.106683914757, 23195.625314223733, 23279.28375922281, 23196.852398298597, 23575.32125052344, 23223.203250379145, 23318.312543974425, 23397.7363239944, 23285.2548819082, 23178.912256827534, 23305.86598460019, 23164.686738265733, 23298.418255049546, 23151.723405611658, 23576.36544742544, 23338.438203927635, 23363.972516155176, 23041.45574807207, 23435.676511969108, 23354.529998056918, 23408.748099246928, 23419.832349306736, 23593.30536272069, 23046.45244418846, 22948.036751251522, 23508.98709447116, 23305.172428121983, 23427.832388597035, 23219.367223093468, 23370.50673166817, 23311.176509045934, 23045.104231287907, 23106.35356502909, 23352.216026936443, 23212.423844792906, 23184.593221543517, 23371.719395561446, 23404.999527478605, 23080.6742279492, 23092.982660625104, 23303.887146367695, 23184.370054624473, 23277.613125921194, 23257.699871003028, 23191.796337447086, 23450.483379858957, 23266.782059875095, 22881.05331249365, 23158.47115719175, 23291.723309066605, 23292.491988476544, 23344.359271560286, 23426.768078405286, 23330.06533394999, 23207.00998231613, 23280.038061553474, 23113.986425080842, 23247.492090647265, 23078.07729471953, 23357.618728266847, 23220.148600979504, 23130.38620648427, 23191.323632082655, 23382.75837015917, 23264.332580611095, 23270.724613973704, 23341.761203509042, 23208.4611778742, 23443.65126247612, 23501.13598868629, 23426.518806408396, 23300.45153239818, 23592.695457079255, 22770.317003229266, 23124.91989993174, 23273.690018917867, 23075.167511456348, 23055.61401737253, 22812.206555864832, 23025.36047144514, 23251.578477229737, 23001.314122084714, 23409.496310171442, 23325.307926173908, 23149.054396848398, 23118.398260924063, 23161.459592692157, 23452.282236338935, 23282.734113297516, 23358.070946757733, 23225.08687843041, 23055.471141088085, 23185.958016519344, 23077.644935288045, 23250.15595936964, 23014.299454272925, 23229.10614174738, 23278.456463436876, 23158.23961293234, 23281.5586433178, 23195.034674024828, 22731.91182069075, 23167.00011325164, 23254.76197948983, 23227.11764867509, 23295.22253912973, 23495.14365123037, 23457.996610660146, 23449.020416343126, 23114.82497531271, 23506.310070021995, 23193.27387938416, 23423.55459891432, 23570.33716694134, 23256.143749817424, 23333.561004794017, 23133.735757901635, 23404.29381230097, 23047.550932245646, 23328.889642758662, 23466.514098733165, 23172.594394867596, 23116.84014911775, 23239.006038087962, 23264.485714294955, 23408.465583313537, 23466.12776040357, 23462.29241403104, 23382.75480596399, 23507.230539061744, 23386.781558006176, 23193.036133080153, 23395.047623695093, 23034.181814007847, 23132.565591053502, 23464.894280555225, 23479.1004639687, 23486.581595602267, 23106.408019841932, 23389.358133855814, 23227.986836268992, 23394.833710685503, 22980.207129876842, 23373.41476353011, 23260.445915274395, 23107.112009607066, 23441.670716447177, 23075.94486250361, 23385.341513444855, 23142.070481857398, 23022.453096667025, 23113.634229419436, 23571.940542550743, 23353.98951594997, 22980.960001485677, 23456.014927831984, 23295.192255434766, 23203.520554561357, 23317.712507112, 23265.499181483716, 23113.33352024239, 23107.360628788894, 23057.251174542278, 23174.508885332085, 23445.86591695019, 23668.982472378462, 23343.499267207593, 23430.773332023164, 23302.08401941393, 23367.43167902804, 23131.010147416913, 23392.363689401696, 23328.866884504085, 23365.714329290084, 23122.194878180184, 23180.71322828341, 23223.37120425652, 23537.211157401412, 23422.363416342334, 23081.997137864117, 23591.813621950394, 23138.24239436832, 23223.8747824155, 23457.05745873557, 23376.084368149113, 23434.0793317994, 23150.57016260725, 23527.687625168783, 22891.329238211718, 23116.186120705494, 23428.897484545294, 23446.80207401935, 23247.93503988515, 23656.874500197562, 23350.58915851037, 23175.682893527093, 23337.195931139926, 23566.82802929559, 23238.941099500025, 23580.61411006822, 23149.30772145451, 23330.86438076374, 23186.12982744552]
Average Z : 23663.719691505255
Standard dev Z : 171.59055369376404
Total Time taken : 44.821 sec
LiftedPTPParams [
inputFile=/home/happy/experiments/approx_code/LiftedMAP/LiftedMAP/Data/imdb/mln/imdb.1-eclipse-mln.txt
evidenceFile=/home/happy/experiments/approx_code/LiftedMAP/LiftedMAP/Data/imdb/db/imdb.1.evid.40.eclipse.txt
resultFile=/home/happy/experiments/approx_code/LiftedMAP/LiftedMAP/Data/imdb/results_04_06/imdb.1_evid_0_20_100_normal_false_approx_true.out
queryString=actor,director,movie,workedUnder
isNormal=false
approximate=true
queryEvidence=false
numIter=240
]
Time taken to create clauses in hyperCube form : 707 ms
Time taken to disjoint all hyperCubes : 129 ms
Total number of clauses : 14
iteration no. : 0
iteration no. : 1
iteration no. : 2
iteration no. : 3
iteration no. : 4
iteration no. : 5
iteration no. : 6
iteration no. : 7
iteration no. : 8
iteration no. : 9
iteration no. : 10
iteration no. : 11
iteration no. : 12
iteration no. : 13
iteration no. : 14
iteration no. : 15
iteration no. : 16
iteration no. : 17
iteration no. : 18
iteration no. : 19
iteration no. : 20
iteration no. : 21
iteration no. : 22
iteration no. : 23
iteration no. : 24
iteration no. : 25
iteration no. : 26
iteration no. : 27
iteration no. : 28
iteration no. : 29
iteration no. : 30
iteration no. : 31
iteration no. : 32
iteration no. : 33
iteration no. : 34
iteration no. : 35
iteration no. : 36
iteration no. : 37
iteration no. : 38
iteration no. : 39
iteration no. : 40
iteration no. : 41
iteration no. : 42
iteration no. : 43
iteration no. : 44
iteration no. : 45
iteration no. : 46
iteration no. : 47
iteration no. : 48
iteration no. : 49
iteration no. : 50
iteration no. : 51
iteration no. : 52
iteration no. : 53
iteration no. : 54
iteration no. : 55
iteration no. : 56
iteration no. : 57
iteration no. : 58
iteration no. : 59
iteration no. : 60
iteration no. : 61
iteration no. : 62
iteration no. : 63
iteration no. : 64
iteration no. : 65
iteration no. : 66
iteration no. : 67
iteration no. : 68
iteration no. : 69
iteration no. : 70
iteration no. : 71
iteration no. : 72
iteration no. : 73
iteration no. : 74
iteration no. : 75
iteration no. : 76
iteration no. : 77
iteration no. : 78
iteration no. : 79
iteration no. : 80
iteration no. : 81
iteration no. : 82
iteration no. : 83
iteration no. : 84
iteration no. : 85
iteration no. : 86
iteration no. : 87
iteration no. : 88
iteration no. : 89
iteration no. : 90
iteration no. : 91
iteration no. : 92
iteration no. : 93
iteration no. : 94
iteration no. : 95
iteration no. : 96
iteration no. : 97
iteration no. : 98
iteration no. : 99
iteration no. : 100
iteration no. : 101
iteration no. : 102
iteration no. : 103
iteration no. : 104
iteration no. : 105
iteration no. : 106
iteration no. : 107
iteration no. : 108
iteration no. : 109
iteration no. : 110
iteration no. : 111
iteration no. : 112
iteration no. : 113
iteration no. : 114
iteration no. : 115
iteration no. : 116
iteration no. : 117
iteration no. : 118
iteration no. : 119
iteration no. : 120
iteration no. : 121
iteration no. : 122
iteration no. : 123
iteration no. : 124
iteration no. : 125
iteration no. : 126
iteration no. : 127
iteration no. : 128
iteration no. : 129
iteration no. : 130
iteration no. : 131
iteration no. : 132
iteration no. : 133
iteration no. : 134
iteration no. : 135
iteration no. : 136
iteration no. : 137
iteration no. : 138
iteration no. : 139
iteration no. : 140
iteration no. : 141
iteration no. : 142
iteration no. : 143
iteration no. : 144
iteration no. : 145
iteration no. : 146
iteration no. : 147
iteration no. : 148
iteration no. : 149
iteration no. : 150
iteration no. : 151
iteration no. : 152
iteration no. : 153
iteration no. : 154
iteration no. : 155
iteration no. : 156
iteration no. : 157
iteration no. : 158
iteration no. : 159
iteration no. : 160
iteration no. : 161
iteration no. : 162
iteration no. : 163
iteration no. : 164
iteration no. : 165
iteration no. : 166
iteration no. : 167
iteration no. : 168
iteration no. : 169
iteration no. : 170
iteration no. : 171
iteration no. : 172
iteration no. : 173
iteration no. : 174
iteration no. : 175
iteration no. : 176
iteration no. : 177
iteration no. : 178
iteration no. : 179
iteration no. : 180
iteration no. : 181
iteration no. : 182
iteration no. : 183
iteration no. : 184
iteration no. : 185
iteration no. : 186
iteration no. : 187
iteration no. : 188
iteration no. : 189
iteration no. : 190
iteration no. : 191
iteration no. : 192
iteration no. : 193
iteration no. : 194
iteration no. : 195
iteration no. : 196
iteration no. : 197
iteration no. : 198
iteration no. : 199
iteration no. : 200
iteration no. : 201
iteration no. : 202
iteration no. : 203
iteration no. : 204
iteration no. : 205
iteration no. : 206
iteration no. : 207
iteration no. : 208
iteration no. : 209
iteration no. : 210
iteration no. : 211
iteration no. : 212
iteration no. : 213
iteration no. : 214
iteration no. : 215
iteration no. : 216
iteration no. : 217
iteration no. : 218
iteration no. : 219
iteration no. : 220
iteration no. : 221
iteration no. : 222
iteration no. : 223
iteration no. : 224
iteration no. : 225
iteration no. : 226
iteration no. : 227
iteration no. : 228
iteration no. : 229
iteration no. : 230
iteration no. : 231
iteration no. : 232
iteration no. : 233
iteration no. : 234
iteration no. : 235
iteration no. : 236
iteration no. : 237
iteration no. : 238
iteration no. : 239
Time taken for 240 iterations : 30.925 sec
zArray : [23029.4196847588, 22776.422320619768, 22988.731317253016, 22903.06555618119, 23073.067792368052, 22965.37242262432, 22850.38800207983, 23196.638702915825, 23040.624004549092, 23177.745163284184, 23188.35655157245, 22919.446562626465, 23060.30387469579, 22884.430163643006, 23084.97075376203, 22819.51712108272, 23384.28881605326, 23249.697808198656, 22654.860317573908, 23172.28611089284, 23254.093355237514, 22711.27074632392, 23037.402921124685, 23350.325895232458, 22891.62482572348, 22718.273289079218, 23100.042107030284, 23192.946208827954, 23327.71906641949, 23256.56463075087, 22930.32117112923, 23099.885128118356, 22760.16917206641, 23077.499895295103, 23247.574145059843, 22983.003184079793, 22772.175240750377, 23033.236099737474, 22799.82203081669, 23163.217268180622, 22873.276920311488, 22921.563671421303, 22968.36494275805, 23361.663464556274, 23240.106780876453, 22983.181584388905, 23056.631453992064, 22871.68445395474, 23004.712642641833, 22912.11088603304, 23113.40967954599, 22858.072513689305, 22952.97475829417, 23244.342450006512, 22798.250074453328, 23178.620265497724, 22843.909865028014, 23204.434656645062, 23186.82351849079, 22970.42251728854, 23289.58588543466, 23005.83425023537, 23234.528570912622, 23057.590664195137, 22940.703739722954, 23048.030386233997, 23156.123951173486, 23176.694717978025, 22965.85330017778, 23096.167509803603, 23155.455156311935, 23029.856408626976, 23166.263911370916, 23011.760604479583, 22725.65399410879, 23082.515555636706, 23104.453217689996, 22961.357202815725, 22797.432410201734, 22988.136101303455, 22960.383557359284, 22731.064042684353, 22878.19952754802, 23145.31605357441, 23112.592638100465, 23052.266954120503, 23217.298037853725, 22937.627393474733, 23298.223446275595, 22794.123845874372, 22939.20439998585, 22660.64705344553, 23158.60819423619, 23128.080286633183, 23023.357762500236, 23189.407399326672, 22913.105941604856, 22894.816639349683, 22996.32548696813, 23370.632144609644, 23161.70961973776, 23024.154182419457, 23262.987787068443, 23003.360555373893, 23003.498010714695, 23237.33211753953, 23034.389702675373, 22959.873350465983, 22961.0442534704, 23208.868980655847, 22970.38255926974, 23193.00447410608, 23107.863443404094, 22863.643767139725, 22741.712334143256, 23115.311224847974, 23230.330717158566, 22682.60833323522, 22899.5178013178, 23112.196818988392, 23030.12433573068, 22962.68546310589, 23281.794270724025, 23211.368522037756, 23261.69890628181, 22994.99156069837, 22841.915221410167, 22877.095544972268, 23044.949656250614, 23113.709160667713, 22961.96864344414, 23214.91207647427, 23060.80710171, 22818.61990230458, 22859.856748130904, 22838.380323646663, 22672.955773601025, 23024.52610827838, 22872.615478170013, 23233.952291903563, 23029.10886637234, 22909.595252524934, 23165.49290481114, 22718.22485913032, 23026.608617527716, 22702.51336221622, 23087.80782491788, 23174.68544445749, 23054.09052107047, 23225.94412929083, 22711.5670015126, 23135.68108406795, 22982.947476572626, 23179.321178918104, 22722.38538776618, 23322.074612965196, 23175.352830888456, 23094.150113461546, 23024.761550287334, 23267.631721478647, 23051.80144987376, 23294.047467484812, 22905.36241047974, 23029.762270908108, 22986.06230792037, 23127.748595505418, 23123.57333666066, 23223.7901317778, 22953.928443581484, 23337.525990848564, 23347.665796543628, 23094.67008561074, 23120.286767223348, 23139.625584598558, 23052.852214488903, 22912.07935779879, 22659.530935755152, 23193.643635463828, 23298.58278172106, 23098.68865238566, 23213.724289997146, 23084.766501950937, 23089.790355145753, 23036.230972865258, 22887.315397877235, 22948.872452024094, 22886.642584185654, 23009.789153814138, 23069.688617616153, 22790.406737813468, 23093.538414410814, 22906.424241782046, 23064.66821717039, 22955.71270752618, 23217.06671298387, 23066.543724796084, 23320.253197525246, 22889.720694296026, 23014.529567158017, 23337.761148867285, 23100.709327436485, 23222.81991033162, 23061.725874899756, 23139.45532068525, 23145.08275637718, 23018.671346456944, 23046.59394168547, 23200.202366723, 22771.928562579233, 23057.79530933604, 23067.434776121918, 23299.33977702645, 23050.954345983457, 22998.41537221604, 22953.984853040183, 23082.879365864857, 22952.20848277817, 22966.743459225145, 23048.486247606746, 22952.23610554646, 23032.84702809549, 22837.282649195356, 23045.06932789092, 23006.482151318723, 22974.46786066733, 22820.127355734152, 23096.42872850236, 22860.577227747148, 22866.261469413726, 23142.777803860932, 23103.968552613573, 23151.20706850577, 23031.667622365407, 23078.76058791705, 23063.115981464056, 23061.549774407762, 23149.953952080432, 23085.979980420117, 23257.586209852558, 22950.30320566995]
Average Z : 23378.808178302217
Standard dev Z : 161.23775471160383
Total Time taken : 31.761999999999997 sec
LiftedPTPParams [
inputFile=/home/happy/experiments/approx_code/LiftedMAP/LiftedMAP/Data/imdb/mln/imdb.1-eclipse-mln.txt
evidenceFile=/home/happy/experiments/approx_code/LiftedMAP/LiftedMAP/Data/imdb/db/imdb.1.evid.60.eclipse.txt
resultFile=/home/happy/experiments/approx_code/LiftedMAP/LiftedMAP/Data/imdb/results_04_06/imdb.1_evid_0_20_100_normal_false_approx_true.out
queryString=actor,director,movie,workedUnder
isNormal=false
approximate=true
queryEvidence=false
numIter=240
]
Time taken to create clauses in hyperCube form : 731 ms
Time taken to disjoint all hyperCubes : 135 ms
Total number of clauses : 14
iteration no. : 0
iteration no. : 1
iteration no. : 2
iteration no. : 3
iteration no. : 4
iteration no. : 5
iteration no. : 6
iteration no. : 7
iteration no. : 8
iteration no. : 9
iteration no. : 10
iteration no. : 11
iteration no. : 12
iteration no. : 13
iteration no. : 14
iteration no. : 15
iteration no. : 16
iteration no. : 17
iteration no. : 18
iteration no. : 19
iteration no. : 20
iteration no. : 21
iteration no. : 22
iteration no. : 23
iteration no. : 24
iteration no. : 25
iteration no. : 26
iteration no. : 27
iteration no. : 28
iteration no. : 29
iteration no. : 30
iteration no. : 31
iteration no. : 32
iteration no. : 33
iteration no. : 34
iteration no. : 35
iteration no. : 36
iteration no. : 37
iteration no. : 38
iteration no. : 39
iteration no. : 40
iteration no. : 41
iteration no. : 42
iteration no. : 43
iteration no. : 44
iteration no. : 45
iteration no. : 46
iteration no. : 47
iteration no. : 48
iteration no. : 49
iteration no. : 50
iteration no. : 51
iteration no. : 52
iteration no. : 53
iteration no. : 54
iteration no. : 55
iteration no. : 56
iteration no. : 57
iteration no. : 58
iteration no. : 59
iteration no. : 60
iteration no. : 61
iteration no. : 62
iteration no. : 63
iteration no. : 64
iteration no. : 65
iteration no. : 66
iteration no. : 67
iteration no. : 68
iteration no. : 69
iteration no. : 70
iteration no. : 71
iteration no. : 72
iteration no. : 73
iteration no. : 74
iteration no. : 75
iteration no. : 76
iteration no. : 77
iteration no. : 78
iteration no. : 79
iteration no. : 80
iteration no. : 81
iteration no. : 82
iteration no. : 83
iteration no. : 84
iteration no. : 85
iteration no. : 86
iteration no. : 87
iteration no. : 88
iteration no. : 89
iteration no. : 90
iteration no. : 91
iteration no. : 92
iteration no. : 93
iteration no. : 94
iteration no. : 95
iteration no. : 96
iteration no. : 97
iteration no. : 98
iteration no. : 99
iteration no. : 100
iteration no. : 101
iteration no. : 102
iteration no. : 103
iteration no. : 104
iteration no. : 105
iteration no. : 106
iteration no. : 107
iteration no. : 108
iteration no. : 109
iteration no. : 110
iteration no. : 111
iteration no. : 112
iteration no. : 113
iteration no. : 114
iteration no. : 115
iteration no. : 116
iteration no. : 117
iteration no. : 118
iteration no. : 119
iteration no. : 120
iteration no. : 121
iteration no. : 122
iteration no. : 123
iteration no. : 124
iteration no. : 125
iteration no. : 126
iteration no. : 127
iteration no. : 128
iteration no. : 129
iteration no. : 130
iteration no. : 131
iteration no. : 132
iteration no. : 133
iteration no. : 134
iteration no. : 135
iteration no. : 136
iteration no. : 137
iteration no. : 138
iteration no. : 139
iteration no. : 140
iteration no. : 141
iteration no. : 142
iteration no. : 143
iteration no. : 144
iteration no. : 145
iteration no. : 146
iteration no. : 147
iteration no. : 148
iteration no. : 149
iteration no. : 150
iteration no. : 151
iteration no. : 152
iteration no. : 153
iteration no. : 154
iteration no. : 155
iteration no. : 156
iteration no. : 157
iteration no. : 158
iteration no. : 159
iteration no. : 160
iteration no. : 161
iteration no. : 162
iteration no. : 163
iteration no. : 164
iteration no. : 165
iteration no. : 166
iteration no. : 167
iteration no. : 168
iteration no. : 169
iteration no. : 170
iteration no. : 171
iteration no. : 172
iteration no. : 173
iteration no. : 174
iteration no. : 175
iteration no. : 176
iteration no. : 177
iteration no. : 178
iteration no. : 179
iteration no. : 180
iteration no. : 181
iteration no. : 182
iteration no. : 183
iteration no. : 184
iteration no. : 185
iteration no. : 186
iteration no. : 187
iteration no. : 188
iteration no. : 189
iteration no. : 190
iteration no. : 191
iteration no. : 192
iteration no. : 193
iteration no. : 194
iteration no. : 195
iteration no. : 196
iteration no. : 197
iteration no. : 198
iteration no. : 199
iteration no. : 200
iteration no. : 201
iteration no. : 202
iteration no. : 203
iteration no. : 204
iteration no. : 205
iteration no. : 206
iteration no. : 207
iteration no. : 208
iteration no. : 209
iteration no. : 210
iteration no. : 211
iteration no. : 212
iteration no. : 213
iteration no. : 214
iteration no. : 215
iteration no. : 216
iteration no. : 217
iteration no. : 218
iteration no. : 219
iteration no. : 220
iteration no. : 221
iteration no. : 222
iteration no. : 223
iteration no. : 224
iteration no. : 225
iteration no. : 226
iteration no. : 227
iteration no. : 228
iteration no. : 229
iteration no. : 230
iteration no. : 231
iteration no. : 232
iteration no. : 233
iteration no. : 234
iteration no. : 235
iteration no. : 236
iteration no. : 237
iteration no. : 238
iteration no. : 239
Time taken for 240 iterations : 24.846 sec
zArray : [22480.407846197108, 22587.96281190285, 22802.8817673231, 22591.67262672739, 22841.99065726369, 22653.088707229792, 22835.917626559625, 22602.04222236349, 22446.659226851578, 22489.609116919335, 22613.274905829567, 22642.589506669607, 22588.460362448364, 22461.968570364028, 22444.504044393983, 22518.100842007745, 22749.27441469951, 22836.26805020268, 22763.66354653042, 22613.268804580006, 22613.22928341002, 22858.397963463514, 22788.30035503138, 22691.63360185413, 22962.544961101492, 22708.99969742908, 22968.125820491634, 22862.537101290207, 22624.657834362584, 22889.541357375612, 22901.85228984154, 22723.076605796414, 22527.52630444393, 22710.232112451762, 22848.73768357577, 22627.35536773233, 22833.347083209763, 22343.327909460342, 22496.090112577465, 22740.401665248806, 22671.186126919252, 22801.410742064923, 22825.923526283048, 22994.044550447717, 22596.25260516991, 22662.289245990214, 22723.52352455131, 22768.960870083218, 22530.12006240708, 22472.07466084291, 22754.37539349226, 22834.288130436827, 22616.927668583867, 22920.605382287267, 22719.919269435606, 22856.08193057946, 22556.761154861495, 22566.020070139843, 22614.540309095442, 22968.79157658912, 22715.083281117415, 22919.63293285854, 22969.23367583712, 22658.60677603897, 22434.878386564054, 22806.26350018969, 22926.067198268356, 22697.821967974698, 22949.877391841794, 22764.023241835897, 22711.772640812695, 22408.774818796202, 22521.65892013281, 22740.088916201625, 22923.918467633735, 22697.501820213, 22487.410324671986, 22675.560550418544, 22747.498002877423, 22912.59295962178, 22595.703817697293, 22670.624962323905, 22508.802552955764, 22987.527150692764, 22763.059489820007, 22502.811154408795, 22682.700641511074, 22827.977362121226, 22591.200177960407, 22472.66092967849, 22789.982575022153, 22703.998886851903, 22431.975671763263, 22833.97992713383, 22602.230450507886, 22701.500317355232, 22597.233948989848, 22513.903298009092, 22751.78716977586, 22874.623991110384, 22741.16811513688, 22605.07650946179, 22910.181238300484, 22918.694095356925, 22301.312910174413, 22783.708326744752, 22701.577227307083, 22632.309436065738, 22840.636685579444, 22899.293446866643, 22796.032208017295, 22761.138790385452, 22609.131070500895, 22273.578982436324, 22799.18294482084, 22443.734035799655, 22803.66044910452, 22808.947310365398, 22475.68130682219, 22597.87283734367, 22457.454427545883, 22803.61430394087, 22265.489716560034, 22803.320223117033, 22765.77597109673, 22915.421040959824, 22649.09105107294, 22786.989089886032, 22709.49501667654, 22699.434028780677, 22529.83688841295, 22863.917958910053, 22973.717298090447, 22675.70309738019, 22598.134523114866, 22604.471827097677, 22916.65749397079, 22963.450106611428, 22632.46195049632, 22896.188625157076, 22716.932328191608, 22668.73883859564, 22665.707311847622, 22899.781628005458, 22553.8438226882, 22680.62793296453, 22658.42711830943, 22939.304051320203, 22297.891018711394, 22848.806628096558, 22705.858507759847, 22556.202795771933, 22535.983727310573, 22615.284685284554, 22941.356460065275, 22678.614381305528, 22706.108979746485, 23177.2781585435, 22742.346300455418, 22607.02990015608, 22922.27819957938, 22486.159501678878, 22908.39995814268, 22696.451489726867, 22555.159860671192, 22785.556489731505, 22501.51030093508, 22422.5368638184, 22388.45651682205, 22584.608224651547, 22486.18600638413, 22578.05883398522, 22385.98288388222, 22658.91433401108, 22853.37900276972, 22929.162094334224, 22386.397736256826, 22582.879718786764, 22512.220917853578, 22674.119612335347, 22681.021114919877, 22456.383565672673, 22807.33090263744, 22699.79293244779, 22556.167705796714, 23021.297684266367, 22788.233479999697, 23050.501613983688, 22658.390619317965, 22529.726919594246, 22501.115133537718, 22598.552416256447, 22622.950414252962, 22864.75413105589, 22719.88737381998, 22620.137031993887, 22616.889823108686, 22518.95381479142, 22753.925974593254, 22378.08624494345, 22827.82713308855, 22494.394012172448, 22869.38280548425, 22685.8152994071, 22538.863145122934, 22678.55416400202, 22664.110178377272, 22565.274177444717, 22566.007015304036, 22737.344411931335, 22658.37484331228, 22775.490162915066, 22929.121259873766, 22695.894975388685, 22894.37744244857, 22634.57950036148, 22646.305747310907, 22409.034219508238, 22681.216169089857, 22666.32883075076, 22344.068648787194, 22644.943292147662, 22261.934024902774, 22640.170963238124, 22714.093854022165, 22805.018828860804, 22621.40157649483, 22485.034430564672, 22690.730808149186, 22802.947543019305, 22602.550979815736, 22643.220310183322, 22591.606316290985, 22625.63717840226, 22849.688626234918, 22300.660236287862, 22156.90451039186, 22778.718144830156, 22773.469566801552, 22888.79577996924]
Average Z : 23171.79751962016
Standard dev Z : 171.17309239124904
Total Time taken : 25.713 sec
LiftedPTPParams [
inputFile=/home/happy/experiments/approx_code/LiftedMAP/LiftedMAP/Data/imdb/mln/imdb.1-eclipse-mln.txt
evidenceFile=/home/happy/experiments/approx_code/LiftedMAP/LiftedMAP/Data/imdb/db/imdb.1.evid.80.eclipse.txt
resultFile=/home/happy/experiments/approx_code/LiftedMAP/LiftedMAP/Data/imdb/results_04_06/imdb.1_evid_0_20_100_normal_false_approx_true.out
queryString=actor,director,movie,workedUnder
isNormal=false
approximate=true
queryEvidence=false
numIter=240
]
Time taken to create clauses in hyperCube form : 750 ms
Time taken to disjoint all hyperCubes : 154 ms
Total number of clauses : 14
iteration no. : 0
iteration no. : 1
iteration no. : 2
iteration no. : 3
iteration no. : 4
iteration no. : 5
iteration no. : 6
iteration no. : 7
iteration no. : 8
iteration no. : 9
iteration no. : 10
iteration no. : 11
iteration no. : 12
iteration no. : 13
iteration no. : 14
iteration no. : 15
iteration no. : 16
iteration no. : 17
iteration no. : 18
iteration no. : 19
iteration no. : 20
iteration no. : 21
iteration no. : 22
iteration no. : 23
iteration no. : 24
iteration no. : 25
iteration no. : 26
iteration no. : 27
iteration no. : 28
iteration no. : 29
iteration no. : 30
iteration no. : 31
iteration no. : 32
iteration no. : 33
iteration no. : 34
iteration no. : 35
iteration no. : 36
iteration no. : 37
iteration no. : 38
iteration no. : 39
iteration no. : 40
iteration no. : 41
iteration no. : 42
iteration no. : 43
iteration no. : 44
iteration no. : 45
iteration no. : 46
iteration no. : 47
iteration no. : 48
iteration no. : 49
iteration no. : 50
iteration no. : 51
iteration no. : 52
iteration no. : 53
iteration no. : 54
iteration no. : 55
iteration no. : 56
iteration no. : 57
iteration no. : 58
iteration no. : 59
iteration no. : 60
iteration no. : 61
iteration no. : 62
iteration no. : 63
iteration no. : 64
iteration no. : 65
iteration no. : 66
iteration no. : 67
iteration no. : 68
iteration no. : 69
iteration no. : 70
iteration no. : 71
iteration no. : 72
iteration no. : 73
iteration no. : 74
iteration no. : 75
iteration no. : 76
iteration no. : 77
iteration no. : 78
iteration no. : 79
iteration no. : 80
iteration no. : 81
iteration no. : 82
iteration no. : 83
iteration no. : 84
iteration no. : 85
iteration no. : 86
iteration no. : 87
iteration no. : 88
iteration no. : 89
iteration no. : 90
iteration no. : 91
iteration no. : 92
iteration no. : 93
iteration no. : 94
iteration no. : 95
iteration no. : 96
iteration no. : 97
iteration no. : 98
iteration no. : 99
iteration no. : 100
iteration no. : 101
iteration no. : 102
iteration no. : 103
iteration no. : 104
iteration no. : 105
iteration no. : 106
iteration no. : 107
iteration no. : 108
iteration no. : 109
iteration no. : 110
iteration no. : 111
iteration no. : 112
iteration no. : 113
iteration no. : 114
iteration no. : 115
iteration no. : 116
iteration no. : 117
iteration no. : 118
iteration no. : 119
iteration no. : 120
iteration no. : 121
iteration no. : 122
iteration no. : 123
iteration no. : 124
iteration no. : 125
iteration no. : 126
iteration no. : 127
iteration no. : 128
iteration no. : 129
iteration no. : 130
iteration no. : 131
iteration no. : 132
iteration no. : 133
iteration no. : 134
iteration no. : 135
iteration no. : 136
iteration no. : 137
iteration no. : 138
iteration no. : 139
iteration no. : 140
iteration no. : 141
iteration no. : 142
iteration no. : 143
iteration no. : 144
iteration no. : 145
iteration no. : 146
iteration no. : 147
iteration no. : 148
iteration no. : 149
iteration no. : 150
iteration no. : 151
iteration no. : 152
iteration no. : 153
iteration no. : 154
iteration no. : 155
iteration no. : 156
iteration no. : 157
iteration no. : 158
iteration no. : 159
iteration no. : 160
iteration no. : 161
iteration no. : 162
iteration no. : 163
iteration no. : 164
iteration no. : 165
iteration no. : 166
iteration no. : 167
iteration no. : 168
iteration no. : 169
iteration no. : 170
iteration no. : 171
iteration no. : 172
iteration no. : 173
iteration no. : 174
iteration no. : 175
iteration no. : 176
iteration no. : 177
iteration no. : 178
iteration no. : 179
iteration no. : 180
iteration no. : 181
iteration no. : 182
iteration no. : 183
iteration no. : 184
iteration no. : 185
iteration no. : 186
iteration no. : 187
iteration no. : 188
iteration no. : 189
iteration no. : 190
iteration no. : 191
iteration no. : 192
iteration no. : 193
iteration no. : 194
iteration no. : 195
iteration no. : 196
iteration no. : 197
iteration no. : 198
iteration no. : 199
iteration no. : 200
iteration no. : 201
iteration no. : 202
iteration no. : 203
iteration no. : 204
iteration no. : 205
iteration no. : 206
iteration no. : 207
iteration no. : 208
iteration no. : 209
iteration no. : 210
iteration no. : 211
iteration no. : 212
iteration no. : 213
iteration no. : 214
iteration no. : 215
iteration no. : 216
iteration no. : 217
iteration no. : 218
iteration no. : 219
iteration no. : 220
iteration no. : 221
iteration no. : 222
iteration no. : 223
iteration no. : 224
iteration no. : 225
iteration no. : 226
iteration no. : 227
iteration no. : 228
iteration no. : 229
iteration no. : 230
iteration no. : 231
iteration no. : 232
iteration no. : 233
iteration no. : 234
iteration no. : 235
iteration no. : 236
iteration no. : 237
iteration no. : 238
iteration no. : 239
Time taken for 240 iterations : 17.384 sec
zArray : [22145.596577499506, 21435.008144318257, 22000.625528919492, 22259.942044021944, 21759.63680944304, 22016.324658085945, 21878.34628403066, 21793.215838882843, 21827.068990579108, 22014.458786954783, 22739.732477232745, 21792.929869754225, 21894.90785719398, 22216.920444502204, 22126.96638226437, 22015.897628294224, 21759.6315736742, 21940.6057982549, 21728.185870514644, 22014.502157859126, 22356.40917772032, 22033.633866731514, 22251.171871761966, 21956.549865805784, 21786.013082744874, 22062.153240516476, 21811.947145408496, 21859.69728799357, 22479.090013311325, 22382.666285264735, 21705.90895558956, 22169.122683926915, 22062.90769906882, 22060.930591338576, 22386.520567047985, 22282.394336701665, 21763.277805058635, 21998.490074052403, 22089.86685542119, 21851.10900457435, 21728.824253713112, 22037.958886990156, 22010.749148306917, 22152.983922961394, 22106.132232331278, 22235.24795838128, 22049.26985000945, 22257.219181374443, 22124.991362747758, 21831.246336984685, 21898.666095932895, 21505.345047288294, 22318.41869418818, 22325.752754920897, 21943.85537970208, 22097.549925302188, 21781.92709000932, 21796.815653875892, 22013.21475609186, 21962.699700170513, 22088.048882137457, 22095.646687538094, 22056.977548650804, 22182.34851314247, 22202.595533485375, 21920.294998059973, 22361.845055282985, 22080.57695340934, 21989.352362155965, 22347.78569459, 22296.32759066629, 21743.756129104524, 21675.668836727233, 22205.33201111895, 22219.43837453045, 22267.316601238945, 21857.489105255598, 21743.353892224128, 21685.975657039427, 22297.236884443973, 22283.810664621215, 22637.32270461997, 22177.723668278242, 22150.428664149444, 22041.078331875626, 22189.01702441936, 21998.162358587248, 22095.907944446368, 22071.670208341307, 22568.235490879477, 21862.436262712643, 22197.237684397183, 22263.881930711334, 21893.81818819391, 22072.41047990849, 21779.19331281954, 21597.638348659366, 21815.780947764437, 21655.16394538857, 22189.203843939515, 22011.251253891918, 22083.573310900298, 22100.360706447922, 21767.399658834405, 22120.231779057045, 22087.53984629853, 21823.776790073778, 21941.483956993034, 21868.866174911087, 21653.185672907624, 21930.06205441343, 22158.283674086477, 22063.21164631677, 22125.498467091515, 22410.814138021487, 22398.06059222692, 22327.54359765738, 22135.773496835107, 22288.304243394472, 21673.744325949385, 22365.43205513008, 21811.493994763252, 21950.01939289597, 22010.132791037457, 21746.225357931835, 21891.183055746595, 22237.64461367878, 22065.760582150746, 21920.299904416177, 22094.974718495127, 22254.006359771636, 22085.75384662856, 22145.544845997163, 22096.115570252736, 22054.923007749014, 21705.973384736695, 22261.873280352942, 21877.964754033193, 22132.39855992274, 22057.23794083412, 22411.213223645733, 22238.966608124843, 22024.32763022692, 21997.458168764886, 22203.46853916174, 21822.915124989056, 22044.53387116347, 22233.971490440537, 21913.138086439274, 21825.094483825484, 21927.909496631684, 21601.592089267546, 21812.56166986188, 22160.42228077794, 21761.607744516747, 22106.7932283426, 21898.292522456504, 21972.04368456279, 22118.455354764857, 22388.948755675967, 22108.757153908984, 22436.58426909568, 22228.73612261877, 22142.877797311092, 22113.34178943364, 22626.025862217546, 21732.716955871954, 22045.520851525358, 22395.7100537232, 21909.57916989091, 22066.903578514084, 22025.339178410934, 22288.48384350932, 21646.525207887706, 22026.754384523574, 22352.60718586715, 21906.82391923624, 22065.206932685465, 22168.94164395529, 22313.304424618535, 21823.712795139058, 21720.059791805914, 21960.224560947958, 21845.69207657138, 21795.28973344378, 22238.809505357174, 22258.727675979553, 22113.41605109734, 21999.9951877679, 21967.06917051509, 22223.171061659166, 22395.40310189437, 21847.58547024761, 21919.87785488788, 21519.19028339918, 21863.850159063466, 22002.75907878721, 22049.35860668988, 21907.160776010576, 22117.306061738844, 22114.852077457923, 22212.07288937185, 22362.23790562919, 22044.72018807908, 21956.31096139283, 22194.776759043838, 21875.83676814644, 21805.681681549187, 21895.650515277735, 22355.14068284069, 22152.872948908494, 21698.26730484399, 21892.153110332438, 22131.02438746104, 22162.005191983062, 22336.867261390726, 21910.919349218224, 22070.43530032215, 22193.270428600496, 21788.96667338796, 22034.555387445816, 22081.410850082866, 22534.3371214518, 21969.61133659428, 22286.79739350788, 21895.279759188918, 22087.377401853068, 22151.586710418578, 22343.51122096544, 21908.964819841338, 21642.742283952346, 22050.44182561358, 21701.874681421312, 21727.940995739573, 22324.37318458481, 21916.568052929742, 22390.433603819674, 21831.338563903442, 22256.389920595855, 22016.260570791535]
Average Z : 22734.251838309403
Standard dev Z : 223.85551394824043
Total Time taken : 18.289 sec
LiftedPTPParams [
inputFile=/home/happy/experiments/approx_code/LiftedMAP/LiftedMAP/Data/imdb/mln/imdb.1-eclipse-mln.txt
evidenceFile=/home/happy/experiments/approx_code/LiftedMAP/LiftedMAP/Data/imdb/db/imdb.1.evid.100.eclipse.txt
resultFile=/home/happy/experiments/approx_code/LiftedMAP/LiftedMAP/Data/imdb/results_04_06/imdb.1_evid_0_20_100_normal_false_approx_true.out
queryString=actor,director,movie,workedUnder
isNormal=false
approximate=true
queryEvidence=false
numIter=240
]
Time taken to create clauses in hyperCube form : 534 ms
Time taken to disjoint all hyperCubes : 129 ms
Total number of clauses : 7
iteration no. : 0
iteration no. : 1
iteration no. : 2
iteration no. : 3
iteration no. : 4
iteration no. : 5
iteration no. : 6
iteration no. : 7
iteration no. : 8
iteration no. : 9
iteration no. : 10
iteration no. : 11
iteration no. : 12
iteration no. : 13
iteration no. : 14
iteration no. : 15
iteration no. : 16
iteration no. : 17
iteration no. : 18
iteration no. : 19
iteration no. : 20
iteration no. : 21
iteration no. : 22
iteration no. : 23
iteration no. : 24
iteration no. : 25
iteration no. : 26
iteration no. : 27
iteration no. : 28
iteration no. : 29
iteration no. : 30
iteration no. : 31
iteration no. : 32
iteration no. : 33
iteration no. : 34
iteration no. : 35
iteration no. : 36
iteration no. : 37
iteration no. : 38
iteration no. : 39
iteration no. : 40
iteration no. : 41
iteration no. : 42
iteration no. : 43
iteration no. : 44
iteration no. : 45
iteration no. : 46
iteration no. : 47
iteration no. : 48
iteration no. : 49
iteration no. : 50
iteration no. : 51
iteration no. : 52
iteration no. : 53
iteration no. : 54
iteration no. : 55
iteration no. : 56
iteration no. : 57
iteration no. : 58
iteration no. : 59
iteration no. : 60
iteration no. : 61
iteration no. : 62
iteration no. : 63
iteration no. : 64
iteration no. : 65
iteration no. : 66
iteration no. : 67
iteration no. : 68
iteration no. : 69
iteration no. : 70
iteration no. : 71
iteration no. : 72
iteration no. : 73
iteration no. : 74
iteration no. : 75
iteration no. : 76
iteration no. : 77
iteration no. : 78
iteration no. : 79
iteration no. : 80
iteration no. : 81
iteration no. : 82
iteration no. : 83
iteration no. : 84
iteration no. : 85
iteration no. : 86
iteration no. : 87
iteration no. : 88
iteration no. : 89
iteration no. : 90
iteration no. : 91
iteration no. : 92
iteration no. : 93
iteration no. : 94
iteration no. : 95
iteration no. : 96
iteration no. : 97
iteration no. : 98
iteration no. : 99
iteration no. : 100
iteration no. : 101
iteration no. : 102
iteration no. : 103
iteration no. : 104
iteration no. : 105
iteration no. : 106
iteration no. : 107
iteration no. : 108
iteration no. : 109
iteration no. : 110
iteration no. : 111
iteration no. : 112
iteration no. : 113
iteration no. : 114
iteration no. : 115
iteration no. : 116
iteration no. : 117
iteration no. : 118
iteration no. : 119
iteration no. : 120
iteration no. : 121
iteration no. : 122
iteration no. : 123
iteration no. : 124
iteration no. : 125
iteration no. : 126
iteration no. : 127
iteration no. : 128
iteration no. : 129
iteration no. : 130
iteration no. : 131
iteration no. : 132
iteration no. : 133
iteration no. : 134
iteration no. : 135
iteration no. : 136
iteration no. : 137
iteration no. : 138
iteration no. : 139
iteration no. : 140
iteration no. : 141
iteration no. : 142
iteration no. : 143
iteration no. : 144
iteration no. : 145
iteration no. : 146
iteration no. : 147
iteration no. : 148
iteration no. : 149
iteration no. : 150
iteration no. : 151
iteration no. : 152
iteration no. : 153
iteration no. : 154
iteration no. : 155
iteration no. : 156
iteration no. : 157
iteration no. : 158
iteration no. : 159
iteration no. : 160
iteration no. : 161
iteration no. : 162
iteration no. : 163
iteration no. : 164
iteration no. : 165
iteration no. : 166
iteration no. : 167
iteration no. : 168
iteration no. : 169
iteration no. : 170
iteration no. : 171
iteration no. : 172
iteration no. : 173
iteration no. : 174
iteration no. : 175
iteration no. : 176
iteration no. : 177
iteration no. : 178
iteration no. : 179
iteration no. : 180
iteration no. : 181
iteration no. : 182
iteration no. : 183
iteration no. : 184
iteration no. : 185
iteration no. : 186
iteration no. : 187
iteration no. : 188
iteration no. : 189
iteration no. : 190
iteration no. : 191
iteration no. : 192
iteration no. : 193
iteration no. : 194
iteration no. : 195
iteration no. : 196
iteration no. : 197
iteration no. : 198
iteration no. : 199
iteration no. : 200
iteration no. : 201
iteration no. : 202
iteration no. : 203
iteration no. : 204
iteration no. : 205
iteration no. : 206
iteration no. : 207
iteration no. : 208
iteration no. : 209
iteration no. : 210
iteration no. : 211
iteration no. : 212
iteration no. : 213
iteration no. : 214
iteration no. : 215
iteration no. : 216
iteration no. : 217
iteration no. : 218
iteration no. : 219
iteration no. : 220
iteration no. : 221
iteration no. : 222
iteration no. : 223
iteration no. : 224
iteration no. : 225
iteration no. : 226
iteration no. : 227
iteration no. : 228
iteration no. : 229
iteration no. : 230
iteration no. : 231
iteration no. : 232
iteration no. : 233
iteration no. : 234
iteration no. : 235
iteration no. : 236
iteration no. : 237
iteration no. : 238
iteration no. : 239
Time taken for 240 iterations : 5.961 sec
zArray : [24000.57204361385, 24000.57204361385, 24000.57204361385, 24000.572043613854, 24000.572043613854, 24000.57204361385, 24000.57204361385, 24000.57204361385, 24000.57204361385, 24000.572043613854, 24000.57204361385, 24000.57204361385, 24000.572043613854, 24000.572043613854, 24000.57204361385, 24000.572043613854, 24000.572043613854, 24000.572043613854, 24000.57204361385, 24000.572043613854, 24000.57204361385, 24000.572043613854, 24000.57204361385, 24000.572043613854, 24000.572043613854, 24000.57204361385, 24000.57204361385, 24000.57204361385, 24000.572043613854, 24000.572043613854, 24000.57204361385, 24000.57204361385, 24000.572043613854, 24000.572043613854, 24000.57204361385, 24000.572043613854, 24000.57204361385, 24000.57204361385, 24000.57204361385, 24000.57204361385, 24000.572043613854, 24000.572043613854, 24000.572043613854, 24000.57204361385, 24000.57204361385, 24000.572043613854, 24000.572043613854, 24000.57204361385, 24000.57204361385, 24000.57204361385, 24000.57204361385, 24000.57204361385, 24000.572043613854, 24000.57204361385, 24000.57204361385, 24000.572043613854, 24000.572043613854, 24000.57204361385, 24000.57204361385, 24000.572043613854, 24000.57204361385, 24000.57204361385, 24000.57204361385, 24000.572043613854, 24000.57204361385, 24000.57204361385, 24000.572043613854, 24000.572043613854, 24000.572043613854, 24000.57204361385, 24000.572043613854, 24000.57204361385, 24000.57204361385, 24000.57204361385, 24000.572043613854, 24000.572043613854, 24000.57204361385, 24000.572043613854, 24000.57204361385, 24000.57204361385, 24000.572043613854, 24000.57204361385, 24000.57204361385, 24000.57204361385, 24000.57204361385, 24000.572043613854, 24000.57204361385, 24000.572043613854, 24000.57204361385, 24000.572043613854, 24000.572043613854, 24000.57204361385, 24000.57204361385, 24000.57204361385, 24000.572043613854, 24000.572043613854, 24000.572043613854, 24000.572043613854, 24000.572043613854, 24000.572043613854, 24000.572043613854, 24000.57204361385, 24000.572043613854, 24000.572043613854, 24000.57204361385, 24000.57204361385, 24000.572043613854, 24000.57204361385, 24000.57204361385, 24000.572043613854, 24000.57204361385, 24000.572043613854, 24000.572043613854, 24000.57204361385, 24000.572043613854, 24000.572043613854, 24000.572043613854, 24000.572043613854, 24000.572043613854, 24000.57204361385, 24000.57204361385, 24000.572043613854, 24000.57204361385, 24000.572043613854, 24000.572043613854, 24000.57204361385, 24000.572043613854, 24000.572043613854, 24000.572043613854, 24000.572043613854, 24000.57204361385, 24000.57204361385, 24000.572043613854, 24000.57204361385, 24000.572043613854, 24000.572043613854, 24000.572043613854, 24000.57204361385, 24000.57204361385, 24000.572043613854, 24000.57204361385, 24000.57204361385, 24000.57204361385, 24000.572043613854, 24000.572043613854, 24000.572043613854, 24000.572043613854, 24000.572043613854, 24000.572043613854, 24000.572043613854, 24000.57204361385, 24000.572043613854, 24000.57204361385, 24000.572043613854, 24000.572043613854, 24000.572043613854, 24000.57204361385, 24000.57204361385, 24000.572043613854, 24000.572043613854, 24000.572043613854, 24000.57204361385, 24000.572043613854, 24000.57204361385, 24000.572043613854, 24000.57204361385, 24000.57204361385, 24000.572043613854, 24000.57204361385, 24000.57204361385, 24000.57204361385, 24000.572043613854, 24000.57204361385, 24000.572043613854, 24000.572043613854, 24000.57204361385, 24000.57204361385, 24000.572043613854, 24000.572043613854, 24000.57204361385, 24000.572043613854, 24000.572043613854, 24000.57204361385, 24000.57204361385, 24000.57204361385, 24000.572043613854, 24000.572043613854, 24000.57204361385, 24000.57204361385, 24000.57204361385, 24000.57204361385, 24000.57204361385, 24000.572043613854, 24000.572043613854, 24000.57204361385, 24000.57204361385, 24000.572043613854, 24000.572043613854, 24000.57204361385, 24000.57204361385, 24000.572043613854, 24000.57204361385, 24000.572043613854, 24000.572043613854, 24000.57204361385, 24000.572043613854, 24000.57204361385, 24000.57204361385, 24000.57204361385, 24000.57204361385, 24000.57204361385, 24000.572043613854, 24000.572043613854, 24000.572043613854, 24000.572043613854, 24000.572043613854, 24000.572043613854, 24000.572043613854, 24000.572043613854, 24000.57204361385, 24000.57204361385, 24000.572043613854, 24000.572043613854, 24000.572043613854, 24000.57204361385, 24000.57204361385, 24000.572043613854, 24000.57204361385, 24000.572043613854, 24000.57204361385, 24000.57204361385, 24000.572043613854, 24000.57204361385, 24000.572043613854, 24000.572043613854, 24000.57204361385, 24000.572043613854, 24000.572043613854, 24000.572043613854, 24000.57204361385]
Average Z : 24000.572043613854
Standard dev Z : 4.9176673727083574E-11
Total Time taken : 6.6259999999999994 sec
