LiftedPTPParams [
inputFile=/home/happy/experiments/approx_code/LiftedMAP/LiftedMAP/Data/imdb/mln/imdb.1-eclipse-mln.txt
evidenceFile=/home/happy/experiments/approx_code/LiftedMAP/LiftedMAP/Data/imdb/db/imdb.1.evid.0.eclipse.txt
resultFile=/home/happy/experiments/approx_code/LiftedMAP/LiftedMAP/Data/imdb/results_04_06/imdb.1_evid_0_20_100_normal_true_approx_true.out
queryString=actor,director,movie,workedUnder
isNormal=true
approximate=true
queryEvidence=false
numIter=240
]
Time taken to create clauses in hyperCube form : 82 ms
Time taken to disjoint all hyperCubes : 38 ms
Total number of clauses : 3
iteration no. : 0
iteration no. : 1
iteration no. : 2
iteration no. : 3
iteration no. : 4
iteration no. : 5
iteration no. : 6
iteration no. : 7
iteration no. : 8
iteration no. : 9
iteration no. : 10
iteration no. : 11
iteration no. : 12
iteration no. : 13
iteration no. : 14
iteration no. : 15
iteration no. : 16
iteration no. : 17
iteration no. : 18
iteration no. : 19
iteration no. : 20
iteration no. : 21
iteration no. : 22
iteration no. : 23
iteration no. : 24
iteration no. : 25
iteration no. : 26
iteration no. : 27
iteration no. : 28
iteration no. : 29
iteration no. : 30
iteration no. : 31
iteration no. : 32
iteration no. : 33
iteration no. : 34
iteration no. : 35
iteration no. : 36
iteration no. : 37
iteration no. : 38
iteration no. : 39
iteration no. : 40
iteration no. : 41
iteration no. : 42
iteration no. : 43
iteration no. : 44
iteration no. : 45
iteration no. : 46
iteration no. : 47
iteration no. : 48
iteration no. : 49
iteration no. : 50
iteration no. : 51
iteration no. : 52
iteration no. : 53
iteration no. : 54
iteration no. : 55
iteration no. : 56
iteration no. : 57
iteration no. : 58
iteration no. : 59
iteration no. : 60
iteration no. : 61
iteration no. : 62
iteration no. : 63
iteration no. : 64
iteration no. : 65
iteration no. : 66
iteration no. : 67
iteration no. : 68
iteration no. : 69
iteration no. : 70
iteration no. : 71
iteration no. : 72
iteration no. : 73
iteration no. : 74
iteration no. : 75
iteration no. : 76
iteration no. : 77
iteration no. : 78
iteration no. : 79
iteration no. : 80
iteration no. : 81
iteration no. : 82
iteration no. : 83
iteration no. : 84
iteration no. : 85
iteration no. : 86
iteration no. : 87
iteration no. : 88
iteration no. : 89
iteration no. : 90
iteration no. : 91
iteration no. : 92
iteration no. : 93
iteration no. : 94
iteration no. : 95
iteration no. : 96
iteration no. : 97
iteration no. : 98
iteration no. : 99
iteration no. : 100
iteration no. : 101
iteration no. : 102
iteration no. : 103
iteration no. : 104
iteration no. : 105
iteration no. : 106
iteration no. : 107
iteration no. : 108
iteration no. : 109
iteration no. : 110
iteration no. : 111
iteration no. : 112
iteration no. : 113
iteration no. : 114
iteration no. : 115
iteration no. : 116
iteration no. : 117
iteration no. : 118
iteration no. : 119
iteration no. : 120
iteration no. : 121
iteration no. : 122
iteration no. : 123
iteration no. : 124
iteration no. : 125
iteration no. : 126
iteration no. : 127
iteration no. : 128
iteration no. : 129
iteration no. : 130
iteration no. : 131
iteration no. : 132
iteration no. : 133
iteration no. : 134
iteration no. : 135
iteration no. : 136
iteration no. : 137
iteration no. : 138
iteration no. : 139
iteration no. : 140
iteration no. : 141
iteration no. : 142
iteration no. : 143
iteration no. : 144
iteration no. : 145
iteration no. : 146
iteration no. : 147
iteration no. : 148
iteration no. : 149
iteration no. : 150
iteration no. : 151
iteration no. : 152
iteration no. : 153
iteration no. : 154
iteration no. : 155
iteration no. : 156
iteration no. : 157
iteration no. : 158
iteration no. : 159
iteration no. : 160
iteration no. : 161
iteration no. : 162
iteration no. : 163
iteration no. : 164
iteration no. : 165
iteration no. : 166
iteration no. : 167
iteration no. : 168
iteration no. : 169
iteration no. : 170
iteration no. : 171
iteration no. : 172
iteration no. : 173
iteration no. : 174
iteration no. : 175
iteration no. : 176
iteration no. : 177
iteration no. : 178
iteration no. : 179
iteration no. : 180
iteration no. : 181
iteration no. : 182
iteration no. : 183
iteration no. : 184
iteration no. : 185
iteration no. : 186
iteration no. : 187
iteration no. : 188
iteration no. : 189
iteration no. : 190
iteration no. : 191
iteration no. : 192
iteration no. : 193
iteration no. : 194
iteration no. : 195
iteration no. : 196
iteration no. : 197
iteration no. : 198
iteration no. : 199
iteration no. : 200
iteration no. : 201
iteration no. : 202
iteration no. : 203
iteration no. : 204
iteration no. : 205
iteration no. : 206
iteration no. : 207
iteration no. : 208
iteration no. : 209
iteration no. : 210
iteration no. : 211
iteration no. : 212
iteration no. : 213
iteration no. : 214
iteration no. : 215
iteration no. : 216
iteration no. : 217
iteration no. : 218
iteration no. : 219
iteration no. : 220
iteration no. : 221
iteration no. : 222
iteration no. : 223
iteration no. : 224
iteration no. : 225
iteration no. : 226
iteration no. : 227
iteration no. : 228
iteration no. : 229
iteration no. : 230
iteration no. : 231
iteration no. : 232
iteration no. : 233
iteration no. : 234
iteration no. : 235
iteration no. : 236
iteration no. : 237
iteration no. : 238
iteration no. : 239
Time taken for 240 iterations : 24.826 sec
zArray : [24371.615896487587, 24486.808344579207, 24387.50131332097, 24406.97767221665, 24387.875963918385, 24542.57636471755, 24645.75907431487, 24259.630596468025, 24267.339662835275, 24465.011177127086, 24271.864520000534, 24180.546298464065, 24427.879050226173, 24314.420573092273, 24374.15260613609, 24451.07690882433, 24361.37287883168, 24347.76397800274, 24490.064734793552, 24407.698553090937, 24423.397482327477, 24263.826824925487, 24325.15677333972, 24493.14241186236, 24352.476407601385, 24312.115500509342, 24300.501434915725, 24353.092448323056, 24454.055607835773, 24306.67444499864, 24448.72108827343, 24307.113171032044, 24344.634748976947, 24311.13809287537, 24247.368311640737, 24479.30764648181, 24467.688421947958, 24120.136566680187, 24190.48499278143, 24112.496552666278, 24314.96114541847, 24553.22386888532, 24285.62773698459, 24254.53195349761, 24167.328283161954, 24254.293089810555, 24522.259847083547, 24332.301517252206, 24541.6878593084, 24291.309836899887, 24348.841976283664, 24682.906466732118, 24209.463388276417, 24657.60916721736, 24374.415496333942, 24291.92678188012, 24146.453667231537, 24650.808931070478, 24280.322382511375, 24598.487456574563, 24358.343901064156, 24324.397535066986, 24303.97379736337, 24486.871601089282, 24534.79421557916, 24413.924534876798, 24467.72316965762, 24555.97035025795, 24495.74685510023, 24303.97188615624, 24457.276348731808, 24565.86180076478, 24495.943446070458, 24481.71061241966, 24482.43462746419, 24464.604121129683, 24252.44065493387, 24414.35958148374, 24644.707098037383, 24342.607209312024, 24385.355588699502, 24308.195226399905, 24102.135947038423, 24506.044999070495, 24269.442264641286, 24484.515260508455, 24347.54155038011, 24583.475666117938, 24299.89716177072, 24422.432534227544, 24697.64439579974, 24278.06004618536, 24359.265986336857, 24195.688863312775, 24387.928448850464, 24331.59757060688, 24477.336428904044, 24392.504838675475, 24452.87335553904, 24526.03730763851, 24557.53591285207, 24712.00899477174, 24379.440584148157, 24071.861749535765, 24664.768169128496, 24230.704032548932, 24436.720511376465, 24504.323907562255, 24347.470246279227, 24319.955099069608, 24367.090312045195, 24293.179705764465, 24431.532327845358, 24524.96326530035, 24438.02658450055, 24574.64571525953, 24616.451752486075, 24536.56069986363, 24236.51050707096, 24178.594496552636, 24359.11321641608, 24433.93227323024, 24615.000777733625, 24393.255972887204, 24371.89987075894, 24390.8255974087, 24508.912445157996, 24279.85684231969, 24190.730894960172, 24406.26550983186, 24390.951007265452, 24550.635749105455, 24328.260601069782, 24319.922439683127, 24451.025702575338, 24587.538813482897, 24449.551186800785, 24380.03128985667, 24583.864235158493, 24197.869889434034, 24473.28440743909, 24364.425867135706, 24603.005901038447, 24626.669063625977, 24637.731544078943, 24637.23494365356, 24428.681956450477, 24368.446370496273, 24271.756705626147, 24267.11791467739, 24276.75402267913, 24016.81795473565, 24339.54450990895, 24152.761806035935, 24379.782426568385, 24562.738857059034, 24365.55128556023, 24162.79635754261, 24421.218965830198, 24224.07009475602, 24475.59708598845, 24499.71205681986, 24335.7514415116, 24259.243168193036, 24344.51088489191, 24655.343282025573, 24326.35402800828, 24349.116625877872, 24305.315874062788, 24473.01481589765, 24513.90269298366, 24236.8396912361, 24424.26372227223, 24441.28618755529, 24407.221600169098, 24472.858526255633, 24631.60856892804, 24138.03340938876, 24501.937642249162, 24514.092702049133, 24380.96557787767, 24186.181203166074, 24477.034113461494, 24518.998249023298, 24392.763305138185, 24389.372419885363, 24308.11010211505, 24364.706540025374, 24278.358853362242, 24736.554312573946, 24363.777280844133, 24138.44246745533, 24214.40755600725, 24350.323629287665, 24381.680092801595, 24272.65150267748, 24306.536380555837, 24474.34389948354, 24255.92518917525, 24541.488433983697, 24577.720411899878, 24467.711051005095, 24473.32029614115, 24201.631943573302, 24450.626380762005, 24214.013345014635, 24462.342956583627, 24294.762354042927, 24349.030225796454, 24629.428432630615, 24241.493765033247, 24288.98780194168, 24432.91222831217, 24282.549712803655, 24207.833593980795, 24416.071322410087, 24615.02425449204, 24570.514628308472, 24455.732645412372, 24380.61452137025, 24420.27309936554, 24347.33840083498, 24377.135969374824, 24331.356682098343, 24364.666788757342, 24480.982190095572, 24264.92301107945, 24307.864251224724, 24383.99902730999, 24317.857681541045, 24109.60573623075, 24754.448050291125, 24345.57330603267, 24513.39908480587, 24113.625973416598, 24281.461222166727, 24313.253982994363, 24523.70459033167, 24396.732549509783, 24481.4226513445]
Average Z : 24748.96741138472
Standard dev Z : 137.96794170310733
Total Time taken : 24.947000000000003 sec
LiftedPTPParams [
inputFile=/home/happy/experiments/approx_code/LiftedMAP/LiftedMAP/Data/imdb/mln/imdb.1-eclipse-mln.txt
evidenceFile=/home/happy/experiments/approx_code/LiftedMAP/LiftedMAP/Data/imdb/db/imdb.1.evid.20.eclipse.txt
resultFile=/home/happy/experiments/approx_code/LiftedMAP/LiftedMAP/Data/imdb/results_04_06/imdb.1_evid_0_20_100_normal_true_approx_true.out
queryString=actor,director,movie,workedUnder
isNormal=true
approximate=true
queryEvidence=false
numIter=240
]
Time taken to create clauses in hyperCube form : 242 ms
Time taken to disjoint all hyperCubes : 187 ms
Total number of clauses : 14
iteration no. : 0
iteration no. : 1
iteration no. : 2
iteration no. : 3
iteration no. : 4
iteration no. : 5
iteration no. : 6
iteration no. : 7
iteration no. : 8
iteration no. : 9
iteration no. : 10
iteration no. : 11
iteration no. : 12
iteration no. : 13
iteration no. : 14
iteration no. : 15
iteration no. : 16
iteration no. : 17
iteration no. : 18
iteration no. : 19
iteration no. : 20
iteration no. : 21
iteration no. : 22
iteration no. : 23
iteration no. : 24
iteration no. : 25
iteration no. : 26
iteration no. : 27
iteration no. : 28
iteration no. : 29
iteration no. : 30
iteration no. : 31
iteration no. : 32
iteration no. : 33
iteration no. : 34
iteration no. : 35
iteration no. : 36
iteration no. : 37
iteration no. : 38
iteration no. : 39
iteration no. : 40
iteration no. : 41
iteration no. : 42
iteration no. : 43
iteration no. : 44
iteration no. : 45
iteration no. : 46
iteration no. : 47
iteration no. : 48
iteration no. : 49
iteration no. : 50
iteration no. : 51
iteration no. : 52
iteration no. : 53
iteration no. : 54
iteration no. : 55
iteration no. : 56
iteration no. : 57
iteration no. : 58
iteration no. : 59
iteration no. : 60
iteration no. : 61
iteration no. : 62
iteration no. : 63
iteration no. : 64
iteration no. : 65
iteration no. : 66
iteration no. : 67
iteration no. : 68
iteration no. : 69
iteration no. : 70
iteration no. : 71
iteration no. : 72
iteration no. : 73
iteration no. : 74
iteration no. : 75
iteration no. : 76
iteration no. : 77
iteration no. : 78
iteration no. : 79
iteration no. : 80
iteration no. : 81
iteration no. : 82
iteration no. : 83
iteration no. : 84
iteration no. : 85
iteration no. : 86
iteration no. : 87
iteration no. : 88
iteration no. : 89
iteration no. : 90
iteration no. : 91
iteration no. : 92
iteration no. : 93
iteration no. : 94
iteration no. : 95
iteration no. : 96
iteration no. : 97
iteration no. : 98
iteration no. : 99
iteration no. : 100
iteration no. : 101
iteration no. : 102
iteration no. : 103
iteration no. : 104
iteration no. : 105
iteration no. : 106
iteration no. : 107
iteration no. : 108
iteration no. : 109
iteration no. : 110
iteration no. : 111
iteration no. : 112
iteration no. : 113
iteration no. : 114
iteration no. : 115
iteration no. : 116
iteration no. : 117
iteration no. : 118
iteration no. : 119
iteration no. : 120
iteration no. : 121
iteration no. : 122
iteration no. : 123
iteration no. : 124
iteration no. : 125
iteration no. : 126
iteration no. : 127
iteration no. : 128
iteration no. : 129
iteration no. : 130
iteration no. : 131
iteration no. : 132
iteration no. : 133
iteration no. : 134
iteration no. : 135
iteration no. : 136
iteration no. : 137
iteration no. : 138
iteration no. : 139
iteration no. : 140
iteration no. : 141
iteration no. : 142
iteration no. : 143
iteration no. : 144
iteration no. : 145
iteration no. : 146
iteration no. : 147
iteration no. : 148
iteration no. : 149
iteration no. : 150
iteration no. : 151
iteration no. : 152
iteration no. : 153
iteration no. : 154
iteration no. : 155
iteration no. : 156
iteration no. : 157
iteration no. : 158
iteration no. : 159
iteration no. : 160
iteration no. : 161
iteration no. : 162
iteration no. : 163
iteration no. : 164
iteration no. : 165
iteration no. : 166
iteration no. : 167
iteration no. : 168
iteration no. : 169
iteration no. : 170
iteration no. : 171
iteration no. : 172
iteration no. : 173
iteration no. : 174
iteration no. : 175
iteration no. : 176
iteration no. : 177
iteration no. : 178
iteration no. : 179
iteration no. : 180
iteration no. : 181
iteration no. : 182
iteration no. : 183
iteration no. : 184
iteration no. : 185
iteration no. : 186
iteration no. : 187
iteration no. : 188
iteration no. : 189
iteration no. : 190
iteration no. : 191
iteration no. : 192
iteration no. : 193
iteration no. : 194
iteration no. : 195
iteration no. : 196
iteration no. : 197
iteration no. : 198
iteration no. : 199
iteration no. : 200
iteration no. : 201
iteration no. : 202
iteration no. : 203
iteration no. : 204
iteration no. : 205
iteration no. : 206
iteration no. : 207
iteration no. : 208
iteration no. : 209
iteration no. : 210
iteration no. : 211
iteration no. : 212
iteration no. : 213
iteration no. : 214
iteration no. : 215
iteration no. : 216
iteration no. : 217
iteration no. : 218
iteration no. : 219
iteration no. : 220
iteration no. : 221
iteration no. : 222
iteration no. : 223
iteration no. : 224
iteration no. : 225
iteration no. : 226
iteration no. : 227
iteration no. : 228
iteration no. : 229
iteration no. : 230
iteration no. : 231
iteration no. : 232
iteration no. : 233
iteration no. : 234
iteration no. : 235
iteration no. : 236
iteration no. : 237
iteration no. : 238
iteration no. : 239
Time taken for 240 iterations : 39.653 sec
zArray : [23244.14287729645, 23374.595664287946, 23348.260600410093, 23372.69945913783, 23317.8944361267, 23271.147496932692, 23396.178966923733, 23056.756479099786, 23447.939211635698, 23184.239423238032, 23422.02239459829, 23353.76168412617, 23383.202311348847, 23326.562462961443, 23199.697575661135, 23284.647454817652, 23108.345453046433, 23396.343353032706, 23389.204818994705, 23552.644744506943, 23187.628331955162, 23358.679265971743, 23247.941160956336, 23397.75997073299, 23439.095591730234, 23269.501863200338, 23592.158759312693, 23185.345094816348, 23030.815907501936, 23287.527832064017, 23222.633738293203, 23505.465370747992, 23253.270346756402, 23323.121731248688, 23538.401102348722, 23170.347445331303, 23108.864843166797, 23365.485374566364, 23472.906568376875, 23072.43599768828, 23083.237030799934, 23283.20161425794, 23168.97350723206, 23538.354870581064, 23266.746862148615, 23073.58263874039, 23290.399351986285, 23364.27244600985, 23165.617933596473, 23461.689500557666, 23131.839086935597, 23185.481175020795, 23349.09465434648, 23291.76852684737, 23026.534240692254, 23132.683074529672, 23075.307892785604, 23355.62397663044, 23302.643680515328, 23225.177101841153, 23062.91135820052, 23230.560372005828, 23373.722282521903, 23472.516324078842, 23310.964434027635, 23329.721600292192, 23391.43457394966, 23420.263022720705, 23108.657056408345, 23295.693140822466, 23259.302069058533, 23294.48406041332, 23412.0366959501, 23372.924074532326, 23713.420731735416, 23670.560994739324, 23320.37633407588, 23209.918042712452, 23052.30455887079, 23101.023054448975, 23564.583793155867, 23228.097256919424, 23042.485561417154, 23324.142900160423, 23279.315260801042, 23242.97643138575, 23138.179841034605, 23020.111278541466, 23213.851425751578, 22973.15585988154, 23072.045026069078, 23283.016822764304, 23129.351170566522, 23260.039110021826, 23432.358342212356, 23206.77754604742, 23118.918303484188, 23035.02737691091, 23243.36511404471, 23289.477648189888, 23330.272219392635, 22903.675409394047, 23024.223816494272, 23414.910111688467, 23194.228446427736, 23325.72905992552, 23176.532575766647, 23524.846485883616, 23311.575453494665, 23545.656708617476, 23259.46882101866, 23257.689752610113, 23540.177337292447, 23326.111843975064, 23363.21970496153, 23177.875952679107, 23208.623645842687, 23571.206668845924, 23020.199102686962, 23590.604624777734, 23185.41788654795, 23249.647659673847, 23320.871148149196, 23069.77495122437, 23135.158613737804, 23431.790345561923, 23235.661409296295, 23461.329481993012, 23032.207513005185, 23454.147891175297, 23430.035019504452, 23478.017852379227, 23516.401248085916, 23335.106401258512, 23338.331237558785, 23121.946133501795, 23645.631865640295, 22830.13336520995, 23300.469534955875, 23072.827995675754, 23531.34703978416, 23671.879199264004, 23116.11730473952, 23591.30879643564, 23628.419959792347, 23273.525089922892, 23286.012627480566, 23033.4360162691, 23344.33434178235, 23401.265539632757, 23226.670023101728, 23230.27892187271, 23213.46851683197, 23269.863681463383, 23004.135561202176, 23240.716773091423, 22904.727245910944, 23572.67452782805, 23259.626380560825, 23613.995307242873, 23007.89035051938, 23385.52311945894, 23075.318991583634, 23177.12293419713, 23151.947086707238, 23149.205183879552, 23002.28439824882, 23548.072594641515, 23363.099212113768, 23483.324102445924, 23437.089130057935, 23027.22976450647, 23102.977198118908, 23337.67568750237, 23317.620074719925, 23303.489958909737, 23298.027380374882, 23167.909037367957, 23280.335785909196, 23115.615646791204, 23214.368838168124, 23023.34420270278, 23526.445859054453, 23096.82466226383, 23479.283795565523, 23236.585396585957, 23162.58876346731, 23292.8922538403, 23373.958071387744, 23265.97546135306, 23217.876803089588, 23244.764234320566, 23303.019479358547, 23383.87937058599, 23232.33009377775, 23235.598127629462, 23359.672841013675, 23499.794076448827, 23149.22158410573, 23172.701169866217, 23454.73710747045, 23113.407516312636, 23378.479943312763, 23279.83013062653, 23564.714262642265, 23138.028820944928, 23474.36044508438, 23449.104435341073, 23095.598140147726, 23124.816232752026, 23249.853694240035, 23141.518549726927, 23524.03787058742, 23349.441530085332, 23305.29674635804, 23273.42314825548, 23570.105737842292, 23551.36358145503, 23075.724312024286, 22884.98114004483, 23216.262194571733, 23139.905417740483, 23228.172910526402, 23137.997070353107, 22898.901875420044, 23501.495761925, 23166.269389716945, 23333.902378887648, 23417.998209507758, 23489.3919790816, 23367.390537748353, 23432.26924528894, 23379.687806530455, 23232.823346811718, 22935.536660122536, 23367.15838959299, 23549.782700492215, 23374.253153027636, 23087.045111908647, 23176.883236174766]
Average Z : 23707.940092812074
Standard dev Z : 170.23481008761487
Total Time taken : 40.083000000000006 sec
LiftedPTPParams [
inputFile=/home/happy/experiments/approx_code/LiftedMAP/LiftedMAP/Data/imdb/mln/imdb.1-eclipse-mln.txt
evidenceFile=/home/happy/experiments/approx_code/LiftedMAP/LiftedMAP/Data/imdb/db/imdb.1.evid.40.eclipse.txt
resultFile=/home/happy/experiments/approx_code/LiftedMAP/LiftedMAP/Data/imdb/results_04_06/imdb.1_evid_0_20_100_normal_true_approx_true.out
queryString=actor,director,movie,workedUnder
isNormal=true
approximate=true
queryEvidence=false
numIter=240
]
Time taken to create clauses in hyperCube form : 323 ms
Time taken to disjoint all hyperCubes : 458 ms
Total number of clauses : 14
iteration no. : 0
iteration no. : 1
iteration no. : 2
iteration no. : 3
iteration no. : 4
iteration no. : 5
iteration no. : 6
iteration no. : 7
iteration no. : 8
iteration no. : 9
iteration no. : 10
iteration no. : 11
iteration no. : 12
iteration no. : 13
iteration no. : 14
iteration no. : 15
iteration no. : 16
iteration no. : 17
iteration no. : 18
iteration no. : 19
iteration no. : 20
iteration no. : 21
iteration no. : 22
iteration no. : 23
iteration no. : 24
iteration no. : 25
iteration no. : 26
iteration no. : 27
iteration no. : 28
iteration no. : 29
iteration no. : 30
iteration no. : 31
iteration no. : 32
iteration no. : 33
iteration no. : 34
iteration no. : 35
iteration no. : 36
iteration no. : 37
iteration no. : 38
iteration no. : 39
iteration no. : 40
iteration no. : 41
iteration no. : 42
iteration no. : 43
iteration no. : 44
iteration no. : 45
iteration no. : 46
iteration no. : 47
iteration no. : 48
iteration no. : 49
iteration no. : 50
iteration no. : 51
iteration no. : 52
iteration no. : 53
iteration no. : 54
iteration no. : 55
iteration no. : 56
iteration no. : 57
iteration no. : 58
iteration no. : 59
iteration no. : 60
iteration no. : 61
iteration no. : 62
iteration no. : 63
iteration no. : 64
iteration no. : 65
iteration no. : 66
iteration no. : 67
iteration no. : 68
iteration no. : 69
iteration no. : 70
iteration no. : 71
iteration no. : 72
iteration no. : 73
iteration no. : 74
iteration no. : 75
iteration no. : 76
iteration no. : 77
iteration no. : 78
iteration no. : 79
iteration no. : 80
iteration no. : 81
iteration no. : 82
iteration no. : 83
iteration no. : 84
iteration no. : 85
iteration no. : 86
iteration no. : 87
iteration no. : 88
iteration no. : 89
iteration no. : 90
iteration no. : 91
iteration no. : 92
iteration no. : 93
iteration no. : 94
iteration no. : 95
iteration no. : 96
iteration no. : 97
iteration no. : 98
iteration no. : 99
iteration no. : 100
iteration no. : 101
iteration no. : 102
iteration no. : 103
iteration no. : 104
iteration no. : 105
iteration no. : 106
iteration no. : 107
iteration no. : 108
iteration no. : 109
iteration no. : 110
iteration no. : 111
iteration no. : 112
iteration no. : 113
iteration no. : 114
iteration no. : 115
iteration no. : 116
iteration no. : 117
iteration no. : 118
iteration no. : 119
iteration no. : 120
iteration no. : 121
iteration no. : 122
iteration no. : 123
iteration no. : 124
iteration no. : 125
iteration no. : 126
iteration no. : 127
iteration no. : 128
iteration no. : 129
iteration no. : 130
iteration no. : 131
iteration no. : 132
iteration no. : 133
iteration no. : 134
iteration no. : 135
iteration no. : 136
iteration no. : 137
iteration no. : 138
iteration no. : 139
iteration no. : 140
iteration no. : 141
iteration no. : 142
iteration no. : 143
iteration no. : 144
iteration no. : 145
iteration no. : 146
iteration no. : 147
iteration no. : 148
iteration no. : 149
iteration no. : 150
iteration no. : 151
iteration no. : 152
iteration no. : 153
iteration no. : 154
iteration no. : 155
iteration no. : 156
iteration no. : 157
iteration no. : 158
iteration no. : 159
iteration no. : 160
iteration no. : 161
iteration no. : 162
iteration no. : 163
iteration no. : 164
iteration no. : 165
iteration no. : 166
iteration no. : 167
iteration no. : 168
iteration no. : 169
iteration no. : 170
iteration no. : 171
iteration no. : 172
iteration no. : 173
iteration no. : 174
iteration no. : 175
iteration no. : 176
iteration no. : 177
iteration no. : 178
iteration no. : 179
iteration no. : 180
iteration no. : 181
iteration no. : 182
iteration no. : 183
iteration no. : 184
iteration no. : 185
iteration no. : 186
iteration no. : 187
iteration no. : 188
iteration no. : 189
iteration no. : 190
iteration no. : 191
iteration no. : 192
iteration no. : 193
iteration no. : 194
iteration no. : 195
iteration no. : 196
iteration no. : 197
iteration no. : 198
iteration no. : 199
iteration no. : 200
iteration no. : 201
iteration no. : 202
iteration no. : 203
iteration no. : 204
iteration no. : 205
iteration no. : 206
iteration no. : 207
iteration no. : 208
iteration no. : 209
iteration no. : 210
iteration no. : 211
iteration no. : 212
iteration no. : 213
iteration no. : 214
iteration no. : 215
iteration no. : 216
iteration no. : 217
iteration no. : 218
iteration no. : 219
iteration no. : 220
iteration no. : 221
iteration no. : 222
iteration no. : 223
iteration no. : 224
iteration no. : 225
iteration no. : 226
iteration no. : 227
iteration no. : 228
iteration no. : 229
iteration no. : 230
iteration no. : 231
iteration no. : 232
iteration no. : 233
iteration no. : 234
iteration no. : 235
iteration no. : 236
iteration no. : 237
iteration no. : 238
iteration no. : 239
Time taken for 240 iterations : 48.697 sec
zArray : [22893.814303725805, 22996.575307109335, 22964.861128853972, 22760.11091417289, 23131.570024390494, 22832.80672570152, 23313.14298078094, 23337.325018239862, 23108.56569671201, 22735.363419024798, 22732.420003024057, 23216.465887910523, 22952.774940137046, 22799.54673736, 22773.622063179762, 23220.678104860144, 23147.52759571461, 23160.445894574557, 23193.23555629372, 23169.919535063273, 22975.15619422949, 22972.313378310035, 22831.746935232382, 22914.710181449493, 23234.727359567045, 22923.43020719459, 23021.996215780215, 22839.136504477705, 23141.67925113926, 23227.415217192978, 23326.932798781472, 23158.426906086956, 23059.732304187033, 22999.384897248896, 22913.053366344597, 23101.9311119104, 22838.01123289859, 22919.143160032778, 23074.22932106779, 22962.811568585676, 23096.998979364434, 23177.97373103813, 23190.837646683445, 23320.621447450052, 22821.498230236586, 22904.939509032723, 23002.269161184304, 22751.187554853856, 23097.081696804253, 23281.160738387924, 22974.797167342294, 22760.943561681794, 22796.8701598641, 22890.941928623968, 23061.710893310188, 23217.64615120206, 22988.89921480913, 22656.778910503162, 22873.985922049047, 23053.066753817562, 23125.680318269377, 23110.720943684228, 22647.606292001346, 22920.796123811462, 23037.84028105992, 23346.558672990293, 23241.46240589788, 22883.18125600265, 23179.67127604042, 23108.46045717139, 23163.50963773333, 22823.724048773787, 22697.31188725877, 22815.818603146545, 22956.418398697737, 23058.946947291704, 23205.264886376906, 22978.470136610318, 22484.13960026556, 22503.30593459789, 23331.360638374572, 22750.633177140902, 22853.995938330114, 23179.44775774998, 22993.644044964803, 22987.044559410002, 23267.66896186033, 23153.666919443218, 23128.899790185504, 23154.126520518297, 23127.66261603918, 22981.175851768094, 23141.929021671884, 23259.56577965818, 23539.472104068107, 23122.13069201108, 23060.279836354028, 22668.59846747611, 23215.649026897994, 22960.879861525595, 23137.42460714165, 22589.127312986457, 22998.20413499309, 23316.744997467344, 22888.54603185894, 22870.837847682462, 23053.027947842704, 22967.630145838564, 23327.431790524068, 23203.039533194595, 23290.575468763003, 22905.07945983549, 23005.349130556988, 23153.57108844647, 23006.16924624982, 22818.61061379956, 22955.56170166403, 22824.13310714075, 23308.009173307226, 22982.336553140227, 22991.32765697287, 23089.114714722997, 23032.85923208698, 23153.100596762306, 23049.534126359715, 23154.34853312432, 23169.334450578797, 23259.367613297916, 23202.06456225062, 23008.46179860052, 23062.310728387783, 23056.250294011337, 22748.906208566943, 22996.63239335444, 23049.81529408824, 22821.0933664589, 22896.899948775594, 22724.198103389557, 22911.023295674087, 23281.445714764348, 22996.89087837399, 22983.500647419638, 23132.545883902163, 23196.555790362203, 23075.382437249507, 23060.75200312487, 23176.10708240552, 23002.79134402537, 22785.51267917445, 22784.98161135766, 23191.528181628277, 23000.65056996206, 22914.47053831913, 23102.099051554775, 22747.011481518235, 23150.199504546847, 22942.165567208245, 23185.013741087332, 23196.75533172813, 23061.54284400443, 23123.864217882125, 23056.840229506935, 23168.695664719544, 22785.996254722428, 23272.272374685337, 23215.944784112162, 23113.857194379016, 23158.997911621085, 22950.2639307176, 23247.675629719655, 23081.61862202723, 23158.363993021874, 23089.03033438134, 23185.51326715739, 23372.26212441239, 23452.92113930041, 23185.813296247718, 23236.891956947915, 22842.763379928783, 22861.158160415653, 22677.650013553564, 22655.40563096428, 23035.036810594956, 23130.723515829464, 22928.7082872514, 23090.432728769145, 23085.859833542992, 22692.979094941766, 23177.524809804476, 22935.303240552134, 23092.50385246377, 22806.079132972696, 23410.29390029606, 23164.66444053075, 22928.312315513485, 23210.685948608076, 22722.408702698012, 22828.015446242935, 22944.12181600573, 23367.47077816591, 23168.78830095741, 23096.78446591342, 23204.477584316668, 22938.917351076394, 22915.93983474954, 23281.231787302222, 22878.93158881563, 22753.22475324709, 23292.453059515017, 23137.586806322757, 23101.056452665987, 23264.84865876714, 22712.673817852963, 23074.603154562585, 23005.337895648856, 23081.84069572597, 22740.74577456388, 23344.077712993058, 22931.44161878011, 22827.95927614089, 23192.912113919843, 22952.686318613367, 22798.9013606859, 23436.036634672033, 22963.49486972813, 23249.157169104183, 22989.635511489858, 23041.424677661944, 23096.91605958647, 22924.41754794787, 23111.00066404649, 23090.340691223326, 23259.754233039504, 23216.495252086796, 22808.403761265254, 22848.67000794104, 23273.048430585284, 23182.773553944015, 23159.640518613272, 23048.28221991833]
Average Z : 23533.991465144765
Standard dev Z : 187.63612332714607
Total Time taken : 49.479 sec
LiftedPTPParams [
inputFile=/home/happy/experiments/approx_code/LiftedMAP/LiftedMAP/Data/imdb/mln/imdb.1-eclipse-mln.txt
evidenceFile=/home/happy/experiments/approx_code/LiftedMAP/LiftedMAP/Data/imdb/db/imdb.1.evid.60.eclipse.txt
resultFile=/home/happy/experiments/approx_code/LiftedMAP/LiftedMAP/Data/imdb/results_04_06/imdb.1_evid_0_20_100_normal_true_approx_true.out
queryString=actor,director,movie,workedUnder
isNormal=true
approximate=true
queryEvidence=false
numIter=240
]
Time taken to create clauses in hyperCube form : 499 ms
Time taken to disjoint all hyperCubes : 860 ms
Total number of clauses : 14
iteration no. : 0
iteration no. : 1
iteration no. : 2
iteration no. : 3
iteration no. : 4
iteration no. : 5
iteration no. : 6
iteration no. : 7
iteration no. : 8
iteration no. : 9
iteration no. : 10
iteration no. : 11
iteration no. : 12
iteration no. : 13
iteration no. : 14
iteration no. : 15
iteration no. : 16
iteration no. : 17
iteration no. : 18
iteration no. : 19
iteration no. : 20
iteration no. : 21
iteration no. : 22
iteration no. : 23
iteration no. : 24
iteration no. : 25
iteration no. : 26
iteration no. : 27
iteration no. : 28
iteration no. : 29
iteration no. : 30
iteration no. : 31
iteration no. : 32
iteration no. : 33
iteration no. : 34
iteration no. : 35
iteration no. : 36
iteration no. : 37
iteration no. : 38
iteration no. : 39
iteration no. : 40
iteration no. : 41
iteration no. : 42
iteration no. : 43
iteration no. : 44
iteration no. : 45
iteration no. : 46
iteration no. : 47
iteration no. : 48
iteration no. : 49
iteration no. : 50
iteration no. : 51
iteration no. : 52
iteration no. : 53
iteration no. : 54
iteration no. : 55
iteration no. : 56
iteration no. : 57
iteration no. : 58
iteration no. : 59
iteration no. : 60
iteration no. : 61
iteration no. : 62
iteration no. : 63
iteration no. : 64
iteration no. : 65
iteration no. : 66
iteration no. : 67
iteration no. : 68
iteration no. : 69
iteration no. : 70
iteration no. : 71
iteration no. : 72
iteration no. : 73
iteration no. : 74
iteration no. : 75
iteration no. : 76
iteration no. : 77
iteration no. : 78
iteration no. : 79
iteration no. : 80
iteration no. : 81
iteration no. : 82
iteration no. : 83
iteration no. : 84
iteration no. : 85
iteration no. : 86
iteration no. : 87
iteration no. : 88
iteration no. : 89
iteration no. : 90
iteration no. : 91
iteration no. : 92
iteration no. : 93
iteration no. : 94
iteration no. : 95
iteration no. : 96
iteration no. : 97
iteration no. : 98
iteration no. : 99
iteration no. : 100
iteration no. : 101
iteration no. : 102
iteration no. : 103
iteration no. : 104
iteration no. : 105
iteration no. : 106
iteration no. : 107
iteration no. : 108
iteration no. : 109
iteration no. : 110
iteration no. : 111
iteration no. : 112
iteration no. : 113
iteration no. : 114
iteration no. : 115
iteration no. : 116
iteration no. : 117
iteration no. : 118
iteration no. : 119
iteration no. : 120
iteration no. : 121
iteration no. : 122
iteration no. : 123
iteration no. : 124
iteration no. : 125
iteration no. : 126
iteration no. : 127
iteration no. : 128
iteration no. : 129
iteration no. : 130
iteration no. : 131
iteration no. : 132
iteration no. : 133
iteration no. : 134
iteration no. : 135
iteration no. : 136
iteration no. : 137
iteration no. : 138
iteration no. : 139
iteration no. : 140
iteration no. : 141
iteration no. : 142
iteration no. : 143
iteration no. : 144
iteration no. : 145
iteration no. : 146
iteration no. : 147
iteration no. : 148
iteration no. : 149
iteration no. : 150
iteration no. : 151
iteration no. : 152
iteration no. : 153
iteration no. : 154
iteration no. : 155
iteration no. : 156
iteration no. : 157
iteration no. : 158
iteration no. : 159
iteration no. : 160
iteration no. : 161
iteration no. : 162
iteration no. : 163
iteration no. : 164
iteration no. : 165
iteration no. : 166
iteration no. : 167
iteration no. : 168
iteration no. : 169
iteration no. : 170
iteration no. : 171
iteration no. : 172
iteration no. : 173
iteration no. : 174
iteration no. : 175
iteration no. : 176
iteration no. : 177
iteration no. : 178
iteration no. : 179
iteration no. : 180
iteration no. : 181
iteration no. : 182
iteration no. : 183
iteration no. : 184
iteration no. : 185
iteration no. : 186
iteration no. : 187
iteration no. : 188
iteration no. : 189
iteration no. : 190
iteration no. : 191
iteration no. : 192
iteration no. : 193
iteration no. : 194
iteration no. : 195
iteration no. : 196
iteration no. : 197
iteration no. : 198
iteration no. : 199
iteration no. : 200
iteration no. : 201
iteration no. : 202
iteration no. : 203
iteration no. : 204
iteration no. : 205
iteration no. : 206
iteration no. : 207
iteration no. : 208
iteration no. : 209
iteration no. : 210
iteration no. : 211
iteration no. : 212
iteration no. : 213
iteration no. : 214
iteration no. : 215
iteration no. : 216
iteration no. : 217
iteration no. : 218
iteration no. : 219
iteration no. : 220
iteration no. : 221
iteration no. : 222
iteration no. : 223
iteration no. : 224
iteration no. : 225
iteration no. : 226
iteration no. : 227
iteration no. : 228
iteration no. : 229
iteration no. : 230
iteration no. : 231
iteration no. : 232
iteration no. : 233
iteration no. : 234
iteration no. : 235
iteration no. : 236
iteration no. : 237
iteration no. : 238
iteration no. : 239
Time taken for 240 iterations : 62.031 sec
zArray : [22788.870447445424, 22848.827464909835, 22515.84543141773, 22776.119090603162, 22630.544697765326, 22621.479301545423, 22408.824347816022, 22871.887579360293, 22814.47848381237, 22687.403692608932, 22604.86762033599, 22716.581823244574, 22686.639740365885, 22778.127642527248, 22970.02700452208, 22825.19146214788, 22613.356648095385, 22681.01657053572, 22712.022686428954, 22637.43057644289, 22767.983292420595, 22715.556354961107, 22910.992960578253, 22924.70983902367, 22414.219896945095, 22627.976002444557, 22586.339986641047, 22822.32886166986, 22584.13378120974, 22932.244686231, 22684.34121018702, 22716.11796565675, 22749.982475568282, 22609.383954993908, 22657.595921044805, 22570.07406932139, 22847.64742107644, 22581.899761443205, 22760.088947740023, 22591.59329845092, 22757.797069819277, 22543.9634431716, 22524.0261802154, 22723.16342614793, 22861.398354340072, 22553.142754976157, 22933.722877202046, 22709.654457525456, 22633.71643420781, 22680.364040291366, 22939.493890530877, 22678.104116448278, 22963.31834480637, 22663.776429535817, 22560.975575129887, 22934.4366680413, 22619.94762097308, 22588.360222515945, 22548.09102767736, 22354.88994121315, 22561.511990766005, 22554.003913900215, 22770.13764592049, 22298.52059708422, 22583.125720235577, 22561.536226741802, 22565.519255546307, 22777.512240147717, 22713.712525831914, 22367.36398103707, 22481.473128604553, 22497.865865658023, 22696.04460576206, 22768.093768867104, 22791.376982165133, 22562.57826722259, 22579.991693921, 22743.773453961094, 22572.950346929414, 22772.258303631163, 22658.152225039157, 22377.816180729085, 23016.55277611908, 22333.576229459715, 22895.995967106046, 22675.283589982282, 22835.337323086154, 22701.119985257556, 22629.565390009564, 22869.529630153258, 22642.4726037422, 22975.93324363625, 22777.31258799884, 22590.717229678005, 22781.373622374267, 22343.896939185543, 23221.278154961095, 22882.287385938114, 22740.05087736621, 22657.158440207273, 22348.49689958922, 22842.904929938697, 22445.27749943969, 22900.17658295449, 22669.476706160713, 22860.341537872227, 22601.717888562787, 22588.18830703192, 23129.57279022987, 22350.258801213644, 22777.69363547821, 23136.980995448637, 22981.785812583574, 22613.452740379995, 22776.686291550024, 22421.21209543976, 22670.783863574274, 22565.03741529586, 22786.221134340714, 22329.584095390288, 22545.732563846625, 22609.909832550475, 22744.569711092776, 22335.492846617384, 22610.13105992628, 22531.920520121486, 22553.63702340896, 22938.385155431566, 22554.36898400753, 23071.002564833867, 22877.67391893949, 22797.68174328845, 22556.91162808135, 22891.74583133115, 23018.114369671126, 22720.882437335997, 22955.65914941561, 22675.51266194298, 22698.270316667295, 22960.145151028126, 22819.576907156, 22836.835762842325, 22397.960932677972, 22978.705935116406, 22754.729599181515, 22669.952147315944, 22672.48118441318, 22700.780760510806, 22787.674202679416, 22782.44366700533, 22642.77534723119, 22601.641076908578, 22616.542118840032, 22786.182606691204, 22630.574699698456, 22662.064454225907, 22717.354086972402, 22666.680132335812, 23025.80867597828, 22589.14634826756, 22620.257805480527, 22761.23028382642, 22402.414172052057, 22861.742755936444, 22926.94736016125, 22743.582498469634, 22604.43813138813, 22709.406193575043, 22558.793509153926, 22624.315001222836, 22829.261034309326, 22506.12964151905, 22504.317725167417, 22718.28120531644, 22651.33418738947, 22441.70655526541, 22930.98402205187, 22618.121119935913, 22531.090475869372, 22834.575323279558, 22788.137122557597, 22971.67329843471, 22635.972078649174, 22329.669682918982, 22941.69096615223, 22631.60337497461, 22908.982986167535, 22574.773900218082, 22529.686884779774, 22521.3382593491, 22714.523355077996, 22822.29549822998, 22805.276982745516, 22551.443555149464, 22692.989146302374, 22540.17918562779, 22954.183305347906, 22609.449296093422, 22972.49259376903, 22844.09000100939, 22328.575937334695, 22858.847894880473, 23011.327892108176, 22488.124226905886, 22777.453673576925, 22716.562281806946, 23018.081058472166, 22617.790333997178, 22797.98223020894, 22824.040533256153, 22415.754372359414, 22591.527182751615, 22775.588387667234, 22510.560317360036, 22763.003879936787, 22478.94294926321, 22474.594075086126, 22789.53340151437, 22304.815366966308, 22819.75481331364, 22532.19145596997, 22392.63091514475, 22410.00603525778, 22806.010987313282, 22608.717259136032, 23022.514222672504, 22501.61790705143, 22684.139953781152, 22589.303746750484, 22783.10443549243, 22930.415860899117, 22881.46916553406, 22545.689963583543, 22676.297594666215, 22511.750873042994, 22486.26835418478, 22706.802381043508, 22615.44341988076, 22386.130540566028, 22669.02570854744]
Average Z : 23215.797516037754
Standard dev Z : 178.592793264188
Total Time taken : 63.391999999999996 sec
LiftedPTPParams [
inputFile=/home/happy/experiments/approx_code/LiftedMAP/LiftedMAP/Data/imdb/mln/imdb.1-eclipse-mln.txt
evidenceFile=/home/happy/experiments/approx_code/LiftedMAP/LiftedMAP/Data/imdb/db/imdb.1.evid.80.eclipse.txt
resultFile=/home/happy/experiments/approx_code/LiftedMAP/LiftedMAP/Data/imdb/results_04_06/imdb.1_evid_0_20_100_normal_true_approx_true.out
queryString=actor,director,movie,workedUnder
isNormal=true
approximate=true
queryEvidence=false
numIter=240
]
Time taken to create clauses in hyperCube form : 574 ms
Time taken to disjoint all hyperCubes : 877 ms
Total number of clauses : 14
iteration no. : 0
iteration no. : 1
iteration no. : 2
iteration no. : 3
iteration no. : 4
iteration no. : 5
iteration no. : 6
iteration no. : 7
iteration no. : 8
iteration no. : 9
iteration no. : 10
iteration no. : 11
iteration no. : 12
iteration no. : 13
iteration no. : 14
iteration no. : 15
iteration no. : 16
iteration no. : 17
iteration no. : 18
iteration no. : 19
iteration no. : 20
iteration no. : 21
iteration no. : 22
iteration no. : 23
iteration no. : 24
iteration no. : 25
iteration no. : 26
iteration no. : 27
iteration no. : 28
iteration no. : 29
iteration no. : 30
iteration no. : 31
iteration no. : 32
iteration no. : 33
iteration no. : 34
iteration no. : 35
iteration no. : 36
iteration no. : 37
iteration no. : 38
iteration no. : 39
iteration no. : 40
iteration no. : 41
iteration no. : 42
iteration no. : 43
iteration no. : 44
iteration no. : 45
iteration no. : 46
iteration no. : 47
iteration no. : 48
iteration no. : 49
iteration no. : 50
iteration no. : 51
iteration no. : 52
iteration no. : 53
iteration no. : 54
iteration no. : 55
iteration no. : 56
iteration no. : 57
iteration no. : 58
iteration no. : 59
iteration no. : 60
iteration no. : 61
iteration no. : 62
iteration no. : 63
iteration no. : 64
iteration no. : 65
iteration no. : 66
iteration no. : 67
iteration no. : 68
iteration no. : 69
iteration no. : 70
iteration no. : 71
iteration no. : 72
iteration no. : 73
iteration no. : 74
iteration no. : 75
iteration no. : 76
iteration no. : 77
iteration no. : 78
iteration no. : 79
iteration no. : 80
iteration no. : 81
iteration no. : 82
iteration no. : 83
iteration no. : 84
iteration no. : 85
iteration no. : 86
iteration no. : 87
iteration no. : 88
iteration no. : 89
iteration no. : 90
iteration no. : 91
iteration no. : 92
iteration no. : 93
iteration no. : 94
iteration no. : 95
iteration no. : 96
iteration no. : 97
iteration no. : 98
iteration no. : 99
iteration no. : 100
iteration no. : 101
iteration no. : 102
iteration no. : 103
iteration no. : 104
iteration no. : 105
iteration no. : 106
iteration no. : 107
iteration no. : 108
iteration no. : 109
iteration no. : 110
iteration no. : 111
iteration no. : 112
iteration no. : 113
iteration no. : 114
iteration no. : 115
iteration no. : 116
iteration no. : 117
iteration no. : 118
iteration no. : 119
iteration no. : 120
iteration no. : 121
iteration no. : 122
iteration no. : 123
iteration no. : 124
iteration no. : 125
iteration no. : 126
iteration no. : 127
iteration no. : 128
iteration no. : 129
iteration no. : 130
iteration no. : 131
iteration no. : 132
iteration no. : 133
iteration no. : 134
iteration no. : 135
iteration no. : 136
iteration no. : 137
iteration no. : 138
iteration no. : 139
iteration no. : 140
iteration no. : 141
iteration no. : 142
iteration no. : 143
iteration no. : 144
iteration no. : 145
iteration no. : 146
iteration no. : 147
iteration no. : 148
iteration no. : 149
iteration no. : 150
iteration no. : 151
iteration no. : 152
iteration no. : 153
iteration no. : 154
iteration no. : 155
iteration no. : 156
iteration no. : 157
iteration no. : 158
iteration no. : 159
iteration no. : 160
iteration no. : 161
iteration no. : 162
iteration no. : 163
iteration no. : 164
iteration no. : 165
iteration no. : 166
iteration no. : 167
iteration no. : 168
iteration no. : 169
iteration no. : 170
iteration no. : 171
iteration no. : 172
iteration no. : 173
iteration no. : 174
iteration no. : 175
iteration no. : 176
iteration no. : 177
iteration no. : 178
iteration no. : 179
iteration no. : 180
iteration no. : 181
iteration no. : 182
iteration no. : 183
iteration no. : 184
iteration no. : 185
iteration no. : 186
iteration no. : 187
iteration no. : 188
iteration no. : 189
iteration no. : 190
iteration no. : 191
iteration no. : 192
iteration no. : 193
iteration no. : 194
iteration no. : 195
iteration no. : 196
iteration no. : 197
iteration no. : 198
iteration no. : 199
iteration no. : 200
iteration no. : 201
iteration no. : 202
iteration no. : 203
iteration no. : 204
iteration no. : 205
iteration no. : 206
iteration no. : 207
iteration no. : 208
iteration no. : 209
iteration no. : 210
iteration no. : 211
iteration no. : 212
iteration no. : 213
iteration no. : 214
iteration no. : 215
iteration no. : 216
iteration no. : 217
iteration no. : 218
iteration no. : 219
iteration no. : 220
iteration no. : 221
iteration no. : 222
iteration no. : 223
iteration no. : 224
iteration no. : 225
iteration no. : 226
iteration no. : 227
iteration no. : 228
iteration no. : 229
iteration no. : 230
iteration no. : 231
iteration no. : 232
iteration no. : 233
iteration no. : 234
iteration no. : 235
iteration no. : 236
iteration no. : 237
iteration no. : 238
iteration no. : 239
Time taken for 240 iterations : 60.614 sec
zArray : [21861.872410789794, 22168.527589726273, 21641.04977539518, 22146.387382566223, 22216.83497920408, 21671.63555864663, 22308.732228424124, 22107.369032000785, 21984.614268097357, 21380.284217365483, 21671.5210381932, 21915.30528844405, 22295.454546514415, 22403.437551618157, 21975.72508878276, 21802.81240243896, 21895.096735473006, 21514.979084186813, 21709.38811891561, 21896.154877481324, 22100.052744190234, 22466.98859612888, 21933.33637687321, 21628.389848851286, 22092.11527322133, 22209.52618537303, 21982.12299038858, 21817.604254541777, 21920.278136309298, 21811.70276943837, 22070.321474693348, 21802.764667899093, 21859.057322560984, 21749.180177007864, 22090.478009954873, 22167.30227091834, 21566.96353931419, 21935.778637349034, 21974.98642077318, 21902.753417066448, 22027.829220793283, 22103.238126363136, 21677.793780986096, 21957.748798770015, 21990.28569302952, 22050.851123589135, 21733.796208559917, 21780.83793518985, 21884.681987979555, 22037.224038006647, 21912.55921428601, 21971.406979495583, 21920.016963855065, 21673.408385617862, 21956.83429406655, 21861.364659113857, 22207.48740179884, 22121.786235220447, 21773.479289008937, 22376.723151751925, 21525.5849568993, 21978.723632388497, 21627.71819846922, 22042.005653261847, 22024.41071916847, 21859.18409950753, 21961.002517465276, 21952.233664642474, 22394.886446785902, 22104.839335149023, 21627.237364474906, 22362.74636504087, 22090.504581143705, 21775.776134290958, 21800.312184468217, 21774.571346639907, 21684.210299604023, 21904.11345801971, 21700.59041295233, 21706.820755769808, 21782.20588148429, 22208.23779837167, 22088.499800728525, 21909.196026327267, 21952.811862828563, 22159.725136350527, 21922.91885721735, 21801.41150692842, 22054.340513613904, 21716.59838974551, 21932.33445435709, 21926.341372360126, 21828.877434722355, 22095.379636767815, 22132.526090842442, 21550.0894548538, 21828.67410425222, 22096.78418421837, 22334.47560296477, 21965.287162516932, 22195.82263417055, 21844.791960853487, 21622.022990520363, 21955.885106234036, 21850.230968225947, 21912.9780997433, 21932.76952154007, 21978.806345443616, 22128.462092991052, 21894.343248421435, 22253.27887008082, 21549.110179498315, 22317.272067158035, 21529.198109124092, 21632.86779145406, 21757.76870227977, 21983.507936503178, 22008.022967834844, 22056.05231422524, 22208.36331276349, 21959.359994427363, 22159.33701550804, 22069.778092793444, 21771.594855164254, 21604.8846350647, 22266.759762558635, 22042.665508043654, 22008.783756601028, 21582.16890304987, 22449.615375038866, 22044.780184488667, 22358.63232370251, 22039.814289781443, 22165.743905783118, 22155.398590432746, 22219.54695570215, 22160.071040340226, 22602.250948480396, 22201.040451962464, 21882.621518570588, 22510.13736889965, 21747.132864472438, 22204.23913288883, 22080.089812491686, 22228.2778704496, 21954.816716066052, 21624.321528688317, 22238.526921171724, 21896.57381947672, 21916.54843605459, 21688.17153545844, 21999.229108500516, 21826.333636252868, 21770.87328655326, 22052.642279057436, 21933.587291795568, 21861.99918334779, 21538.371512860813, 21823.389191845847, 21849.37128843054, 22034.916004090654, 22033.032558072147, 21727.57058974087, 21974.93413644219, 21865.22182449418, 21738.047170385205, 22201.050090448964, 21833.696144133603, 22084.40141534169, 22073.795285116666, 21804.212587508497, 21703.307344318833, 21830.681625368972, 22016.14186401878, 21929.63414383512, 21882.695665656385, 22076.10263674197, 21703.160090558307, 22314.378418206124, 22041.13004591599, 21884.89731566286, 22163.12480618312, 21838.32523477661, 21931.42082913288, 22013.54919472102, 21820.168795624882, 21929.922813318666, 21972.718736372593, 21602.599388517465, 21656.857256401312, 21869.557074562308, 21847.759592429647, 22316.137772024005, 22085.441409662457, 21736.913688609773, 21702.356018883766, 21726.463498805457, 21812.069694588885, 21994.024431796588, 21796.373773504336, 21706.37010614326, 21918.03769036084, 22114.19029789395, 22099.81986203768, 21956.018125456358, 21922.69086470141, 22052.47401562443, 21885.634069661566, 22012.36703162309, 21962.53488317562, 21741.44975212383, 21881.534350660128, 22144.998409595173, 22187.2522432636, 21819.58846258469, 22055.363511096424, 22065.13032959715, 22026.037668921068, 22004.87997996959, 21849.333833338438, 21856.17386678156, 21455.26917445216, 22228.198296471688, 21809.325356575093, 21844.934181059398, 21833.919284917552, 21879.32037190824, 21988.871879027036, 21891.488780063017, 21786.928757119575, 21852.95070883226, 21839.94072454195, 21846.95996689372, 21956.314606083797, 22119.854262456593, 21833.92120332519, 21940.989914296522, 21925.084703465054, 22007.37112716483, 22100.673878721576]
Average Z : 22596.770309557054
Standard dev Z : 207.87776064227614
Total Time taken : 62.066 sec
LiftedPTPParams [
inputFile=/home/happy/experiments/approx_code/LiftedMAP/LiftedMAP/Data/imdb/mln/imdb.1-eclipse-mln.txt
evidenceFile=/home/happy/experiments/approx_code/LiftedMAP/LiftedMAP/Data/imdb/db/imdb.1.evid.100.eclipse.txt
resultFile=/home/happy/experiments/approx_code/LiftedMAP/LiftedMAP/Data/imdb/results_04_06/imdb.1_evid_0_20_100_normal_true_approx_true.out
queryString=actor,director,movie,workedUnder
isNormal=true
approximate=true
queryEvidence=false
numIter=240
]
Time taken to create clauses in hyperCube form : 741 ms
Time taken to disjoint all hyperCubes : 951 ms
Total number of clauses : 7
iteration no. : 0
iteration no. : 1
iteration no. : 2
iteration no. : 3
iteration no. : 4
iteration no. : 5
iteration no. : 6
iteration no. : 7
iteration no. : 8
iteration no. : 9
iteration no. : 10
iteration no. : 11
iteration no. : 12
iteration no. : 13
iteration no. : 14
iteration no. : 15
iteration no. : 16
iteration no. : 17
iteration no. : 18
iteration no. : 19
iteration no. : 20
iteration no. : 21
iteration no. : 22
iteration no. : 23
iteration no. : 24
iteration no. : 25
iteration no. : 26
iteration no. : 27
iteration no. : 28
iteration no. : 29
iteration no. : 30
iteration no. : 31
iteration no. : 32
iteration no. : 33
iteration no. : 34
iteration no. : 35
iteration no. : 36
iteration no. : 37
iteration no. : 38
iteration no. : 39
iteration no. : 40
iteration no. : 41
iteration no. : 42
iteration no. : 43
iteration no. : 44
iteration no. : 45
iteration no. : 46
iteration no. : 47
iteration no. : 48
iteration no. : 49
iteration no. : 50
iteration no. : 51
iteration no. : 52
iteration no. : 53
iteration no. : 54
iteration no. : 55
iteration no. : 56
iteration no. : 57
iteration no. : 58
iteration no. : 59
iteration no. : 60
iteration no. : 61
iteration no. : 62
iteration no. : 63
iteration no. : 64
iteration no. : 65
iteration no. : 66
iteration no. : 67
iteration no. : 68
iteration no. : 69
iteration no. : 70
iteration no. : 71
iteration no. : 72
iteration no. : 73
iteration no. : 74
iteration no. : 75
iteration no. : 76
iteration no. : 77
iteration no. : 78
iteration no. : 79
iteration no. : 80
iteration no. : 81
iteration no. : 82
iteration no. : 83
iteration no. : 84
iteration no. : 85
iteration no. : 86
iteration no. : 87
iteration no. : 88
iteration no. : 89
iteration no. : 90
iteration no. : 91
iteration no. : 92
iteration no. : 93
iteration no. : 94
iteration no. : 95
iteration no. : 96
iteration no. : 97
iteration no. : 98
iteration no. : 99
iteration no. : 100
iteration no. : 101
iteration no. : 102
iteration no. : 103
iteration no. : 104
iteration no. : 105
iteration no. : 106
iteration no. : 107
iteration no. : 108
iteration no. : 109
iteration no. : 110
iteration no. : 111
iteration no. : 112
iteration no. : 113
iteration no. : 114
iteration no. : 115
iteration no. : 116
iteration no. : 117
iteration no. : 118
iteration no. : 119
iteration no. : 120
iteration no. : 121
iteration no. : 122
iteration no. : 123
iteration no. : 124
iteration no. : 125
iteration no. : 126
iteration no. : 127
iteration no. : 128
iteration no. : 129
iteration no. : 130
iteration no. : 131
iteration no. : 132
iteration no. : 133
iteration no. : 134
iteration no. : 135
iteration no. : 136
iteration no. : 137
iteration no. : 138
iteration no. : 139
iteration no. : 140
iteration no. : 141
iteration no. : 142
iteration no. : 143
iteration no. : 144
iteration no. : 145
iteration no. : 146
iteration no. : 147
iteration no. : 148
iteration no. : 149
iteration no. : 150
iteration no. : 151
iteration no. : 152
iteration no. : 153
iteration no. : 154
iteration no. : 155
iteration no. : 156
iteration no. : 157
iteration no. : 158
iteration no. : 159
iteration no. : 160
iteration no. : 161
iteration no. : 162
iteration no. : 163
iteration no. : 164
iteration no. : 165
iteration no. : 166
iteration no. : 167
iteration no. : 168
iteration no. : 169
iteration no. : 170
iteration no. : 171
iteration no. : 172
iteration no. : 173
iteration no. : 174
iteration no. : 175
iteration no. : 176
iteration no. : 177
iteration no. : 178
iteration no. : 179
iteration no. : 180
iteration no. : 181
iteration no. : 182
iteration no. : 183
iteration no. : 184
iteration no. : 185
iteration no. : 186
iteration no. : 187
iteration no. : 188
iteration no. : 189
iteration no. : 190
iteration no. : 191
iteration no. : 192
iteration no. : 193
iteration no. : 194
iteration no. : 195
iteration no. : 196
iteration no. : 197
iteration no. : 198
iteration no. : 199
iteration no. : 200
iteration no. : 201
iteration no. : 202
iteration no. : 203
iteration no. : 204
iteration no. : 205
iteration no. : 206
iteration no. : 207
iteration no. : 208
iteration no. : 209
iteration no. : 210
iteration no. : 211
iteration no. : 212
iteration no. : 213
iteration no. : 214
iteration no. : 215
iteration no. : 216
iteration no. : 217
iteration no. : 218
iteration no. : 219
iteration no. : 220
iteration no. : 221
iteration no. : 222
iteration no. : 223
iteration no. : 224
iteration no. : 225
iteration no. : 226
iteration no. : 227
iteration no. : 228
iteration no. : 229
iteration no. : 230
iteration no. : 231
iteration no. : 232
iteration no. : 233
iteration no. : 234
iteration no. : 235
iteration no. : 236
iteration no. : 237
iteration no. : 238
iteration no. : 239
Time taken for 240 iterations : 141.496 sec
zArray : [24000.572043613844, 24000.57204361385, 24000.572043613844, 24000.572043613844, 24000.572043613844, 24000.57204361385, 24000.57204361385, 24000.57204361385, 24000.572043613844, 24000.57204361385, 24000.572043613844, 24000.572043613844, 24000.57204361385, 24000.57204361385, 24000.57204361385, 24000.57204361385, 24000.572043613844, 24000.57204361385, 24000.572043613844, 24000.57204361385, 24000.57204361385, 24000.57204361385, 24000.57204361385, 24000.572043613844, 24000.57204361385, 24000.572043613844, 24000.572043613844, 24000.57204361385, 24000.57204361385, 24000.57204361385, 24000.57204361385, 24000.57204361385, 24000.57204361385, 24000.57204361385, 24000.57204361385, 24000.57204361385, 24000.57204361385, 24000.57204361385, 24000.57204361385, 24000.572043613844, 24000.57204361385, 24000.57204361385, 24000.572043613844, 24000.572043613844, 24000.57204361385, 24000.572043613844, 24000.57204361385, 24000.572043613844, 24000.57204361385, 24000.57204361385, 24000.57204361385, 24000.57204361385, 24000.57204361385, 24000.572043613844, 24000.57204361385, 24000.572043613844, 24000.572043613844, 24000.57204361385, 24000.57204361385, 24000.572043613844, 24000.572043613844, 24000.57204361385, 24000.572043613844, 24000.57204361385, 24000.57204361385, 24000.572043613844, 24000.572043613844, 24000.57204361385, 24000.572043613844, 24000.57204361385, 24000.57204361385, 24000.572043613844, 24000.57204361385, 24000.57204361385, 24000.57204361385, 24000.572043613844, 24000.572043613844, 24000.57204361385, 24000.572043613844, 24000.572043613844, 24000.57204361385, 24000.57204361385, 24000.57204361385, 24000.57204361385, 24000.572043613844, 24000.57204361385, 24000.57204361385, 24000.57204361385, 24000.572043613844, 24000.572043613844, 24000.57204361385, 24000.572043613844, 24000.57204361385, 24000.57204361385, 24000.572043613844, 24000.57204361385, 24000.572043613844, 24000.57204361385, 24000.572043613844, 24000.572043613844, 24000.572043613844, 24000.572043613844, 24000.572043613844, 24000.57204361385, 24000.57204361385, 24000.57204361385, 24000.572043613844, 24000.57204361385, 24000.572043613844, 24000.57204361385, 24000.572043613844, 24000.57204361385, 24000.57204361385, 24000.57204361385, 24000.572043613844, 24000.572043613844, 24000.57204361385, 24000.57204361385, 24000.57204361385, 24000.572043613844, 24000.57204361385, 24000.572043613844, 24000.57204361385, 24000.57204361385, 24000.572043613844, 24000.57204361385, 24000.57204361385, 24000.572043613844, 24000.572043613844, 24000.57204361385, 24000.572043613844, 24000.572043613844, 24000.572043613844, 24000.57204361385, 24000.572043613844, 24000.572043613844, 24000.572043613844, 24000.57204361385, 24000.572043613844, 24000.57204361385, 24000.57204361385, 24000.57204361385, 24000.572043613844, 24000.57204361385, 24000.57204361385, 24000.572043613844, 24000.57204361385, 24000.57204361385, 24000.57204361385, 24000.57204361385, 24000.57204361385, 24000.57204361385, 24000.572043613844, 24000.572043613844, 24000.572043613844, 24000.572043613844, 24000.572043613844, 24000.57204361385, 24000.57204361385, 24000.572043613844, 24000.572043613844, 24000.57204361385, 24000.57204361385, 24000.57204361385, 24000.572043613844, 24000.572043613844, 24000.572043613844, 24000.572043613844, 24000.57204361385, 24000.57204361385, 24000.57204361385, 24000.57204361385, 24000.572043613844, 24000.572043613844, 24000.57204361385, 24000.572043613844, 24000.572043613844, 24000.572043613844, 24000.57204361385, 24000.572043613844, 24000.57204361385, 24000.57204361385, 24000.572043613844, 24000.57204361385, 24000.57204361385, 24000.572043613844, 24000.57204361385, 24000.572043613844, 24000.57204361385, 24000.572043613844, 24000.57204361385, 24000.572043613844, 24000.57204361385, 24000.57204361385, 24000.572043613844, 24000.572043613844, 24000.57204361385, 24000.57204361385, 24000.57204361385, 24000.57204361385, 24000.572043613844, 24000.57204361385, 24000.572043613844, 24000.57204361385, 24000.572043613844, 24000.57204361385, 24000.57204361385, 24000.572043613844, 24000.57204361385, 24000.572043613844, 24000.572043613844, 24000.57204361385, 24000.572043613844, 24000.57204361385, 24000.57204361385, 24000.57204361385, 24000.57204361385, 24000.57204361385, 24000.57204361385, 24000.57204361385, 24000.572043613844, 24000.572043613844, 24000.57204361385, 24000.572043613844, 24000.57204361385, 24000.57204361385, 24000.572043613844, 24000.572043613844, 24000.57204361385, 24000.572043613844, 24000.572043613844, 24000.572043613844, 24000.572043613844, 24000.57204361385, 24000.57204361385, 24000.57204361385, 24000.572043613844, 24000.572043613844, 24000.57204361385, 24000.57204361385]
Average Z : 24000.572043613847
Standard dev Z : 4.431768999446958E-11
Total Time taken : 143.18800000000002 sec
